{"total": {"lines":{"total":1725,"covered":493,"skipped":0,"pct":28.57},"statements":{"total":1834,"covered":507,"skipped":0,"pct":27.64},"functions":{"total":563,"covered":145,"skipped":0,"pct":25.75},"branches":{"total":1529,"covered":351,"skipped":0,"pct":22.95},"branchesTrue":{"total":0,"covered":0,"skipped":0,"pct":100}}
,"C:\\Users\\ian19\\Desktop\\SAAC\\SAAC-Frontend\\src\\App-escalable.tsx": {"lines":{"total":0,"covered":0,"skipped":0,"pct":0},"functions":{"total":0,"covered":0,"skipped":0,"pct":0},"statements":{"total":0,"covered":0,"skipped":0,"pct":0},"branches":{"total":0,"covered":0,"skipped":0,"pct":0}}
,"C:\\Users\\ian19\\Desktop\\SAAC\\SAAC-Frontend\\src\\App.tsx": {"lines":{"total":2,"covered":2,"skipped":0,"pct":100},"functions":{"total":1,"covered":1,"skipped":0,"pct":100},"statements":{"total":2,"covered":2,"skipped":0,"pct":100},"branches":{"total":0,"covered":0,"skipped":0,"pct":100}}
,"C:\\Users\\ian19\\Desktop\\SAAC\\SAAC-Frontend\\src\\Navigation.ts": {"lines":{"total":10,"covered":10,"skipped":0,"pct":100},"functions":{"total":0,"covered":0,"skipped":0,"pct":100},"statements":{"total":10,"covered":10,"skipped":0,"pct":100},"branches":{"total":0,"covered":0,"skipped":0,"pct":100}}
,"C:\\Users\\ian19\\Desktop\\SAAC\\SAAC-Frontend\\src\\Components\\index.ts": {"lines":{"total":0,"covered":0,"skipped":0,"pct":0},"functions":{"total":0,"covered":0,"skipped":0,"pct":0},"statements":{"total":0,"covered":0,"skipped":0,"pct":0},"branches":{"total":0,"covered":0,"skipped":0,"pct":0}}
,"C:\\Users\\ian19\\Desktop\\SAAC\\SAAC-Frontend\\src\\Components\\Features\\LoadingDemo.tsx": {"lines":{"total":2,"covered":0,"skipped":0,"pct":0},"functions":{"total":1,"covered":0,"skipped":0,"pct":0},"statements":{"total":2,"covered":0,"skipped":0,"pct":0},"branches":{"total":0,"covered":0,"skipped":0,"pct":100}}
,"C:\\Users\\ian19\\Desktop\\SAAC\\SAAC-Frontend\\src\\Components\\Features\\RingLoadingDemo.tsx": {"lines":{"total":2,"covered":0,"skipped":0,"pct":0},"functions":{"total":1,"covered":0,"skipped":0,"pct":0},"statements":{"total":2,"covered":0,"skipped":0,"pct":0},"branches":{"total":0,"covered":0,"skipped":0,"pct":100}}
,"C:\\Users\\ian19\\Desktop\\SAAC\\SAAC-Frontend\\src\\Components\\Features\\Roles\\CreateRoleForm.tsx": {"lines":{"total":94,"covered":2,"skipped":0,"pct":2.12},"functions":{"total":33,"covered":0,"skipped":0,"pct":0},"statements":{"total":99,"covered":2,"skipped":0,"pct":2.02},"branches":{"total":106,"covered":0,"skipped":0,"pct":0}}
,"C:\\Users\\ian19\\Desktop\\SAAC\\SAAC-Frontend\\src\\Components\\Features\\Roles\\Index.ts": {"lines":{"total":0,"covered":0,"skipped":0,"pct":0},"functions":{"total":0,"covered":0,"skipped":0,"pct":0},"statements":{"total":0,"covered":0,"skipped":0,"pct":0},"branches":{"total":0,"covered":0,"skipped":0,"pct":0}}
,"C:\\Users\\ian19\\Desktop\\SAAC\\SAAC-Frontend\\src\\Components\\Features\\Roles\\RolesTable.tsx": {"lines":{"total":44,"covered":35,"skipped":0,"pct":79.54},"functions":{"total":18,"covered":11,"skipped":0,"pct":61.11},"statements":{"total":44,"covered":35,"skipped":0,"pct":79.54},"branches":{"total":30,"covered":24,"skipped":0,"pct":80}}
,"C:\\Users\\ian19\\Desktop\\SAAC\\SAAC-Frontend\\src\\Components\\Features\\Roles\\TableIcons.tsx": {"lines":{"total":5,"covered":4,"skipped":0,"pct":80},"functions":{"total":4,"covered":3,"skipped":0,"pct":75},"statements":{"total":5,"covered":4,"skipped":0,"pct":80},"branches":{"total":4,"covered":0,"skipped":0,"pct":0}}
,"C:\\Users\\ian19\\Desktop\\SAAC\\SAAC-Frontend\\src\\Components\\Layout\\Index.ts": {"lines":{"total":0,"covered":0,"skipped":0,"pct":0},"functions":{"total":0,"covered":0,"skipped":0,"pct":0},"statements":{"total":0,"covered":0,"skipped":0,"pct":0},"branches":{"total":0,"covered":0,"skipped":0,"pct":0}}
,"C:\\Users\\ian19\\Desktop\\SAAC\\SAAC-Frontend\\src\\Components\\Layout\\Layout.tsx": {"lines":{"total":2,"covered":2,"skipped":0,"pct":100},"functions":{"total":1,"covered":1,"skipped":0,"pct":100},"statements":{"total":2,"covered":2,"skipped":0,"pct":100},"branches":{"total":0,"covered":0,"skipped":0,"pct":100}}
,"C:\\Users\\ian19\\Desktop\\SAAC\\SAAC-Frontend\\src\\Components\\Layout\\ResponsiveLayout.tsx": {"lines":{"total":20,"covered":1,"skipped":0,"pct":5},"functions":{"total":3,"covered":0,"skipped":0,"pct":0},"statements":{"total":21,"covered":1,"skipped":0,"pct":4.76},"branches":{"total":24,"covered":0,"skipped":0,"pct":0}}
,"C:\\Users\\ian19\\Desktop\\SAAC\\SAAC-Frontend\\src\\Components\\Layout\\Sidebar\\Index.ts": {"lines":{"total":0,"covered":0,"skipped":0,"pct":0},"functions":{"total":0,"covered":0,"skipped":0,"pct":0},"statements":{"total":0,"covered":0,"skipped":0,"pct":0},"branches":{"total":0,"covered":0,"skipped":0,"pct":0}}
,"C:\\Users\\ian19\\Desktop\\SAAC\\SAAC-Frontend\\src\\Components\\Layout\\Sidebar\\Sidebar.tsx": {"lines":{"total":10,"covered":8,"skipped":0,"pct":80},"functions":{"total":2,"covered":2,"skipped":0,"pct":100},"statements":{"total":10,"covered":8,"skipped":0,"pct":80},"branches":{"total":37,"covered":20,"skipped":0,"pct":54.05}}
,"C:\\Users\\ian19\\Desktop\\SAAC\\SAAC-Frontend\\src\\Components\\Layout\\Sidebar\\SidebarInset.tsx": {"lines":{"total":2,"covered":2,"skipped":0,"pct":100},"functions":{"total":1,"covered":1,"skipped":0,"pct":100},"statements":{"total":2,"covered":2,"skipped":0,"pct":100},"branches":{"total":0,"covered":0,"skipped":0,"pct":100}}
,"C:\\Users\\ian19\\Desktop\\SAAC\\SAAC-Frontend\\src\\Components\\Layout\\Sidebar\\SidebarItem.tsx": {"lines":{"total":11,"covered":10,"skipped":0,"pct":90.9},"functions":{"total":3,"covered":2,"skipped":0,"pct":66.66},"statements":{"total":11,"covered":10,"skipped":0,"pct":90.9},"branches":{"total":46,"covered":35,"skipped":0,"pct":76.08}}
,"C:\\Users\\ian19\\Desktop\\SAAC\\SAAC-Frontend\\src\\Components\\Layout\\Sidebar\\SidebarTrigger.tsx": {"lines":{"total":5,"covered":3,"skipped":0,"pct":60},"functions":{"total":2,"covered":1,"skipped":0,"pct":50},"statements":{"total":5,"covered":3,"skipped":0,"pct":60},"branches":{"total":0,"covered":0,"skipped":0,"pct":100}}
,"C:\\Users\\ian19\\Desktop\\SAAC\\SAAC-Frontend\\src\\Components\\Ui\\Button.tsx": {"lines":{"total":7,"covered":5,"skipped":0,"pct":71.42},"functions":{"total":2,"covered":1,"skipped":0,"pct":50},"statements":{"total":8,"covered":5,"skipped":0,"pct":62.5},"branches":{"total":21,"covered":16,"skipped":0,"pct":76.19}}
,"C:\\Users\\ian19\\Desktop\\SAAC\\SAAC-Frontend\\src\\Components\\Ui\\CreateConfirmationModal.tsx": {"lines":{"total":4,"covered":0,"skipped":0,"pct":0},"functions":{"total":1,"covered":0,"skipped":0,"pct":0},"statements":{"total":4,"covered":0,"skipped":0,"pct":0},"branches":{"total":9,"covered":0,"skipped":0,"pct":0}}
,"C:\\Users\\ian19\\Desktop\\SAAC\\SAAC-Frontend\\src\\Components\\Ui\\CustomSelect.tsx": {"lines":{"total":32,"covered":1,"skipped":0,"pct":3.12},"functions":{"total":13,"covered":0,"skipped":0,"pct":0},"statements":{"total":35,"covered":1,"skipped":0,"pct":2.85},"branches":{"total":50,"covered":0,"skipped":0,"pct":0}}
,"C:\\Users\\ian19\\Desktop\\SAAC\\SAAC-Frontend\\src\\Components\\Ui\\DataTable.tsx": {"lines":{"total":44,"covered":25,"skipped":0,"pct":56.81},"functions":{"total":15,"covered":8,"skipped":0,"pct":53.33},"statements":{"total":47,"covered":26,"skipped":0,"pct":55.31},"branches":{"total":64,"covered":50,"skipped":0,"pct":78.12}}
,"C:\\Users\\ian19\\Desktop\\SAAC\\SAAC-Frontend\\src\\Components\\Ui\\DeleteConfirmationModal.tsx": {"lines":{"total":5,"covered":0,"skipped":0,"pct":0},"functions":{"total":1,"covered":0,"skipped":0,"pct":0},"statements":{"total":5,"covered":0,"skipped":0,"pct":0},"branches":{"total":11,"covered":0,"skipped":0,"pct":0}}
,"C:\\Users\\ian19\\Desktop\\SAAC\\SAAC-Frontend\\src\\Components\\Ui\\FormContainer.tsx": {"lines":{"total":13,"covered":1,"skipped":0,"pct":7.69},"functions":{"total":3,"covered":0,"skipped":0,"pct":0},"statements":{"total":13,"covered":1,"skipped":0,"pct":7.69},"branches":{"total":19,"covered":0,"skipped":0,"pct":0}}
,"C:\\Users\\ian19\\Desktop\\SAAC\\SAAC-Frontend\\src\\Components\\Ui\\Icon.tsx": {"lines":{"total":0,"covered":0,"skipped":0,"pct":0},"functions":{"total":0,"covered":0,"skipped":0,"pct":0},"statements":{"total":0,"covered":0,"skipped":0,"pct":0},"branches":{"total":0,"covered":0,"skipped":0,"pct":0}}
,"C:\\Users\\ian19\\Desktop\\SAAC\\SAAC-Frontend\\src\\Components\\Ui\\Index.ts": {"lines":{"total":0,"covered":0,"skipped":0,"pct":0},"functions":{"total":0,"covered":0,"skipped":0,"pct":0},"statements":{"total":0,"covered":0,"skipped":0,"pct":0},"branches":{"total":0,"covered":0,"skipped":0,"pct":0}}
,"C:\\Users\\ian19\\Desktop\\SAAC\\SAAC-Frontend\\src\\Components\\Ui\\Input.tsx": {"lines":{"total":4,"covered":4,"skipped":0,"pct":100},"functions":{"total":1,"covered":1,"skipped":0,"pct":100},"statements":{"total":4,"covered":4,"skipped":0,"pct":100},"branches":{"total":16,"covered":16,"skipped":0,"pct":100}}
,"C:\\Users\\ian19\\Desktop\\SAAC\\SAAC-Frontend\\src\\Components\\Ui\\Loading.tsx": {"lines":{"total":23,"covered":11,"skipped":0,"pct":47.82},"functions":{"total":6,"covered":2,"skipped":0,"pct":33.33},"statements":{"total":23,"covered":11,"skipped":0,"pct":47.82},"branches":{"total":30,"covered":4,"skipped":0,"pct":13.33}}
,"C:\\Users\\ian19\\Desktop\\SAAC\\SAAC-Frontend\\src\\Components\\Ui\\Modal.tsx": {"lines":{"total":47,"covered":35,"skipped":0,"pct":74.46},"functions":{"total":15,"covered":8,"skipped":0,"pct":53.33},"statements":{"total":52,"covered":37,"skipped":0,"pct":71.15},"branches":{"total":65,"covered":46,"skipped":0,"pct":70.76}}
,"C:\\Users\\ian19\\Desktop\\SAAC\\SAAC-Frontend\\src\\Components\\Ui\\MultiSelect.tsx": {"lines":{"total":51,"covered":1,"skipped":0,"pct":1.96},"functions":{"total":30,"covered":0,"skipped":0,"pct":0},"statements":{"total":69,"covered":1,"skipped":0,"pct":1.44},"branches":{"total":73,"covered":0,"skipped":0,"pct":0}}
,"C:\\Users\\ian19\\Desktop\\SAAC\\SAAC-Frontend\\src\\Components\\Ui\\PageHeader.tsx": {"lines":{"total":5,"covered":5,"skipped":0,"pct":100},"functions":{"total":1,"covered":1,"skipped":0,"pct":100},"statements":{"total":5,"covered":5,"skipped":0,"pct":100},"branches":{"total":24,"covered":11,"skipped":0,"pct":45.83}}
,"C:\\Users\\ian19\\Desktop\\SAAC\\SAAC-Frontend\\src\\Components\\Ui\\PermissionsRoleModal.tsx": {"lines":{"total":5,"covered":4,"skipped":0,"pct":80},"functions":{"total":3,"covered":2,"skipped":0,"pct":66.66},"statements":{"total":5,"covered":4,"skipped":0,"pct":80},"branches":{"total":6,"covered":2,"skipped":0,"pct":33.33}}
,"C:\\Users\\ian19\\Desktop\\SAAC\\SAAC-Frontend\\src\\Components\\Ui\\SearchInput.tsx": {"lines":{"total":4,"covered":4,"skipped":0,"pct":100},"functions":{"total":2,"covered":2,"skipped":0,"pct":100},"statements":{"total":4,"covered":4,"skipped":0,"pct":100},"branches":{"total":5,"covered":2,"skipped":0,"pct":40}}
,"C:\\Users\\ian19\\Desktop\\SAAC\\SAAC-Frontend\\src\\Components\\Ui\\Select.tsx": {"lines":{"total":5,"covered":2,"skipped":0,"pct":40},"functions":{"total":2,"covered":0,"skipped":0,"pct":0},"statements":{"total":5,"covered":2,"skipped":0,"pct":40},"branches":{"total":30,"covered":0,"skipped":0,"pct":0}}
,"C:\\Users\\ian19\\Desktop\\SAAC\\SAAC-Frontend\\src\\Components\\Ui\\Sheet.tsx": {"lines":{"total":13,"covered":0,"skipped":0,"pct":0},"functions":{"total":8,"covered":0,"skipped":0,"pct":0},"statements":{"total":14,"covered":0,"skipped":0,"pct":0},"branches":{"total":7,"covered":0,"skipped":0,"pct":0}}
,"C:\\Users\\ian19\\Desktop\\SAAC\\SAAC-Frontend\\src\\Components\\Ui\\Table.tsx": {"lines":{"total":29,"covered":1,"skipped":0,"pct":3.44},"functions":{"total":13,"covered":0,"skipped":0,"pct":0},"statements":{"total":30,"covered":1,"skipped":0,"pct":3.33},"branches":{"total":63,"covered":0,"skipped":0,"pct":0}}
,"C:\\Users\\ian19\\Desktop\\SAAC\\SAAC-Frontend\\src\\Components\\Ui\\TableActionButtons.tsx": {"lines":{"total":12,"covered":11,"skipped":0,"pct":91.66},"functions":{"total":4,"covered":4,"skipped":0,"pct":100},"statements":{"total":13,"covered":12,"skipped":0,"pct":92.3},"branches":{"total":4,"covered":3,"skipped":0,"pct":75}}
,"C:\\Users\\ian19\\Desktop\\SAAC\\SAAC-Frontend\\src\\Components\\Ui\\Textarea.tsx": {"lines":{"total":5,"covered":3,"skipped":0,"pct":60},"functions":{"total":1,"covered":0,"skipped":0,"pct":0},"statements":{"total":5,"covered":3,"skipped":0,"pct":60},"branches":{"total":17,"covered":0,"skipped":0,"pct":0}}
,"C:\\Users\\ian19\\Desktop\\SAAC\\SAAC-Frontend\\src\\Components\\Ui\\Toast.tsx": {"lines":{"total":25,"covered":19,"skipped":0,"pct":76},"functions":{"total":7,"covered":7,"skipped":0,"pct":100},"statements":{"total":26,"covered":20,"skipped":0,"pct":76.92},"branches":{"total":14,"covered":8,"skipped":0,"pct":57.14}}
,"C:\\Users\\ian19\\Desktop\\SAAC\\SAAC-Frontend\\src\\Components\\Ui\\Tooltip.tsx": {"lines":{"total":15,"covered":2,"skipped":0,"pct":13.33},"functions":{"total":7,"covered":1,"skipped":0,"pct":14.28},"statements":{"total":18,"covered":2,"skipped":0,"pct":11.11},"branches":{"total":24,"covered":0,"skipped":0,"pct":0}}
,"C:\\Users\\ian19\\Desktop\\SAAC\\SAAC-Frontend\\src\\Components\\Ui\\Icons\\SystemIcons.tsx": {"lines":{"total":56,"covered":35,"skipped":0,"pct":62.5},"functions":{"total":51,"covered":30,"skipped":0,"pct":58.82},"statements":{"total":56,"covered":35,"skipped":0,"pct":62.5},"branches":{"total":114,"covered":63,"skipped":0,"pct":55.26}}
,"C:\\Users\\ian19\\Desktop\\SAAC\\SAAC-Frontend\\src\\Components\\Ui\\Icons\\index.ts": {"lines":{"total":3,"covered":0,"skipped":0,"pct":0},"functions":{"total":1,"covered":0,"skipped":0,"pct":0},"statements":{"total":3,"covered":0,"skipped":0,"pct":0},"branches":{"total":0,"covered":0,"skipped":0,"pct":100}}
,"C:\\Users\\ian19\\Desktop\\SAAC\\SAAC-Frontend\\src\\Constants\\ApiConstants.ts": {"lines":{"total":8,"covered":0,"skipped":0,"pct":0},"functions":{"total":4,"covered":0,"skipped":0,"pct":0},"statements":{"total":8,"covered":0,"skipped":0,"pct":0},"branches":{"total":2,"covered":0,"skipped":0,"pct":0}}
,"C:\\Users\\ian19\\Desktop\\SAAC\\SAAC-Frontend\\src\\Constants\\ComponentSizes.ts": {"lines":{"total":8,"covered":4,"skipped":0,"pct":50},"functions":{"total":3,"covered":1,"skipped":0,"pct":33.33},"statements":{"total":8,"covered":4,"skipped":0,"pct":50},"branches":{"total":0,"covered":0,"skipped":0,"pct":100}}
,"C:\\Users\\ian19\\Desktop\\SAAC\\SAAC-Frontend\\src\\Constants\\Index.ts": {"lines":{"total":0,"covered":0,"skipped":0,"pct":0},"functions":{"total":0,"covered":0,"skipped":0,"pct":0},"statements":{"total":0,"covered":0,"skipped":0,"pct":0},"branches":{"total":0,"covered":0,"skipped":0,"pct":0}}
,"C:\\Users\\ian19\\Desktop\\SAAC\\SAAC-Frontend\\src\\Constants\\ModuleInfo.ts": {"lines":{"total":10,"covered":8,"skipped":0,"pct":80},"functions":{"total":4,"covered":2,"skipped":0,"pct":50},"statements":{"total":10,"covered":8,"skipped":0,"pct":80},"branches":{"total":4,"covered":3,"skipped":0,"pct":75}}
,"C:\\Users\\ian19\\Desktop\\SAAC\\SAAC-Frontend\\src\\Constants\\Privileges.ts": {"lines":{"total":0,"covered":0,"skipped":0,"pct":0},"functions":{"total":0,"covered":0,"skipped":0,"pct":0},"statements":{"total":0,"covered":0,"skipped":0,"pct":0},"branches":{"total":0,"covered":0,"skipped":0,"pct":0}}
,"C:\\Users\\ian19\\Desktop\\SAAC\\SAAC-Frontend\\src\\Constants\\StructureConstants.ts": {"lines":{"total":14,"covered":9,"skipped":0,"pct":64.28},"functions":{"total":3,"covered":0,"skipped":0,"pct":0},"statements":{"total":14,"covered":9,"skipped":0,"pct":64.28},"branches":{"total":6,"covered":0,"skipped":0,"pct":0}}
,"C:\\Users\\ian19\\Desktop\\SAAC\\SAAC-Frontend\\src\\Context\\AuthContext.tsx": {"lines":{"total":0,"covered":0,"skipped":0,"pct":0},"functions":{"total":0,"covered":0,"skipped":0,"pct":0},"statements":{"total":0,"covered":0,"skipped":0,"pct":0},"branches":{"total":0,"covered":0,"skipped":0,"pct":0}}
,"C:\\Users\\ian19\\Desktop\\SAAC\\SAAC-Frontend\\src\\Context\\Index.ts": {"lines":{"total":0,"covered":0,"skipped":0,"pct":0},"functions":{"total":0,"covered":0,"skipped":0,"pct":0},"statements":{"total":0,"covered":0,"skipped":0,"pct":0},"branches":{"total":0,"covered":0,"skipped":0,"pct":0}}
,"C:\\Users\\ian19\\Desktop\\SAAC\\SAAC-Frontend\\src\\Context\\NavigationContext.tsx": {"lines":{"total":31,"covered":29,"skipped":0,"pct":93.54},"functions":{"total":7,"covered":7,"skipped":0,"pct":100},"statements":{"total":31,"covered":29,"skipped":0,"pct":93.54},"branches":{"total":10,"covered":8,"skipped":0,"pct":80}}
,"C:\\Users\\ian19\\Desktop\\SAAC\\SAAC-Frontend\\src\\Context\\SidebarContext.tsx": {"lines":{"total":40,"covered":33,"skipped":0,"pct":82.5},"functions":{"total":12,"covered":8,"skipped":0,"pct":66.66},"statements":{"total":45,"covered":36,"skipped":0,"pct":80},"branches":{"total":24,"covered":15,"skipped":0,"pct":62.5}}
,"C:\\Users\\ian19\\Desktop\\SAAC\\SAAC-Frontend\\src\\Context\\ToastContext.tsx": {"lines":{"total":21,"covered":3,"skipped":0,"pct":14.28},"functions":{"total":9,"covered":0,"skipped":0,"pct":0},"statements":{"total":24,"covered":3,"skipped":0,"pct":12.5},"branches":{"total":8,"covered":0,"skipped":0,"pct":0}}
,"C:\\Users\\ian19\\Desktop\\SAAC\\SAAC-Frontend\\src\\Hooks\\Index.ts": {"lines":{"total":0,"covered":0,"skipped":0,"pct":0},"functions":{"total":0,"covered":0,"skipped":0,"pct":0},"statements":{"total":0,"covered":0,"skipped":0,"pct":0},"branches":{"total":0,"covered":0,"skipped":0,"pct":0}}
,"C:\\Users\\ian19\\Desktop\\SAAC\\SAAC-Frontend\\src\\Hooks\\UseApi.ts": {"lines":{"total":33,"covered":0,"skipped":0,"pct":0},"functions":{"total":4,"covered":0,"skipped":0,"pct":0},"statements":{"total":33,"covered":0,"skipped":0,"pct":0},"branches":{"total":23,"covered":0,"skipped":0,"pct":0}}
,"C:\\Users\\ian19\\Desktop\\SAAC\\SAAC-Frontend\\src\\Hooks\\UseBreakpoint.ts": {"lines":{"total":24,"covered":21,"skipped":0,"pct":87.5},"functions":{"total":6,"covered":6,"skipped":0,"pct":100},"statements":{"total":30,"covered":23,"skipped":0,"pct":76.66},"branches":{"total":28,"covered":15,"skipped":0,"pct":53.57}}
,"C:\\Users\\ian19\\Desktop\\SAAC\\SAAC-Frontend\\src\\Hooks\\UseMobile.ts": {"lines":{"total":9,"covered":8,"skipped":0,"pct":88.88},"functions":{"total":4,"covered":3,"skipped":0,"pct":75},"statements":{"total":10,"covered":9,"skipped":0,"pct":90},"branches":{"total":0,"covered":0,"skipped":0,"pct":100}}
,"C:\\Users\\ian19\\Desktop\\SAAC\\SAAC-Frontend\\src\\Hooks\\UseModuleInfo.ts": {"lines":{"total":21,"covered":6,"skipped":0,"pct":28.57},"functions":{"total":8,"covered":3,"skipped":0,"pct":37.5},"statements":{"total":27,"covered":7,"skipped":0,"pct":25.92},"branches":{"total":12,"covered":0,"skipped":0,"pct":0}}
,"C:\\Users\\ian19\\Desktop\\SAAC\\SAAC-Frontend\\src\\Hooks\\UseNavigation.ts": {"lines":{"total":17,"covered":17,"skipped":0,"pct":100},"functions":{"total":4,"covered":4,"skipped":0,"pct":100},"statements":{"total":17,"covered":17,"skipped":0,"pct":100},"branches":{"total":4,"covered":3,"skipped":0,"pct":75}}
,"C:\\Users\\ian19\\Desktop\\SAAC\\SAAC-Frontend\\src\\Hooks\\UsePermissionLabels.ts": {"lines":{"total":16,"covered":8,"skipped":0,"pct":50},"functions":{"total":12,"covered":3,"skipped":0,"pct":25},"statements":{"total":18,"covered":8,"skipped":0,"pct":44.44},"branches":{"total":0,"covered":0,"skipped":0,"pct":100}}
,"C:\\Users\\ian19\\Desktop\\SAAC\\SAAC-Frontend\\src\\Hooks\\UsePrivileges.ts": {"lines":{"total":0,"covered":0,"skipped":0,"pct":0},"functions":{"total":0,"covered":0,"skipped":0,"pct":0},"statements":{"total":0,"covered":0,"skipped":0,"pct":0},"branches":{"total":0,"covered":0,"skipped":0,"pct":0}}
,"C:\\Users\\ian19\\Desktop\\SAAC\\SAAC-Frontend\\src\\Hooks\\UseRoles.ts": {"lines":{"total":83,"covered":54,"skipped":0,"pct":65.06},"functions":{"total":13,"covered":10,"skipped":0,"pct":76.92},"statements":{"total":86,"covered":56,"skipped":0,"pct":65.11},"branches":{"total":24,"covered":4,"skipped":0,"pct":16.66}}
,"C:\\Users\\ian19\\Desktop\\SAAC\\SAAC-Frontend\\src\\Hooks\\UseSidebar.ts": {"lines":{"total":0,"covered":0,"skipped":0,"pct":0},"functions":{"total":0,"covered":0,"skipped":0,"pct":0},"statements":{"total":0,"covered":0,"skipped":0,"pct":0},"branches":{"total":0,"covered":0,"skipped":0,"pct":0}}
,"C:\\Users\\ian19\\Desktop\\SAAC\\SAAC-Frontend\\src\\Hooks\\UseStructure.ts": {"lines":{"total":170,"covered":3,"skipped":0,"pct":1.76},"functions":{"total":31,"covered":0,"skipped":0,"pct":0},"statements":{"total":175,"covered":3,"skipped":0,"pct":1.71},"branches":{"total":52,"covered":0,"skipped":0,"pct":0}}
,"C:\\Users\\ian19\\Desktop\\SAAC\\SAAC-Frontend\\src\\Pages\\HomePage.tsx": {"lines":{"total":3,"covered":3,"skipped":0,"pct":100},"functions":{"total":1,"covered":1,"skipped":0,"pct":100},"statements":{"total":3,"covered":3,"skipped":0,"pct":100},"branches":{"total":0,"covered":0,"skipped":0,"pct":100}}
,"C:\\Users\\ian19\\Desktop\\SAAC\\SAAC-Frontend\\src\\Pages\\Index.ts": {"lines":{"total":0,"covered":0,"skipped":0,"pct":0},"functions":{"total":0,"covered":0,"skipped":0,"pct":0},"statements":{"total":0,"covered":0,"skipped":0,"pct":0},"branches":{"total":0,"covered":0,"skipped":0,"pct":0}}
,"C:\\Users\\ian19\\Desktop\\SAAC\\SAAC-Frontend\\src\\Pages\\RolesEditPage.tsx": {"lines":{"total":35,"covered":1,"skipped":0,"pct":2.85},"functions":{"total":5,"covered":0,"skipped":0,"pct":0},"statements":{"total":35,"covered":1,"skipped":0,"pct":2.85},"branches":{"total":12,"covered":0,"skipped":0,"pct":0}}
,"C:\\Users\\ian19\\Desktop\\SAAC\\SAAC-Frontend\\src\\Pages\\RolesListPage.tsx": {"lines":{"total":19,"covered":9,"skipped":0,"pct":47.36},"functions":{"total":6,"covered":1,"skipped":0,"pct":16.66},"statements":{"total":20,"covered":9,"skipped":0,"pct":45},"branches":{"total":4,"covered":0,"skipped":0,"pct":0}}
,"C:\\Users\\ian19\\Desktop\\SAAC\\SAAC-Frontend\\src\\Pages\\RolesPage.tsx": {"lines":{"total":22,"covered":1,"skipped":0,"pct":4.54},"functions":{"total":6,"covered":0,"skipped":0,"pct":0},"statements":{"total":24,"covered":1,"skipped":0,"pct":4.16},"branches":{"total":4,"covered":0,"skipped":0,"pct":0}}
,"C:\\Users\\ian19\\Desktop\\SAAC\\SAAC-Frontend\\src\\Pages\\UsersPage.tsx": {"lines":{"total":2,"covered":1,"skipped":0,"pct":50},"functions":{"total":1,"covered":0,"skipped":0,"pct":0},"statements":{"total":2,"covered":1,"skipped":0,"pct":50},"branches":{"total":0,"covered":0,"skipped":0,"pct":100}}
,"C:\\Users\\ian19\\Desktop\\SAAC\\SAAC-Frontend\\src\\Pages\\Structure\\StructureCreation.tsx": {"lines":{"total":96,"covered":1,"skipped":0,"pct":1.04},"functions":{"total":27,"covered":0,"skipped":0,"pct":0},"statements":{"total":104,"covered":1,"skipped":0,"pct":0.96},"branches":{"total":66,"covered":0,"skipped":0,"pct":0}}
,"C:\\Users\\ian19\\Desktop\\SAAC\\SAAC-Frontend\\src\\Pages\\Structure\\StructureDeletion.tsx": {"lines":{"total":101,"covered":1,"skipped":0,"pct":0.99},"functions":{"total":24,"covered":0,"skipped":0,"pct":0},"statements":{"total":106,"covered":1,"skipped":0,"pct":0.94},"branches":{"total":92,"covered":0,"skipped":0,"pct":0}}
,"C:\\Users\\ian19\\Desktop\\SAAC\\SAAC-Frontend\\src\\Pages\\Structure\\StructureEditForm.tsx": {"lines":{"total":78,"covered":1,"skipped":0,"pct":1.28},"functions":{"total":21,"covered":0,"skipped":0,"pct":0},"statements":{"total":82,"covered":1,"skipped":0,"pct":1.21},"branches":{"total":94,"covered":0,"skipped":0,"pct":0}}
,"C:\\Users\\ian19\\Desktop\\SAAC\\SAAC-Frontend\\src\\Pages\\Structure\\StructureEditList.tsx": {"lines":{"total":37,"covered":1,"skipped":0,"pct":2.7},"functions":{"total":15,"covered":0,"skipped":0,"pct":0},"statements":{"total":38,"covered":1,"skipped":0,"pct":2.63},"branches":{"total":24,"covered":0,"skipped":0,"pct":0}}
,"C:\\Users\\ian19\\Desktop\\SAAC\\SAAC-Frontend\\src\\Pages\\Structure\\StructureRepository.tsx": {"lines":{"total":48,"covered":3,"skipped":0,"pct":6.25},"functions":{"total":19,"covered":0,"skipped":0,"pct":0},"statements":{"total":51,"covered":3,"skipped":0,"pct":5.88},"branches":{"total":28,"covered":0,"skipped":0,"pct":0}}
,"C:\\Users\\ian19\\Desktop\\SAAC\\SAAC-Frontend\\src\\Pages\\Structure\\index.ts": {"lines":{"total":0,"covered":0,"skipped":0,"pct":0},"functions":{"total":0,"covered":0,"skipped":0,"pct":0},"statements":{"total":0,"covered":0,"skipped":0,"pct":0},"branches":{"total":0,"covered":0,"skipped":0,"pct":0}}
,"C:\\Users\\ian19\\Desktop\\SAAC\\SAAC-Frontend\\src\\Services\\Index.ts": {"lines":{"total":0,"covered":0,"skipped":0,"pct":0},"functions":{"total":0,"covered":0,"skipped":0,"pct":0},"statements":{"total":0,"covered":0,"skipped":0,"pct":0},"branches":{"total":0,"covered":0,"skipped":0,"pct":0}}
,"C:\\Users\\ian19\\Desktop\\SAAC\\SAAC-Frontend\\src\\Services\\RoleService.ts": {"lines":{"total":66,"covered":3,"skipped":0,"pct":4.54},"functions":{"total":9,"covered":1,"skipped":0,"pct":11.11},"statements":{"total":66,"covered":3,"skipped":0,"pct":4.54},"branches":{"total":34,"covered":0,"skipped":0,"pct":0}}
,"C:\\Users\\ian19\\Desktop\\SAAC\\SAAC-Frontend\\src\\Services\\StructureService.ts": {"lines":{"total":30,"covered":3,"skipped":0,"pct":10},"functions":{"total":15,"covered":1,"skipped":0,"pct":6.66},"statements":{"total":33,"covered":3,"skipped":0,"pct":9.09},"branches":{"total":15,"covered":0,"skipped":0,"pct":0}}
,"C:\\Users\\ian19\\Desktop\\SAAC\\SAAC-Frontend\\src\\Types\\ApiTypes.ts": {"lines":{"total":0,"covered":0,"skipped":0,"pct":0},"functions":{"total":0,"covered":0,"skipped":0,"pct":0},"statements":{"total":0,"covered":0,"skipped":0,"pct":0},"branches":{"total":0,"covered":0,"skipped":0,"pct":0}}
,"C:\\Users\\ian19\\Desktop\\SAAC\\SAAC-Frontend\\src\\Types\\CommonTypes.ts": {"lines":{"total":0,"covered":0,"skipped":0,"pct":0},"functions":{"total":0,"covered":0,"skipped":0,"pct":0},"statements":{"total":0,"covered":0,"skipped":0,"pct":0},"branches":{"total":0,"covered":0,"skipped":0,"pct":0}}
,"C:\\Users\\ian19\\Desktop\\SAAC\\SAAC-Frontend\\src\\Types\\Index.ts": {"lines":{"total":0,"covered":0,"skipped":0,"pct":0},"functions":{"total":0,"covered":0,"skipped":0,"pct":0},"statements":{"total":0,"covered":0,"skipped":0,"pct":0},"branches":{"total":0,"covered":0,"skipped":0,"pct":0}}
,"C:\\Users\\ian19\\Desktop\\SAAC\\SAAC-Frontend\\src\\Types\\RoleTypes.ts": {"lines":{"total":0,"covered":0,"skipped":0,"pct":0},"functions":{"total":0,"covered":0,"skipped":0,"pct":0},"statements":{"total":0,"covered":0,"skipped":0,"pct":0},"branches":{"total":0,"covered":0,"skipped":0,"pct":0}}
,"C:\\Users\\ian19\\Desktop\\SAAC\\SAAC-Frontend\\src\\Types\\StructureTypes.ts": {"lines":{"total":1,"covered":1,"skipped":0,"pct":100},"functions":{"total":0,"covered":0,"skipped":0,"pct":100},"statements":{"total":1,"covered":1,"skipped":0,"pct":100},"branches":{"total":0,"covered":0,"skipped":0,"pct":100}}
,"C:\\Users\\ian19\\Desktop\\SAAC\\SAAC-Frontend\\src\\Types\\UserTypes.ts": {"lines":{"total":0,"covered":0,"skipped":0,"pct":0},"functions":{"total":0,"covered":0,"skipped":0,"pct":0},"statements":{"total":0,"covered":0,"skipped":0,"pct":0},"branches":{"total":0,"covered":0,"skipped":0,"pct":0}}
,"C:\\Users\\ian19\\Desktop\\SAAC\\SAAC-Frontend\\src\\Utils\\ClassNames.ts": {"lines":{"total":1,"covered":1,"skipped":0,"pct":100},"functions":{"total":1,"covered":1,"skipped":0,"pct":100},"statements":{"total":1,"covered":1,"skipped":0,"pct":100},"branches":{"total":0,"covered":0,"skipped":0,"pct":100}}
,"C:\\Users\\ian19\\Desktop\\SAAC\\SAAC-Frontend\\src\\Utils\\Index.ts": {"lines":{"total":0,"covered":0,"skipped":0,"pct":0},"functions":{"total":0,"covered":0,"skipped":0,"pct":0},"statements":{"total":0,"covered":0,"skipped":0,"pct":0},"branches":{"total":0,"covered":0,"skipped":0,"pct":0}}
,"C:\\Users\\ian19\\Desktop\\SAAC\\SAAC-Frontend\\src\\Utils\\PermissionLabels.ts": {"lines":{"total":17,"covered":6,"skipped":0,"pct":35.29},"functions":{"total":7,"covered":0,"skipped":0,"pct":0},"statements":{"total":18,"covered":6,"skipped":0,"pct":33.33},"branches":{"total":8,"covered":0,"skipped":0,"pct":0}}
,"C:\\Users\\ian19\\Desktop\\SAAC\\SAAC-Frontend\\src\\Utils\\Validation.ts": {"lines":{"total":48,"covered":6,"skipped":0,"pct":12.5},"functions":{"total":25,"covered":4,"skipped":0,"pct":16},"statements":{"total":55,"covered":6,"skipped":0,"pct":10.9},"branches":{"total":38,"covered":3,"skipped":0,"pct":7.89}}
}
