{"C:\\Users\\ian19\\Desktop\\SAAC\\SAAC-Frontend\\src\\App-escalable.tsx": {"path":"C:\\Users\\ian19\\Desktop\\SAAC\\SAAC-Frontend\\src\\App-escalable.tsx","statementMap":{},"fnMap":{},"branchMap":{},"s":{},"f":{},"b":{}}
,"C:\\Users\\ian19\\Desktop\\SAAC\\SAAC-Frontend\\src\\App.tsx": {"path":"C:\\Users\\ian19\\Desktop\\SAAC\\SAAC-Frontend\\src\\App.tsx","statementMap":{"0":{"start":{"line":12,"column":22},"end":{"line":34,"column":1}},"1":{"start":{"line":13,"column":2},"end":{"line":33,"column":4}}},"fnMap":{"0":{"name":"(anonymous_0)","decl":{"start":{"line":12,"column":22},"end":{"line":12,"column":23}},"loc":{"start":{"line":12,"column":28},"end":{"line":34,"column":1}},"line":12}},"branchMap":{},"s":{"0":1,"1":1},"f":{"0":1},"b":{},"_coverageSchema":"1a1c01bbd47fc00a2c39e90264f33305004495a9","hash":"69de28f3178660719511109854020f0d8b9e4025"}
,"C:\\Users\\ian19\\Desktop\\SAAC\\SAAC-Frontend\\src\\Navigation.ts": {"path":"C:\\Users\\ian19\\Desktop\\SAAC\\SAAC-Frontend\\src\\Navigation.ts","statementMap":{"0":{"start":{"line":3,"column":17},"end":{"line":3,"column":35}},"1":{"start":{"line":4,"column":18},"end":{"line":4,"column":38}},"2":{"start":{"line":5,"column":22},"end":{"line":5,"column":44}},"3":{"start":{"line":6,"column":17},"end":{"line":6,"column":34}},"4":{"start":{"line":7,"column":16},"end":{"line":7,"column":33}},"5":{"start":{"line":8,"column":17},"end":{"line":8,"column":35}},"6":{"start":{"line":9,"column":18},"end":{"line":9,"column":41}},"7":{"start":{"line":10,"column":17},"end":{"line":10,"column":43}},"8":{"start":{"line":11,"column":16},"end":{"line":11,"column":41}},"9":{"start":{"line":22,"column":42},"end":{"line":88,"column":1}}},"fnMap":{},"branchMap":{},"s":{"0":2,"1":2,"2":2,"3":2,"4":2,"5":2,"6":2,"7":2,"8":2,"9":2},"f":{},"b":{},"_coverageSchema":"1a1c01bbd47fc00a2c39e90264f33305004495a9","hash":"b04c74325213a761a9e1bd81e47553e2549d5863"}
,"C:\\Users\\ian19\\Desktop\\SAAC\\SAAC-Frontend\\src\\Components\\index.ts": {"path":"C:\\Users\\ian19\\Desktop\\SAAC\\SAAC-Frontend\\src\\Components\\index.ts","statementMap":{},"fnMap":{},"branchMap":{},"s":{},"f":{},"b":{},"_coverageSchema":"1a1c01bbd47fc00a2c39e90264f33305004495a9","hash":"67a9e80f714ded6d07c5cfe3fa846bd41ac20fc2"}
,"C:\\Users\\ian19\\Desktop\\SAAC\\SAAC-Frontend\\src\\Components\\Features\\LoadingDemo.tsx": {"path":"C:\\Users\\ian19\\Desktop\\SAAC\\SAAC-Frontend\\src\\Components\\Features\\LoadingDemo.tsx","statementMap":{"0":{"start":{"line":11,"column":37},"end":{"line":126,"column":1}},"1":{"start":{"line":12,"column":2},"end":{"line":125,"column":4}}},"fnMap":{"0":{"name":"(anonymous_0)","decl":{"start":{"line":11,"column":37},"end":{"line":11,"column":38}},"loc":{"start":{"line":11,"column":43},"end":{"line":126,"column":1}},"line":11}},"branchMap":{},"s":{"0":0,"1":0},"f":{"0":0},"b":{}}
,"C:\\Users\\ian19\\Desktop\\SAAC\\SAAC-Frontend\\src\\Components\\Features\\RingLoadingDemo.tsx": {"path":"C:\\Users\\ian19\\Desktop\\SAAC\\SAAC-Frontend\\src\\Components\\Features\\RingLoadingDemo.tsx","statementMap":{"0":{"start":{"line":8,"column":41},"end":{"line":123,"column":1}},"1":{"start":{"line":9,"column":2},"end":{"line":122,"column":4}}},"fnMap":{"0":{"name":"(anonymous_0)","decl":{"start":{"line":8,"column":41},"end":{"line":8,"column":42}},"loc":{"start":{"line":8,"column":47},"end":{"line":123,"column":1}},"line":8}},"branchMap":{},"s":{"0":0,"1":0},"f":{"0":0},"b":{}}
,"C:\\Users\\ian19\\Desktop\\SAAC\\SAAC-Frontend\\src\\Components\\Features\\Roles\\CreateRoleForm.tsx": {"path":"C:\\Users\\ian19\\Desktop\\SAAC\\SAAC-Frontend\\src\\Components\\Features\\Roles\\CreateRoleForm.tsx","statementMap":{"0":{"start":{"line":54,"column":25},"end":{"line":67,"column":1}},"1":{"start":{"line":69,"column":61},"end":{"line":605,"column":1}},"2":{"start":{"line":78,"column":44},"end":{"line":78,"column":59}},"3":{"start":{"line":79,"column":92},"end":{"line":79,"column":102}},"4":{"start":{"line":82,"column":20},"end":{"line":82,"column":33}},"5":{"start":{"line":85,"column":23},"end":{"line":85,"column":52}},"6":{"start":{"line":86,"column":21},"end":{"line":86,"column":57}},"7":{"start":{"line":89,"column":21},"end":{"line":89,"column":96}},"8":{"start":{"line":90,"column":27},"end":{"line":90,"column":64}},"9":{"start":{"line":92,"column":34},"end":{"line":96,"column":4}},"10":{"start":{"line":99,"column":29},"end":{"line":102,"column":4}},"11":{"start":{"line":105,"column":38},"end":{"line":105,"column":95}},"12":{"start":{"line":108,"column":2},"end":{"line":110,"column":9}},"13":{"start":{"line":109,"column":4},"end":{"line":109,"column":22}},"14":{"start":{"line":112,"column":28},"end":{"line":140,"column":3}},"15":{"start":{"line":113,"column":24},"end":{"line":116,"column":5}},"16":{"start":{"line":118,"column":4},"end":{"line":118,"column":29}},"17":{"start":{"line":121,"column":4},"end":{"line":134,"column":5}},"18":{"start":{"line":123,"column":6},"end":{"line":128,"column":7}},"19":{"start":{"line":124,"column":8},"end":{"line":127,"column":12}},"20":{"start":{"line":124,"column":31},"end":{"line":127,"column":9}},"21":{"start":{"line":131,"column":6},"end":{"line":133,"column":7}},"22":{"start":{"line":132,"column":8},"end":{"line":132,"column":74}},"23":{"start":{"line":137,"column":4},"end":{"line":139,"column":5}},"24":{"start":{"line":138,"column":6},"end":{"line":138,"column":19}},"25":{"start":{"line":142,"column":23},"end":{"line":167,"column":3}},"26":{"start":{"line":143,"column":4},"end":{"line":166,"column":5}},"27":{"start":{"line":145,"column":69},"end":{"line":145,"column":71}},"28":{"start":{"line":147,"column":6},"end":{"line":151,"column":7}},"29":{"start":{"line":148,"column":8},"end":{"line":148,"column":58}},"30":{"start":{"line":149,"column":13},"end":{"line":151,"column":7}},"31":{"start":{"line":150,"column":8},"end":{"line":150,"column":70}},"32":{"start":{"line":153,"column":6},"end":{"line":155,"column":7}},"33":{"start":{"line":154,"column":8},"end":{"line":154,"column":83}},"34":{"start":{"line":157,"column":6},"end":{"line":159,"column":7}},"35":{"start":{"line":158,"column":8},"end":{"line":158,"column":71}},"36":{"start":{"line":161,"column":6},"end":{"line":161,"column":31}},"37":{"start":{"line":162,"column":6},"end":{"line":162,"column":49}},"38":{"start":{"line":165,"column":6},"end":{"line":165,"column":55}},"39":{"start":{"line":170,"column":24},"end":{"line":176,"column":3}},"40":{"start":{"line":171,"column":4},"end":{"line":175,"column":5}},"41":{"start":{"line":172,"column":6},"end":{"line":172,"column":31}},"42":{"start":{"line":174,"column":6},"end":{"line":174,"column":46}},"43":{"start":{"line":179,"column":27},"end":{"line":192,"column":3}},"44":{"start":{"line":180,"column":4},"end":{"line":191,"column":5}},"45":{"start":{"line":181,"column":6},"end":{"line":186,"column":7}},"46":{"start":{"line":182,"column":8},"end":{"line":185,"column":12}},"47":{"start":{"line":182,"column":31},"end":{"line":185,"column":9}},"48":{"start":{"line":188,"column":6},"end":{"line":190,"column":7}},"49":{"start":{"line":189,"column":8},"end":{"line":189,"column":50}},"50":{"start":{"line":194,"column":23},"end":{"line":223,"column":3}},"51":{"start":{"line":195,"column":4},"end":{"line":195,"column":23}},"52":{"start":{"line":197,"column":4},"end":{"line":222,"column":5}},"53":{"start":{"line":198,"column":6},"end":{"line":221,"column":7}},"54":{"start":{"line":200,"column":41},"end":{"line":204,"column":9}},"55":{"start":{"line":206,"column":8},"end":{"line":218,"column":9}},"56":{"start":{"line":208,"column":25},"end":{"line":208,"column":65}},"57":{"start":{"line":210,"column":10},"end":{"line":213,"column":11}},"58":{"start":{"line":212,"column":12},"end":{"line":212,"column":33}},"59":{"start":{"line":217,"column":10},"end":{"line":217,"column":31}},"60":{"start":{"line":220,"column":8},"end":{"line":220,"column":53}},"61":{"start":{"line":228,"column":40},"end":{"line":234,"column":3}},"62":{"start":{"line":229,"column":4},"end":{"line":233,"column":8}},"63":{"start":{"line":229,"column":42},"end":{"line":233,"column":5}},"64":{"start":{"line":239,"column":30},"end":{"line":258,"column":3}},"65":{"start":{"line":240,"column":4},"end":{"line":245,"column":5}},"66":{"start":{"line":241,"column":6},"end":{"line":244,"column":8}},"67":{"start":{"line":247,"column":4},"end":{"line":252,"column":5}},"68":{"start":{"line":248,"column":6},"end":{"line":251,"column":8}},"69":{"start":{"line":254,"column":4},"end":{"line":257,"column":6}},"70":{"start":{"line":263,"column":25},"end":{"line":267,"column":3}},"71":{"start":{"line":264,"column":4},"end":{"line":264,"column":31}},"72":{"start":{"line":264,"column":18},"end":{"line":264,"column":31}},"73":{"start":{"line":265,"column":4},"end":{"line":265,"column":31}},"74":{"start":{"line":265,"column":18},"end":{"line":265,"column":31}},"75":{"start":{"line":266,"column":4},"end":{"line":266,"column":17}},"76":{"start":{"line":270,"column":2},"end":{"line":429,"column":3}},"77":{"start":{"line":271,"column":4},"end":{"line":428,"column":6}},"78":{"start":{"line":285,"column":35},"end":{"line":285,"column":76}},"79":{"start":{"line":286,"column":33},"end":{"line":286,"column":57}},"80":{"start":{"line":297,"column":40},"end":{"line":297,"column":80}},"81":{"start":{"line":313,"column":37},"end":{"line":313,"column":85}},"82":{"start":{"line":314,"column":35},"end":{"line":314,"column":66}},"83":{"start":{"line":362,"column":31},"end":{"line":362,"column":72}},"84":{"start":{"line":363,"column":29},"end":{"line":363,"column":53}},"85":{"start":{"line":374,"column":31},"end":{"line":374,"column":79}},"86":{"start":{"line":375,"column":29},"end":{"line":375,"column":60}},"87":{"start":{"line":387,"column":36},"end":{"line":387,"column":76}},"88":{"start":{"line":431,"column":2},"end":{"line":604,"column":4}},"89":{"start":{"line":459,"column":35},"end":{"line":459,"column":76}},"90":{"start":{"line":460,"column":33},"end":{"line":460,"column":57}},"91":{"start":{"line":471,"column":40},"end":{"line":471,"column":80}},"92":{"start":{"line":487,"column":37},"end":{"line":487,"column":85}},"93":{"start":{"line":488,"column":35},"end":{"line":488,"column":66}},"94":{"start":{"line":537,"column":31},"end":{"line":537,"column":72}},"95":{"start":{"line":538,"column":29},"end":{"line":538,"column":53}},"96":{"start":{"line":549,"column":31},"end":{"line":549,"column":79}},"97":{"start":{"line":550,"column":29},"end":{"line":550,"column":60}},"98":{"start":{"line":562,"column":36},"end":{"line":562,"column":76}}},"fnMap":{"0":{"name":"(anonymous_0)","decl":{"start":{"line":69,"column":61},"end":{"line":69,"column":62}},"loc":{"start":{"line":77,"column":6},"end":{"line":605,"column":1}},"line":77},"1":{"name":"(anonymous_1)","decl":{"start":{"line":108,"column":12},"end":{"line":108,"column":13}},"loc":{"start":{"line":108,"column":18},"end":{"line":110,"column":3}},"line":108},"2":{"name":"(anonymous_2)","decl":{"start":{"line":112,"column":28},"end":{"line":112,"column":29}},"loc":{"start":{"line":112,"column":85},"end":{"line":140,"column":3}},"line":112},"3":{"name":"(anonymous_3)","decl":{"start":{"line":124,"column":22},"end":{"line":124,"column":23}},"loc":{"start":{"line":124,"column":31},"end":{"line":127,"column":9}},"line":124},"4":{"name":"(anonymous_4)","decl":{"start":{"line":142,"column":23},"end":{"line":142,"column":24}},"loc":{"start":{"line":142,"column":38},"end":{"line":167,"column":3}},"line":142},"5":{"name":"(anonymous_5)","decl":{"start":{"line":170,"column":24},"end":{"line":170,"column":25}},"loc":{"start":{"line":170,"column":75},"end":{"line":176,"column":3}},"line":170},"6":{"name":"(anonymous_6)","decl":{"start":{"line":179,"column":27},"end":{"line":179,"column":28}},"loc":{"start":{"line":179,"column":58},"end":{"line":192,"column":3}},"line":179},"7":{"name":"(anonymous_7)","decl":{"start":{"line":182,"column":22},"end":{"line":182,"column":23}},"loc":{"start":{"line":182,"column":31},"end":{"line":185,"column":9}},"line":182},"8":{"name":"(anonymous_8)","decl":{"start":{"line":194,"column":23},"end":{"line":194,"column":24}},"loc":{"start":{"line":194,"column":53},"end":{"line":223,"column":3}},"line":194},"9":{"name":"(anonymous_9)","decl":{"start":{"line":228,"column":40},"end":{"line":228,"column":41}},"loc":{"start":{"line":228,"column":77},"end":{"line":234,"column":3}},"line":228},"10":{"name":"(anonymous_10)","decl":{"start":{"line":229,"column":27},"end":{"line":229,"column":28}},"loc":{"start":{"line":229,"column":42},"end":{"line":233,"column":5}},"line":229},"11":{"name":"(anonymous_11)","decl":{"start":{"line":239,"column":30},"end":{"line":239,"column":31}},"loc":{"start":{"line":239,"column":36},"end":{"line":258,"column":3}},"line":239},"12":{"name":"(anonymous_12)","decl":{"start":{"line":263,"column":25},"end":{"line":263,"column":26}},"loc":{"start":{"line":263,"column":31},"end":{"line":267,"column":3}},"line":263},"13":{"name":"(anonymous_13)","decl":{"start":{"line":285,"column":28},"end":{"line":285,"column":29}},"loc":{"start":{"line":285,"column":35},"end":{"line":285,"column":76}},"line":285},"14":{"name":"(anonymous_14)","decl":{"start":{"line":286,"column":27},"end":{"line":286,"column":28}},"loc":{"start":{"line":286,"column":33},"end":{"line":286,"column":57}},"line":286},"15":{"name":"(anonymous_15)","decl":{"start":{"line":297,"column":28},"end":{"line":297,"column":29}},"loc":{"start":{"line":297,"column":40},"end":{"line":297,"column":80}},"line":297},"16":{"name":"(anonymous_16)","decl":{"start":{"line":313,"column":30},"end":{"line":313,"column":31}},"loc":{"start":{"line":313,"column":37},"end":{"line":313,"column":85}},"line":313},"17":{"name":"(anonymous_17)","decl":{"start":{"line":314,"column":29},"end":{"line":314,"column":30}},"loc":{"start":{"line":314,"column":35},"end":{"line":314,"column":66}},"line":314},"18":{"name":"(anonymous_18)","decl":{"start":{"line":362,"column":24},"end":{"line":362,"column":25}},"loc":{"start":{"line":362,"column":31},"end":{"line":362,"column":72}},"line":362},"19":{"name":"(anonymous_19)","decl":{"start":{"line":363,"column":23},"end":{"line":363,"column":24}},"loc":{"start":{"line":363,"column":29},"end":{"line":363,"column":53}},"line":363},"20":{"name":"(anonymous_20)","decl":{"start":{"line":374,"column":24},"end":{"line":374,"column":25}},"loc":{"start":{"line":374,"column":31},"end":{"line":374,"column":79}},"line":374},"21":{"name":"(anonymous_21)","decl":{"start":{"line":375,"column":23},"end":{"line":375,"column":24}},"loc":{"start":{"line":375,"column":29},"end":{"line":375,"column":60}},"line":375},"22":{"name":"(anonymous_22)","decl":{"start":{"line":387,"column":24},"end":{"line":387,"column":25}},"loc":{"start":{"line":387,"column":36},"end":{"line":387,"column":76}},"line":387},"23":{"name":"(anonymous_23)","decl":{"start":{"line":459,"column":28},"end":{"line":459,"column":29}},"loc":{"start":{"line":459,"column":35},"end":{"line":459,"column":76}},"line":459},"24":{"name":"(anonymous_24)","decl":{"start":{"line":460,"column":27},"end":{"line":460,"column":28}},"loc":{"start":{"line":460,"column":33},"end":{"line":460,"column":57}},"line":460},"25":{"name":"(anonymous_25)","decl":{"start":{"line":471,"column":28},"end":{"line":471,"column":29}},"loc":{"start":{"line":471,"column":40},"end":{"line":471,"column":80}},"line":471},"26":{"name":"(anonymous_26)","decl":{"start":{"line":487,"column":30},"end":{"line":487,"column":31}},"loc":{"start":{"line":487,"column":37},"end":{"line":487,"column":85}},"line":487},"27":{"name":"(anonymous_27)","decl":{"start":{"line":488,"column":29},"end":{"line":488,"column":30}},"loc":{"start":{"line":488,"column":35},"end":{"line":488,"column":66}},"line":488},"28":{"name":"(anonymous_28)","decl":{"start":{"line":537,"column":24},"end":{"line":537,"column":25}},"loc":{"start":{"line":537,"column":31},"end":{"line":537,"column":72}},"line":537},"29":{"name":"(anonymous_29)","decl":{"start":{"line":538,"column":23},"end":{"line":538,"column":24}},"loc":{"start":{"line":538,"column":29},"end":{"line":538,"column":53}},"line":538},"30":{"name":"(anonymous_30)","decl":{"start":{"line":549,"column":24},"end":{"line":549,"column":25}},"loc":{"start":{"line":549,"column":31},"end":{"line":549,"column":79}},"line":549},"31":{"name":"(anonymous_31)","decl":{"start":{"line":550,"column":23},"end":{"line":550,"column":24}},"loc":{"start":{"line":550,"column":29},"end":{"line":550,"column":60}},"line":550},"32":{"name":"(anonymous_32)","decl":{"start":{"line":562,"column":24},"end":{"line":562,"column":25}},"loc":{"start":{"line":562,"column":36},"end":{"line":562,"column":76}},"line":562}},"branchMap":{"0":{"loc":{"start":{"line":75,"column":2},"end":{"line":75,"column":19}},"type":"default-arg","locations":[{"start":{"line":75,"column":15},"end":{"line":75,"column":19}}],"line":75},"1":{"loc":{"start":{"line":76,"column":2},"end":{"line":76,"column":20}},"type":"default-arg","locations":[{"start":{"line":76,"column":15},"end":{"line":76,"column":20}}],"line":76},"2":{"loc":{"start":{"line":85,"column":23},"end":{"line":85,"column":52}},"type":"cond-expr","locations":[{"start":{"line":85,"column":35},"end":{"line":85,"column":41}},{"start":{"line":85,"column":44},"end":{"line":85,"column":52}}],"line":85},"3":{"loc":{"start":{"line":89,"column":21},"end":{"line":89,"column":96}},"type":"binary-expr","locations":[{"start":{"line":89,"column":21},"end":{"line":89,"column":26}},{"start":{"line":89,"column":31},"end":{"line":89,"column":95}}],"line":89},"4":{"loc":{"start":{"line":89,"column":31},"end":{"line":89,"column":95}},"type":"cond-expr","locations":[{"start":{"line":89,"column":43},"end":{"line":89,"column":76}},{"start":{"line":89,"column":79},"end":{"line":89,"column":95}}],"line":89},"5":{"loc":{"start":{"line":90,"column":27},"end":{"line":90,"column":64}},"type":"binary-expr","locations":[{"start":{"line":90,"column":27},"end":{"line":90,"column":38}},{"start":{"line":90,"column":42},"end":{"line":90,"column":64}}],"line":90},"6":{"loc":{"start":{"line":93,"column":10},"end":{"line":93,"column":33}},"type":"binary-expr","locations":[{"start":{"line":93,"column":10},"end":{"line":93,"column":27}},{"start":{"line":93,"column":31},"end":{"line":93,"column":33}}],"line":93},"7":{"loc":{"start":{"line":94,"column":17},"end":{"line":94,"column":47}},"type":"binary-expr","locations":[{"start":{"line":94,"column":17},"end":{"line":94,"column":41}},{"start":{"line":94,"column":45},"end":{"line":94,"column":47}}],"line":94},"8":{"loc":{"start":{"line":95,"column":17},"end":{"line":95,"column":47}},"type":"binary-expr","locations":[{"start":{"line":95,"column":17},"end":{"line":95,"column":41}},{"start":{"line":95,"column":45},"end":{"line":95,"column":47}}],"line":95},"9":{"loc":{"start":{"line":121,"column":4},"end":{"line":134,"column":5}},"type":"if","locations":[{"start":{"line":121,"column":4},"end":{"line":134,"column":5}},{"start":{"line":129,"column":11},"end":{"line":134,"column":5}}],"line":121},"10":{"loc":{"start":{"line":123,"column":6},"end":{"line":128,"column":7}},"type":"if","locations":[{"start":{"line":123,"column":6},"end":{"line":128,"column":7}},{"start":{},"end":{}}],"line":123},"11":{"loc":{"start":{"line":131,"column":6},"end":{"line":133,"column":7}},"type":"if","locations":[{"start":{"line":131,"column":6},"end":{"line":133,"column":7}},{"start":{},"end":{}}],"line":131},"12":{"loc":{"start":{"line":131,"column":10},"end":{"line":131,"column":80}},"type":"binary-expr","locations":[{"start":{"line":131,"column":10},"end":{"line":131,"column":44}},{"start":{"line":131,"column":48},"end":{"line":131,"column":80}}],"line":131},"13":{"loc":{"start":{"line":137,"column":4},"end":{"line":139,"column":5}},"type":"if","locations":[{"start":{"line":137,"column":4},"end":{"line":139,"column":5}},{"start":{},"end":{}}],"line":137},"14":{"loc":{"start":{"line":143,"column":4},"end":{"line":166,"column":5}},"type":"if","locations":[{"start":{"line":143,"column":4},"end":{"line":166,"column":5}},{"start":{"line":163,"column":11},"end":{"line":166,"column":5}}],"line":143},"15":{"loc":{"start":{"line":147,"column":6},"end":{"line":151,"column":7}},"type":"if","locations":[{"start":{"line":147,"column":6},"end":{"line":151,"column":7}},{"start":{"line":149,"column":13},"end":{"line":151,"column":7}}],"line":147},"16":{"loc":{"start":{"line":149,"column":13},"end":{"line":151,"column":7}},"type":"if","locations":[{"start":{"line":149,"column":13},"end":{"line":151,"column":7}},{"start":{},"end":{}}],"line":149},"17":{"loc":{"start":{"line":153,"column":6},"end":{"line":155,"column":7}},"type":"if","locations":[{"start":{"line":153,"column":6},"end":{"line":155,"column":7}},{"start":{},"end":{}}],"line":153},"18":{"loc":{"start":{"line":153,"column":10},"end":{"line":153,"column":80}},"type":"binary-expr","locations":[{"start":{"line":153,"column":10},"end":{"line":153,"column":37}},{"start":{"line":153,"column":41},"end":{"line":153,"column":80}}],"line":153},"19":{"loc":{"start":{"line":157,"column":6},"end":{"line":159,"column":7}},"type":"if","locations":[{"start":{"line":157,"column":6},"end":{"line":159,"column":7}},{"start":{},"end":{}}],"line":157},"20":{"loc":{"start":{"line":171,"column":4},"end":{"line":175,"column":5}},"type":"if","locations":[{"start":{"line":171,"column":4},"end":{"line":175,"column":5}},{"start":{"line":173,"column":11},"end":{"line":175,"column":5}}],"line":171},"21":{"loc":{"start":{"line":180,"column":4},"end":{"line":191,"column":5}},"type":"if","locations":[{"start":{"line":180,"column":4},"end":{"line":191,"column":5}},{"start":{"line":187,"column":11},"end":{"line":191,"column":5}}],"line":180},"22":{"loc":{"start":{"line":181,"column":6},"end":{"line":186,"column":7}},"type":"if","locations":[{"start":{"line":181,"column":6},"end":{"line":186,"column":7}},{"start":{},"end":{}}],"line":181},"23":{"loc":{"start":{"line":188,"column":6},"end":{"line":190,"column":7}},"type":"if","locations":[{"start":{"line":188,"column":6},"end":{"line":190,"column":7}},{"start":{},"end":{}}],"line":188},"24":{"loc":{"start":{"line":188,"column":10},"end":{"line":188,"column":80}},"type":"binary-expr","locations":[{"start":{"line":188,"column":10},"end":{"line":188,"column":44}},{"start":{"line":188,"column":48},"end":{"line":188,"column":80}}],"line":188},"25":{"loc":{"start":{"line":197,"column":4},"end":{"line":222,"column":5}},"type":"if","locations":[{"start":{"line":197,"column":4},"end":{"line":222,"column":5}},{"start":{},"end":{}}],"line":197},"26":{"loc":{"start":{"line":206,"column":8},"end":{"line":218,"column":9}},"type":"if","locations":[{"start":{"line":206,"column":8},"end":{"line":218,"column":9}},{"start":{"line":214,"column":15},"end":{"line":218,"column":9}}],"line":206},"27":{"loc":{"start":{"line":206,"column":12},"end":{"line":206,"column":36}},"type":"binary-expr","locations":[{"start":{"line":206,"column":12},"end":{"line":206,"column":21}},{"start":{"line":206,"column":25},"end":{"line":206,"column":36}}],"line":206},"28":{"loc":{"start":{"line":210,"column":10},"end":{"line":213,"column":11}},"type":"if","locations":[{"start":{"line":210,"column":10},"end":{"line":213,"column":11}},{"start":{},"end":{}}],"line":210},"29":{"loc":{"start":{"line":240,"column":4},"end":{"line":245,"column":5}},"type":"if","locations":[{"start":{"line":240,"column":4},"end":{"line":245,"column":5}},{"start":{},"end":{}}],"line":240},"30":{"loc":{"start":{"line":240,"column":8},"end":{"line":240,"column":54}},"type":"binary-expr","locations":[{"start":{"line":240,"column":8},"end":{"line":240,"column":17}},{"start":{"line":240,"column":21},"end":{"line":240,"column":54}}],"line":240},"31":{"loc":{"start":{"line":247,"column":4},"end":{"line":252,"column":5}},"type":"if","locations":[{"start":{"line":247,"column":4},"end":{"line":252,"column":5}},{"start":{},"end":{}}],"line":247},"32":{"loc":{"start":{"line":264,"column":4},"end":{"line":264,"column":31}},"type":"if","locations":[{"start":{"line":264,"column":4},"end":{"line":264,"column":31}},{"start":{},"end":{}}],"line":264},"33":{"loc":{"start":{"line":265,"column":4},"end":{"line":265,"column":31}},"type":"if","locations":[{"start":{"line":265,"column":4},"end":{"line":265,"column":31}},{"start":{},"end":{}}],"line":265},"34":{"loc":{"start":{"line":270,"column":2},"end":{"line":429,"column":3}},"type":"if","locations":[{"start":{"line":270,"column":2},"end":{"line":429,"column":3}},{"start":{},"end":{}}],"line":270},"35":{"loc":{"start":{"line":273,"column":9},"end":{"line":426,"column":9}},"type":"cond-expr","locations":[{"start":{"line":275,"column":10},"end":{"line":353,"column":16}},{"start":{"line":356,"column":10},"end":{"line":425,"column":16}}],"line":273},"36":{"loc":{"start":{"line":321,"column":19},"end":{"line":325,"column":19}},"type":"binary-expr","locations":[{"start":{"line":321,"column":19},"end":{"line":321,"column":24}},{"start":{"line":322,"column":20},"end":{"line":324,"column":26}}],"line":321},"37":{"loc":{"start":{"line":344,"column":23},"end":{"line":346,"column":71}},"type":"cond-expr","locations":[{"start":{"line":345,"column":27},"end":{"line":345,"column":68}},{"start":{"line":346,"column":27},"end":{"line":346,"column":70}}],"line":344},"38":{"loc":{"start":{"line":345,"column":27},"end":{"line":345,"column":68}},"type":"cond-expr","locations":[{"start":{"line":345,"column":39},"end":{"line":345,"column":53}},{"start":{"line":345,"column":56},"end":{"line":345,"column":68}}],"line":345},"39":{"loc":{"start":{"line":346,"column":27},"end":{"line":346,"column":70}},"type":"cond-expr","locations":[{"start":{"line":346,"column":39},"end":{"line":346,"column":56}},{"start":{"line":346,"column":59},"end":{"line":346,"column":70}}],"line":346},"40":{"loc":{"start":{"line":396,"column":13},"end":{"line":400,"column":13}},"type":"binary-expr","locations":[{"start":{"line":396,"column":13},"end":{"line":396,"column":18}},{"start":{"line":397,"column":14},"end":{"line":399,"column":20}}],"line":396},"41":{"loc":{"start":{"line":419,"column":17},"end":{"line":421,"column":65}},"type":"cond-expr","locations":[{"start":{"line":420,"column":21},"end":{"line":420,"column":62}},{"start":{"line":421,"column":21},"end":{"line":421,"column":64}}],"line":419},"42":{"loc":{"start":{"line":420,"column":21},"end":{"line":420,"column":62}},"type":"cond-expr","locations":[{"start":{"line":420,"column":33},"end":{"line":420,"column":47}},{"start":{"line":420,"column":50},"end":{"line":420,"column":62}}],"line":420},"43":{"loc":{"start":{"line":421,"column":21},"end":{"line":421,"column":64}},"type":"cond-expr","locations":[{"start":{"line":421,"column":33},"end":{"line":421,"column":50}},{"start":{"line":421,"column":53},"end":{"line":421,"column":64}}],"line":421},"44":{"loc":{"start":{"line":435,"column":7},"end":{"line":444,"column":7}},"type":"binary-expr","locations":[{"start":{"line":435,"column":7},"end":{"line":435,"column":17}},{"start":{"line":436,"column":8},"end":{"line":443,"column":14}}],"line":435},"45":{"loc":{"start":{"line":447,"column":9},"end":{"line":601,"column":9}},"type":"cond-expr","locations":[{"start":{"line":449,"column":10},"end":{"line":527,"column":16}},{"start":{"line":531,"column":10},"end":{"line":600,"column":16}}],"line":447},"46":{"loc":{"start":{"line":495,"column":19},"end":{"line":499,"column":19}},"type":"binary-expr","locations":[{"start":{"line":495,"column":19},"end":{"line":495,"column":24}},{"start":{"line":496,"column":20},"end":{"line":498,"column":26}}],"line":495},"47":{"loc":{"start":{"line":518,"column":23},"end":{"line":520,"column":71}},"type":"cond-expr","locations":[{"start":{"line":519,"column":27},"end":{"line":519,"column":68}},{"start":{"line":520,"column":27},"end":{"line":520,"column":70}}],"line":518},"48":{"loc":{"start":{"line":519,"column":27},"end":{"line":519,"column":68}},"type":"cond-expr","locations":[{"start":{"line":519,"column":39},"end":{"line":519,"column":53}},{"start":{"line":519,"column":56},"end":{"line":519,"column":68}}],"line":519},"49":{"loc":{"start":{"line":520,"column":27},"end":{"line":520,"column":70}},"type":"cond-expr","locations":[{"start":{"line":520,"column":39},"end":{"line":520,"column":56}},{"start":{"line":520,"column":59},"end":{"line":520,"column":70}}],"line":520},"50":{"loc":{"start":{"line":571,"column":13},"end":{"line":575,"column":13}},"type":"binary-expr","locations":[{"start":{"line":571,"column":13},"end":{"line":571,"column":18}},{"start":{"line":572,"column":14},"end":{"line":574,"column":20}}],"line":571},"51":{"loc":{"start":{"line":594,"column":17},"end":{"line":596,"column":65}},"type":"cond-expr","locations":[{"start":{"line":595,"column":21},"end":{"line":595,"column":62}},{"start":{"line":596,"column":21},"end":{"line":596,"column":64}}],"line":594},"52":{"loc":{"start":{"line":595,"column":21},"end":{"line":595,"column":62}},"type":"cond-expr","locations":[{"start":{"line":595,"column":33},"end":{"line":595,"column":47}},{"start":{"line":595,"column":50},"end":{"line":595,"column":62}}],"line":595},"53":{"loc":{"start":{"line":596,"column":21},"end":{"line":596,"column":64}},"type":"cond-expr","locations":[{"start":{"line":596,"column":33},"end":{"line":596,"column":50}},{"start":{"line":596,"column":53},"end":{"line":596,"column":64}}],"line":596}},"s":{"0":1,"1":1,"2":0,"3":0,"4":0,"5":0,"6":0,"7":0,"8":0,"9":0,"10":0,"11":0,"12":0,"13":0,"14":0,"15":0,"16":0,"17":0,"18":0,"19":0,"20":0,"21":0,"22":0,"23":0,"24":0,"25":0,"26":0,"27":0,"28":0,"29":0,"30":0,"31":0,"32":0,"33":0,"34":0,"35":0,"36":0,"37":0,"38":0,"39":0,"40":0,"41":0,"42":0,"43":0,"44":0,"45":0,"46":0,"47":0,"48":0,"49":0,"50":0,"51":0,"52":0,"53":0,"54":0,"55":0,"56":0,"57":0,"58":0,"59":0,"60":0,"61":0,"62":0,"63":0,"64":0,"65":0,"66":0,"67":0,"68":0,"69":0,"70":0,"71":0,"72":0,"73":0,"74":0,"75":0,"76":0,"77":0,"78":0,"79":0,"80":0,"81":0,"82":0,"83":0,"84":0,"85":0,"86":0,"87":0,"88":0,"89":0,"90":0,"91":0,"92":0,"93":0,"94":0,"95":0,"96":0,"97":0,"98":0},"f":{"0":0,"1":0,"2":0,"3":0,"4":0,"5":0,"6":0,"7":0,"8":0,"9":0,"10":0,"11":0,"12":0,"13":0,"14":0,"15":0,"16":0,"17":0,"18":0,"19":0,"20":0,"21":0,"22":0,"23":0,"24":0,"25":0,"26":0,"27":0,"28":0,"29":0,"30":0,"31":0,"32":0},"b":{"0":[0],"1":[0],"2":[0,0],"3":[0,0],"4":[0,0],"5":[0,0],"6":[0,0],"7":[0,0],"8":[0,0],"9":[0,0],"10":[0,0],"11":[0,0],"12":[0,0],"13":[0,0],"14":[0,0],"15":[0,0],"16":[0,0],"17":[0,0],"18":[0,0],"19":[0,0],"20":[0,0],"21":[0,0],"22":[0,0],"23":[0,0],"24":[0,0],"25":[0,0],"26":[0,0],"27":[0,0],"28":[0,0],"29":[0,0],"30":[0,0],"31":[0,0],"32":[0,0],"33":[0,0],"34":[0,0],"35":[0,0],"36":[0,0],"37":[0,0],"38":[0,0],"39":[0,0],"40":[0,0],"41":[0,0],"42":[0,0],"43":[0,0],"44":[0,0],"45":[0,0],"46":[0,0],"47":[0,0],"48":[0,0],"49":[0,0],"50":[0,0],"51":[0,0],"52":[0,0],"53":[0,0]},"_coverageSchema":"1a1c01bbd47fc00a2c39e90264f33305004495a9","hash":"c14d6e4f7868f9e16a960b95978eab47de96dd70"}
,"C:\\Users\\ian19\\Desktop\\SAAC\\SAAC-Frontend\\src\\Components\\Features\\Roles\\Index.ts": {"path":"C:\\Users\\ian19\\Desktop\\SAAC\\SAAC-Frontend\\src\\Components\\Features\\Roles\\Index.ts","statementMap":{},"fnMap":{},"branchMap":{},"s":{},"f":{},"b":{},"_coverageSchema":"1a1c01bbd47fc00a2c39e90264f33305004495a9","hash":"609be0b045defb547aede7cb9356cf56aefad8d2"}
,"C:\\Users\\ian19\\Desktop\\SAAC\\SAAC-Frontend\\src\\Components\\Features\\Roles\\RolesTable.tsx": {"path":"C:\\Users\\ian19\\Desktop\\SAAC\\SAAC-Frontend\\src\\Components\\Features\\Roles\\RolesTable.tsx","statementMap":{"0":{"start":{"line":39,"column":53},"end":{"line":282,"column":1}},"1":{"start":{"line":49,"column":63},"end":{"line":49,"column":73}},"2":{"start":{"line":50,"column":25},"end":{"line":50,"column":46}},"3":{"start":{"line":53,"column":23},"end":{"line":53,"column":53}},"4":{"start":{"line":56,"column":23},"end":{"line":56,"column":48}},"5":{"start":{"line":57,"column":29},"end":{"line":57,"column":66}},"6":{"start":{"line":59,"column":42},"end":{"line":59,"column":54}},"7":{"start":{"line":60,"column":46},"end":{"line":60,"column":66}},"8":{"start":{"line":61,"column":42},"end":{"line":61,"column":53}},"9":{"start":{"line":62,"column":40},"end":{"line":65,"column":37}},"10":{"start":{"line":68,"column":4},"end":{"line":70,"column":11}},"11":{"start":{"line":69,"column":8},"end":{"line":69,"column":20}},"12":{"start":{"line":73,"column":4},"end":{"line":84,"column":29}},"13":{"start":{"line":74,"column":8},"end":{"line":82,"column":9}},"14":{"start":{"line":75,"column":12},"end":{"line":75,"column":36}},"15":{"start":{"line":77,"column":29},"end":{"line":80,"column":13}},"16":{"start":{"line":78,"column":16},"end":{"line":79,"column":104}},"17":{"start":{"line":81,"column":12},"end":{"line":81,"column":39}},"18":{"start":{"line":83,"column":8},"end":{"line":83,"column":26}},"19":{"start":{"line":87,"column":23},"end":{"line":87,"column":69}},"20":{"start":{"line":88,"column":26},"end":{"line":91,"column":5}},"21":{"start":{"line":94,"column":45},"end":{"line":166,"column":5}},"22":{"start":{"line":102,"column":16},"end":{"line":104,"column":22}},"23":{"start":{"line":112,"column":16},"end":{"line":119,"column":22}},"24":{"start":{"line":127,"column":16},"end":{"line":134,"column":22}},"25":{"start":{"line":129,"column":39},"end":{"line":129,"column":82}},"26":{"start":{"line":141,"column":16},"end":{"line":145,"column":22}},"27":{"start":{"line":152,"column":16},"end":{"line":154,"column":20}},"28":{"start":{"line":161,"column":20},"end":{"line":163,"column":24}},"29":{"start":{"line":169,"column":45},"end":{"line":194,"column":6}},"30":{"start":{"line":175,"column":16},"end":{"line":175,"column":54}},"31":{"start":{"line":183,"column":16},"end":{"line":183,"column":31}},"32":{"start":{"line":191,"column":16},"end":{"line":191,"column":33}},"33":{"start":{"line":196,"column":25},"end":{"line":198,"column":5}},"34":{"start":{"line":197,"column":8},"end":{"line":197,"column":30}},"35":{"start":{"line":200,"column":29},"end":{"line":202,"column":5}},"36":{"start":{"line":201,"column":8},"end":{"line":201,"column":29}},"37":{"start":{"line":204,"column":29},"end":{"line":206,"column":5}},"38":{"start":{"line":205,"column":8},"end":{"line":205,"column":53}},"39":{"start":{"line":208,"column":4},"end":{"line":239,"column":5}},"40":{"start":{"line":209,"column":8},"end":{"line":238,"column":10}},"41":{"start":{"line":226,"column":40},"end":{"line":226,"column":53}},"42":{"start":{"line":227,"column":40},"end":{"line":227,"column":52}},"43":{"start":{"line":241,"column":4},"end":{"line":281,"column":6}}},"fnMap":{"0":{"name":"(anonymous_0)","decl":{"start":{"line":39,"column":53},"end":{"line":39,"column":54}},"loc":{"start":{"line":48,"column":6},"end":{"line":282,"column":1}},"line":48},"1":{"name":"(anonymous_1)","decl":{"start":{"line":68,"column":14},"end":{"line":68,"column":15}},"loc":{"start":{"line":68,"column":20},"end":{"line":70,"column":5}},"line":68},"2":{"name":"(anonymous_2)","decl":{"start":{"line":73,"column":14},"end":{"line":73,"column":15}},"loc":{"start":{"line":73,"column":20},"end":{"line":84,"column":5}},"line":73},"3":{"name":"(anonymous_3)","decl":{"start":{"line":77,"column":42},"end":{"line":77,"column":43}},"loc":{"start":{"line":78,"column":16},"end":{"line":79,"column":104}},"line":78},"4":{"name":"(anonymous_4)","decl":{"start":{"line":101,"column":20},"end":{"line":101,"column":21}},"loc":{"start":{"line":102,"column":16},"end":{"line":104,"column":22}},"line":102},"5":{"name":"(anonymous_5)","decl":{"start":{"line":111,"column":20},"end":{"line":111,"column":21}},"loc":{"start":{"line":112,"column":16},"end":{"line":119,"column":22}},"line":112},"6":{"name":"(anonymous_6)","decl":{"start":{"line":126,"column":20},"end":{"line":126,"column":21}},"loc":{"start":{"line":127,"column":16},"end":{"line":134,"column":22}},"line":127},"7":{"name":"(anonymous_7)","decl":{"start":{"line":129,"column":33},"end":{"line":129,"column":34}},"loc":{"start":{"line":129,"column":39},"end":{"line":129,"column":82}},"line":129},"8":{"name":"(anonymous_8)","decl":{"start":{"line":140,"column":20},"end":{"line":140,"column":21}},"loc":{"start":{"line":141,"column":16},"end":{"line":145,"column":22}},"line":141},"9":{"name":"(anonymous_9)","decl":{"start":{"line":151,"column":20},"end":{"line":151,"column":21}},"loc":{"start":{"line":152,"column":16},"end":{"line":154,"column":20}},"line":152},"10":{"name":"(anonymous_10)","decl":{"start":{"line":160,"column":20},"end":{"line":160,"column":21}},"loc":{"start":{"line":161,"column":20},"end":{"line":163,"column":24}},"line":161},"11":{"name":"(anonymous_11)","decl":{"start":{"line":174,"column":21},"end":{"line":174,"column":22}},"loc":{"start":{"line":174,"column":31},"end":{"line":176,"column":13}},"line":174},"12":{"name":"(anonymous_12)","decl":{"start":{"line":182,"column":21},"end":{"line":182,"column":22}},"loc":{"start":{"line":182,"column":31},"end":{"line":184,"column":13}},"line":182},"13":{"name":"(anonymous_13)","decl":{"start":{"line":190,"column":21},"end":{"line":190,"column":22}},"loc":{"start":{"line":190,"column":31},"end":{"line":192,"column":13}},"line":190},"14":{"name":"(anonymous_14)","decl":{"start":{"line":196,"column":25},"end":{"line":196,"column":26}},"loc":{"start":{"line":196,"column":44},"end":{"line":198,"column":5}},"line":196},"15":{"name":"(anonymous_15)","decl":{"start":{"line":200,"column":29},"end":{"line":200,"column":30}},"loc":{"start":{"line":200,"column":47},"end":{"line":202,"column":5}},"line":200},"16":{"name":"(anonymous_16)","decl":{"start":{"line":204,"column":29},"end":{"line":204,"column":30}},"loc":{"start":{"line":204,"column":35},"end":{"line":206,"column":5}},"line":204},"17":{"name":"(anonymous_17)","decl":{"start":{"line":225,"column":45},"end":{"line":225,"column":46}},"loc":{"start":{"line":225,"column":51},"end":{"line":228,"column":37}},"line":225}},"branchMap":{"0":{"loc":{"start":{"line":45,"column":4},"end":{"line":45,"column":21}},"type":"default-arg","locations":[{"start":{"line":45,"column":17},"end":{"line":45,"column":21}}],"line":45},"1":{"loc":{"start":{"line":46,"column":4},"end":{"line":46,"column":20}},"type":"default-arg","locations":[{"start":{"line":46,"column":19},"end":{"line":46,"column":20}}],"line":46},"2":{"loc":{"start":{"line":47,"column":4},"end":{"line":47,"column":20}},"type":"default-arg","locations":[{"start":{"line":47,"column":15},"end":{"line":47,"column":20}}],"line":47},"3":{"loc":{"start":{"line":56,"column":23},"end":{"line":56,"column":48}},"type":"binary-expr","locations":[{"start":{"line":56,"column":23},"end":{"line":56,"column":28}},{"start":{"line":56,"column":32},"end":{"line":56,"column":48}}],"line":56},"4":{"loc":{"start":{"line":57,"column":29},"end":{"line":57,"column":66}},"type":"binary-expr","locations":[{"start":{"line":57,"column":29},"end":{"line":57,"column":40}},{"start":{"line":57,"column":44},"end":{"line":57,"column":66}}],"line":57},"5":{"loc":{"start":{"line":74,"column":8},"end":{"line":82,"column":9}},"type":"if","locations":[{"start":{"line":74,"column":8},"end":{"line":82,"column":9}},{"start":{"line":76,"column":15},"end":{"line":82,"column":9}}],"line":74},"6":{"loc":{"start":{"line":78,"column":16},"end":{"line":79,"column":104}},"type":"binary-expr","locations":[{"start":{"line":78,"column":16},"end":{"line":78,"column":75}},{"start":{"line":79,"column":17},"end":{"line":79,"column":33}},{"start":{"line":79,"column":37},"end":{"line":79,"column":103}}],"line":78},"7":{"loc":{"start":{"line":117,"column":25},"end":{"line":117,"column":62}},"type":"binary-expr","locations":[{"start":{"line":117,"column":25},"end":{"line":117,"column":41}},{"start":{"line":117,"column":45},"end":{"line":117,"column":62}}],"line":117},"8":{"loc":{"start":{"line":208,"column":4},"end":{"line":239,"column":5}},"type":"if","locations":[{"start":{"line":208,"column":4},"end":{"line":239,"column":5}},{"start":{},"end":{}}],"line":208},"9":{"loc":{"start":{"line":248,"column":23},"end":{"line":248,"column":51}},"type":"cond-expr","locations":[{"start":{"line":248,"column":36},"end":{"line":248,"column":46}},{"start":{"line":248,"column":49},"end":{"line":248,"column":51}}],"line":248},"10":{"loc":{"start":{"line":249,"column":29},"end":{"line":249,"column":70}},"type":"cond-expr","locations":[{"start":{"line":249,"column":42},"end":{"line":249,"column":58}},{"start":{"line":249,"column":61},"end":{"line":249,"column":70}}],"line":249},"11":{"loc":{"start":{"line":253,"column":31},"end":{"line":257,"column":29}},"type":"cond-expr","locations":[{"start":{"line":253,"column":42},"end":{"line":257,"column":17}},{"start":{"line":257,"column":20},"end":{"line":257,"column":29}}],"line":253},"12":{"loc":{"start":{"line":258,"column":28},"end":{"line":262,"column":29}},"type":"cond-expr","locations":[{"start":{"line":258,"column":45},"end":{"line":262,"column":17}},{"start":{"line":262,"column":20},"end":{"line":262,"column":29}}],"line":258},"13":{"loc":{"start":{"line":265,"column":20},"end":{"line":267,"column":74}},"type":"cond-expr","locations":[{"start":{"line":266,"column":26},"end":{"line":266,"column":86}},{"start":{"line":267,"column":26},"end":{"line":267,"column":74}}],"line":265},"14":{"loc":{"start":{"line":276,"column":26},"end":{"line":276,"column":53}},"type":"binary-expr","locations":[{"start":{"line":276,"column":26},"end":{"line":276,"column":47}},{"start":{"line":276,"column":51},"end":{"line":276,"column":53}}],"line":276},"15":{"loc":{"start":{"line":277,"column":29},"end":{"line":277,"column":63}},"type":"binary-expr","locations":[{"start":{"line":277,"column":29},"end":{"line":277,"column":57}},{"start":{"line":277,"column":61},"end":{"line":277,"column":63}}],"line":277}},"s":{"0":3,"1":22,"2":22,"3":22,"4":22,"5":22,"6":22,"7":22,"8":22,"9":22,"10":22,"11":10,"12":22,"13":11,"14":10,"15":1,"16":3,"17":1,"18":11,"19":22,"20":22,"21":22,"22":34,"23":34,"24":34,"25":0,"26":34,"27":34,"28":34,"29":22,"30":0,"31":0,"32":0,"33":22,"34":1,"35":22,"36":0,"37":22,"38":0,"39":22,"40":0,"41":0,"42":0,"43":22},"f":{"0":22,"1":10,"2":11,"3":3,"4":34,"5":34,"6":34,"7":0,"8":34,"9":34,"10":34,"11":0,"12":0,"13":0,"14":1,"15":0,"16":0,"17":0},"b":{"0":[22],"1":[22],"2":[22],"3":[22,22],"4":[22,22],"5":[10,1],"6":[3,2,2],"7":[34,0],"8":[0,22],"9":[22,0],"10":[22,0],"11":[0,22],"12":[0,22],"13":[2,20],"14":[22,22],"15":[22,22]},"_coverageSchema":"1a1c01bbd47fc00a2c39e90264f33305004495a9","hash":"65f1ddcdbd28b674844d4f3a7bac1a9322f8bc36"}
,"C:\\Users\\ian19\\Desktop\\SAAC\\SAAC-Frontend\\src\\Components\\Features\\Roles\\TableIcons.tsx": {"path":"C:\\Users\\ian19\\Desktop\\SAAC\\SAAC-Frontend\\src\\Components\\Features\\Roles\\TableIcons.tsx","statementMap":{"0":{"start":{"line":14,"column":26},"end":{"line":27,"column":1}},"1":{"start":{"line":17,"column":4},"end":{"line":17,"column":55}},"2":{"start":{"line":20,"column":4},"end":{"line":20,"column":55}},"3":{"start":{"line":23,"column":4},"end":{"line":23,"column":57}},"4":{"start":{"line":26,"column":4},"end":{"line":26,"column":54}}},"fnMap":{"0":{"name":"(anonymous_0)","decl":{"start":{"line":16,"column":8},"end":{"line":16,"column":9}},"loc":{"start":{"line":17,"column":4},"end":{"line":17,"column":55}},"line":17},"1":{"name":"(anonymous_1)","decl":{"start":{"line":19,"column":8},"end":{"line":19,"column":9}},"loc":{"start":{"line":20,"column":4},"end":{"line":20,"column":55}},"line":20},"2":{"name":"(anonymous_2)","decl":{"start":{"line":22,"column":10},"end":{"line":22,"column":11}},"loc":{"start":{"line":23,"column":4},"end":{"line":23,"column":57}},"line":23},"3":{"name":"(anonymous_3)","decl":{"start":{"line":25,"column":7},"end":{"line":25,"column":8}},"loc":{"start":{"line":26,"column":4},"end":{"line":26,"column":54}},"line":26}},"branchMap":{"0":{"loc":{"start":{"line":16,"column":11},"end":{"line":16,"column":32}},"type":"default-arg","locations":[{"start":{"line":16,"column":23},"end":{"line":16,"column":32}}],"line":16},"1":{"loc":{"start":{"line":19,"column":11},"end":{"line":19,"column":32}},"type":"default-arg","locations":[{"start":{"line":19,"column":23},"end":{"line":19,"column":32}}],"line":19},"2":{"loc":{"start":{"line":22,"column":13},"end":{"line":22,"column":34}},"type":"default-arg","locations":[{"start":{"line":22,"column":25},"end":{"line":22,"column":34}}],"line":22},"3":{"loc":{"start":{"line":25,"column":10},"end":{"line":25,"column":31}},"type":"default-arg","locations":[{"start":{"line":25,"column":22},"end":{"line":25,"column":31}}],"line":25}},"s":{"0":3,"1":34,"2":34,"3":34,"4":0},"f":{"0":34,"1":34,"2":34,"3":0},"b":{"0":[0],"1":[0],"2":[0],"3":[0]},"_coverageSchema":"1a1c01bbd47fc00a2c39e90264f33305004495a9","hash":"a425a3302fa5e4b3f4e1c1d57d73f3f040849529"}
,"C:\\Users\\ian19\\Desktop\\SAAC\\SAAC-Frontend\\src\\Components\\Layout\\Index.ts": {"path":"C:\\Users\\ian19\\Desktop\\SAAC\\SAAC-Frontend\\src\\Components\\Layout\\Index.ts","statementMap":{},"fnMap":{},"branchMap":{},"s":{},"f":{},"b":{},"_coverageSchema":"1a1c01bbd47fc00a2c39e90264f33305004495a9","hash":"908cd221456b2a7277c070b095032fa6812e0edf"}
,"C:\\Users\\ian19\\Desktop\\SAAC\\SAAC-Frontend\\src\\Components\\Layout\\Layout.tsx": {"path":"C:\\Users\\ian19\\Desktop\\SAAC\\SAAC-Frontend\\src\\Components\\Layout\\Layout.tsx","statementMap":{"0":{"start":{"line":9,"column":45},"end":{"line":36,"column":1}},"1":{"start":{"line":10,"column":2},"end":{"line":35,"column":4}}},"fnMap":{"0":{"name":"(anonymous_0)","decl":{"start":{"line":9,"column":45},"end":{"line":9,"column":46}},"loc":{"start":{"line":9,"column":63},"end":{"line":36,"column":1}},"line":9}},"branchMap":{},"s":{"0":1,"1":1},"f":{"0":1},"b":{},"_coverageSchema":"1a1c01bbd47fc00a2c39e90264f33305004495a9","hash":"3c1332cd0aa4257d54a5696ef8d11012f86d20a3"}
,"C:\\Users\\ian19\\Desktop\\SAAC\\SAAC-Frontend\\src\\Components\\Layout\\ResponsiveLayout.tsx": {"path":"C:\\Users\\ian19\\Desktop\\SAAC\\SAAC-Frontend\\src\\Components\\Layout\\ResponsiveLayout.tsx","statementMap":{"0":{"start":{"line":11,"column":65},"end":{"line":74,"column":1}},"1":{"start":{"line":15,"column":26},"end":{"line":15,"column":38}},"2":{"start":{"line":16,"column":59},"end":{"line":16,"column":74}},"3":{"start":{"line":19,"column":30},"end":{"line":19,"column":54}},"4":{"start":{"line":22,"column":28},"end":{"line":39,"column":3}},"5":{"start":{"line":23,"column":4},"end":{"line":25,"column":5}},"6":{"start":{"line":24,"column":6},"end":{"line":24,"column":53}},"7":{"start":{"line":27,"column":4},"end":{"line":29,"column":5}},"8":{"start":{"line":28,"column":6},"end":{"line":28,"column":53}},"9":{"start":{"line":31,"column":4},"end":{"line":36,"column":5}},"10":{"start":{"line":32,"column":6},"end":{"line":34,"column":7}},"11":{"start":{"line":33,"column":8},"end":{"line":33,"column":57}},"12":{"start":{"line":35,"column":6},"end":{"line":35,"column":55}},"13":{"start":{"line":38,"column":4},"end":{"line":38,"column":23}},"14":{"start":{"line":42,"column":22},"end":{"line":48,"column":3}},"15":{"start":{"line":43,"column":4},"end":{"line":46,"column":5}},"16":{"start":{"line":44,"column":6},"end":{"line":44,"column":44}},"17":{"start":{"line":44,"column":25},"end":{"line":44,"column":44}},"18":{"start":{"line":45,"column":6},"end":{"line":45,"column":25}},"19":{"start":{"line":47,"column":4},"end":{"line":47,"column":24}},"20":{"start":{"line":50,"column":2},"end":{"line":73,"column":4}}},"fnMap":{"0":{"name":"(anonymous_0)","decl":{"start":{"line":11,"column":65},"end":{"line":11,"column":66}},"loc":{"start":{"line":14,"column":6},"end":{"line":74,"column":1}},"line":14},"1":{"name":"(anonymous_1)","decl":{"start":{"line":22,"column":28},"end":{"line":22,"column":29}},"loc":{"start":{"line":22,"column":34},"end":{"line":39,"column":3}},"line":22},"2":{"name":"(anonymous_2)","decl":{"start":{"line":42,"column":22},"end":{"line":42,"column":23}},"loc":{"start":{"line":42,"column":28},"end":{"line":48,"column":3}},"line":42}},"branchMap":{"0":{"loc":{"start":{"line":19,"column":30},"end":{"line":19,"column":54}},"type":"binary-expr","locations":[{"start":{"line":19,"column":30},"end":{"line":19,"column":41}},{"start":{"line":19,"column":45},"end":{"line":19,"column":54}}],"line":19},"1":{"loc":{"start":{"line":23,"column":4},"end":{"line":25,"column":5}},"type":"if","locations":[{"start":{"line":23,"column":4},"end":{"line":25,"column":5}},{"start":{},"end":{}}],"line":23},"2":{"loc":{"start":{"line":24,"column":13},"end":{"line":24,"column":52}},"type":"cond-expr","locations":[{"start":{"line":24,"column":27},"end":{"line":24,"column":38}},{"start":{"line":24,"column":41},"end":{"line":24,"column":52}}],"line":24},"3":{"loc":{"start":{"line":27,"column":4},"end":{"line":29,"column":5}},"type":"if","locations":[{"start":{"line":27,"column":4},"end":{"line":29,"column":5}},{"start":{},"end":{}}],"line":27},"4":{"loc":{"start":{"line":28,"column":13},"end":{"line":28,"column":52}},"type":"cond-expr","locations":[{"start":{"line":28,"column":27},"end":{"line":28,"column":38}},{"start":{"line":28,"column":41},"end":{"line":28,"column":52}}],"line":28},"5":{"loc":{"start":{"line":31,"column":4},"end":{"line":36,"column":5}},"type":"if","locations":[{"start":{"line":31,"column":4},"end":{"line":36,"column":5}},{"start":{},"end":{}}],"line":31},"6":{"loc":{"start":{"line":32,"column":6},"end":{"line":34,"column":7}},"type":"if","locations":[{"start":{"line":32,"column":6},"end":{"line":34,"column":7}},{"start":{},"end":{}}],"line":32},"7":{"loc":{"start":{"line":33,"column":15},"end":{"line":33,"column":56}},"type":"cond-expr","locations":[{"start":{"line":33,"column":29},"end":{"line":33,"column":41}},{"start":{"line":33,"column":44},"end":{"line":33,"column":56}}],"line":33},"8":{"loc":{"start":{"line":35,"column":13},"end":{"line":35,"column":54}},"type":"cond-expr","locations":[{"start":{"line":35,"column":27},"end":{"line":35,"column":39}},{"start":{"line":35,"column":42},"end":{"line":35,"column":54}}],"line":35},"9":{"loc":{"start":{"line":43,"column":4},"end":{"line":46,"column":5}},"type":"if","locations":[{"start":{"line":43,"column":4},"end":{"line":46,"column":5}},{"start":{},"end":{}}],"line":43},"10":{"loc":{"start":{"line":44,"column":6},"end":{"line":44,"column":44}},"type":"if","locations":[{"start":{"line":44,"column":6},"end":{"line":44,"column":44}},{"start":{},"end":{}}],"line":44},"11":{"loc":{"start":{"line":63,"column":10},"end":{"line":67,"column":22}},"type":"cond-expr","locations":[{"start":{"line":63,"column":32},"end":{"line":67,"column":11}},{"start":{"line":67,"column":14},"end":{"line":67,"column":22}}],"line":63}},"s":{"0":1,"1":0,"2":0,"3":0,"4":0,"5":0,"6":0,"7":0,"8":0,"9":0,"10":0,"11":0,"12":0,"13":0,"14":0,"15":0,"16":0,"17":0,"18":0,"19":0,"20":0},"f":{"0":0,"1":0,"2":0},"b":{"0":[0,0],"1":[0,0],"2":[0,0],"3":[0,0],"4":[0,0],"5":[0,0],"6":[0,0],"7":[0,0],"8":[0,0],"9":[0,0],"10":[0,0],"11":[0,0]},"_coverageSchema":"1a1c01bbd47fc00a2c39e90264f33305004495a9","hash":"e3ebc99020eab223855847d0a8be941e65ba0820"}
,"C:\\Users\\ian19\\Desktop\\SAAC\\SAAC-Frontend\\src\\Components\\Layout\\Sidebar\\Index.ts": {"path":"C:\\Users\\ian19\\Desktop\\SAAC\\SAAC-Frontend\\src\\Components\\Layout\\Sidebar\\Index.ts","statementMap":{},"fnMap":{},"branchMap":{},"s":{},"f":{},"b":{},"_coverageSchema":"1a1c01bbd47fc00a2c39e90264f33305004495a9","hash":"024fb415d562ed2dd43a5c41b32d9c8789666112"}
,"C:\\Users\\ian19\\Desktop\\SAAC\\SAAC-Frontend\\src\\Components\\Layout\\Sidebar\\Sidebar.tsx": {"path":"C:\\Users\\ian19\\Desktop\\SAAC\\SAAC-Frontend\\src\\Components\\Layout\\Sidebar\\Sidebar.tsx","statementMap":{"0":{"start":{"line":16,"column":53},"end":{"line":171,"column":1}},"1":{"start":{"line":22,"column":57},"end":{"line":22,"column":69}},"2":{"start":{"line":24,"column":21},"end":{"line":29,"column":3}},"3":{"start":{"line":32,"column":4},"end":{"line":79,"column":10}},"4":{"start":{"line":60,"column":12},"end":{"line":64,"column":14}},"5":{"start":{"line":82,"column":2},"end":{"line":96,"column":3}},"6":{"start":{"line":83,"column":4},"end":{"line":95,"column":6}},"7":{"start":{"line":98,"column":2},"end":{"line":116,"column":3}},"8":{"start":{"line":99,"column":4},"end":{"line":115,"column":6}},"9":{"start":{"line":118,"column":2},"end":{"line":170,"column":4}}},"fnMap":{"0":{"name":"(anonymous_0)","decl":{"start":{"line":16,"column":53},"end":{"line":16,"column":54}},"loc":{"start":{"line":21,"column":6},"end":{"line":171,"column":1}},"line":21},"1":{"name":"(anonymous_1)","decl":{"start":{"line":59,"column":31},"end":{"line":59,"column":32}},"loc":{"start":{"line":60,"column":12},"end":{"line":64,"column":14}},"line":60}},"branchMap":{"0":{"loc":{"start":{"line":17,"column":2},"end":{"line":17,"column":15}},"type":"default-arg","locations":[{"start":{"line":17,"column":9},"end":{"line":17,"column":15}}],"line":17},"1":{"loc":{"start":{"line":18,"column":2},"end":{"line":18,"column":21}},"type":"default-arg","locations":[{"start":{"line":18,"column":12},"end":{"line":18,"column":21}}],"line":18},"2":{"loc":{"start":{"line":19,"column":2},"end":{"line":19,"column":27}},"type":"default-arg","locations":[{"start":{"line":19,"column":16},"end":{"line":19,"column":27}}],"line":19},"3":{"loc":{"start":{"line":47,"column":16},"end":{"line":49,"column":34}},"type":"cond-expr","locations":[{"start":{"line":48,"column":20},"end":{"line":48,"column":25}},{"start":{"line":49,"column":20},"end":{"line":49,"column":34}}],"line":47},"4":{"loc":{"start":{"line":47,"column":16},"end":{"line":47,"column":50}},"type":"binary-expr","locations":[{"start":{"line":47,"column":16},"end":{"line":47,"column":37}},{"start":{"line":47,"column":41},"end":{"line":47,"column":50}}],"line":47},"5":{"loc":{"start":{"line":63,"column":27},"end":{"line":63,"column":61}},"type":"binary-expr","locations":[{"start":{"line":63,"column":27},"end":{"line":63,"column":48}},{"start":{"line":63,"column":52},"end":{"line":63,"column":61}}],"line":63},"6":{"loc":{"start":{"line":75,"column":25},"end":{"line":75,"column":59}},"type":"binary-expr","locations":[{"start":{"line":75,"column":25},"end":{"line":75,"column":46}},{"start":{"line":75,"column":50},"end":{"line":75,"column":59}}],"line":75},"7":{"loc":{"start":{"line":82,"column":2},"end":{"line":96,"column":3}},"type":"if","locations":[{"start":{"line":82,"column":2},"end":{"line":96,"column":3}},{"start":{},"end":{}}],"line":82},"8":{"loc":{"start":{"line":98,"column":2},"end":{"line":116,"column":3}},"type":"if","locations":[{"start":{"line":98,"column":2},"end":{"line":116,"column":3}},{"start":{},"end":{}}],"line":98},"9":{"loc":{"start":{"line":123,"column":26},"end":{"line":123,"column":66}},"type":"cond-expr","locations":[{"start":{"line":123,"column":50},"end":{"line":123,"column":61}},{"start":{"line":123,"column":64},"end":{"line":123,"column":66}}],"line":123},"10":{"loc":{"start":{"line":133,"column":12},"end":{"line":133,"column":77}},"type":"binary-expr","locations":[{"start":{"line":133,"column":12},"end":{"line":133,"column":39}},{"start":{"line":133,"column":43},"end":{"line":133,"column":77}}],"line":133},"11":{"loc":{"start":{"line":142,"column":12},"end":{"line":144,"column":25}},"type":"cond-expr","locations":[{"start":{"line":143,"column":16},"end":{"line":143,"column":24}},{"start":{"line":144,"column":16},"end":{"line":144,"column":25}}],"line":142},"12":{"loc":{"start":{"line":145,"column":12},"end":{"line":149,"column":13}},"type":"binary-expr","locations":[{"start":{"line":145,"column":12},"end":{"line":145,"column":33}},{"start":{"line":145,"column":37},"end":{"line":145,"column":64}},{"start":{"line":146,"column":14},"end":{"line":148,"column":49}}],"line":145},"13":{"loc":{"start":{"line":146,"column":14},"end":{"line":148,"column":49}},"type":"cond-expr","locations":[{"start":{"line":147,"column":18},"end":{"line":147,"column":48}},{"start":{"line":148,"column":18},"end":{"line":148,"column":49}}],"line":146},"14":{"loc":{"start":{"line":150,"column":12},"end":{"line":150,"column":94}},"type":"binary-expr","locations":[{"start":{"line":150,"column":12},"end":{"line":150,"column":33}},{"start":{"line":150,"column":37},"end":{"line":150,"column":59}},{"start":{"line":150,"column":63},"end":{"line":150,"column":94}}],"line":150},"15":{"loc":{"start":{"line":151,"column":12},"end":{"line":155,"column":28}},"type":"cond-expr","locations":[{"start":{"line":152,"column":16},"end":{"line":152,"column":21}},{"start":{"line":153,"column":16},"end":{"line":155,"column":28}}],"line":151},"16":{"loc":{"start":{"line":151,"column":12},"end":{"line":151,"column":57}},"type":"binary-expr","locations":[{"start":{"line":151,"column":12},"end":{"line":151,"column":34}},{"start":{"line":151,"column":38},"end":{"line":151,"column":57}}],"line":151},"17":{"loc":{"start":{"line":153,"column":16},"end":{"line":155,"column":28}},"type":"cond-expr","locations":[{"start":{"line":154,"column":18},"end":{"line":154,"column":28}},{"start":{"line":155,"column":18},"end":{"line":155,"column":28}}],"line":153},"18":{"loc":{"start":{"line":162,"column":14},"end":{"line":162,"column":69}},"type":"binary-expr","locations":[{"start":{"line":162,"column":14},"end":{"line":162,"column":36}},{"start":{"line":162,"column":40},"end":{"line":162,"column":69}}],"line":162}},"s":{"0":1,"1":1,"2":1,"3":1,"4":4,"5":1,"6":0,"7":1,"8":0,"9":1},"f":{"0":1,"1":4},"b":{"0":[1],"1":[1],"2":[1],"3":[0,1],"4":[1,0],"5":[4,0],"6":[1,0],"7":[0,1],"8":[0,1],"9":[0,1],"10":[1,1],"11":[1,0],"12":[1,0,0],"13":[0,0],"14":[1,0,0],"15":[0,1],"16":[1,1],"17":[1,0],"18":[1,0]},"_coverageSchema":"1a1c01bbd47fc00a2c39e90264f33305004495a9","hash":"1fd69ea3904748adfae05bdd4b9066f898086f6a"}
,"C:\\Users\\ian19\\Desktop\\SAAC\\SAAC-Frontend\\src\\Components\\Layout\\Sidebar\\SidebarInset.tsx": {"path":"C:\\Users\\ian19\\Desktop\\SAAC\\SAAC-Frontend\\src\\Components\\Layout\\Sidebar\\SidebarInset.tsx","statementMap":{"0":{"start":{"line":9,"column":57},"end":{"line":29,"column":1}},"1":{"start":{"line":14,"column":2},"end":{"line":28,"column":4}}},"fnMap":{"0":{"name":"(anonymous_0)","decl":{"start":{"line":9,"column":57},"end":{"line":9,"column":58}},"loc":{"start":{"line":13,"column":6},"end":{"line":29,"column":1}},"line":13}},"branchMap":{},"s":{"0":1,"1":1},"f":{"0":1},"b":{},"_coverageSchema":"1a1c01bbd47fc00a2c39e90264f33305004495a9","hash":"1c159619e7425b0c1c94d1abb7eb4f7580086a8b"}
,"C:\\Users\\ian19\\Desktop\\SAAC\\SAAC-Frontend\\src\\Components\\Layout\\Sidebar\\SidebarItem.tsx": {"path":"C:\\Users\\ian19\\Desktop\\SAAC\\SAAC-Frontend\\src\\Components\\Layout\\Sidebar\\SidebarItem.tsx","statementMap":{"0":{"start":{"line":15,"column":67},"end":{"line":149,"column":1}},"1":{"start":{"line":20,"column":60},"end":{"line":20,"column":80}},"2":{"start":{"line":22,"column":21},"end":{"line":22,"column":44}},"3":{"start":{"line":23,"column":19},"end":{"line":23,"column":40}},"4":{"start":{"line":25,"column":22},"end":{"line":27,"column":3}},"5":{"start":{"line":26,"column":4},"end":{"line":26,"column":59}},"6":{"start":{"line":30,"column":4},"end":{"line":105,"column":13}},"7":{"start":{"line":109,"column":28},"end":{"line":109,"column":53}},"8":{"start":{"line":111,"column":17},"end":{"line":120,"column":19}},"9":{"start":{"line":122,"column":2},"end":{"line":148,"column":4}},"10":{"start":{"line":137,"column":14},"end":{"line":142,"column":16}}},"fnMap":{"0":{"name":"(anonymous_0)","decl":{"start":{"line":15,"column":67},"end":{"line":15,"column":68}},"loc":{"start":{"line":19,"column":6},"end":{"line":149,"column":1}},"line":19},"1":{"name":"(anonymous_1)","decl":{"start":{"line":25,"column":22},"end":{"line":25,"column":23}},"loc":{"start":{"line":25,"column":28},"end":{"line":27,"column":3}},"line":25},"2":{"name":"(anonymous_2)","decl":{"start":{"line":136,"column":31},"end":{"line":136,"column":32}},"loc":{"start":{"line":137,"column":14},"end":{"line":142,"column":16}},"line":137}},"branchMap":{"0":{"loc":{"start":{"line":17,"column":2},"end":{"line":17,"column":19}},"type":"default-arg","locations":[{"start":{"line":17,"column":14},"end":{"line":17,"column":19}}],"line":17},"1":{"loc":{"start":{"line":18,"column":2},"end":{"line":18,"column":21}},"type":"default-arg","locations":[{"start":{"line":18,"column":16},"end":{"line":18,"column":21}}],"line":18},"2":{"loc":{"start":{"line":35,"column":8},"end":{"line":35,"column":56}},"type":"cond-expr","locations":[{"start":{"line":35,"column":22},"end":{"line":35,"column":42}},{"start":{"line":35,"column":45},"end":{"line":35,"column":56}}],"line":35},"3":{"loc":{"start":{"line":38,"column":8},"end":{"line":38,"column":28}},"type":"binary-expr","locations":[{"start":{"line":38,"column":8},"end":{"line":38,"column":18}},{"start":{"line":38,"column":22},"end":{"line":38,"column":28}}],"line":38},"4":{"loc":{"start":{"line":40,"column":8},"end":{"line":40,"column":43}},"type":"binary-expr","locations":[{"start":{"line":40,"column":8},"end":{"line":40,"column":17}},{"start":{"line":40,"column":21},"end":{"line":40,"column":43}}],"line":40},"5":{"loc":{"start":{"line":42,"column":8},"end":{"line":46,"column":9}},"type":"binary-expr","locations":[{"start":{"line":42,"column":8},"end":{"line":42,"column":18}},{"start":{"line":43,"column":10},"end":{"line":45,"column":28}}],"line":42},"6":{"loc":{"start":{"line":43,"column":10},"end":{"line":45,"column":28}},"type":"cond-expr","locations":[{"start":{"line":44,"column":14},"end":{"line":44,"column":45}},{"start":{"line":45,"column":14},"end":{"line":45,"column":28}}],"line":43},"7":{"loc":{"start":{"line":48,"column":8},"end":{"line":50,"column":29}},"type":"cond-expr","locations":[{"start":{"line":49,"column":12},"end":{"line":49,"column":69}},{"start":{"line":50,"column":12},"end":{"line":50,"column":29}}],"line":48},"8":{"loc":{"start":{"line":52,"column":8},"end":{"line":52,"column":78}},"type":"binary-expr","locations":[{"start":{"line":52,"column":8},"end":{"line":52,"column":17}},{"start":{"line":52,"column":21},"end":{"line":52,"column":78}}],"line":52},"9":{"loc":{"start":{"line":60,"column":8},"end":{"line":60,"column":30}},"type":"binary-expr","locations":[{"start":{"line":60,"column":8},"end":{"line":60,"column":20}},{"start":{"line":60,"column":24},"end":{"line":60,"column":30}}],"line":60},"10":{"loc":{"start":{"line":62,"column":9},"end":{"line":80,"column":9}},"type":"cond-expr","locations":[{"start":{"line":64,"column":10},"end":{"line":69,"column":16}},{"start":{"line":72,"column":10},"end":{"line":79,"column":12}}],"line":62},"11":{"loc":{"start":{"line":66,"column":12},"end":{"line":66,"column":60}},"type":"cond-expr","locations":[{"start":{"line":66,"column":23},"end":{"line":66,"column":40}},{"start":{"line":66,"column":43},"end":{"line":66,"column":60}}],"line":66},"12":{"loc":{"start":{"line":77,"column":14},"end":{"line":77,"column":62}},"type":"cond-expr","locations":[{"start":{"line":77,"column":25},"end":{"line":77,"column":42}},{"start":{"line":77,"column":45},"end":{"line":77,"column":62}}],"line":77},"13":{"loc":{"start":{"line":84,"column":7},"end":{"line":88,"column":7}},"type":"binary-expr","locations":[{"start":{"line":84,"column":7},"end":{"line":84,"column":19}},{"start":{"line":85,"column":8},"end":{"line":87,"column":15}}],"line":84},"14":{"loc":{"start":{"line":91,"column":7},"end":{"line":104,"column":7}},"type":"binary-expr","locations":[{"start":{"line":91,"column":7},"end":{"line":91,"column":24}},{"start":{"line":91,"column":28},"end":{"line":91,"column":40}},{"start":{"line":92,"column":8},"end":{"line":103,"column":15}}],"line":91},"15":{"loc":{"start":{"line":95,"column":10},"end":{"line":95,"column":49}},"type":"cond-expr","locations":[{"start":{"line":95,"column":23},"end":{"line":95,"column":34}},{"start":{"line":95,"column":37},"end":{"line":95,"column":49}}],"line":95},"16":{"loc":{"start":{"line":99,"column":12},"end":{"line":99,"column":60}},"type":"cond-expr","locations":[{"start":{"line":99,"column":23},"end":{"line":99,"column":40}},{"start":{"line":99,"column":43},"end":{"line":99,"column":60}}],"line":99},"17":{"loc":{"start":{"line":109,"column":28},"end":{"line":109,"column":53}},"type":"binary-expr","locations":[{"start":{"line":109,"column":28},"end":{"line":109,"column":39}},{"start":{"line":109,"column":43},"end":{"line":109,"column":53}}],"line":109},"18":{"loc":{"start":{"line":111,"column":17},"end":{"line":120,"column":19}},"type":"cond-expr","locations":[{"start":{"line":112,"column":4},"end":{"line":119,"column":14}},{"start":{"line":120,"column":6},"end":{"line":120,"column":19}}],"line":111},"19":{"loc":{"start":{"line":125,"column":6},"end":{"line":125,"column":42}},"type":"binary-expr","locations":[{"start":{"line":125,"column":6},"end":{"line":125,"column":15}},{"start":{"line":125,"column":19},"end":{"line":125,"column":30}},{"start":{"line":125,"column":34},"end":{"line":125,"column":42}}],"line":125},"20":{"loc":{"start":{"line":130,"column":7},"end":{"line":146,"column":7}},"type":"binary-expr","locations":[{"start":{"line":130,"column":7},"end":{"line":130,"column":24}},{"start":{"line":130,"column":28},"end":{"line":130,"column":41}},{"start":{"line":130,"column":45},"end":{"line":130,"column":57}},{"start":{"line":131,"column":8},"end":{"line":145,"column":14}}],"line":130},"21":{"loc":{"start":{"line":133,"column":10},"end":{"line":133,"column":67}},"type":"cond-expr","locations":[{"start":{"line":133,"column":23},"end":{"line":133,"column":45}},{"start":{"line":133,"column":48},"end":{"line":133,"column":67}}],"line":133}},"s":{"0":1,"1":10,"2":10,"3":10,"4":10,"5":0,"6":10,"7":10,"8":10,"9":10,"10":5},"f":{"0":10,"1":0,"2":5},"b":{"0":[5],"1":[0],"2":[0,10],"3":[10,5],"4":[10,5],"5":[10,5],"6":[1,4],"7":[1,9],"8":[10,9],"9":[10,10],"10":[10,0],"11":[1,9],"12":[0,0],"13":[10,10],"14":[10,2,2],"15":[0,2],"16":[0,2],"17":[10,0],"18":[0,10],"19":[10,5,0],"20":[10,2,2,2],"21":[0,2]},"_coverageSchema":"1a1c01bbd47fc00a2c39e90264f33305004495a9","hash":"b2ddb78959c14226e58c118edb68fbbbb1bc537e"}
,"C:\\Users\\ian19\\Desktop\\SAAC\\SAAC-Frontend\\src\\Components\\Layout\\Sidebar\\SidebarTrigger.tsx": {"path":"C:\\Users\\ian19\\Desktop\\SAAC\\SAAC-Frontend\\src\\Components\\Layout\\Sidebar\\SidebarTrigger.tsx","statementMap":{"0":{"start":{"line":12,"column":61},"end":{"line":34,"column":1}},"1":{"start":{"line":17,"column":28},"end":{"line":17,"column":40}},"2":{"start":{"line":19,"column":2},"end":{"line":33,"column":4}},"3":{"start":{"line":25,"column":8},"end":{"line":25,"column":25}},"4":{"start":{"line":26,"column":8},"end":{"line":26,"column":24}}},"fnMap":{"0":{"name":"(anonymous_0)","decl":{"start":{"line":12,"column":61},"end":{"line":12,"column":62}},"loc":{"start":{"line":16,"column":6},"end":{"line":34,"column":1}},"line":16},"1":{"name":"(anonymous_1)","decl":{"start":{"line":24,"column":15},"end":{"line":24,"column":16}},"loc":{"start":{"line":24,"column":26},"end":{"line":27,"column":7}},"line":24}},"branchMap":{},"s":{"0":1,"1":1,"2":1,"3":0,"4":0},"f":{"0":1,"1":0},"b":{},"_coverageSchema":"1a1c01bbd47fc00a2c39e90264f33305004495a9","hash":"d333014e4cc40873aecbfe185cd075d492a12340"}
,"C:\\Users\\ian19\\Desktop\\SAAC\\SAAC-Frontend\\src\\Components\\Ui\\Button.tsx": {"path":"C:\\Users\\ian19\\Desktop\\SAAC\\SAAC-Frontend\\src\\Components\\Ui\\Button.tsx","statementMap":{"0":{"start":{"line":42,"column":24},"end":{"line":100,"column":1}},"1":{"start":{"line":102,"column":45},"end":{"line":150,"column":1}},"2":{"start":{"line":114,"column":22},"end":{"line":118,"column":3}},"3":{"start":{"line":121,"column":31},"end":{"line":127,"column":3}},"4":{"start":{"line":122,"column":4},"end":{"line":122,"column":31}},"5":{"start":{"line":122,"column":21},"end":{"line":122,"column":31}},"6":{"start":{"line":126,"column":4},"end":{"line":126,"column":53}},"7":{"start":{"line":129,"column":2},"end":{"line":149,"column":4}}},"fnMap":{"0":{"name":"(anonymous_0)","decl":{"start":{"line":102,"column":45},"end":{"line":102,"column":46}},"loc":{"start":{"line":113,"column":6},"end":{"line":150,"column":1}},"line":113},"1":{"name":"(anonymous_1)","decl":{"start":{"line":121,"column":31},"end":{"line":121,"column":32}},"loc":{"start":{"line":121,"column":37},"end":{"line":127,"column":3}},"line":121}},"branchMap":{"0":{"loc":{"start":{"line":103,"column":2},"end":{"line":103,"column":21}},"type":"default-arg","locations":[{"start":{"line":103,"column":12},"end":{"line":103,"column":21}}],"line":103},"1":{"loc":{"start":{"line":104,"column":2},"end":{"line":104,"column":13}},"type":"default-arg","locations":[{"start":{"line":104,"column":9},"end":{"line":104,"column":13}}],"line":104},"2":{"loc":{"start":{"line":105,"column":2},"end":{"line":105,"column":19}},"type":"default-arg","locations":[{"start":{"line":105,"column":14},"end":{"line":105,"column":19}}],"line":105},"3":{"loc":{"start":{"line":106,"column":2},"end":{"line":106,"column":19}},"type":"default-arg","locations":[{"start":{"line":106,"column":14},"end":{"line":106,"column":19}}],"line":106},"4":{"loc":{"start":{"line":107,"column":2},"end":{"line":107,"column":14}},"type":"default-arg","locations":[{"start":{"line":107,"column":9},"end":{"line":107,"column":14}}],"line":107},"5":{"loc":{"start":{"line":108,"column":2},"end":{"line":108,"column":20}},"type":"default-arg","locations":[{"start":{"line":108,"column":15},"end":{"line":108,"column":20}}],"line":108},"6":{"loc":{"start":{"line":122,"column":4},"end":{"line":122,"column":31}},"type":"if","locations":[{"start":{"line":122,"column":4},"end":{"line":122,"column":31}},{"start":{},"end":{}}],"line":122},"7":{"loc":{"start":{"line":135,"column":8},"end":{"line":135,"column":29}},"type":"binary-expr","locations":[{"start":{"line":135,"column":8},"end":{"line":135,"column":17}},{"start":{"line":135,"column":21},"end":{"line":135,"column":29}}],"line":135},"8":{"loc":{"start":{"line":136,"column":8},"end":{"line":136,"column":24}},"type":"binary-expr","locations":[{"start":{"line":136,"column":8},"end":{"line":136,"column":12}},{"start":{"line":136,"column":16},"end":{"line":136,"column":24}}],"line":136},"9":{"loc":{"start":{"line":137,"column":8},"end":{"line":137,"column":44}},"type":"binary-expr","locations":[{"start":{"line":137,"column":8},"end":{"line":137,"column":18}},{"start":{"line":137,"column":22},"end":{"line":137,"column":44}}],"line":137},"10":{"loc":{"start":{"line":138,"column":8},"end":{"line":138,"column":47}},"type":"binary-expr","locations":[{"start":{"line":138,"column":9},"end":{"line":138,"column":17}},{"start":{"line":138,"column":21},"end":{"line":138,"column":30}},{"start":{"line":138,"column":35},"end":{"line":138,"column":47}}],"line":138},"11":{"loc":{"start":{"line":141,"column":16},"end":{"line":141,"column":37}},"type":"binary-expr","locations":[{"start":{"line":141,"column":16},"end":{"line":141,"column":24}},{"start":{"line":141,"column":28},"end":{"line":141,"column":37}}],"line":141},"12":{"loc":{"start":{"line":144,"column":7},"end":{"line":146,"column":7}},"type":"binary-expr","locations":[{"start":{"line":144,"column":7},"end":{"line":144,"column":16}},{"start":{"line":145,"column":8},"end":{"line":145,"column":84}}],"line":144}},"s":{"0":6,"1":6,"2":17,"3":17,"4":0,"5":0,"6":0,"7":17},"f":{"0":17,"1":0},"b":{"0":[8],"1":[10],"2":[13],"3":[17],"4":[17],"5":[17],"6":[0,0],"7":[17,0],"8":[17,0],"9":[17,0],"10":[17,15,4],"11":[17,15],"12":[17,2]},"_coverageSchema":"1a1c01bbd47fc00a2c39e90264f33305004495a9","hash":"ff4150952945348523480249f2118d83c54fd5dc"}
,"C:\\Users\\ian19\\Desktop\\SAAC\\SAAC-Frontend\\src\\Components\\Ui\\CreateConfirmationModal.tsx": {"path":"C:\\Users\\ian19\\Desktop\\SAAC\\SAAC-Frontend\\src\\Components\\Ui\\CreateConfirmationModal.tsx","statementMap":{"0":{"start":{"line":21,"column":79},"end":{"line":54,"column":1}},"1":{"start":{"line":33,"column":27},"end":{"line":35,"column":58}},"2":{"start":{"line":37,"column":25},"end":{"line":37,"column":50}},"3":{"start":{"line":39,"column":4},"end":{"line":53,"column":6}}},"fnMap":{"0":{"name":"(anonymous_0)","decl":{"start":{"line":21,"column":79},"end":{"line":21,"column":80}},"loc":{"start":{"line":32,"column":6},"end":{"line":54,"column":1}},"line":32}},"branchMap":{"0":{"loc":{"start":{"line":25,"column":4},"end":{"line":25,"column":32}},"type":"default-arg","locations":[{"start":{"line":25,"column":12},"end":{"line":25,"column":32}}],"line":25},"1":{"loc":{"start":{"line":28,"column":4},"end":{"line":28,"column":26}},"type":"default-arg","locations":[{"start":{"line":28,"column":19},"end":{"line":28,"column":26}}],"line":28},"2":{"loc":{"start":{"line":29,"column":4},"end":{"line":29,"column":28}},"type":"default-arg","locations":[{"start":{"line":29,"column":18},"end":{"line":29,"column":28}}],"line":29},"3":{"loc":{"start":{"line":30,"column":4},"end":{"line":30,"column":21}},"type":"default-arg","locations":[{"start":{"line":30,"column":16},"end":{"line":30,"column":21}}],"line":30},"4":{"loc":{"start":{"line":31,"column":4},"end":{"line":31,"column":23}},"type":"default-arg","locations":[{"start":{"line":31,"column":14},"end":{"line":31,"column":23}}],"line":31},"5":{"loc":{"start":{"line":33,"column":27},"end":{"line":35,"column":58}},"type":"cond-expr","locations":[{"start":{"line":34,"column":10},"end":{"line":34,"column":58}},{"start":{"line":35,"column":10},"end":{"line":35,"column":58}}],"line":33},"6":{"loc":{"start":{"line":37,"column":25},"end":{"line":37,"column":50}},"type":"binary-expr","locations":[{"start":{"line":37,"column":25},"end":{"line":37,"column":32}},{"start":{"line":37,"column":36},"end":{"line":37,"column":50}}],"line":37}},"s":{"0":0,"1":0,"2":0,"3":0},"f":{"0":0},"b":{"0":[0],"1":[0],"2":[0],"3":[0],"4":[0],"5":[0,0],"6":[0,0]}}
,"C:\\Users\\ian19\\Desktop\\SAAC\\SAAC-Frontend\\src\\Components\\Ui\\CustomSelect.tsx": {"path":"C:\\Users\\ian19\\Desktop\\SAAC\\SAAC-Frontend\\src\\Components\\Ui\\CustomSelect.tsx","statementMap":{"0":{"start":{"line":24,"column":57},"end":{"line":195,"column":1}},"1":{"start":{"line":35,"column":30},"end":{"line":35,"column":45}},"2":{"start":{"line":36,"column":46},"end":{"line":38,"column":3}},"3":{"start":{"line":37,"column":32},"end":{"line":37,"column":51}},"4":{"start":{"line":39,"column":20},"end":{"line":39,"column":48}},"5":{"start":{"line":42,"column":2},"end":{"line":51,"column":9}},"6":{"start":{"line":43,"column":31},"end":{"line":47,"column":5}},"7":{"start":{"line":44,"column":6},"end":{"line":46,"column":7}},"8":{"start":{"line":45,"column":8},"end":{"line":45,"column":25}},"9":{"start":{"line":49,"column":4},"end":{"line":49,"column":63}},"10":{"start":{"line":50,"column":4},"end":{"line":50,"column":79}},"11":{"start":{"line":50,"column":17},"end":{"line":50,"column":78}},"12":{"start":{"line":54,"column":2},"end":{"line":61,"column":23}},"13":{"start":{"line":55,"column":4},"end":{"line":60,"column":5}},"14":{"start":{"line":56,"column":21},"end":{"line":56,"column":61}},"15":{"start":{"line":56,"column":41},"end":{"line":56,"column":60}},"16":{"start":{"line":57,"column":6},"end":{"line":57,"column":40}},"17":{"start":{"line":59,"column":6},"end":{"line":59,"column":30}},"18":{"start":{"line":63,"column":29},"end":{"line":69,"column":3}},"19":{"start":{"line":64,"column":4},"end":{"line":64,"column":32}},"20":{"start":{"line":64,"column":25},"end":{"line":64,"column":32}},"21":{"start":{"line":66,"column":4},"end":{"line":66,"column":30}},"22":{"start":{"line":67,"column":4},"end":{"line":67,"column":21}},"23":{"start":{"line":68,"column":4},"end":{"line":68,"column":29}},"24":{"start":{"line":71,"column":33},"end":{"line":80,"column":3}},"25":{"start":{"line":72,"column":4},"end":{"line":79,"column":5}},"26":{"start":{"line":74,"column":8},"end":{"line":74,"column":30}},"27":{"start":{"line":76,"column":8},"end":{"line":76,"column":30}},"28":{"start":{"line":78,"column":8},"end":{"line":78,"column":32}},"29":{"start":{"line":82,"column":30},"end":{"line":84,"column":3}},"30":{"start":{"line":83,"column":4},"end":{"line":83,"column":21}},"31":{"start":{"line":86,"column":2},"end":{"line":194,"column":4}},"32":{"start":{"line":113,"column":23},"end":{"line":113,"column":54}},"33":{"start":{"line":149,"column":14},"end":{"line":180,"column":23}},"34":{"start":{"line":159,"column":31},"end":{"line":159,"column":57}}},"fnMap":{"0":{"name":"(anonymous_0)","decl":{"start":{"line":24,"column":57},"end":{"line":24,"column":58}},"loc":{"start":{"line":34,"column":6},"end":{"line":195,"column":1}},"line":34},"1":{"name":"(anonymous_1)","decl":{"start":{"line":37,"column":25},"end":{"line":37,"column":26}},"loc":{"start":{"line":37,"column":32},"end":{"line":37,"column":51}},"line":37},"2":{"name":"(anonymous_2)","decl":{"start":{"line":42,"column":12},"end":{"line":42,"column":13}},"loc":{"start":{"line":42,"column":18},"end":{"line":51,"column":3}},"line":42},"3":{"name":"(anonymous_3)","decl":{"start":{"line":43,"column":31},"end":{"line":43,"column":32}},"loc":{"start":{"line":43,"column":54},"end":{"line":47,"column":5}},"line":43},"4":{"name":"(anonymous_4)","decl":{"start":{"line":50,"column":11},"end":{"line":50,"column":12}},"loc":{"start":{"line":50,"column":17},"end":{"line":50,"column":78}},"line":50},"5":{"name":"(anonymous_5)","decl":{"start":{"line":54,"column":12},"end":{"line":54,"column":13}},"loc":{"start":{"line":54,"column":18},"end":{"line":61,"column":3}},"line":54},"6":{"name":"(anonymous_6)","decl":{"start":{"line":56,"column":34},"end":{"line":56,"column":35}},"loc":{"start":{"line":56,"column":41},"end":{"line":56,"column":60}},"line":56},"7":{"name":"(anonymous_7)","decl":{"start":{"line":63,"column":29},"end":{"line":63,"column":30}},"loc":{"start":{"line":63,"column":55},"end":{"line":69,"column":3}},"line":63},"8":{"name":"(anonymous_8)","decl":{"start":{"line":71,"column":33},"end":{"line":71,"column":34}},"loc":{"start":{"line":71,"column":39},"end":{"line":80,"column":3}},"line":71},"9":{"name":"(anonymous_9)","decl":{"start":{"line":82,"column":30},"end":{"line":82,"column":31}},"loc":{"start":{"line":82,"column":36},"end":{"line":84,"column":3}},"line":82},"10":{"name":"(anonymous_10)","decl":{"start":{"line":113,"column":17},"end":{"line":113,"column":18}},"loc":{"start":{"line":113,"column":23},"end":{"line":113,"column":54}},"line":113},"11":{"name":"(anonymous_11)","decl":{"start":{"line":148,"column":25},"end":{"line":148,"column":26}},"loc":{"start":{"line":149,"column":14},"end":{"line":180,"column":23}},"line":149},"12":{"name":"(anonymous_12)","decl":{"start":{"line":159,"column":25},"end":{"line":159,"column":26}},"loc":{"start":{"line":159,"column":31},"end":{"line":159,"column":57}},"line":159}},"branchMap":{"0":{"loc":{"start":{"line":27,"column":2},"end":{"line":27,"column":32}},"type":"default-arg","locations":[{"start":{"line":27,"column":16},"end":{"line":27,"column":32}}],"line":27},"1":{"loc":{"start":{"line":29,"column":2},"end":{"line":29,"column":13}},"type":"default-arg","locations":[{"start":{"line":29,"column":9},"end":{"line":29,"column":13}}],"line":29},"2":{"loc":{"start":{"line":30,"column":2},"end":{"line":30,"column":18}},"type":"default-arg","locations":[{"start":{"line":30,"column":13},"end":{"line":30,"column":18}}],"line":30},"3":{"loc":{"start":{"line":37,"column":4},"end":{"line":37,"column":67}},"type":"cond-expr","locations":[{"start":{"line":37,"column":12},"end":{"line":37,"column":60}},{"start":{"line":37,"column":63},"end":{"line":37,"column":67}}],"line":37},"4":{"loc":{"start":{"line":37,"column":12},"end":{"line":37,"column":60}},"type":"binary-expr","locations":[{"start":{"line":37,"column":12},"end":{"line":37,"column":52}},{"start":{"line":37,"column":56},"end":{"line":37,"column":60}}],"line":37},"5":{"loc":{"start":{"line":44,"column":6},"end
[...]
,"C:\\Users\\ian19\\Desktop\\SAAC\\SAAC-Frontend\\src\\Types\\Index.ts": {"path":"C:\\Users\\ian19\\Desktop\\SAAC\\SAAC-Frontend\\src\\Types\\Index.ts","statementMap":{},"fnMap":{},"branchMap":{},"s":{},"f":{},"b":{}}
,"C:\\Users\\ian19\\Desktop\\SAAC\\SAAC-Frontend\\src\\Types\\RoleTypes.ts": {"path":"C:\\Users\\ian19\\Desktop\\SAAC\\SAAC-Frontend\\src\\Types\\RoleTypes.ts","statementMap":{},"fnMap":{},"branchMap":{},"s":{},"f":{},"b":{}}
,"C:\\Users\\ian19\\Desktop\\SAAC\\SAAC-Frontend\\src\\Types\\StructureTypes.ts": {"path":"C:\\Users\\ian19\\Desktop\\SAAC\\SAAC-Frontend\\src\\Types\\StructureTypes.ts","statementMap":{"0":{"start":{"line":5,"column":27},"end":{"line":15,"column":10}}},"fnMap":{},"branchMap":{},"s":{"0":1},"f":{},"b":{},"_coverageSchema":"1a1c01bbd47fc00a2c39e90264f33305004495a9","hash":"0f8b847100e1d08764a2a5e1f1958ddeda8857ec"}
,"C:\\Users\\ian19\\Desktop\\SAAC\\SAAC-Frontend\\src\\Types\\UserTypes.ts": {"path":"C:\\Users\\ian19\\Desktop\\SAAC\\SAAC-Frontend\\src\\Types\\UserTypes.ts","statementMap":{},"fnMap":{},"branchMap":{},"s":{},"f":{},"b":{}}
,"C:\\Users\\ian19\\Desktop\\SAAC\\SAAC-Frontend\\src\\Utils\\ClassNames.ts": {"path":"C:\\Users\\ian19\\Desktop\\SAAC\\SAAC-Frontend\\src\\Utils\\ClassNames.ts","statementMap":{"0":{"start":{"line":5,"column":2},"end":{"line":5,"column":31}}},"fnMap":{"0":{"name":"cn","decl":{"start":{"line":4,"column":16},"end":{"line":4,"column":18}},"loc":{"start":{"line":4,"column":44},"end":{"line":6,"column":1}},"line":4}},"branchMap":{},"s":{"0":964},"f":{"0":964},"b":{},"_coverageSchema":"1a1c01bbd47fc00a2c39e90264f33305004495a9","hash":"0d53eea50d994ada48302d7e89e8e7058c896d13"}
,"C:\\Users\\ian19\\Desktop\\SAAC\\SAAC-Frontend\\src\\Utils\\Index.ts": {"path":"C:\\Users\\ian19\\Desktop\\SAAC\\SAAC-Frontend\\src\\Utils\\Index.ts","statementMap":{},"fnMap":{},"branchMap":{},"s":{},"f":{},"b":{}}
,"C:\\Users\\ian19\\Desktop\\SAAC\\SAAC-Frontend\\src\\Utils\\PermissionLabels.ts": {"path":"C:\\Users\\ian19\\Desktop\\SAAC\\SAAC-Frontend\\src\\Utils\\PermissionLabels.ts","statementMap":{"0":{"start":{"line":20,"column":52},"end":{"line":62,"column":1}},"1":{"start":{"line":69,"column":34},"end":{"line":71,"column":1}},"2":{"start":{"line":70,"column":2},"end":{"line":70,"column":66}},"3":{"start":{"line":78,"column":40},"end":{"line":80,"column":1}},"4":{"start":{"line":79,"column":2},"end":{"line":79,"column":61}},"5":{"start":{"line":87,"column":37},"end":{"line":89,"column":1}},"6":{"start":{"line":88,"column":2},"end":{"line":88,"column":65}},"7":{"start":{"line":96,"column":45},"end":{"line":101,"column":1}},"8":{"start":{"line":97,"column":2},"end":{"line":100,"column":6}},"9":{"start":{"line":97,"column":37},"end":{"line":100,"column":3}},"10":{"start":{"line":108,"column":42},"end":{"line":123,"column":1}},"11":{"start":{"line":109,"column":73},"end":{"line":109,"column":75}},"12":{"start":{"line":111,"column":2},"end":{"line":120,"column":5}},"13":{"start":{"line":112,"column":21},"end":{"line":112,"column":48}},"14":{"start":{"line":113,"column":4},"end":{"line":115,"column":5}},"15":{"start":{"line":114,"column":6},"end":{"line":114,"column":29}},"16":{"start":{"line":116,"column":4},"end":{"line":119,"column":7}},"17":{"start":{"line":122,"column":2},"end":{"line":122,"column":17}}},"fnMap":{"0":{"name":"(anonymous_0)","decl":{"start":{"line":69,"column":34},"end":{"line":69,"column":35}},"loc":{"start":{"line":69,"column":69},"end":{"line":71,"column":1}},"line":69},"1":{"name":"(anonymous_1)","decl":{"start":{"line":78,"column":40},"end":{"line":78,"column":41}},"loc":{"start":{"line":78,"column":75},"end":{"line":80,"column":1}},"line":78},"2":{"name":"(anonymous_2)","decl":{"start":{"line":87,"column":37},"end":{"line":87,"column":38}},"loc":{"start":{"line":87,"column":72},"end":{"line":89,"column":1}},"line":87},"3":{"name":"(anonymous_3)","decl":{"start":{"line":96,"column":45},"end":{"line":96,"column":46}},"loc":{"start":{"line":96,"column":114},"end":{"line":101,"column":1}},"line":96},"4":{"name":"(anonymous_4)","decl":{"start":{"line":97,"column":28},"end":{"line":97,"column":29}},"loc":{"start":{"line":97,"column":37},"end":{"line":100,"column":3}},"line":97},"5":{"name":"(anonymous_5)","decl":{"start":{"line":108,"column":42},"end":{"line":108,"column":43}},"loc":{"start":{"line":108,"column":127},"end":{"line":123,"column":1}},"line":108},"6":{"name":"(anonymous_6)","decl":{"start":{"line":111,"column":25},"end":{"line":111,"column":26}},"loc":{"start":{"line":111,"column":33},"end":{"line":120,"column":3}},"line":111}},"branchMap":{"0":{"loc":{"start":{"line":70,"column":9},"end":{"line":70,"column":65}},"type":"binary-expr","locations":[{"start":{"line":70,"column":9},"end":{"line":70,"column":48}},{"start":{"line":70,"column":52},"end":{"line":70,"column":65}}],"line":70},"1":{"loc":{"start":{"line":79,"column":9},"end":{"line":79,"column":60}},"type":"binary-expr","locations":[{"start":{"line":79,"column":9},"end":{"line":79,"column":54}},{"start":{"line":79,"column":58},"end":{"line":79,"column":60}}],"line":79},"2":{"loc":{"start":{"line":88,"column":9},"end":{"line":88,"column":64}},"type":"binary-expr","locations":[{"start":{"line":88,"column":9},"end":{"line":88,"column":51}},{"start":{"line":88,"column":55},"end":{"line":88,"column":64}}],"line":88},"3":{"loc":{"start":{"line":113,"column":4},"end":{"line":115,"column":5}},"type":"if","locations":[{"start":{"line":113,"column":4},"end":{"line":115,"column":5}},{"start":{},"end":{}}],"line":113}},"s":{"0":3,"1":3,"2":0,"3":3,"4":0,"5":3,"6":0,"7":3,"8":0,"9":0,"10":3,"11":0,"12":0,"13":0,"14":0,"15":0,"16":0,"17":0},"f":{"0":0,"1":0,"2":0,"3":0,"4":0,"5":0,"6":0},"b":{"0":[0,0],"1":[0,0],"2":[0,0],"3":[0,0]},"_coverageSchema":"1a1c01bbd47fc00a2c39e90264f33305004495a9","hash":"1691959b813bf7e885a1a4eb73148c16ebcc5492"}
,"C:\\Users\\ian19\\Desktop\\SAAC\\SAAC-Frontend\\src\\Utils\\Validation.ts": {"path":"C:\\Users\\ian19\\Desktop\\SAAC\\SAAC-Frontend\\src\\Utils\\Validation.ts","statementMap":{"0":{"start":{"line":17,"column":31},"end":{"line":72,"column":1}},"1":{"start":{"line":19,"column":75},"end":{"line":26,"column":3}},"2":{"start":{"line":21,"column":6},"end":{"line":21,"column":56}},"3":{"start":{"line":21,"column":32},"end":{"line":21,"column":56}},"4":{"start":{"line":22,"column":6},"end":{"line":22,"column":68}},"5":{"start":{"line":22,"column":37},"end":{"line":22,"column":68}},"6":{"start":{"line":23,"column":6},"end":{"line":23,"column":43}},"7":{"start":{"line":29,"column":73},"end":{"line":32,"column":3}},"8":{"start":{"line":30,"column":25},"end":{"line":30,"column":54}},"9":{"start":{"line":35,"column":73},"end":{"line":38,"column":3}},"10":{"start":{"line":36,"column":25},"end":{"line":36,"column":54}},"11":{"start":{"line":41,"column":75},"end":{"line":44,"column":3}},"12":{"start":{"line":42,"column":25},"end":{"line":42,"column":75}},"13":{"start":{"line":47,"column":91},"end":{"line":50,"column":3}},"14":{"start":{"line":48,"column":25},"end":{"line":48,"column":74}},"15":{"start":{"line":53,"column":74},"end":{"line":56,"column":3}},"16":{"start":{"line":54,"column":25},"end":{"line":54,"column":68}},"17":{"start":{"line":59,"column":85},"end":{"line":65,"column":3}},"18":{"start":{"line":61,"column":6},"end":{"line":61,"column":45}},"19":{"start":{"line":61,"column":33},"end":{"line":61,"column":45}},"20":{"start":{"line":62,"column":6},"end":{"line":62,"column":50}},"21":{"start":{"line":68,"column":114},"end":{"line":71,"column":3}},"22":{"start":{"line":84,"column":29},"end":{"line":156,"column":1}},"23":{"start":{"line":87,"column":30},"end":{"line":87,"column":76}},"24":{"start":{"line":89,"column":24},"end":{"line":104,"column":22}},"25":{"start":{"line":94,"column":23},"end":{"line":94,"column":48}},"26":{"start":{"line":95,"column":4},"end":{"line":95,"column":33}},"27":{"start":{"line":95,"column":21},"end":{"line":95,"column":33}},"28":{"start":{"line":97,"column":4},"end":{"line":101,"column":5}},"29":{"start":{"line":98,"column":6},"end":{"line":100,"column":7}},"30":{"start":{"line":99,"column":8},"end":{"line":99,"column":28}},"31":{"start":{"line":103,"column":4},"end":{"line":103,"column":16}},"32":{"start":{"line":106,"column":23},"end":{"line":121,"column":37}},"33":{"start":{"line":107,"column":56},"end":{"line":107,"column":58}},"34":{"start":{"line":108,"column":18},"end":{"line":108,"column":22}},"35":{"start":{"line":111,"column":4},"end":{"line":117,"column":7}},"36":{"start":{"line":112,"column":20},"end":{"line":112,"column":82}},"37":{"start":{"line":113,"column":6},"end":{"line":116,"column":7}},"38":{"start":{"line":114,"column":8},"end":{"line":114,"column":48}},"39":{"start":{"line":115,"column":8},"end":{"line":115,"column":24}},"40":{"start":{"line":119,"column":4},"end":{"line":119,"column":25}},"41":{"start":{"line":120,"column":4},"end":{"line":120,"column":19}},"42":{"start":{"line":123,"column":30},"end":{"line":135,"column":47}},"43":{"start":{"line":128,"column":4},"end":{"line":128,"column":42}},"44":{"start":{"line":128,"column":35},"end":{"line":128,"column":42}},"45":{"start":{"line":130,"column":18},"end":{"line":130,"column":60}},"46":{"start":{"line":131,"column":4},"end":{"line":134,"column":8}},"47":{"start":{"line":131,"column":23},"end":{"line":134,"column":5}},"48":{"start":{"line":137,"column":26},"end":{"line":142,"column":8}},"49":{"start":{"line":138,"column":4},"end":{"line":141,"column":8}},"50":{"start":{"line":138,"column":23},"end":{"line":141,"column":5}},"51":{"start":{"line":144,"column":25},"end":{"line":146,"column":8}},"52":{"start":{"line":145,"column":4},"end":{"line":145,"column":18}},"53":{"start":{"line":148,"column":2},"end":{"line":155,"column":4}},"54":{"start":{"line":154,"column":51},"end":{"line":154,"column":64}}},"fnMap":{"0":{"name":"(anonymous_0)","decl":{"start":{"line":19,"column":12},"end":{"line":19,"column":13}},"loc":{"start":{"line":19,"column":75},"end":{"line":26,"column":3}},"line":19},"1":{"name":"(anonymous_1)","decl":{"start":{"line":20,"column":14},"end":{"line":20,"column":15}},"loc":{"start":{"line":20,"column":25},"end":{"line":24,"column":5}},"line":20},"2":{"name":"(anonymous_2)","decl":{"start":{"line":29,"column":13},"end":{"line":29,"column":14}},"loc":{"start":{"line":29,"column":73},"end":{"line":32,"column":3}},"line":29},"3":{"name":"(anonymous_3)","decl":{"start":{"line":30,"column":14},"end":{"line":30,"column":15}},"loc":{"start":{"line":30,"column":25},"end":{"line":30,"column":54}},"line":30},"4":{"name":"(anonymous_4)","decl":{"start":{"line":35,"column":13},"end":{"line":35,"column":14}},"loc":{"start":{"line":35,"column":73},"end":{"line":38,"column":3}},"line":35},"5":{"name":"(anonymous_5)","decl":{"start":{"line":36,"column":14},"end":{"line":36,"column":15}},"loc":{"start":{"line":36,"column":25},"end":{"line":36,"column":54}},"line":36},"6":{"name":"(anonymous_6)","decl":{"start":{"line":41,"column":9},"end":{"line":41,"column":10}},"loc":{"start":{"line":41,"column":75},"end":{"line":44,"column":3}},"line":41},"7":{"name":"(anonymous_7)","decl":{"start":{"line":42,"column":14},"end":{"line":42,"column":15}},"loc":{"start":{"line":42,"column":25},"end":{"line":42,"column":75}},"line":42},"8":{"name":"(anonymous_8)","decl":{"start":{"line":47,"column":14},"end":{"line":47,"column":15}},"loc":{"start":{"line":47,"column":91},"end":{"line":50,"column":3}},"line":47},"9":{"name":"(anonymous_9)","decl":{"start":{"line":48,"column":14},"end":{"line":48,"column":15}},"loc":{"start":{"line":48,"column":25},"end":{"line":48,"column":74}},"line":48},"10":{"name":"(anonymous_10)","decl":{"start":{"line":53,"column":15},"end":{"line":53,"column":16}},"loc":{"start":{"line":53,"column":74},"end":{"line":56,"column":3}},"line":53},"11":{"name":"(anonymous_11)","decl":{"start":{"line":54,"column":14},"end":{"line":54,"column":15}},"loc":{"start":{"line":54,"column":25},"end":{"line":54,"column":68}},"line":54},"12":{"name":"(anonymous_12)","decl":{"start":{"line":59,"column":10},"end":{"line":59,"column":11}},"loc":{"start":{"line":59,"column":85},"end":{"line":65,"column":3}},"line":59},"13":{"name":"(anonymous_13)","decl":{"start":{"line":60,"column":14},"end":{"line":60,"column":15}},"loc":{"start":{"line":60,"column":25},"end":{"line":63,"column":5}},"line":60},"14":{"name":"(anonymous_14)","decl":{"start":{"line":68,"column":10},"end":{"line":68,"column":11}},"loc":{"start":{"line":68,"column":114},"end":{"line":71,"column":3}},"line":68},"15":{"name":"(anonymous_15)","decl":{"start":{"line":84,"column":29},"end":{"line":84,"column":30}},"loc":{"start":{"line":86,"column":5},"end":{"line":156,"column":1}},"line":86},"16":{"name":"(anonymous_16)","decl":{"start":{"line":89,"column":36},"end":{"line":89,"column":37}},"loc":{"start":{"line":93,"column":22},"end":{"line":104,"column":3}},"line":93},"17":{"name":"(anonymous_17)","decl":{"start":{"line":106,"column":35},"end":{"line":106,"column":36}},"loc":{"start":{"line":106,"column":59},"end":{"line":121,"column":3}},"line":106},"18":{"name":"(anonymous_18)","decl":{"start":{"line":111,"column":40},"end":{"line":111,"column":41}},"loc":{"start":{"line":111,"column":55},"end":{"line":117,"column":5}},"line":111},"19":{"name":"(anonymous_19)","decl":{"start":{"line":123,"column":42},"end":{"line":123,"column":43}},"loc":{"start":{"line":127,"column":7},"end":{"line":135,"column":3}},"line":127},"20":{"name":"(anonymous_20)","decl":{"start":{"line":131,"column":14},"end":{"line":131,"column":15}},"loc":{"start":{"line":131,"column":23},"end":{"line":134,"column":5}},"line":131},"21":{"name":"(anonymous_21)","decl":{"start":{"line":137,"column":38},"end":{"line":137,"column":39}},"loc":{"start":{"line":137,"column":62},"end":{"line":142,"column":3}},"line":137},"22":{"name":"(anonymous_22)","decl":{"start":{"line":138,"column":14},"end":{"line":138,"column":15}},"loc":{"start":{"line":138,"column":23},"end":{"line":141,"column":5}},"line":138},"23":{"name":"(anonymous_23)","decl":{"start":{"line":144,"column":37},"end":{"line":144,"column":38}},"loc":{"start":{"line":144,"column":43},"end":{"line":146,"column":3}},"line":144},"24":{"name":"(anonymous_24)","decl":{"start":{"line":154,"column":42},"end":{"line":154,"column":43}},"loc":{"start":{"line":154,"column":51},"end":{"line":154,"column":64}},"line":154}},"branchMap":{"0":{"loc":{"start":{"line":19,"column":13},"end":{"line":19,"column":48}},"type":"default-arg","locations":[{"start":{"line":19,"column":23},"end":{"line":19,"column":48}}],"line":19},"1":{"loc":{"start":{"line":21,"column":6},"end":{"line":21,"column":56}},"type":"if","locations":[{"start":{"line":21,"column":6},"end":{"line":21,"column":56}},{"start":{},"end":{}}],"line":21},"2":{"loc":{"start":{"line":22,"column":6},"end":{"line":22,"column":68}},"type":"if","locations":[{"start":{"line":22,"column":6},"end":{"line":22,"column":68}},{"start":{},"end":{}}],"line":22},"3":{"loc":{"start":{"line":23,"column":13},"end":{"line":23,"column":42}},"type":"binary-expr","locations":[{"start":{"line":23,"column":13},"end":{"line":23,"column":26}},{"start":{"line":23,"column":30},"end":{"line":23,"column":42}}],"line":23},"4":{"loc":{"start":{"line":30,"column":25},"end":{"line":30,"column":54}},"type":"binary-expr","locations":[{"start":{"line":30,"column":25},"end":{"line":30,"column":31}},{"start":{"line":30,"column":35},"end":{"line":30,"column":54}}],"line":30},"5":{"loc":{"start":{"line":31,"column":13},"end":{"line":31,"column":63}},"type":"binary-expr","locations":[{"start":{"line":31,"column":13},"end":{"line":31,"column":20}},{"start":{"line":31,"column":24},"end":{"line":31,"column":63}}],"line":31},"6":{"loc":{"start":{"line":36,"column":25},"end":{"line":36,"column":54}},"type":"binary-expr","locations":[{"start":{"line":36,"column":25},"end":{"line":36,"column":31}},{"start":{"line":36,"column":35},"end":{"line":36,"column":54}}],"line":36},"7":{"loc":{"start":{"line":37,"column":13},"end":{"line":37,"column":59}},"type":"binary-expr","locations":[{"start":{"line":37,"column":13},"end":{"line":37,"column":20}},{"start":{"line":37,"column":24},"end":{"line":37,"column":59}}],"line":37},"8":{"loc":{"start":{"line":41,"column":10},"end":{"line":41,"column":45}},"type":"default-arg","locations":[{"start":{"line":41,"column":20},"end":{"line":41,"column":45}}],"line":41},"9":{"loc":{"start":{"line":42,"column":25},"end":{"line":42,"column":75}},"type":"binary-expr","locations":[{"start":{"line":42,"column":25},"end":{"line":42,"column":31}},{"start":{"line":42,"column":35},"end":{"line":42,"column":75}}],"line":42},"10":{"loc":{"start":{"line":47,"column":15},"end":{"line":47,"column":61}},"type":"default-arg","locations":[{"start":{"line":47,"column":25},"end":{"line":47,"column":61}}],"line":47},"11":{"loc":{"start":{"line":48,"column":25},"end":{"line":48,"column":74}},"type":"binary-expr","locations":[{"start":{"line":48,"column":25},"end":{"line":48,"column":31}},{"start":{"line":48,"column":35},"end":{"line":48,"column":74}}],"line":48},"12":{"loc":{"start":{"line":54,"column":25},"end":{"line":54,"column":68}},"type":"binary-expr","locations":[{"start":{"line":54,"column":25},"end":{"line":54,"column":45}},{"start":{"line":54,"column":49},"end":{"line":54,"column":68}}],"line":54},"13":{"loc":{"start":{"line":55,"column":13},"end":{"line":55,"column":64}},"type":"binary-expr","locations":[{"start":{"line":55,"column":13},"end":{"line":55,"column":20}},{"start":{"line":55,"column":24},"end":{"line":55,"column":64}}],"line":55},"14":{"loc":{"start":{"line":59,"column":11},"end":{"line":59,"column":56}},"type":"default-arg","locations":[{"start":{"line":59,"column":21},"end":{"line":59,"column":56}}],"line":59},"15":{"loc":{"start":{"line":61,"column":6},"end":{"line":61,"column":45}},"type":"if","locations":[{"start":{"line":61,"column":6},"end":{"line":61,"column":45}},{"start":{},"end":{}}],"line":61},"16":{"loc":{"start":{"line":95,"column":4},"end":{"line":95,"column":33}},"type":"if","locations":[{"start":{"line":95,"column":4},"end":{"line":95,"column":33}},{"start":{},"end":{}}],"line":95},"17":{"loc":{"start":{"line":98,"column":6},"end":{"line":100,"column":7}},"type":"if","locations":[{"start":{"line":98,"column":6},"end":{"line":100,"column":7}},{"start":{},"end":{}}],"line":98},"18":{"loc":{"start":{"line":113,"column":6},"end":{"line":116,"column":7}},"type":"if","locations":[{"start":{"line":113,"column":6},"end":{"line":116,"column":7}},{"start":{},"end":{}}],"line":113},"19":{"loc":{"start":{"line":128,"column":4},"end":{"line":128,"column":42}},"type":"if","locations":[{"start":{"line":128,"column":4},"end":{"line":128,"column":42}},{"start":{},"end":{}}],"line":128},"20":{"loc":{"start":{"line":133,"column":19},"end":{"line":133,"column":37}},"type":"binary-expr","locations":[{"start":{"line":133,"column":19},"end":{"line":133,"column":24}},{"start":{"line":133,"column":28},"end":{"line":133,"column":37}}],"line":133}},"s":{"0":1,"1":1,"2":0,"3":0,"4":0,"5":0,"6":0,"7":2,"8":0,"9":2,"10":0,"11":0,"12":0,"13":0,"14":0,"15":1,"16":0,"17":0,"18":0,"19":0,"20":0,"21":0,"22":1,"23":0,"24":0,"25":0,"26":0,"27":0,"28":0,"29":0,"30":0,"31":0,"32":0,"33":0,"34":0,"35":0,"36":0,"37":0,"38":0,"39":0,"40":0,"41":0,"42":0,"43":0,"44":0,"45":0,"46":0,"47":0,"48":0,"49":0,"50":0,"51":0,"52":0,"53":0,"54":0},"f":{"0":1,"1":0,"2":2,"3":0,"4":2,"5":0,"6":0,"7":0,"8":0,"9":0,"10":1,"11":0,"12":0,"13":0,"14":0,"15":0,"16":0,"17":0,"18":0,"19":0,"20":0,"21":0,"22":0,"23":0,"24":0},"b":{"0":[0],"1":[0,0],"2":[0,0],"3":[0,0],"4":[0,0],"5":[2,0],"6":[0,0],"7":[2,0],"8":[0],"9":[0,0],"10":[0],"11":[0,0],"12":[0,0],"13":[1,0],"14":[0],"15":[0,0],"16":[0,0],"17":[0,0],"18":[0,0],"19":[0,0],"20":[0,0]},"_coverageSchema":"1a1c01bbd47fc00a2c39e90264f33305004495a9","hash":"bafa651b0d9c093afdc09a47e9be9de63bb63c93"}
}
