TN:
SF:src\App-escalable.tsx
FNF:0
FNH:0
LF:0
LH:0
BRF:0
BRH:0
end_of_record
TN:
SF:src\App.tsx
FN:12,(anonymous_0)
FNF:1
FNH:1
FNDA:1,(anonymous_0)
DA:12,1
DA:13,1
LF:2
LH:2
BRF:0
BRH:0
end_of_record
TN:
SF:src\Navigation.ts
FNF:0
FNH:0
DA:3,2
DA:4,2
DA:5,2
DA:6,2
DA:7,2
DA:8,2
DA:9,2
DA:10,2
DA:11,2
DA:22,2
LF:10
LH:10
BRF:0
BRH:0
end_of_record
TN:
SF:src\Components\index.ts
FNF:0
FNH:0
LF:0
LH:0
BRF:0
BRH:0
end_of_record
TN:
SF:src\Components\Features\LoadingDemo.tsx
FN:11,(anonymous_0)
FNF:1
FNH:0
FNDA:0,(anonymous_0)
DA:11,0
DA:12,0
LF:2
LH:0
BRF:0
BRH:0
end_of_record
TN:
SF:src\Components\Features\RingLoadingDemo.tsx
FN:8,(anonymous_0)
FNF:1
FNH:0
FNDA:0,(anonymous_0)
DA:8,0
DA:9,0
LF:2
LH:0
BRF:0
BRH:0
end_of_record
TN:
SF:src\Components\Features\Roles\CreateRoleForm.tsx
FN:69,(anonymous_0)
FN:108,(anonymous_1)
FN:112,(anonymous_2)
FN:124,(anonymous_3)
FN:142,(anonymous_4)
FN:170,(anonymous_5)
FN:179,(anonymous_6)
FN:182,(anonymous_7)
FN:194,(anonymous_8)
FN:228,(anonymous_9)
FN:229,(anonymous_10)
FN:239,(anonymous_11)
FN:263,(anonymous_12)
FN:285,(anonymous_13)
FN:286,(anonymous_14)
FN:297,(anonymous_15)
FN:313,(anonymous_16)
FN:314,(anonymous_17)
FN:362,(anonymous_18)
FN:363,(anonymous_19)
FN:374,(anonymous_20)
FN:375,(anonymous_21)
FN:387,(anonymous_22)
FN:459,(anonymous_23)
FN:460,(anonymous_24)
FN:471,(anonymous_25)
FN:487,(anonymous_26)
FN:488,(anonymous_27)
FN:537,(anonymous_28)
FN:538,(anonymous_29)
FN:549,(anonymous_30)
FN:550,(anonymous_31)
FN:562,(anonymous_32)
FNF:33
FNH:0
FNDA:0,(anonymous_0)
FNDA:0,(anonymous_1)
FNDA:0,(anonymous_2)
FNDA:0,(anonymous_3)
FNDA:0,(anonymous_4)
FNDA:0,(anonymous_5)
FNDA:0,(anonymous_6)
FNDA:0,(anonymous_7)
FNDA:0,(anonymous_8)
FNDA:0,(anonymous_9)
FNDA:0,(anonymous_10)
FNDA:0,(anonymous_11)
FNDA:0,(anonymous_12)
FNDA:0,(anonymous_13)
FNDA:0,(anonymous_14)
FNDA:0,(anonymous_15)
FNDA:0,(anonymous_16)
FNDA:0,(anonymous_17)
FNDA:0,(anonymous_18)
FNDA:0,(anonymous_19)
FNDA:0,(anonymous_20)
FNDA:0,(anonymous_21)
FNDA:0,(anonymous_22)
FNDA:0,(anonymous_23)
FNDA:0,(anonymous_24)
FNDA:0,(anonymous_25)
FNDA:0,(anonymous_26)
FNDA:0,(anonymous_27)
FNDA:0,(anonymous_28)
FNDA:0,(anonymous_29)
FNDA:0,(anonymous_30)
FNDA:0,(anonymous_31)
FNDA:0,(anonymous_32)
DA:54,1
DA:69,1
DA:78,0
DA:79,0
DA:82,0
DA:85,0
DA:86,0
DA:89,0
DA:90,0
DA:92,0
DA:99,0
DA:105,0
DA:108,0
DA:109,0
DA:112,0
DA:113,0
DA:118,0
DA:121,0
DA:123,0
DA:124,0
DA:131,0
DA:132,0
DA:137,0
DA:138,0
DA:142,0
DA:143,0
DA:145,0
DA:147,0
DA:148,0
DA:149,0
DA:150,0
DA:153,0
DA:154,0
DA:157,0
DA:158,0
DA:161,0
DA:162,0
DA:165,0
DA:170,0
DA:171,0
DA:172,0
DA:174,0
DA:179,0
DA:180,0
DA:181,0
DA:182,0
DA:188,0
DA:189,0
DA:194,0
DA:195,0
DA:197,0
DA:198,0
DA:200,0
DA:206,0
DA:208,0
DA:210,0
DA:212,0
DA:217,0
DA:220,0
DA:228,0
DA:229,0
DA:239,0
DA:240,0
DA:241,0
DA:247,0
DA:248,0
DA:254,0
DA:263,0
DA:264,0
DA:265,0
DA:266,0
DA:270,0
DA:271,0
DA:285,0
DA:286,0
DA:297,0
DA:313,0
DA:314,0
DA:362,0
DA:363,0
DA:374,0
DA:375,0
DA:387,0
DA:431,0
DA:459,0
DA:460,0
DA:471,0
DA:487,0
DA:488,0
DA:537,0
DA:538,0
DA:549,0
DA:550,0
DA:562,0
LF:94
LH:2
BRDA:75,0,0,0
BRDA:76,1,0,0
BRDA:85,2,0,0
BRDA:85,2,1,0
BRDA:89,3,0,0
BRDA:89,3,1,0
BRDA:89,4,0,0
BRDA:89,4,1,0
BRDA:90,5,0,0
BRDA:90,5,1,0
BRDA:93,6,0,0
BRDA:93,6,1,0
BRDA:94,7,0,0
BRDA:94,7,1,0
BRDA:95,8,0,0
BRDA:95,8,1,0
BRDA:121,9,0,0
BRDA:121,9,1,0
BRDA:123,10,0,0
BRDA:123,10,1,0
BRDA:131,11,0,0
BRDA:131,11,1,0
BRDA:131,12,0,0
BRDA:131,12,1,0
BRDA:137,13,0,0
BRDA:137,13,1,0
BRDA:143,14,0,0
BRDA:143,14,1,0
BRDA:147,15,0,0
BRDA:147,15,1,0
BRDA:149,16,0,0
BRDA:149,16,1,0
BRDA:153,17,0,0
BRDA:153,17,1,0
BRDA:153,18,0,0
BRDA:153,18,1,0
BRDA:157,19,0,0
BRDA:157,19,1,0
BRDA:171,20,0,0
BRDA:171,20,1,0
BRDA:180,21,0,0
BRDA:180,21,1,0
BRDA:181,22,0,0
BRDA:181,22,1,0
BRDA:188,23,0,0
BRDA:188,23,1,0
BRDA:188,24,0,0
BRDA:188,24,1,0
BRDA:197,25,0,0
BRDA:197,25,1,0
BRDA:206,26,0,0
BRDA:206,26,1,0
BRDA:206,27,0,0
BRDA:206,27,1,0
BRDA:210,28,0,0
BRDA:210,28,1,0
BRDA:240,29,0,0
BRDA:240,29,1,0
BRDA:240,30,0,0
BRDA:240,30,1,0
BRDA:247,31,0,0
BRDA:247,31,1,0
BRDA:264,32,0,0
BRDA:264,32,1,0
BRDA:265,33,0,0
BRDA:265,33,1,0
BRDA:270,34,0,0
BRDA:270,34,1,0
BRDA:273,35,0,0
BRDA:273,35,1,0
BRDA:321,36,0,0
BRDA:321,36,1,0
BRDA:344,37,0,0
BRDA:344,37,1,0
BRDA:345,38,0,0
BRDA:345,38,1,0
BRDA:346,39,0,0
BRDA:346,39,1,0
BRDA:396,40,0,0
BRDA:396,40,1,0
BRDA:419,41,0,0
BRDA:419,41,1,0
BRDA:420,42,0,0
BRDA:420,42,1,0
BRDA:421,43,0,0
BRDA:421,43,1,0
BRDA:435,44,0,0
BRDA:435,44,1,0
BRDA:447,45,0,0
BRDA:447,45,1,0
BRDA:495,46,0,0
BRDA:495,46,1,0
BRDA:518,47,0,0
BRDA:518,47,1,0
BRDA:519,48,0,0
BRDA:519,48,1,0
BRDA:520,49,0,0
BRDA:520,49,1,0
BRDA:571,50,0,0
BRDA:571,50,1,0
BRDA:594,51,0,0
BRDA:594,51,1,0
BRDA:595,52,0,0
BRDA:595,52,1,0
BRDA:596,53,0,0
BRDA:596,53,1,0
BRF:106
BRH:0
end_of_record
TN:
SF:src\Components\Features\Roles\Index.ts
FNF:0
FNH:0
LF:0
LH:0
BRF:0
BRH:0
end_of_record
TN:
SF:src\Components\Features\Roles\RolesTable.tsx
FN:39,(anonymous_0)
FN:68,(anonymous_1)
FN:73,(anonymous_2)
FN:77,(anonymous_3)
FN:101,(anonymous_4)
FN:111,(anonymous_5)
FN:126,(anonymous_6)
FN:129,(anonymous_7)
FN:140,(anonymous_8)
FN:151,(anonymous_9)
FN:160,(anonymous_10)
FN:174,(anonymous_11)
FN:182,(anonymous_12)
FN:190,(anonymous_13)
FN:196,(anonymous_14)
FN:200,(anonymous_15)
FN:204,(anonymous_16)
FN:225,(anonymous_17)
FNF:18
FNH:11
FNDA:22,(anonymous_0)
FNDA:10,(anonymous_1)
FNDA:11,(anonymous_2)
FNDA:3,(anonymous_3)
FNDA:34,(anonymous_4)
FNDA:34,(anonymous_5)
FNDA:34,(anonymous_6)
FNDA:0,(anonymous_7)
FNDA:34,(anonymous_8)
FNDA:34,(anonymous_9)
FNDA:34,(anonymous_10)
FNDA:0,(anonymous_11)
FNDA:0,(anonymous_12)
FNDA:0,(anonymous_13)
FNDA:1,(anonymous_14)
FNDA:0,(anonymous_15)
FNDA:0,(anonymous_16)
FNDA:0,(anonymous_17)
DA:39,3
DA:49,22
DA:50,22
DA:53,22
DA:56,22
DA:57,22
DA:59,22
DA:60,22
DA:61,22
DA:62,22
DA:68,22
DA:69,10
DA:73,22
DA:74,11
DA:75,10
DA:77,1
DA:78,3
DA:81,1
DA:83,11
DA:87,22
DA:88,22
DA:94,22
DA:102,34
DA:112,34
DA:127,34
DA:129,0
DA:141,34
DA:152,34
DA:161,34
DA:169,22
DA:175,0
DA:183,0
DA:191,0
DA:196,22
DA:197,1
DA:200,22
DA:201,0
DA:204,22
DA:205,0
DA:208,22
DA:209,0
DA:226,0
DA:227,0
DA:241,22
LF:44
LH:35
BRDA:45,0,0,22
BRDA:46,1,0,22
BRDA:47,2,0,22
BRDA:56,3,0,22
BRDA:56,3,1,22
BRDA:57,4,0,22
BRDA:57,4,1,22
BRDA:74,5,0,10
BRDA:74,5,1,1
BRDA:78,6,0,3
BRDA:78,6,1,2
BRDA:78,6,2,2
BRDA:117,7,0,34
BRDA:117,7,1,0
BRDA:208,8,0,0
BRDA:208,8,1,22
BRDA:248,9,0,22
BRDA:248,9,1,0
BRDA:249,10,0,22
BRDA:249,10,1,0
BRDA:253,11,0,0
BRDA:253,11,1,22
BRDA:258,12,0,0
BRDA:258,12,1,22
BRDA:265,13,0,2
BRDA:265,13,1,20
BRDA:276,14,0,22
BRDA:276,14,1,22
BRDA:277,15,0,22
BRDA:277,15,1,22
BRF:30
BRH:24
end_of_record
TN:
SF:src\Components\Features\Roles\TableIcons.tsx
FN:16,(anonymous_0)
FN:19,(anonymous_1)
FN:22,(anonymous_2)
FN:25,(anonymous_3)
FNF:4
FNH:3
FNDA:34,(anonymous_0)
FNDA:34,(anonymous_1)
FNDA:34,(anonymous_2)
FNDA:0,(anonymous_3)
DA:14,3
DA:17,34
DA:20,34
DA:23,34
DA:26,0
LF:5
LH:4
BRDA:16,0,0,0
BRDA:19,1,0,0
BRDA:22,2,0,0
BRDA:25,3,0,0
BRF:4
BRH:0
end_of_record
TN:
SF:src\Components\Layout\Index.ts
FNF:0
FNH:0
LF:0
LH:0
BRF:0
BRH:0
end_of_record
TN:
SF:src\Components\Layout\Layout.tsx
FN:9,(anonymous_0)
FNF:1
FNH:1
FNDA:1,(anonymous_0)
DA:9,1
DA:10,1
LF:2
LH:2
BRF:0
BRH:0
end_of_record
TN:
SF:src\Components\Layout\ResponsiveLayout.tsx
FN:11,(anonymous_0)
FN:22,(anonymous_1)
FN:42,(anonymous_2)
FNF:3
FNH:0
FNDA:0,(anonymous_0)
FNDA:0,(anonymous_1)
FNDA:0,(anonymous_2)
DA:11,1
DA:15,0
DA:16,0
DA:19,0
DA:22,0
DA:23,0
DA:24,0
DA:27,0
DA:28,0
DA:31,0
DA:32,0
DA:33,0
DA:35,0
DA:38,0
DA:42,0
DA:43,0
DA:44,0
DA:45,0
DA:47,0
DA:50,0
LF:20
LH:1
BRDA:19,0,0,0
BRDA:19,0,1,0
BRDA:23,1,0,0
BRDA:23,1,1,0
BRDA:24,2,0,0
BRDA:24,2,1,0
BRDA:27,3,0,0
BRDA:27,3,1,0
BRDA:28,4,0,0
BRDA:28,4,1,0
BRDA:31,5,0,0
BRDA:31,5,1,0
BRDA:32,6,0,0
BRDA:32,6,1,0
BRDA:33,7,0,0
BRDA:33,7,1,0
BRDA:35,8,0,0
BRDA:35,8,1,0
BRDA:43,9,0,0
BRDA:43,9,1,0
BRDA:44,10,0,0
BRDA:44,10,1,0
BRDA:63,11,0,0
BRDA:63,11,1,0
BRF:24
BRH:0
end_of_record
TN:
SF:src\Components\Layout\Sidebar\Index.ts
FNF:0
FNH:0
LF:0
LH:0
BRF:0
BRH:0
end_of_record
TN:
SF:src\Components\Layout\Sidebar\Sidebar.tsx
FN:16,(anonymous_0)
FN:59,(anonymous_1)
FNF:2
FNH:2
FNDA:1,(anonymous_0)
FNDA:4,(anonymous_1)
DA:16,1
DA:22,1
DA:24,1
DA:32,1
DA:60,4
DA:82,1
DA:83,0
DA:98,1
DA:99,0
DA:118,1
LF:10
LH:8
BRDA:17,0,0,1
BRDA:18,1,0,1
BRDA:19,2,0,1
BRDA:47,3,0,0
BRDA:47,3,1,1
BRDA:47,4,0,1
BRDA:47,4,1,0
BRDA:63,5,0,4
BRDA:63,5,1,0
BRDA:75,6,0,1
BRDA:75,6,1,0
BRDA:82,7,0,0
BRDA:82,7,1,1
BRDA:98,8,0,0
BRDA:98,8,1,1
BRDA:123,9,0,0
BRDA:123,9,1,1
BRDA:133,10,0,1
BRDA:133,10,1,1
BRDA:142,11,0,1
BRDA:142,11,1,0
BRDA:145,12,0,1
BRDA:145,12,1,0
BRDA:145,12,2,0
BRDA:146,13,0,0
BRDA:146,13,1,0
BRDA:150,14,0,1
BRDA:150,14,1,0
BRDA:150,14,2,0
BRDA:151,15,0,0
BRDA:151,15,1,1
BRDA:151,16,0,1
BRDA:151,16,1,1
BRDA:153,17,0,1
BRDA:153,17,1,0
BRDA:162,18,0,1
BRDA:162,18,1,0
BRF:37
BRH:20
end_of_record
TN:
SF:src\Components\Layout\Sidebar\SidebarInset.tsx
FN:9,(anonymous_0)
FNF:1
FNH:1
FNDA:1,(anonymous_0)
DA:9,1
DA:14,1
LF:2
LH:2
BRF:0
BRH:0
end_of_record
TN:
SF:src\Components\Layout\Sidebar\SidebarItem.tsx
FN:15,(anonymous_0)
FN:25,(anonymous_1)
FN:136,(anonymous_2)
FNF:3
FNH:2
FNDA:10,(anonymous_0)
FNDA:0,(anonymous_1)
FNDA:5,(anonymous_2)
DA:15,1
DA:20,10
DA:22,10
DA:23,10
DA:25,10
DA:26,0
DA:30,10
DA:109,10
DA:111,10
DA:122,10
DA:137,5
LF:11
LH:10
BRDA:17,0,0,5
BRDA:18,1,0,0
BRDA:35,2,0,0
BRDA:35,2,1,10
BRDA:38,3,0,10
BRDA:38,3,1,5
BRDA:40,4,0,10
BRDA:40,4,1,5
BRDA:42,5,0,10
BRDA:42,5,1,5
BRDA:43,6,0,1
BRDA:43,6,1,4
BRDA:48,7,0,1
BRDA:48,7,1,9
BRDA:52,8,0,10
BRDA:52,8,1,9
BRDA:60,9,0,10
BRDA:60,9,1,10
BRDA:62,10,0,10
BRDA:62,10,1,0
BRDA:66,11,0,1
BRDA:66,11,1,9
BRDA:77,12,0,0
BRDA:77,12,1,0
BRDA:84,13,0,10
BRDA:84,13,1,10
BRDA:91,14,0,10
BRDA:91,14,1,2
BRDA:91,14,2,2
BRDA:95,15,0,0
BRDA:95,15,1,2
BRDA:99,16,0,0
BRDA:99,16,1,2
BRDA:109,17,0,10
BRDA:109,17,1,0
BRDA:111,18,0,0
BRDA:111,18,1,10
BRDA:125,19,0,10
BRDA:125,19,1,5
BRDA:125,19,2,0
BRDA:130,20,0,10
BRDA:130,20,1,2
BRDA:130,20,2,2
BRDA:130,20,3,2
BRDA:133,21,0,0
BRDA:133,21,1,2
BRF:46
BRH:35
end_of_record
TN:
SF:src\Components\Layout\Sidebar\SidebarTrigger.tsx
FN:12,(anonymous_0)
FN:24,(anonymous_1)
FNF:2
FNH:1
FNDA:1,(anonymous_0)
FNDA:0,(anonymous_1)
DA:12,1
DA:17,1
DA:19,1
DA:25,0
DA:26,0
LF:5
LH:3
BRF:0
BRH:0
end_of_record
TN:
SF:src\Components\Ui\Button.tsx
FN:102,(anonymous_0)
FN:121,(anonymous_1)
FNF:2
FNH:1
FNDA:17,(anonymous_0)
FNDA:0,(anonymous_1)
DA:42,6
DA:102,6
DA:114,17
DA:121,17
DA:122,0
DA:126,0
DA:129,17
LF:7
LH:5
BRDA:103,0,0,8
BRDA:104,1,0,10
BRDA:105,2,0,13
BRDA:106,3,0,17
BRDA:107,4,0,17
BRDA:108,5,0,17
BRDA:122,6,0,0
BRDA:122,6,1,0
BRDA:135,7,0,17
BRDA:135,7,1,0
BRDA:136,8,0,17
BRDA:136,8,1,0
BRDA:137,9,0,17
BRDA:137,9,1,0
BRDA:138,10,0,17
BRDA:138,10,1,15
BRDA:138,10,2,4
BRDA:141,11,0,17
BRDA:141,11,1,15
BRDA:144,12,0,17
BRDA:144,12,1,2
BRF:21
BRH:16
end_of_record
TN:
SF:src\Components\Ui\CreateConfirmationModal.tsx
FN:21,(anonymous_0)
FNF:1
FNH:0
FNDA:0,(anonymous_0)
DA:21,0
DA:33,0
DA:37,0
DA:39,0
LF:4
LH:0
BRDA:25,0,0,0
BRDA:28,1,0,0
BRDA:29,2,0,0
BRDA:30,3,0,0
BRDA:31,4,0,0
BRDA:33,5,0,0
BRDA:33,5,1,0
BRDA:37,6,0,0
BRDA:37,6,1,0
BRF:9
BRH:0
end_of_record
TN:
SF:src\Components\Ui\CustomSelect.tsx
FN:24,(anonymous_0)
FN:37,(anonymous_1)
FN:42,(anonymous_2)
FN:43,(anonymous_3)
FN:50,(anonymous_4)
FN:54,(anonymous_5)
FN:56,(anonymous_6)
FN:63,(anonymous_7)
FN:71,(anonymous_8)
FN:82,(anonymous_9)
FN:113,(anonymous_10)
FN:148,(anonymous_11)
FN:159,(anonymous_12)
FNF:13
FNH:0
FNDA:0,(anonymous_0)
FNDA:0,(anonymous_1)
FNDA:0,(anonymous_2)
FNDA:0,(anonymous_3)
FNDA:0,(anonymous_4)
FNDA:0,(anonymous_5)
FNDA:0,(anonymous_6)
FNDA:0,(anonymous_7)
FNDA:0,(anonymous_8)
FNDA:0,(anonymous_9)
FNDA:0,(anonymous_10)
FNDA:0,(anonymous_11)
FNDA:0,(anonymous_12)
DA:24,3
DA:35,0
DA:36,0
DA:37,0
DA:39,0
DA:42,0
DA:43,0
DA:44,0
DA:45,0
DA:49,0
DA:50,0
DA:54,0
DA:55,0
DA:56,0
DA:57,0
DA:59,0
DA:63,0
DA:64,0
DA:66,0
DA:67,0
DA:68,0
DA:71,0
DA:72,0
DA:74,0
DA:76,0
DA:78,0
DA:82,0
DA:83,0
DA:86,0
DA:113,0
DA:149,0
DA:159,0
LF:32
LH:1
BRDA:27,0,0,0
BRDA:29,1,0,0
BRDA:30,2,0,0
BRDA:37,3,0,0
BRDA:37,3,1,0
BRDA:37,4,0,0
BRDA:37,4,1,0
BRDA:44,5,0,0
BRDA:44,5,1,0
BRDA:44,6,0,0
BRDA:44,6,1,0
BRDA:55,7,0,0
BRDA:55,7,1,0
BRDA:57,8,0,0
BRDA:57,8,1,0
BRDA:64,9,0,0
BRDA:64,9,1,0
BRDA:72,10,0,0
BRDA:72,10,1,0
BRDA:72,10,2,0
BRDA:89,11,0,0
BRDA:89,11,1,0
BRDA:93,12,0,0
BRDA:93,12,1,0
BRDA:106,13,0,0
BRDA:106,13,1,0
BRDA:108,14,0,0
BRDA:108,14,1,0
BRDA:111,15,0,0
BRDA:111,15,1,0
BRDA:111,15,2,0
BRDA:113,16,0,0
BRDA:113,16,1,0
BRDA:118,17,0,0
BRDA:118,17,1,0
BRDA:120,18,0,0
BRDA:120,18,1,0
BRDA:128,19,0,0
BRDA:128,19,1,0
BRDA:145,20,0,0
BRDA:145,20,1,0
BRDA:145,20,2,0
BRDA:154,21,0,0
BRDA:154,21,1,0
BRDA:157,22,0,0
BRDA:157,22,1,0
BRDA:165,23,0,0
BRDA:165,23,1,0
BRDA:187,24,0,0
BRDA:187,24,1,0
BRF:50
BRH:0
end_of_record
TN:
SF:src\Components\Ui\DataTable.tsx
FN:76,(anonymous_0)
FN:94,(anonymous_1)
FN:99,(anonymous_2)
FN:119,(anonymous_3)
FN:134,(anonymous_4)
FN:148,(anonymous_5)
FN:173,(anonymous_6)
FN:195,(anonymous_7)
FN:274,(anonymous_8)
FN:291,(anonymous_9)
FN:293,(anonymous_10)
FN:312,(anonymous_11)
FN:320,(anonymous_12)
FN:346,(anonymous_13)
FN:357,(anonymous_14)
FNF:15
FNH:8
FNDA:34,(anonymous_0)
FNDA:2,(anonymous_1)
FNDA:288,(anonymous_2)
FNDA:1,(anonymous_3)
FNDA:0,(anonymous_4)
FNDA:0,(anonymous_5)
FNDA:0,(anonymous_6)
FNDA:0,(anonymous_7)
FNDA:100,(anonymous_8)
FNDA:64,(anonymous_9)
FNDA:288,(anonymous_10)
FNDA:108,(anonymous_11)
FNDA:0,(anonymous_12)
FNDA:0,(anonymous_13)
FNDA:0,(anonymous_14)
DA:76,4
DA:92,34
DA:94,34
DA:95,2
DA:96,2
DA:99,34
DA:100,288
DA:101,207
DA:102,207
DA:107,207
DA:110,81
DA:111,81
DA:116,0
DA:119,34
DA:120,1
DA:122,1
DA:123,1
DA:126,1
DA:128,1
DA:129,3
DA:134,0
DA:143,0
DA:148,0
DA:155,0
DA:156,0
DA:164,0
DA:165,0
DA:167,0
DA:168,0
DA:173,0
DA:181,0
DA:182,0
DA:189,0
DA:190,0
DA:195,0
DA:204,1
DA:207,34
DA:275,100
DA:292,64
DA:294,288
DA:313,108
DA:320,0
DA:346,0
DA:357,0
LF:44
LH:25
BRDA:82,0,0,11
BRDA:83,1,0,12
BRDA:87,2,0,11
BRDA:88,3,0,12
BRDA:90,4,0,12
BRDA:100,5,0,207
BRDA:100,5,1,81
BRDA:102,6,0,0
BRDA:102,6,1,207
BRDA:104,7,0,105
BRDA:104,7,1,102
BRDA:110,8,0,81
BRDA:110,8,1,0
BRDA:111,9,0,0
BRDA:111,9,1,81
BRDA:120,10,0,0
BRDA:120,10,1,1
BRDA:120,11,0,1
BRDA:120,11,1,1
BRDA:126,12,0,1
BRDA:126,12,1,0
BRDA:132,13,0,1
BRDA:132,13,1,2
BRDA:155,14,0,0
BRDA:155,14,1,0
BRDA:171,15,0,0
BRDA:171,15,1,0
BRDA:181,16,0,0
BRDA:181,16,1,0
BRDA:189,17,0,0
BRDA:189,17,1,0
BRDA:210,18,0,34
BRDA:210,18,1,34
BRDA:216,19,0,34
BRDA:216,19,1,34
BRDA:220,20,0,34
BRDA:220,20,1,34
BRDA:225,21,0,34
BRDA:225,21,1,23
BRDA:232,22,0,34
BRDA:232,22,1,34
BRDA:240,23,0,34
BRDA:240,23,1,1
BRDA:257,24,0,1
BRDA:257,24,1,33
BRDA:262,25,0,11
BRDA:262,25,1,22
BRDA:281,26,0,22
BRDA:281,26,1,13
BRDA:281,26,2,13
BRDA:296,27,0,100
BRDA:296,27,1,188
BRDA:299,28,0,288
BRDA:299,28,1,34
BRDA:300,29,0,288
BRDA:300,29,1,0
BRDA:306,30,0,64
BRDA:306,30,1,37
BRDA:306,30,2,37
BRDA:309,31,0,13
BRDA:309,31,1,24
BRDA:340,32,0,34
BRDA:340,32,1,1
BRDA:340,32,2,1
BRF:64
BRH:50
end_of_record
TN:
SF:src\Components\Ui\DeleteConfirmationModal.tsx
FN:21,(anonymous_0)
FNF:1
FNH:0
FNDA:0,(anonymous_0)
DA:21,0
DA:33,0
DA:37,0
DA:40,0
DA:46,0
LF:5
LH:0
BRDA:25,0,0,0
BRDA:28,1,0,0
BRDA:29,2,0,0
BRDA:30,3,0,0
BRDA:31,4,0,0
BRDA:33,5,0,0
BRDA:33,5,1,0
BRDA:37,6,0,0
BRDA:37,6,1,0
BRDA:40,7,0,0
BRDA:40,7,1,0
BRF:11
BRH:0
end_of_record
TN:
SF:src\Components\Ui\FormContainer.tsx
FN:14,(anonymous_0)
FN:25,(anonymous_1)
FN:31,(anonymous_2)
FNF:3
FNH:0
FNDA:0,(anonymous_0)
FNDA:0,(anonymous_1)
FNDA:0,(anonymous_2)
DA:14,3
DA:22,0
DA:25,0
DA:27,0
DA:31,0
DA:32,0
DA:33,0
DA:35,0
DA:39,0
DA:40,0
DA:48,0
DA:49,0
DA:63,0
LF:13
LH:1
BRDA:18,0,0,0
BRDA:19,1,0,0
BRDA:20,2,0,0
BRDA:32,3,0,0
BRDA:32,3,1,0
BRDA:39,4,0,0
BRDA:39,4,1,0
BRDA:39,5,0,0
BRDA:39,5,1,0
BRDA:48,6,0,0
BRDA:48,6,1,0
BRDA:70,7,0,0
BRDA:70,7,1,0
BRDA:77,8,0,0
BRDA:77,8,1,0
BRDA:81,9,0,0
BRDA:81,9,1,0
BRDA:84,10,0,0
BRDA:84,10,1,0
BRF:19
BRH:0
end_of_record
TN:
SF:src\Components\Ui\Icon.tsx
FNF:0
FNH:0
LF:0
LH:0
BRF:0
BRH:0
end_of_record
TN:
SF:src\Components\Ui\Index.ts
FNF:0
FNH:0
LF:0
LH:0
BRF:0
BRH:0
end_of_record
TN:
SF:src\Components\Ui\Input.tsx
FN:15,(anonymous_0)
FNF:1
FNH:1
FNDA:6,(anonymous_0)
DA:15,4
DA:26,6
DA:28,6
DA:80,4
LF:4
LH:4
BRDA:19,0,0,6
BRDA:20,1,0,6
BRDA:21,2,0,5
BRDA:26,3,0,6
BRDA:26,3,1,6
BRDA:31,4,0,6
BRDA:31,4,1,2
BRDA:37,5,0,2
BRDA:37,5,1,1
BRDA:52,6,0,1
BRDA:52,6,1,5
BRDA:63,7,0,6
BRDA:63,7,1,1
BRDA:71,8,0,6
BRDA:71,8,1,1
BRDA:71,8,2,1
BRF:16
BRH:16
end_of_record
TN:
SF:src\Components\Ui\Loading.tsx
FN:12,(anonymous_0)
FN:72,(anonymous_1)
FN:115,(anonymous_2)
FN:122,(anonymous_3)
FN:140,(anonymous_4)
FN:177,(anonymous_5)
FNF:6
FNH:2
FNDA:3,(anonymous_0)
FNDA:12,(anonymous_1)
FNDA:0,(anonymous_2)
FNDA:0,(anonymous_3)
FNDA:0,(anonymous_4)
FNDA:0,(anonymous_5)
DA:12,6
DA:19,3
DA:27,3
DA:35,3
DA:42,3
DA:44,3
DA:53,3
DA:61,3
DA:73,12
DA:92,0
DA:115,6
DA:122,0
DA:123,0
DA:125,0
DA:127,0
DA:130,0
DA:134,0
DA:137,0
DA:138,0
DA:141,0
DA:156,0
DA:177,6
DA:182,0
LF:23
LH:11
BRDA:13,0,0,0
BRDA:14,1,0,0
BRDA:16,2,0,3
BRDA:17,3,0,0
BRDA:42,4,0,3
BRDA:42,4,1,0
BRDA:80,5,0,0
BRDA:80,5,1,12
BRDA:80,6,0,0
BRDA:80,6,1,12
BRDA:117,7,0,0
BRDA:120,8,0,0
BRDA:123,9,0,0
BRDA:123,9,1,0
BRDA:123,9,2,0
BRDA:123,9,3,0
BRDA:137,10,0,0
BRDA:137,10,1,0
BRDA:137,11,0,0
BRDA:137,11,1,0
BRDA:146,12,0,0
BRDA:146,12,1,0
BRDA:161,13,0,0
BRDA:161,13,1,0
BRDA:162,14,0,0
BRDA:162,14,1,0
BRDA:163,15,0,0
BRDA:163,15,1,0
BRDA:186,16,0,0
BRDA:186,16,1,0
BRF:30
BRH:4
end_of_record
TN:
SF:src\Components\Ui\Modal.tsx
FN:84,(anonymous_0)
FN:122,(anonymous_1)
FN:160,(anonymous_2)
FN:172,(anonymous_3)
FN:178,(anonymous_4)
FN:179,(anonymous_5)
FN:187,(anonymous_6)
FN:192,(anonymous_7)
FN:198,(anonymous_8)
FN:202,(anonymous_9)
FN:213,(anonymous_10)
FN:347,(anonymous_11)
FN:350,(anonymous_12)
FN:351,(anonymous_13)
FN:352,(anonymous_14)
FNF:15
FNH:8
FNDA:28,(anonymous_0)
FNDA:28,(anonymous_1)
FNDA:16,(anonymous_2)
FNDA:16,(anonymous_3)
FNDA:28,(anonymous_4)
FNDA:0,(anonymous_5)
FNDA:5,(anonymous_6)
FNDA:0,(anonymous_7)
FNDA:1,(anonymous_8)
FNDA:1,(anonymous_9)
FNDA:0,(anonymous_10)
FNDA:0,(anonymous_11)
FNDA:0,(anonymous_12)
FNDA:0,(anonymous_13)
FNDA:0,(anonymous_14)
DA:84,4
DA:106,28
DA:107,28
DA:110,28
DA:111,28
DA:114,28
DA:122,28
DA:123,28
DA:125,2
DA:132,0
DA:139,0
DA:147,26
DA:156,28
DA:157,28
DA:160,28
DA:161,16
DA:162,5
DA:163,5
DA:164,5
DA:166,11
DA:167,11
DA:168,0
DA:172,16
DA:173,16
DA:178,28
DA:179,28
DA:180,0
DA:181,0
DA:185,28
DA:186,5
DA:187,5
DA:192,28
DA:193,0
DA:194,0
DA:198,28
DA:199,1
DA:202,28
DA:203,1
DA:204,1
DA:208,28
DA:210,5
DA:347,4
DA:348,0
DA:350,0
DA:351,0
DA:352,0
DA:354,0
LF:47
LH:35
BRDA:88,0,0,6
BRDA:89,1,0,27
BRDA:99,2,0,6
BRDA:100,3,0,28
BRDA:102,4,0,28
BRDA:103,5,0,6
BRDA:104,6,0,6
BRDA:110,7,0,28
BRDA:110,7,1,4
BRDA:110,7,2,4
BRDA:111,8,0,28
BRDA:111,8,1,3
BRDA:123,9,0,2
BRDA:123,9,1,0
BRDA:123,9,2,0
BRDA:123,9,3,22
BRDA:123,9,4,26
BRDA:161,10,0,5
BRDA:161,10,1,11
BRDA:167,11,0,0
BRDA:167,11,1,11
BRDA:180,12,0,0
BRDA:180,12,1,0
BRDA:180,13,0,0
BRDA:180,13,1,0
BRDA:180,13,2,0
BRDA:185,14,0,5
BRDA:185,14,1,23
BRDA:193,15,0,0
BRDA:193,15,1,0
BRDA:193,16,0,0
BRDA:193,16,1,0
BRDA:193,16,2,0
BRDA:203,17,0,1
BRDA:203,17,1,0
BRDA:208,18,0,23
BRDA:208,18,1,5
BRDA:213,19,0,5
BRDA:213,19,1,0
BRDA:243,20,0,5
BRDA:243,20,1,5
BRDA:258,21,0,5
BRDA:258,21,1,2
BRDA:258,21,2,2
BRDA:271,22,0,2
BRDA:271,22,1,2
BRDA:277,23,0,2
BRDA:277,23,1,2
BRDA:285,24,0,2
BRDA:285,24,1,0
BRDA:294,25,0,5
BRDA:294,25,1,2
BRDA:294,25,2,2
BRDA:301,26,0,5
BRDA:301,26,1,5
BRDA:301,26,2,2
BRDA:303,27,0,0
BRDA:303,27,1,2
BRDA:309,28,0,2
BRDA:309,28,1,2
BRDA:320,29,0,2
BRDA:320,29,1,2
BRDA:330,30,0,0
BRDA:330,30,1,2
BRDA:347,31,0,0
BRF:65
BRH:46
end_of_record
TN:
SF:src\Components\Ui\MultiSelect.tsx
FN:26,(anonymous_0)
FN:42,(anonymous_1)
FN:47,(anonymous_2)
FN:48,(anonymous_3)
FN:55,(anonymous_4)
FN:59,(anonymous_5)
FN:61,(anonymous_6)
FN:68,(anonymous_7)
FN:72,(anonymous_8)
FN:76,(anonymous_9)
FN:83,(anonymous_10)
FN:86,(anonymous_11)
FN:87,(anonymous_12)
FN:88,(anonymous_13)
FN:88,(anonymous_14)
FN:92,(anonymous_15)
FN:93,(anonymous_16)
FN:96,(anonymous_17)
FN:100,(anonymous_18)
FN:101,(anonymous_19)
FN:106,(anonymous_20)
FN:110,(anonymous_21)
FN:111,(anonymous_22)
FN:112,(anonymous_23)
FN:113,(anonymous_24)
FN:117,(anonymous_25)
FN:167,(anonymous_26)
FN:217,(anonymous_27)
FN:218,(anonymous_28)
FN:231,(anonymous_29)
FNF:30
FNH:0
FNDA:0,(anonymous_0)
FNDA:0,(anonymous_1)
FNDA:0,(anonymous_2)
FNDA:0,(anonymous_3)
FNDA:0,(anonymous_4)
FNDA:0,(anonymous_5)
FNDA:0,(anonymous_6)
FNDA:0,(anonymous_7)
FNDA:0,(anonymous_8)
FNDA:0,(anonymous_9)
FNDA:0,(anonymous_10)
FNDA:0,(anonymous_11)
FNDA:0,(anonymous_12)
FNDA:0,(anonymous_13)
FNDA:0,(anonymous_14)
FNDA:0,(anonymous_15)
FNDA:0,(anonymous_16)
FNDA:0,(anonymous_17)
FNDA:0,(anonymous_18)
FNDA:0,(anonymous_19)
FNDA:0,(anonymous_20)
FNDA:0,(anonymous_21)
FNDA:0,(anonymous_22)
FNDA:0,(anonymous_23)
FNDA:0,(anonymous_24)
FNDA:0,(anonymous_25)
FNDA:0,(anonymous_26)
FNDA:0,(anonymous_27)
FNDA:0,(anonymous_28)
FNDA:0,(anonymous_29)
DA:26,3
DA:40,0
DA:41,0
DA:42,0
DA:44,0
DA:47,0
DA:48,0
DA:49,0
DA:50,0
DA:54,0
DA:55,0
DA:59,0
DA:60,0
DA:61,0
DA:62,0
DA:64,0
DA:68,0
DA:69,0
DA:72,0
DA:74,0
DA:76,0
DA:79,0
DA:82,0
DA:83,0
DA:86,0
DA:87,0
DA:88,0
DA:90,0
DA:92,0
DA:93,0
DA:95,0
DA:96,0
DA:99,0
DA:100,0
DA:101,0
DA:102,0
DA:105,0
DA:106,0
DA:110,0
DA:111,0
DA:112,0
DA:113,0
DA:117,0
DA:118,0
DA:119,0
DA:120,0
DA:123,0
DA:167,0
DA:218,0
DA:220,0
DA:231,0
LF:51
LH:1
BRDA:28,0,0,0
BRDA:29,1,0,0
BRDA:31,2,0,0
BRDA:34,3,0,0
BRDA:35,4,0,0
BRDA:36,5,0,0
BRDA:37,6,0,0
BRDA:42,7,0,0
BRDA:42,7,1,0
BRDA:49,8,0,0
BRDA:49,8,1,0
BRDA:49,9,0,0
BRDA:49,9,1,0
BRDA:60,10,0,0
BRDA:60,10,1,0
BRDA:69,11,0,0
BRDA:69,11,1,0
BRDA:69,12,0,0
BRDA:69,12,1,0
BRDA:74,13,0,0
BRDA:74,13,1,0
BRDA:90,14,0,0
BRDA:90,14,1,0
BRDA:101,15,0,0
BRDA:101,15,1,0
BRDA:112,16,0,0
BRDA:112,16,1,0
BRDA:118,17,0,0
BRDA:118,17,1,0
BRDA:119,18,0,0
BRDA:119,18,1,0
BRDA:126,19,0,0
BRDA:126,19,1,0
BRDA:130,20,0,0
BRDA:130,20,1,0
BRDA:133,21,0,0
BRDA:133,21,1,0
BRDA:136,22,0,0
BRDA:136,22,1,0
BRDA:136,22,2,0
BRDA:143,23,0,0
BRDA:143,23,1,0
BRDA:148,24,0,0
BRDA:148,24,1,0
BRDA:160,25,0,0
BRDA:160,25,1,0
BRDA:162,26,0,0
BRDA:162,26,1,0
BRDA:165,27,0,0
BRDA:165,27,1,0
BRDA:165,27,2,0
BRDA:167,28,0,0
BRDA:167,28,1,0
BRDA:172,29,0,0
BRDA:172,29,1,0
BRDA:182,30,0,0
BRDA:182,30,1,0
BRDA:199,31,0,0
BRDA:199,31,1,0
BRDA:199,31,2,0
BRDA:203,32,0,0
BRDA:203,32,1,0
BRDA:203,32,2,0
BRDA:211,33,0,0
BRDA:211,33,1,0
BRDA:226,34,0,0
BRDA:226,34,1,0
BRDA:229,35,0,0
BRDA:229,35,1,0
BRDA:237,36,0,0
BRDA:237,36,1,0
BRDA:260,37,0,0
BRDA:260,37,1,0
BRF:73
BRH:0
end_of_record
TN:
SF:src\Components\Ui\PageHeader.tsx
FN:15,(anonymous_0)
FNF:1
FNH:1
FNDA:16,(anonymous_0)
DA:15,3
DA:23,16
DA:24,2
DA:27,2
DA:29,2
LF:5
LH:5
BRDA:21,0,0,2
BRDA:27,1,0,2
BRDA:27,1,1,2
BRDA:27,1,2,0
BRDA:32,2,0,0
BRDA:32,2,1,2
BRDA:38,3,0,0
BRDA:38,3,1,2
BRDA:44,4,0,2
BRDA:44,4,1,0
BRDA:47,5,0,0
BRDA:47,5,1,0
BRDA:54,6,0,2
BRDA:54,6,1,2
BRDA:57,7,0,0
BRDA:57,7,1,2
BRDA:58,8,0,0
BRDA:58,8,1,2
BRDA:65,9,0,2
BRDA:65,9,1,0
BRDA:68,10,0,0
BRDA:68,10,1,0
BRDA:69,11,0,0
BRDA:69,11,1,0
BRF:24
BRH:11
end_of_record
TN:
SF:src\Components\Ui\PermissionsRoleModal.tsx
FN:18,(anonymous_0)
FN:26,(anonymous_1)
FN:31,(anonymous_2)
FNF:3
FNH:2
FNDA:22,(anonymous_0)
FNDA:22,(anonymous_1)
FNDA:0,(anonymous_2)
DA:18,3
DA:26,22
DA:27,22
DA:32,0
DA:53,22
LF:5
LH:4
BRDA:29,0,0,0
BRDA:29,0,1,22
BRDA:35,1,0,0
BRDA:35,1,1,0
BRDA:48,2,0,22
BRDA:48,2,1,0
BRF:6
BRH:2
end_of_record
TN:
SF:src\Components\Ui\SearchInput.tsx
FN:13,(anonymous_0)
FN:20,(anonymous_1)
FNF:2
FNH:2
FNDA:34,(anonymous_0)
FNDA:2,(anonymous_1)
DA:13,4
DA:20,34
DA:21,2
DA:24,34
LF:4
LH:4
BRDA:14,0,0,0
BRDA:15,1,0,0
BRDA:18,2,0,34
BRDA:39,3,0,34
BRDA:39,3,1,0
BRF:5
BRH:2
end_of_record
TN:
SF:src\Components\Ui\Select.tsx
FN:22,(anonymous_0)
FN:87,(anonymous_1)
FNF:2
FNH:0
FNDA:0,(anonymous_0)
FNDA:0,(anonymous_1)
DA:22,3
DA:35,0
DA:37,0
DA:88,0
DA:115,3
LF:5
LH:2
BRDA:26,0,0,0
BRDA:27,1,0,0
BRDA:28,2,0,0
BRDA:35,3,0,0
BRDA:35,3,1,0
BRDA:40,4,0,0
BRDA:40,4,1,0
BRDA:46,5,0,0
BRDA:46,5,1,0
BRDA:64,6,0,0
BRDA:64,6,1,0
BRDA:66,7,0,0
BRDA:66,7,1,0
BRDA:68,8,0,0
BRDA:68,8,1,0
BRDA:70,9,0,0
BRDA:70,9,1,0
BRDA:72,10,0,0
BRDA:72,10,1,0
BRDA:74,11,0,0
BRDA:74,11,1,0
BRDA:79,12,0,0
BRDA:79,12,1,0
BRDA:82,13,0,0
BRDA:82,13,1,0
BRDA:99,14,0,0
BRDA:99,14,1,0
BRDA:106,15,0,0
BRDA:106,15,1,0
BRDA:106,15,2,0
BRF:30
BRH:0
end_of_record
TN:
SF:src\Components\Ui\Sheet.tsx
FN:17,Sheet
FN:18,(anonymous_1)
FN:25,(anonymous_2)
FN:37,(anonymous_3)
FN:44,SheetContent
FN:65,SheetHeader
FN:79,SheetTitle
FN:93,SheetDescription
FNF:8
FNH:0
FNDA:0,Sheet
FNDA:0,(anonymous_1)
FNDA:0,(anonymous_2)
FNDA:0,(anonymous_3)
FNDA:0,SheetContent
FNDA:0,SheetHeader
FNDA:0,SheetTitle
FNDA:0,SheetDescription
DA:18,0
DA:19,0
DA:20,0
DA:22,0
DA:25,0
DA:26,0
DA:30,0
DA:32,0
DA:37,0
DA:50,0
DA:72,0
DA:86,0
DA:100,0
LF:13
LH:0
BRDA:19,0,0,0
BRDA:19,0,1,0
BRDA:30,1,0,0
BRDA:30,1,1,0
BRDA:45,2,0,0
BRDA:55,3,0,0
BRDA:55,3,1,0
BRF:7
BRH:0
end_of_record
TN:
SF:src\Components\Ui\Table.tsx
FN:65,(anonymous_0)
FN:81,(anonymous_1)
FN:86,(anonymous_2)
FN:106,(anonymous_3)
FN:162,(anonymous_4)
FN:174,(anonymous_5)
FN:184,(anonymous_6)
FN:216,(anonymous_7)
FN:221,(anonymous_8)
FN:236,(anonymous_9)
FN:241,(anonymous_10)
FN:269,(anonymous_11)
FN:277,(anonymous_12)
FNF:13
FNH:0
FNDA:0,(anonymous_0)
FNDA:0,(anonymous_1)
FNDA:0,(anonymous_2)
FNDA:0,(anonymous_3)
FNDA:0,(anonymous_4)
FNDA:0,(anonymous_5)
FNDA:0,(anonymous_6)
FNDA:0,(anonymous_7)
FNDA:0,(anonymous_8)
FNDA:0,(anonymous_9)
FNDA:0,(anonymous_10)
FNDA:0,(anonymous_11)
FNDA:0,(anonymous_12)
DA:65,3
DA:79,0
DA:81,0
DA:82,0
DA:83,0
DA:86,0
DA:87,0
DA:88,0
DA:89,0
DA:94,0
DA:97,0
DA:98,0
DA:103,0
DA:106,0
DA:107,0
DA:109,0
DA:111,0
DA:141,0
DA:142,0
DA:152,0
DA:162,0
DA:175,0
DA:184,0
DA:217,0
DA:222,0
DA:237,0
DA:241,0
DA:269,0
DA:277,0
LF:29
LH:1
BRDA:69,0,0,0
BRDA:70,1,0,0
BRDA:72,2,0,0
BRDA:73,3,0,0
BRDA:87,4,0,0
BRDA:87,4,1,0
BRDA:89,5,0,0
BRDA:89,5,1,0
BRDA:91,6,0,0
BRDA:91,6,1,0
BRDA:97,7,0,0
BRDA:97,7,1,0
BRDA:98,8,0,0
BRDA:98,8,1,0
BRDA:107,9,0,0
BRDA:107,9,1,0
BRDA:107,10,0,0
BRDA:107,10,1,0
BRDA:116,11,0,0
BRDA:116,11,1,0
BRDA:116,12,0,0
BRDA:116,12,1,0
BRDA:128,13,0,0
BRDA:128,13,1,0
BRDA:128,14,0,0
BRDA:128,14,1,0
BRDA:141,15,0,0
BRDA:141,15,1,0
BRDA:155,16,0,0
BRDA:155,16,1,0
BRDA:179,17,0,0
BRDA:179,17,1,0
BRDA:179,17,2,0
BRDA:180,18,0,0
BRDA:180,18,1,0
BRDA:181,19,0,0
BRDA:181,19,1,0
BRDA:184,20,0,0
BRDA:184,20,1,0
BRDA:184,20,2,0
BRDA:188,21,0,0
BRDA:188,21,1,0
BRDA:192,22,0,0
BRDA:192,22,1,0
BRDA:192,22,2,0
BRDA:200,23,0,0
BRDA:200,23,1,0
BRDA:203,24,0,0
BRDA:203,24,1,0
BRDA:226,25,0,0
BRDA:226,25,1,0
BRDA:227,26,0,0
BRDA:227,26,1,0
BRDA:233,27,0,0
BRDA:233,27,1,0
BRDA:233,27,2,0
BRDA:240,28,0,0
BRDA:240,28,1,0
BRDA:244,29,0,0
BRDA:244,29,1,0
BRDA:259,30,0,0
BRDA:259,30,1,0
BRDA:259,30,2,0
BRF:63
BRH:0
end_of_record
TN:
SF:src\Components\Ui\TableActionButtons.tsx
FN:30,(anonymous_0)
FN:47,(anonymous_1)
FN:65,(anonymous_2)
FN:66,(anonymous_3)
FNF:4
FNH:4
FNDA:66,(anonymous_0)
FNDA:66,(anonymous_1)
FNDA:22,(anonymous_2)
FNDA:66,(anonymous_3)
DA:30,3
DA:31,66
DA:33,66
DA:47,3
DA:48,66
DA:50,66
DA:52,22
DA:54,22
DA:56,22
DA:58,0
DA:65,3
DA:66,66
LF:12
LH:11
BRDA:50,0,0,22
BRDA:50,0,1,22
BRDA:50,0,2,22
BRDA:50,0,3,0
BRF:4
BRH:3
end_of_record
TN:
SF:src\Components\Ui\Textarea.tsx
FN:22,(anonymous_0)
FNF:1
FNH:0
FNDA:0,(anonymous_0)
DA:15,3
DA:22,3
DA:34,0
DA:36,0
DA:92,3
LF:5
LH:3
BRDA:26,0,0,0
BRDA:27,1,0,0
BRDA:28,2,0,0
BRDA:31,3,0,0
BRDA:34,4,0,0
BRDA:34,4,1,0
BRDA:39,5,0,0
BRDA:39,5,1,0
BRDA:45,6,0,0
BRDA:45,6,1,0
BRDA:64,7,0,0
BRDA:64,7,1,0
BRDA:75,8,0,0
BRDA:75,8,1,0
BRDA:83,9,0,0
BRDA:83,9,1,0
BRDA:83,9,2,0
BRF:17
BRH:0
end_of_record
TN:
SF:src\Components\Ui\Toast.tsx
FN:9,(anonymous_0)
FN:12,(anonymous_1)
FN:29,(anonymous_2)
FN:62,(anonymous_3)
FN:73,(anonymous_4)
FN:81,(anonymous_5)
FN:82,(anonymous_6)
FNF:7
FNH:7
FNDA:6,(anonymous_0)
FNDA:6,(anonymous_1)
FNDA:6,(anonymous_2)
FNDA:2,(anonymous_3)
FNDA:4,(anonymous_4)
FNDA:6,(anonymous_5)
FNDA:6,(anonymous_6)
DA:9,4
DA:10,6
DA:12,6
DA:13,6
DA:15,6
DA:17,3
DA:19,3
DA:21,0
DA:23,0
DA:25,0
DA:29,6
DA:30,6
DA:32,3
DA:34,3
DA:36,0
DA:38,0
DA:40,0
DA:44,6
DA:62,2
DA:73,4
DA:74,4
DA:76,4
DA:78,3
DA:81,6
DA:83,6
LF:25
LH:19
BRDA:15,0,0,3
BRDA:15,0,1,3
BRDA:15,0,2,0
BRDA:15,0,3,0
BRDA:15,0,4,0
BRDA:30,1,0,3
BRDA:30,1,1,3
BRDA:30,1,2,0
BRDA:30,1,3,0
BRDA:30,1,4,0
BRDA:54,2,0,6
BRDA:54,2,1,6
BRDA:76,3,0,1
BRDA:76,3,1,3
BRF:14
BRH:8
end_of_record
TN:
SF:src\Components\Ui\Tooltip.tsx
FN:31,(anonymous_0)
FN:34,TooltipProvider
FN:38,Tooltip
FN:50,TooltipTrigger
FN:53,(anonymous_4)
FN:54,(anonymous_5)
FN:78,TooltipContent
FNF:7
FNH:1
FNDA:0,(anonymous_0)
FNDA:1,TooltipProvider
FNDA:0,Tooltip
FNDA:0,TooltipTrigger
FNDA:0,(anonymous_4)
FNDA:0,(anonymous_5)
FNDA:0,TooltipContent
DA:26,3
DA:35,1
DA:39,0
DA:41,0
DA:51,0
DA:53,0
DA:54,0
DA:56,0
DA:58,0
DA:68,0
DA:85,0
DA:87,0
DA:89,0
DA:96,0
DA:102,0
LF:15
LH:2
BRDA:50,0,0,0
BRDA:56,1,0,0
BRDA:56,1,1,0
BRDA:56,2,0,0
BRDA:56,2,1,0
BRDA:79,3,0,0
BRDA:80,4,0,0
BRDA:81,5,0,0
BRDA:87,6,0,0
BRDA:87,6,1,0
BRDA:87,7,0,0
BRDA:87,7,1,0
BRDA:97,8,0,0
BRDA:97,8,1,0
BRDA:97,9,0,0
BRDA:97,9,1,0
BRDA:98,10,0,0
BRDA:98,10,1,0
BRDA:98,11,0,0
BRDA:98,11,1,0
BRDA:99,12,0,0
BRDA:99,12,1,0
BRDA:99,13,0,0
BRDA:99,13,1,0
BRF:24
BRH:0
end_of_record
TN:
SF:src\Components\Ui\Icons\SystemIcons.tsx
FN:21,(anonymous_0)
FN:39,(anonymous_1)
FN:50,(anonymous_2)
FN:61,(anonymous_3)
FN:72,(anonymous_4)
FN:82,(anonymous_5)
FN:92,(anonymous_6)
FN:102,(anonymous_7)
FN:116,(anonymous_8)
FN:132,(anonymous_9)
FN:143,(anonymous_10)
FN:153,(anonymous_11)
FN:167,(anonymous_12)
FN:178,(anonymous_13)
FN:189,(anonymous_14)
FN:199,(anonymous_15)
FN:208,(anonymous_16)
FN:218,(anonymous_17)
FN:228,(anonymous_18)
FN:257,(anonymous_19)
FN:289,(anonymous_20)
FN:300,(anonymous_21)
FN:310,(anonymous_22)
FN:323,(anonymous_23)
FN:336,(anonymous_24)
FN:352,(anonymous_25)
FN:368,(anonymous_26)
FN:380,(anonymous_27)
FN:391,(anonymous_28)
FN:409,(anonymous_29)
FN:412,(anonymous_30)
FN:413,(anonymous_31)
FN:416,(anonymous_32)
FN:417,(anonymous_33)
FN:418,(anonymous_34)
FN:419,(anonymous_35)
FN:422,(anonymous_36)
FN:423,(anonymous_37)
FN:426,(anonymous_38)
FN:427,(anonymous_39)
FN:430,(anonymous_40)
FN:431,(anonymous_41)
FN:432,(anonymous_42)
FN:433,(anonymous_43)
FN:436,(anonymous_44)
FN:437,(anonymous_45)
FN:438,(anonymous_46)
FN:439,(anonymous_47)
FN:440,(anonymous_48)
FN:441,(anonymous_49)
FN:444,(anonymous_50)
FNF:51
FNH:30
FNDA:150,(anonymous_0)
FNDA:34,(anonymous_1)
FNDA:34,(anonymous_2)
FNDA:34,(anonymous_3)
FNDA:1,(anonymous_4)
FNDA:0,(anonymous_5)
FNDA:0,(anonymous_6)
FNDA:1,(anonymous_7)
FNDA:1,(anonymous_8)
FNDA:1,(anonymous_9)
FNDA:2,(anonymous_10)
FNDA:0,(anonymous_11)
FNDA:34,(anonymous_12)
FNDA:0,(anonymous_13)
FNDA:0,(anonymous_14)
FNDA:1,(anonymous_15)
FNDA:0,(anonymous_16)
FNDA:0,(anonymous_17)
FNDA:0,(anonymous_18)
FNDA:0,(anonymous_19)
FNDA:0,(anonymous_20)
FNDA:1,(anonymous_21)
FNDA:1,(anonymous_22)
FNDA:0,(anonymous_23)
FNDA:1,(anonymous_24)
FNDA:1,(anonymous_25)
FNDA:1,(anonymous_26)
FNDA:1,(anonymous_27)
FNDA:1,(anonymous_28)
FNDA:12,(anonymous_29)
FNDA:1,(anonymous_30)
FNDA:2,(anonymous_31)
FNDA:1,(anonymous_32)
FNDA:0,(anonymous_33)
FNDA:0,(anonymous_34)
FNDA:0,(anonymous_35)
FNDA:0,(anonymous_36)
FNDA:1,(anonymous_37)
FNDA:1,(anonymous_38)
FNDA:0,(anonymous_39)
FNDA:1,(anonymous_40)
FNDA:1,(anonymous_41)
FNDA:1,(anonymous_42)
FNDA:1,(anonymous_43)
FNDA:0,(anonymous_44)
FNDA:1,(anonymous_45)
FNDA:0,(anonymous_46)
FNDA:0,(anonymous_47)
FNDA:0,(anonymous_48)
FNDA:0,(anonymous_49)
FNDA:1,(anonymous_50)
DA:21,5
DA:22,150
DA:29,150
DA:36,5
DA:40,34
DA:51,34
DA:62,34
DA:73,1
DA:83,0
DA:93,0
DA:103,1
DA:117,1
DA:133,1
DA:144,2
DA:154,0
DA:168,34
DA:179,0
DA:190,0
DA:200,1
DA:209,0
DA:219,0
DA:229,0
DA:258,0
DA:290,0
DA:301,1
DA:311,1
DA:324,0
DA:337,1
DA:353,1
DA:369,1
DA:381,1
DA:392,1
DA:409,5
DA:410,12
DA:412,1
DA:413,2
DA:416,1
DA:417,0
DA:418,0
DA:419,0
DA:422,0
DA:423,1
DA:426,1
DA:427,0
DA:430,1
DA:431,1
DA:432,1
DA:433,1
DA:436,0
DA:437,1
DA:438,0
DA:439,0
DA:440,0
DA:441,0
DA:444,1
DA:447,12
LF:56
LH:35
BRDA:21,0,0,0
BRDA:41,1,0,34
BRDA:41,1,1,0
BRDA:43,2,0,34
BRDA:43,2,1,34
BRDA:52,3,0,34
BRDA:52,3,1,0
BRDA:54,4,0,34
BRDA:54,4,1,34
BRDA:63,5,0,34
BRDA:63,5,1,0
BRDA:65,6,0,34
BRDA:65,6,1,34
BRDA:74,7,0,1
BRDA:74,7,1,1
BRDA:76,8,0,1
BRDA:76,8,1,1
BRDA:84,9,0,0
BRDA:84,9,1,0
BRDA:86,10,0,0
BRDA:86,10,1,0
BRDA:94,11,0,0
BRDA:94,11,1,0
BRDA:96,12,0,0
BRDA:96,12,1,0
BRDA:104,13,0,1
BRDA:104,13,1,1
BRDA:106,14,0,1
BRDA:106,14,1,1
BRDA:118,15,0,1
BRDA:118,15,1,0
BRDA:121,16,0,1
BRDA:121,16,1,1
BRDA:134,17,0,1
BRDA:134,17,1,1
BRDA:136,18,0,1
BRDA:136,18,1,1
BRDA:145,19,0,2
BRDA:145,19,1,2
BRDA:147,20,0,2
BRDA:147,20,1,2
BRDA:155,21,0,0
BRDA:155,21,1,0
BRDA:157,22,0,0
BRDA:157,22,1,0
BRDA:169,23,0,34
BRDA:169,23,1,0
BRDA:172,24,0,34
BRDA:172,24,1,34
BRDA:180,25,0,0
BRDA:180,25,1,0
BRDA:191,26,0,0
BRDA:191,26,1,0
BRDA:193,27,0,0
BRDA:193,27,1,0
BRDA:201,28,0,1
BRDA:201,28,1,0
BRDA:203,29,0,1
BRDA:203,29,1,1
BRDA:210,30,0,0
BRDA:210,30,1,0
BRDA:212,31,0,0
BRDA:212,31,1,0
BRDA:220,32,0,0
BRDA:220,32,1,0
BRDA:222,33,0,0
BRDA:222,33,1,0
BRDA:230,34,0,0
BRDA:230,34,1,0
BRDA:232,35,0,0
BRDA:232,35,1,0
BRDA:259,36,0,0
BRDA:259,36,1,0
BRDA:261,37,0,0
BRDA:261,37,1,0
BRDA:291,38,0,0
BRDA:291,38,1,0
BRDA:293,39,0,0
BRDA:293,39,1,0
BRDA:302,40,0,1
BRDA:302,40,1,1
BRDA:304,41,0,1
BRDA:304,41,1,1
BRDA:312,42,0,1
BRDA:312,42,1,1
BRDA:314,43,0,1
BRDA:314,43,1,1
BRDA:325,44,0,0
BRDA:325,44,1,0
BRDA:327,45,0,0
BRDA:327,45,1,0
BRDA:338,46,0,1
BRDA:338,46,1,1
BRDA:340,47,0,1
BRDA:340,47,1,1
BRDA:354,48,0,1
BRDA:354,48,1,1
BRDA:356,49,0,1
BRDA:356,49,1,1
BRDA:370,50,0,1
BRDA:370,50,1,1
BRDA:372,51,0,1
BRDA:372,51,1,1
BRDA:382,52,0,1
BRDA:382,52,1,1
BRDA:384,53,0,1
BRDA:384,53,1,1
BRDA:393,54,0,1
BRDA:393,54,1,1
BRDA:395,55,0,1
BRDA:395,55,1,1
BRDA:409,56,0,0
BRDA:447,57,0,12
BRDA:447,57,1,0
BRF:114
BRH:63
end_of_record
TN:
SF:src\Components\Ui\Icons\index.ts
FN:22,(anonymous_0)
FNF:1
FNH:0
FNDA:0,(anonymous_0)
DA:17,0
DA:22,0
DA:23,0
LF:3
LH:0
BRF:0
BRH:0
end_of_record
TN:
SF:src\Constants\ApiConstants.ts
FN:19,(anonymous_0)
FN:20,(anonymous_1)
FN:26,(anonymous_2)
FN:27,(anonymous_3)
FNF:4
FNH:0
FNDA:0,(anonymous_0)
FNDA:0,(anonymous_1)
FNDA:0,(anonymous_2)
FNDA:0,(anonymous_3)
DA:6,0
DA:9,0
DA:19,0
DA:20,0
DA:26,0
DA:27,0
DA:32,0
DA:39,0
LF:8
LH:0
BRDA:6,0,0,0
BRDA:6,0,1,0
BRF:2
BRH:0
end_of_record
TN:
SF:src\Constants\ComponentSizes.ts
FN:38,(anonymous_0)
FN:44,(anonymous_1)
FN:50,(anonymous_2)
FNF:3
FNH:1
FNDA:0,(anonymous_0)
FNDA:17,(anonymous_1)
FNDA:0,(anonymous_2)
DA:6,6
DA:36,6
DA:39,0
DA:40,0
DA:45,17
DA:46,17
DA:51,0
DA:52,0
LF:8
LH:4
BRF:0
BRH:0
end_of_record
TN:
SF:src\Constants\Index.ts
FNF:0
FNH:0
LF:0
LH:0
BRF:0
BRH:0
end_of_record
TN:
SF:src\Constants\ModuleInfo.ts
FN:101,(anonymous_0)
FN:114,(anonymous_1)
FN:123,(anonymous_2)
FN:133,(anonymous_3)
FNF:4
FNH:2
FNDA:11,(anonymous_0)
FNDA:0,(anonymous_1)
FNDA:0,(anonymous_2)
FNDA:11,(anonymous_3)
DA:18,3
DA:101,3
DA:102,11
DA:114,3
DA:115,0
DA:123,3
DA:124,0
DA:133,3
DA:134,11
DA:135,11
LF:10
LH:8
BRDA:102,0,0,11
BRDA:102,0,1,0
BRDA:134,1,0,10
BRDA:134,1,1,1
BRF:4
BRH:3
end_of_record
TN:
SF:src\Constants\Privileges.ts
FNF:0
FNH:0
LF:0
LH:0
BRF:0
BRH:0
end_of_record
TN:
SF:src\Constants\StructureConstants.ts
FN:242,(anonymous_0)
FN:253,(anonymous_1)
FN:264,(anonymous_2)
FNF:3
FNH:0
FNDA:0,(anonymous_0)
FNDA:0,(anonymous_1)
FNDA:0,(anonymous_2)
DA:8,1
DA:25,1
DA:92,1
DA:115,1
DA:144,1
DA:188,1
DA:242,1
DA:243,0
DA:244,0
DA:253,1
DA:254,0
DA:264,1
DA:265,0
DA:266,0
LF:14
LH:9
BRDA:244,0,0,0
BRDA:244,0,1,0
BRDA:254,1,0,0
BRDA:254,1,1,0
BRDA:266,2,0,0
BRDA:266,2,1,0
BRF:6
BRH:0
end_of_record
TN:
SF:src\Context\AuthContext.tsx
FNF:0
FNH:0
LF:0
LH:0
BRF:0
BRH:0
end_of_record
TN:
SF:src\Context\Index.ts
FNF:0
FNH:0
LF:0
LH:0
BRF:0
BRH:0
end_of_record
TN:
SF:src\Context\NavigationContext.tsx
FN:20,(anonymous_0)
FN:26,(anonymous_1)
FN:44,(anonymous_2)
FN:49,(anonymous_3)
FN:53,(anonymous_4)
FN:58,(anonymous_5)
FN:80,(anonymous_6)
FNF:7
FNH:7
FNDA:9,(anonymous_0)
FNDA:3,(anonymous_1)
FNDA:3,(anonymous_2)
FNDA:1,(anonymous_3)
FNDA:1,(anonymous_4)
FNDA:2,(anonymous_5)
FNDA:16,(anonymous_6)
DA:14,2
DA:20,2
DA:21,9
DA:22,9
DA:23,9
DA:26,9
DA:27,3
DA:28,9
DA:29,1
DA:32,8
DA:33,4
DA:34,10
DA:35,0
DA:40,2
DA:44,9
DA:45,3
DA:46,3
DA:49,9
DA:50,1
DA:53,9
DA:54,1
DA:58,9
DA:60,2
DA:61,1
DA:63,1
DA:67,9
DA:80,2
DA:81,16
DA:82,16
DA:83,0
DA:85,16
LF:31
LH:29
BRDA:28,0,0,1
BRDA:28,0,1,8
BRDA:32,1,0,4
BRDA:32,1,1,4
BRDA:34,2,0,0
BRDA:34,2,1,10
BRDA:60,3,0,1
BRDA:60,3,1,1
BRDA:82,4,0,0
BRDA:82,4,1,16
BRF:10
BRH:8
end_of_record
TN:
SF:src\Context\SidebarContext.tsx
FN:28,(anonymous_0)
FN:42,(anonymous_1)
FN:61,(anonymous_2)
FN:62,(anonymous_3)
FN:62,(anonymous_4)
FN:66,(anonymous_5)
FN:78,(anonymous_6)
FN:79,(anonymous_7)
FN:87,(anonymous_8)
FN:94,(anonymous_9)
FN:95,(anonymous_10)
FN:118,(anonymous_11)
FNF:12
FNH:8
FNDA:13,(anonymous_0)
FNDA:4,(anonymous_1)
FNDA:0,(anonymous_2)
FNDA:0,(anonymous_3)
FNDA:0,(anonymous_4)
FNDA:4,(anonymous_5)
FNDA:8,(anonymous_6)
FNDA:0,(anonymous_7)
FNDA:8,(anonymous_8)
FNDA:1,(anonymous_9)
FNDA:1,(anonymous_10)
FNDA:27,(anonymous_11)
DA:19,4
DA:28,4
DA:34,13
DA:35,13
DA:38,13
DA:39,13
DA:41,13
DA:43,4
DA:44,4
DA:45,0
DA:47,4
DA:51,4
DA:52,4
DA:54,0
DA:61,13
DA:62,0
DA:66,13
DA:67,4
DA:68,4
DA:69,4
DA:70,2
DA:73,0
DA:78,13
DA:79,8
DA:80,0
DA:81,0
DA:82,0
DA:86,8
DA:87,8
DA:90,13
DA:93,13
DA:94,13
DA:95,13
DA:97,13
DA:111,13
DA:118,4
DA:119,27
DA:120,27
DA:121,14
DA:123,13
LF:40
LH:33
BRDA:30,0,0,13
BRDA:39,1,0,13
BRDA:39,1,1,13
BRDA:43,2,0,0
BRDA:43,2,1,4
BRDA:44,3,0,0
BRDA:44,3,1,4
BRDA:52,4,0,2
BRDA:52,4,1,2
BRDA:62,5,0,0
BRDA:62,5,1,0
BRDA:69,6,0,2
BRDA:69,6,1,2
BRDA:69,7,0,4
BRDA:69,7,1,2
BRDA:80,8,0,0
BRDA:80,8,1,0
BRDA:80,9,0,0
BRDA:80,9,1,0
BRDA:80,9,2,0
BRDA:90,10,0,9
BRDA:90,10,1,4
BRDA:120,11,0,14
BRDA:120,11,1,13
BRF:24
BRH:15
end_of_record
TN:
SF:src\Context\ToastContext.tsx
FN:21,(anonymous_0)
FN:24,(anonymous_1)
FN:33,(anonymous_2)
FN:38,(anonymous_3)
FN:44,(anonymous_4)
FN:45,(anonymous_5)
FN:45,(anonymous_6)
FN:48,(anonymous_7)
FN:64,(anonymous_8)
FNF:9
FNH:0
FNDA:0,(anonymous_0)
FNDA:0,(anonymous_1)
FNDA:0,(anonymous_2)
FNDA:0,(anonymous_3)
FNDA:0,(anonymous_4)
FNDA:0,(anonymous_5)
FNDA:0,(anonymous_6)
FNDA:0,(anonymous_7)
FNDA:0,(anonymous_8)
DA:19,1
DA:21,1
DA:22,0
DA:24,0
DA:25,0
DA:26,0
DA:33,0
DA:36,0
DA:37,0
DA:38,0
DA:39,0
DA:44,0
DA:45,0
DA:48,0
DA:49,0
DA:52,0
DA:64,1
DA:65,0
DA:66,0
DA:67,0
DA:69,0
LF:21
LH:3
BRDA:30,0,0,0
BRDA:30,0,1,0
BRDA:36,1,0,0
BRDA:36,1,1,0
BRDA:37,2,0,0
BRDA:37,2,1,0
BRDA:66,3,0,0
BRDA:66,3,1,0
BRF:8
BRH:0
end_of_record
TN:
SF:src\Hooks\Index.ts
FNF:0
FNH:0
LF:0
LH:0
BRF:0
BRH:0
end_of_record
TN:
SF:src\Hooks\UseApi.ts
FN:22,(anonymous_0)
FN:32,(anonymous_1)
FN:86,(anonymous_2)
FN:105,(anonymous_3)
FNF:4
FNH:0
FNDA:0,(anonymous_0)
FNDA:0,(anonymous_1)
FNDA:0,(anonymous_2)
FNDA:0,(anonymous_3)
DA:22,0
DA:26,0
DA:27,0
DA:28,0
DA:30,0
DA:32,0
DA:33,0
DA:34,0
DA:35,0
DA:37,0
DA:39,0
DA:40,0
DA:43,0
DA:44,0
DA:51,0
DA:54,0
DA:55,0
DA:57,0
DA:58,0
DA:65,0
DA:69,0
DA:70,0
DA:72,0
DA:73,0
DA:80,0
DA:82,0
DA:86,0
DA:87,0
DA:88,0
DA:89,0
DA:92,0
DA:105,0
DA:109,0
LF:33
LH:0
BRDA:24,0,0,0
BRDA:39,1,0,0
BRDA:39,1,1,0
BRDA:39,2,0,0
BRDA:39,2,1,0
BRDA:43,3,0,0
BRDA:43,3,1,0
BRDA:47,4,0,0
BRDA:47,4,1,0
BRDA:54,5,0,0
BRDA:54,5,1,0
BRDA:57,6,0,0
BRDA:57,6,1,0
BRDA:61,7,0,0
BRDA:61,7,1,0
BRDA:69,8,0,0
BRDA:69,8,1,0
BRDA:72,9,0,0
BRDA:72,9,1,0
BRDA:76,10,0,0
BRDA:76,10,1,0
BRDA:112,11,0,0
BRDA:112,11,1,0
BRF:23
BRH:0
end_of_record
TN:
SF:src\Hooks\UseBreakpoint.ts
FN:36,(anonymous_0)
FN:45,(anonymous_1)
FN:46,(anonymous_2)
FN:69,(anonymous_3)
FN:70,(anonymous_4)
FN:99,(anonymous_5)
FNF:6
FNH:6
FNDA:2,(anonymous_0)
FNDA:2,(anonymous_1)
FNDA:1,(anonymous_2)
FNDA:1,(anonymous_3)
FNDA:1,(anonymous_4)
FNDA:1,(anonymous_5)
DA:4,3
DA:36,3
DA:37,2
DA:38,2
DA:39,2
DA:40,0
DA:41,0
DA:42,0
DA:45,3
DA:46,2
DA:48,1
DA:49,1
DA:50,1
DA:52,1
DA:69,2
DA:70,1
DA:71,1
DA:72,1
DA:73,1
DA:75,1
DA:93,1
DA:96,1
DA:99,1
DA:102,2
LF:24
LH:21
BRDA:37,0,0,0
BRDA:37,0,1,2
BRDA:38,1,0,0
BRDA:38,1,1,2
BRDA:39,2,0,2
BRDA:39,2,1,0
BRDA:40,3,0,0
BRDA:40,3,1,0
BRDA:41,4,0,0
BRDA:41,4,1,0
BRDA:48,5,0,1
BRDA:48,5,1,0
BRDA:49,6,0,1
BRDA:49,6,1,0
BRDA:63,7,0,1
BRDA:63,7,1,1
BRDA:64,8,0,1
BRDA:64,8,1,0
BRDA:64,8,2,0
BRDA:65,9,0,1
BRDA:65,9,1,1
BRDA:86,10,0,1
BRDA:86,10,1,1
BRDA:87,11,0,1
BRDA:87,11,1,0
BRDA:87,11,2,0
BRDA:88,12,0,1
BRDA:88,12,1,1
BRF:28
BRH:15
end_of_record
TN:
SF:src\Hooks\UseMobile.ts
FN:3,useIsMobile
FN:6,(anonymous_1)
FN:8,(anonymous_2)
FN:15,(anonymous_3)
FNF:4
FNH:3
FNDA:13,useIsMobile
FNDA:4,(anonymous_1)
FNDA:0,(anonymous_2)
FNDA:4,(anonymous_3)
DA:4,13
DA:6,13
DA:7,4
DA:8,4
DA:9,0
DA:12,4
DA:13,4
DA:15,4
DA:18,13
LF:9
LH:8
BRF:0
BRH:0
end_of_record
TN:
SF:src\Hooks\UseModuleInfo.ts
FN:30,(anonymous_0)
FN:31,(anonymous_1)
FN:35,(anonymous_2)
FN:49,(anonymous_3)
FN:50,(anonymous_4)
FN:52,(anonymous_5)
FN:63,(anonymous_6)
FN:64,(anonymous_7)
FNF:8
FNH:3
FNDA:23,(anonymous_0)
FNDA:11,(anonymous_1)
FNDA:11,(anonymous_2)
FNDA:0,(anonymous_3)
FNDA:0,(anonymous_4)
FNDA:0,(anonymous_5)
FNDA:0,(anonymous_6)
FNDA:0,(anonymous_7)
DA:30,3
DA:31,23
DA:32,11
DA:35,23
DA:49,3
DA:50,0
DA:51,0
DA:52,0
DA:53,0
DA:55,0
DA:63,3
DA:64,0
DA:66,0
DA:67,0
DA:68,0
DA:69,0
DA:70,0
DA:71,0
DA:72,0
DA:74,0
DA:77,0
LF:21
LH:6
BRDA:66,0,0,0
BRDA:66,0,1,0
BRDA:68,1,0,0
BRDA:68,1,1,0
BRDA:69,2,0,0
BRDA:69,2,1,0
BRDA:70,3,0,0
BRDA:70,3,1,0
BRDA:71,4,0,0
BRDA:71,4,1,0
BRDA:72,5,0,0
BRDA:72,5,1,0
BRF:12
BRH:0
end_of_record
TN:
SF:src\Hooks\UseNavigation.ts
FN:4,(anonymous_0)
FN:8,(anonymous_1)
FN:27,(anonymous_2)
FN:31,(anonymous_3)
FNF:4
FNH:4
FNDA:15,(anonymous_0)
FNDA:2,(anonymous_1)
FNDA:12,(anonymous_2)
FNDA:12,(anonymous_3)
DA:4,2
DA:5,15
DA:6,15
DA:8,15
DA:10,2
DA:12,2
DA:14,1
DA:15,1
DA:18,1
DA:19,1
DA:20,1
DA:22,1
DA:27,15
DA:28,12
DA:31,15
DA:32,12
DA:35,15
LF:17
LH:17
BRDA:12,0,0,1
BRDA:12,0,1,1
BRDA:19,1,0,1
BRDA:19,1,1,0
BRF:4
BRH:3
end_of_record
TN:
SF:src\Hooks\UsePermissionLabels.ts
FN:53,(anonymous_0)
FN:55,(anonymous_1)
FN:56,(anonymous_2)
FN:57,(anonymous_3)
FN:66,(anonymous_4)
FN:67,(anonymous_5)
FN:70,(anonymous_6)
FN:74,(anonymous_7)
FN:92,(anonymous_8)
FN:93,(anonymous_9)
FN:104,(anonymous_10)
FN:105,(anonymous_11)
FNF:12
FNH:3
FNDA:22,(anonymous_0)
FNDA:10,(anonymous_1)
FNDA:0,(anonymous_2)
FNDA:0,(anonymous_3)
FNDA:10,(anonymous_4)
FNDA:0,(anonymous_5)
FNDA:0,(anonymous_6)
FNDA:0,(anonymous_7)
FNDA:0,(anonymous_8)
FNDA:0,(anonymous_9)
FNDA:0,(anonymous_10)
FNDA:0,(anonymous_11)
DA:53,3
DA:55,22
DA:56,10
DA:57,0
DA:66,22
DA:67,10
DA:68,0
DA:69,0
DA:70,0
DA:74,0
DA:78,22
DA:92,3
DA:93,0
DA:104,3
DA:105,0
DA:106,0
LF:16
LH:8
BRF:0
BRH:0
end_of_record
TN:
SF:src\Hooks\UsePrivileges.ts
FNF:0
FNH:0
LF:0
LH:0
BRF:0
BRH:0
end_of_record
TN:
SF:src\Hooks\UseRoles.ts
FN:23,(anonymous_0)
FN:32,(anonymous_1)
FN:39,(anonymous_2)
FN:48,(anonymous_3)
FN:65,(anonymous_4)
FN:74,(anonymous_5)
FN:75,(anonymous_6)
FN:95,(anonymous_7)
FN:103,(anonymous_8)
FN:103,(anonymous_9)
FN:118,(anonymous_10)
FN:139,(anonymous_11)
FN:164,(anonymous_12)
FNF:13
FNH:10
FNDA:14,(anonymous_0)
FNDA:1,(anonymous_1)
FNDA:1,(anonymous_2)
FNDA:1,(anonymous_3)
FNDA:1,(anonymous_4)
FNDA:1,(anonymous_5)
FNDA:0,(anonymous_6)
FNDA:1,(anonymous_7)
FNDA:1,(anonymous_8)
FNDA:0,(anonymous_9)
FNDA:0,(anonymous_10)
FNDA:1,(anonymous_11)
FNDA:2,(anonymous_12)
DA:23,2
DA:24,14
DA:25,14
DA:26,14
DA:27,14
DA:32,14
DA:33,1
DA:39,14
DA:40,1
DA:41,1
DA:43,1
DA:44,1
DA:46,1
DA:48,1
DA:49,1
DA:52,0
DA:54,0
DA:55,0
DA:56,0
DA:58,1
DA:65,14
DA:66,1
DA:67,1
DA:69,1
DA:70,1
DA:72,1
DA:74,1
DA:75,1
DA:76,0
DA:79,1
DA:82,0
DA:84,0
DA:85,0
DA:86,0
DA:88,1
DA:95,14
DA:96,1
DA:97,1
DA:99,1
DA:100,1
DA:103,1
DA:104,1
DA:106,0
DA:107,0
DA:108,0
DA:110,1
DA:118,14
DA:119,0
DA:121,0
DA:122,0
DA:124,0
DA:125,0
DA:128,0
DA:130,0
DA:131,0
DA:132,0
DA:139,14
DA:140,1
DA:141,1
DA:143,1
DA:144,1
DA:146,0
DA:147,0
DA:148,0
DA:151,0
DA:153,1
DA:154,1
DA:155,1
DA:157,1
DA:164,14
DA:165,2
DA:166,2
DA:168,2
DA:169,2
DA:171,0
DA:172,0
DA:173,0
DA:176,0
DA:178,2
DA:179,2
DA:180,2
DA:182,2
DA:186,14
LF:83
LH:54
BRDA:46,0,0,1
BRDA:46,0,1,0
BRDA:54,1,0,0
BRDA:54,1,1,0
BRDA:72,2,0,1
BRDA:72,2,1,0
BRDA:76,3,0,0
BRDA:76,3,1,0
BRDA:84,4,0,0
BRDA:84,4,1,0
BRDA:106,5,0,0
BRDA:106,5,1,0
BRDA:124,6,0,0
BRDA:124,6,1,0
BRDA:130,7,0,0
BRDA:130,7,1,0
BRDA:146,8,0,0
BRDA:146,8,1,0
BRDA:153,9,0,1
BRDA:153,9,1,0
BRDA:171,10,0,0
BRDA:171,10,1,0
BRDA:178,11,0,2
BRDA:178,11,1,0
BRF:24
BRH:4
end_of_record
TN:
SF:src\Hooks\UseSidebar.ts
FNF:0
FNH:0
LF:0
LH:0
BRF:0
BRH:0
end_of_record
TN:
SF:src\Hooks\UseStructure.ts
FN:152,(anonymous_0)
FN:161,(anonymous_1)
FN:168,(anonymous_2)
FN:177,(anonymous_3)
FN:194,(anonymous_4)
FN:203,(anonymous_5)
FN:204,(anonymous_6)
FN:224,(anonymous_7)
FN:232,(anonymous_8)
FN:232,(anonymous_9)
FN:247,(anonymous_10)
FN:255,(anonymous_11)
FN:256,(anonymous_12)
FN:274,(anonymous_13)
FN:282,(anonymous_14)
FN:283,(anonymous_15)
FN:301,(anonymous_16)
FN:325,(anonymous_17)
FN:354,(anonymous_18)
FN:362,(anonymous_19)
FN:388,(anonymous_20)
FN:412,(anonymous_21)
FN:420,(anonymous_22)
FN:421,(anonymous_23)
FN:439,(anonymous_24)
FN:447,(anonymous_25)
FN:448,(anonymous_26)
FN:466,(anonymous_27)
FN:474,(anonymous_28)
FN:475,(anonymous_29)
FN:491,(anonymous_30)
FNF:31
FNH:0
FNDA:0,(anonymous_0)
FNDA:0,(anonymous_1)
FNDA:0,(anonymous_2)
FNDA:0,(anonymous_3)
FNDA:0,(anonymous_4)
FNDA:0,(anonymous_5)
FNDA:0,(anonymous_6)
FNDA:0,(anonymous_7)
FNDA:0,(anonymous_8)
FNDA:0,(anonymous_9)
FNDA:0,(anonymous_10)
FNDA:0,(anonymous_11)
FNDA:0,(anonymous_12)
FNDA:0,(anonymous_13)
FNDA:0,(anonymous_14)
FNDA:0,(anonymous_15)
FNDA:0,(anonymous_16)
FNDA:0,(anonymous_17)
FNDA:0,(anonymous_18)
FNDA:0,(anonymous_19)
FNDA:0,(anonymous_20)
FNDA:0,(anonymous_21)
FNDA:0,(anonymous_22)
FNDA:0,(anonymous_23)
FNDA:0,(anonymous_24)
FNDA:0,(anonymous_25)
FNDA:0,(anonymous_26)
FNDA:0,(anonymous_27)
FNDA:0,(anonymous_28)
FNDA:0,(anonymous_29)
FNDA:0,(anonymous_30)
DA:13,1
DA:120,1
DA:152,1
DA:153,0
DA:154,0
DA:155,0
DA:156,0
DA:161,0
DA:162,0
DA:168,0
DA:169,0
DA:170,0
DA:172,0
DA:173,0
DA:175,0
DA:177,0
DA:178,0
DA:181,0
DA:183,0
DA:184,0
DA:185,0
DA:187,0
DA:194,0
DA:195,0
DA:196,0
DA:198,0
DA:199,0
DA:201,0
DA:203,0
DA:204,0
DA:205,0
DA:208,0
DA:211,0
DA:213,0
DA:214,0
DA:215,0
DA:217,0
DA:224,0
DA:225,0
DA:226,0
DA:228,0
DA:229,0
DA:232,0
DA:233,0
DA:236,0
DA:237,0
DA:238,0
DA:240,0
DA:247,0
DA:248,0
DA:249,0
DA:251,0
DA:252,0
DA:255,0
DA:256,0
DA:257,0
DA:260,0
DA:263,0
DA:264,0
DA:265,0
DA:267,0
DA:274,0
DA:275,0
DA:276,0
DA:278,0
DA:279,0
DA:282,0
DA:283,0
DA:284,0
DA:287,0
DA:290,0
DA:291,0
DA:292,0
DA:294,0
DA:301,0
DA:302,0
DA:303,0
DA:305,0
DA:306,0
DA:308,0
DA:309,0
DA:312,0
DA:314,0
DA:315,0
DA:316,0
DA:318,0
DA:325,0
DA:326,0
DA:327,0
DA:329,0
DA:330,0
DA:334,0
DA:336,0
DA:337,0
DA:338,0
DA:341,0
DA:343,0
DA:344,0
DA:345,0
DA:347,0
DA:354,0
DA:355,0
DA:356,0
DA:358,0
DA:360,0
DA:362,0
DA:363,0
DA:364,0
DA:368,0
DA:370,0
DA:371,0
DA:372,0
DA:375,0
DA:377,0
DA:378,0
DA:379,0
DA:381,0
DA:388,0
DA:389,0
DA:390,0
DA:392,0
DA:393,0
DA:395,0
DA:396,0
DA:399,0
DA:401,0
DA:402,0
DA:403,0
DA:405,0
DA:412,0
DA:413,0
DA:414,0
DA:416,0
DA:417,0
DA:420,0
DA:421,0
DA:422,0
DA:425,0
DA:428,0
DA:429,0
DA:430,0
DA:432,0
DA:439,0
DA:440,0
DA:441,0
DA:443,0
DA:444,0
DA:447,0
DA:448,0
DA:449,0
DA:452,0
DA:455,0
DA:456,0
DA:457,0
DA:459,0
DA:466,0
DA:467,0
DA:468,0
DA:470,0
DA:471,0
DA:474,0
DA:475,0
DA:477,0
DA:480,0
DA:481,0
DA:482,0
DA:484,0
DA:491,0
DA:493,0
DA:496,0
LF:170
LH:3
BRDA:175,0,0,0
BRDA:175,0,1,0
BRDA:183,1,0,0
BRDA:183,1,1,0
BRDA:201,2,0,0
BRDA:201,2,1,0
BRDA:205,3,0,0
BRDA:205,3,1,0
BRDA:213,4,0,0
BRDA:213,4,1,0
BRDA:236,5,0,0
BRDA:236,5,1,0
BRDA:257,6,0,0
BRDA:257,6,1,0
BRDA:263,7,0,0
BRDA:263,7,1,0
BRDA:284,8,0,0
BRDA:284,8,1,0
BRDA:290,9,0,0
BRDA:290,9,1,0
BRDA:308,10,0,0
BRDA:308,10,1,0
BRDA:314,11,0,0
BRDA:314,11,1,0
BRDA:330,12,0,0
BRDA:330,12,1,0
BRDA:334,13,0,0
BRDA:334,13,1,0
BRDA:336,14,0,0
BRDA:336,14,1,0
BRDA:343,15,0,0
BRDA:343,15,1,0
BRDA:360,16,0,0
BRDA:360,16,1,0
BRDA:370,17,0,0
BRDA:370,17,1,0
BRDA:377,18,0,0
BRDA:377,18,1,0
BRDA:395,19,0,0
BRDA:395,19,1,0
BRDA:401,20,0,0
BRDA:401,20,1,0
BRDA:422,21,0,0
BRDA:422,21,1,0
BRDA:428,22,0,0
BRDA:428,22,1,0
BRDA:449,23,0,0
BRDA:449,23,1,0
BRDA:455,24,0,0
BRDA:455,24,1,0
BRDA:480,25,0,0
BRDA:480,25,1,0
BRF:52
BRH:0
end_of_record
TN:
SF:src\Pages\HomePage.tsx
FN:5,(anonymous_0)
FNF:1
FNH:1
FNDA:1,(anonymous_0)
DA:5,1
DA:6,1
DA:8,1
LF:3
LH:3
BRF:0
BRH:0
end_of_record
TN:
SF:src\Pages\Index.ts
FNF:0
FNH:0
LF:0
LH:0
BRF:0
BRH:0
end_of_record
TN:
SF:src\Pages\RolesEditPage.tsx
FN:22,(anonymous_0)
FN:31,(anonymous_1)
FN:32,(anonymous_2)
FN:63,(anonymous_3)
FN:74,(anonymous_4)
FNF:5
FNH:0
FNDA:0,(anonymous_0)
FNDA:0,(anonymous_1)
FNDA:0,(anonymous_2)
FNDA:0,(anonymous_3)
FNDA:0,(anonymous_4)
DA:22,1
DA:23,0
DA:24,0
DA:25,0
DA:26,0
DA:27,0
DA:28,0
DA:31,0
DA:32,0
DA:33,0
DA:34,0
DA:35,0
DA:36,0
DA:39,0
DA:40,0
DA:41,0
DA:43,0
DA:44,0
DA:46,0
DA:50,0
DA:51,0
DA:53,0
DA:57,0
DA:63,0
DA:64,0
DA:68,0
DA:74,0
DA:75,0
DA:78,0
DA:79,0
DA:94,0
DA:95,0
DA:130,0
DA:131,0
DA:155,0
LF:35
LH:1
BRDA:33,0,0,0
BRDA:33,0,1,0
BRDA:43,1,0,0
BRDA:43,1,1,0
BRDA:50,2,0,0
BRDA:50,2,1,0
BRDA:78,3,0,0
BRDA:78,3,1,0
BRDA:94,4,0,0
BRDA:94,4,1,0
BRDA:130,5,0,0
BRDA:130,5,1,0
BRF:12
BRH:0
end_of_record
TN:
SF:src\Pages\RolesListPage.tsx
FN:15,(anonymous_0)
FN:27,(anonymous_1)
FN:33,(anonymous_2)
FN:40,(anonymous_3)
FN:54,(anonymous_4)
FN:58,(anonymous_5)
FNF:6
FNH:1
FNDA:15,(anonymous_0)
FNDA:0,(anonymous_1)
FNDA:0,(anonymous_2)
FNDA:0,(anonymous_3)
FNDA:0,(anonymous_4)
FNDA:0,(anonymous_5)
DA:15,2
DA:16,15
DA:19,15
DA:27,14
DA:28,0
DA:30,0
DA:33,14
DA:34,0
DA:40,14
DA:41,0
DA:43,0
DA:45,0
DA:46,0
DA:51,0
DA:54,14
DA:55,0
DA:58,14
DA:59,0
DA:62,14
LF:19
LH:9
BRDA:41,0,0,0
BRDA:41,0,1,0
BRDA:45,1,0,0
BRDA:45,1,1,0
BRF:4
BRH:0
end_of_record
TN:
SF:src\Pages\RolesPage.tsx
FN:20,(anonymous_0)
FN:39,(anonymous_1)
FN:51,(anonymous_2)
FN:63,(anonymous_3)
FN:79,(anonymous_4)
FN:86,(anonymous_5)
FNF:6
FNH:0
FNDA:0,(anonymous_0)
FNDA:0,(anonymous_1)
FNDA:0,(anonymous_2)
FNDA:0,(anonymous_3)
FNDA:0,(anonymous_4)
FNDA:0,(anonymous_5)
DA:20,1
DA:22,0
DA:25,0
DA:34,0
DA:39,0
DA:40,0
DA:42,0
DA:51,0
DA:52,0
DA:54,0
DA:56,0
DA:58,0
DA:59,0
DA:63,0
DA:67,0
DA:69,0
DA:72,0
DA:79,0
DA:80,0
DA:86,0
DA:87,0
DA:91,0
LF:22
LH:1
BRDA:52,0,0,0
BRDA:52,0,1,0
BRDA:58,1,0,0
BRDA:58,1,1,0
BRF:4
BRH:0
end_of_record
TN:
SF:src\Pages\UsersPage.tsx
FN:4,(anonymous_0)
FNF:1
FNH:0
FNDA:0,(anonymous_0)
DA:4,1
DA:5,0
LF:2
LH:1
BRF:0
BRH:0
end_of_record
TN:
SF:src\Pages\Structure\StructureCreation.tsx
FN:37,(anonymous_0)
FN:46,(anonymous_1)
FN:47,(anonymous_2)
FN:48,(anonymous_3)
FN:78,(anonymous_4)
FN:85,(anonymous_5)
FN:93,(anonymous_6)
FN:143,(anonymous_7)
FN:148,(anonymous_8)
FN:156,(anonymous_9)
FN:172,(anonymous_10)
FN:173,(anonymous_11)
FN:177,(anonymous_12)
FN:184,(anonymous_13)
FN:185,(anonymous_14)
FN:198,(anonymous_15)
FN:214,(anonymous_16)
FN:234,(anonymous_17)
FN:239,(anonymous_18)
FN:244,(anonymous_19)
FN:250,(anonymous_20)
FN:277,(anonymous_21)
FN:289,(anonymous_22)
FN:306,(anonymous_23)
FN:317,(anonymous_24)
FN:331,(anonymous_25)
FN:356,(anonymous_26)
FNF:27
FNH:0
FNDA:0,(anonymous_0)
FNDA:0,(anonymous_1)
FNDA:0,(anonymous_2)
FNDA:0,(anonymous_3)
FNDA:0,(anonymous_4)
FNDA:0,(anonymous_5)
FNDA:0,(anonymous_6)
FNDA:0,(anonymous_7)
FNDA:0,(anonymous_8)
FNDA:0,(anonymous_9)
FNDA:0,(anonymous_10)
FNDA:0,(anonymous_11)
FNDA:0,(anonymous_12)
FNDA:0,(anonymous_13)
FNDA:0,(anonymous_14)
FNDA:0,(anonymous_15)
FNDA:0,(anonymous_16)
FNDA:0,(anonymous_17)
FNDA:0,(anonymous_18)
FNDA:0,(anonymous_19)
FNDA:0,(anonymous_20)
FNDA:0,(anonymous_21)
FNDA:0,(anonymous_22)
FNDA:0,(anonymous_23)
FNDA:0,(anonymous_24)
FNDA:0,(anonymous_25)
FNDA:0,(anonymous_26)
DA:37,1
DA:43,0
DA:46,0
DA:47,0
DA:48,0
DA:49,0
DA:50,0
DA:51,0
DA:53,0
DA:56,0
DA:60,0
DA:69,0
DA:70,0
DA:71,0
DA:72,0
DA:78,0
DA:79,0
DA:81,0
DA:82,0
DA:85,0
DA:86,0
DA:93,0
DA:94,0
DA:96,0
DA:97,0
DA:98,0
DA:100,0
DA:103,0
DA:104,0
DA:105,0
DA:107,0
DA:108,0
DA:110,0
DA:113,0
DA:114,0
DA:115,0
DA:117,0
DA:118,0
DA:120,0
DA:123,0
DA:124,0
DA:126,0
DA:129,0
DA:130,0
DA:131,0
DA:133,0
DA:136,0
DA:143,0
DA:144,0
DA:145,0
DA:148,0
DA:149,0
DA:150,0
DA:151,0
DA:156,0
DA:157,0
DA:158,0
DA:159,0
DA:160,0
DA:165,0
DA:166,0
DA:172,0
DA:173,0
DA:176,0
DA:177,0
DA:184,0
DA:185,0
DA:192,0
DA:198,0
DA:199,0
DA:201,0
DA:202,0
DA:205,0
DA:207,0
DA:208,0
DA:210,0
DA:211,0
DA:214,0
DA:215,0
DA:222,0
DA:227,0
DA:229,0
DA:234,0
DA:235,0
DA:239,0
DA:240,0
DA:244,0
DA:250,0
DA:255,0
DA:257,0
DA:277,0
DA:289,0
DA:306,0
DA:317,0
DA:331,0
DA:356,0
LF:96
LH:1
BRDA:50,0,0,0
BRDA:50,0,1,0
BRDA:50,1,0,0
BRDA:50,1,1,0
BRDA:81,2,0,0
BRDA:81,2,1,0
BRDA:86,3,0,0
BRDA:86,3,1,0
BRDA:94,4,0,0
BRDA:94,4,1,0
BRDA:94,4,2,0
BRDA:94,4,3,0
BRDA:94,4,4,0
BRDA:94,4,5,0
BRDA:96,5,0,0
BRDA:96,5,1,0
BRDA:97,6,0,0
BRDA:97,6,1,0
BRDA:103,7,0,0
BRDA:103,7,1,0
BRDA:104,8,0,0
BRDA:104,8,1,0
BRDA:107,9,0,0
BRDA:107,9,1,0
BRDA:113,10,0,0
BRDA:113,10,1,0
BRDA:114,11,0,0
BRDA:114,11,1,0
BRDA:117,12,0,0
BRDA:117,12,1,0
BRDA:123,13,0,0
BRDA:123,13,1,0
BRDA:123,14,0,0
BRDA:123,14,1,0
BRDA:130,15,0,0
BRDA:130,15,1,0
BRDA:130,16,0,0
BRDA:130,16,1,0
BRDA:149,17,0,0
BRDA:149,17,1,0
BRDA:150,18,0,0
BRDA:150,18,1,0
BRDA:157,19,0,0
BRDA:157,19,1,0
BRDA:158,20,0,0
BRDA:158,20,1,0
BRDA:159,21,0,0
BRDA:159,21,1,0
BRDA:176,22,0,0
BRDA:176,22,1,0
BRDA:201,23,0,0
BRDA:201,23,1,0
BRDA:210,24,0,0
BRDA:210,24,1,0
BRDA:260,25,0,0
BRDA:260,25,1,0
BRDA:283,26,0,0
BRDA:283,26,1,0
BRDA:293,27,0,0
BRDA:293,27,1,0
BRDA:336,28,0,0
BRDA:336,28,1,0
BRDA:343,29,0,0
BRDA:343,29,1,0
BRDA:366,30,0,0
BRDA:366,30,1,0
BRF:66
BRH:0
end_of_record
TN:
SF:src\Pages\Structure\StructureDeletion.tsx
FN:25,(anonymous_0)
FN:50,(anonymous_1)
FN:51,(anonymous_2)
FN:52,(anonymous_3)
FN:71,(anonymous_4)
FN:76,(anonymous_5)
FN:82,(anonymous_6)
FN:90,(anonymous_7)
FN:95,(anonymous_8)
FN:113,(anonymous_9)
FN:120,(anonymous_10)
FN:140,(anonymous_11)
FN:154,(anonymous_12)
FN:170,(anonymous_13)
FN:176,(anonymous_14)
FN:208,(anonymous_15)
FN:228,(anonymous_16)
FN:247,(anonymous_17)
FN:258,(anonymous_18)
FN:281,(anonymous_19)
FN:324,(anonymous_20)
FN:386,(anonymous_21)
FN:397,(anonymous_22)
FN:406,(anonymous_23)
FNF:24
FNH:0
FNDA:0,(anonymous_0)
FNDA:0,(anonymous_1)
FNDA:0,(anonymous_2)
FNDA:0,(anonymous_3)
FNDA:0,(anonymous_4)
FNDA:0,(anonymous_5)
FNDA:0,(anonymous_6)
FNDA:0,(anonymous_7)
FNDA:0,(anonymous_8)
FNDA:0,(anonymous_9)
FNDA:0,(anonymous_10)
FNDA:0,(anonymous_11)
FNDA:0,(anonymous_12)
FNDA:0,(anonymous_13)
FNDA:0,(anonymous_14)
FNDA:0,(anonymous_15)
FNDA:0,(anonymous_16)
FNDA:0,(anonymous_17)
FNDA:0,(anonymous_18)
FNDA:0,(anonymous_19)
FNDA:0,(anonymous_20)
FNDA:0,(anonymous_21)
FNDA:0,(anonymous_22)
FNDA:0,(anonymous_23)
DA:25,1
DA:34,0
DA:37,0
DA:38,0
DA:39,0
DA:40,0
DA:43,0
DA:44,0
DA:50,0
DA:51,0
DA:52,0
DA:53,0
DA:60,0
DA:61,0
DA:62,0
DA:64,0
DA:67,0
DA:71,0
DA:72,0
DA:76,0
DA:77,0
DA:80,0
DA:81,0
DA:82,0
DA:83,0
DA:89,0
DA:90,0
DA:94,0
DA:95,0
DA:96,0
DA:98,0
DA:100,0
DA:102,0
DA:104,0
DA:109,0
DA:113,0
DA:114,0
DA:115,0
DA:116,0
DA:120,0
DA:121,0
DA:123,0
DA:124,0
DA:127,0
DA:129,0
DA:131,0
DA:133,0
DA:135,0
DA:140,0
DA:141,0
DA:143,0
DA:145,0
DA:147,0
DA:149,0
DA:154,0
DA:155,0
DA:157,0
DA:159,0
DA:161,0
DA:163,0
DA:165,0
DA:170,0
DA:171,0
DA:172,0
DA:176,0
DA:177,0
DA:179,0
DA:181,0
DA:182,0
DA:184,0
DA:186,0
DA:187,0
DA:189,0
DA:190,0
DA:192,0
DA:193,0
DA:196,0
DA:197,0
DA:200,0
DA:202,0
DA:203,0
DA:208,0
DA:209,0
DA:211,0
DA:213,0
DA:215,0
DA:217,0
DA:221,0
DA:223,0
DA:228,0
DA:229,0
DA:232,0
DA:247,0
DA:258,0
DA:281,0
DA:325,0
DA:326,0
DA:328,0
DA:386,0
DA:397,0
DA:406,0
LF:101
LH:1
BRDA:56,0,0,0
BRDA:56,0,1,0
BRDA:56,0,2,0
BRDA:57,1,0,0
BRDA:57,1,1,0
BRDA:58,2,0,0
BRDA:58,2,1,0
BRDA:61,3,0,0
BRDA:61,3,1,0
BRDA:61,4,0,0
BRDA:61,4,1,0
BRDA:80,5,0,0
BRDA:80,5,1,0
BRDA:83,6,0,0
BRDA:83,6,1,0
BRDA:89,7,0,0
BRDA:89,7,1,0
BRDA:94,8,0,0
BRDA:94,8,1,0
BRDA:96,9,0,0
BRDA:96,9,1,0
BRDA:96,9,2,0
BRDA:96,9,3,0
BRDA:98,10,0,0
BRDA:98,10,1,0
BRDA:102,11,0,0
BRDA:102,11,1,0
BRDA:114,12,0,0
BRDA:114,12,1,0
BRDA:115,13,0,0
BRDA:115,13,1,0
BRDA:120,14,0,0
BRDA:123,15,0,0
BRDA:123,15,1,0
BRDA:127,16,0,0
BRDA:127,16,1,0
BRDA:127,16,2,0
BRDA:127,16,3,0
BRDA:141,17,0,0
BRDA:141,17,1,0
BRDA:141,17,2,0
BRDA:141,17,3,0
BRDA:157,18,0,0
BRDA:157,18,1,0
BRDA:157,18,2,0
BRDA:157,18,3,0
BRDA:177,19,0,0
BRDA:177,19,1,0
BRDA:184,20,0,0
BRDA:184,20,1,0
BRDA:184,20,2,0
BRDA:196,21,0,0
BRDA:196,21,1,0
BRDA:209,22,0,0
BRDA:209,22,1,0
BRDA:213,23,0,0
BRDA:213,23,1,0
BRDA:213,23,2,0
BRDA:213,23,3,0
BRDA:218,24,0,0
BRDA:218,24,1,0
BRDA:312,25,0,0
BRDA:312,25,1,0
BRDA:316,26,0,0
BRDA:316,26,1,0
BRDA:332,27,0,0
BRDA:332,27,1,0
BRDA:343,28,0,0
BRDA:343,28,1,0
BRDA:352,29,0,0
BRDA:352,29,1,0
BRDA:352,29,2,0
BRDA:354,30,0,0
BRDA:354,30,1,0
BRDA:366,31,0,0
BRDA:366,31,1,0
BRDA:371,32,0,0
BRDA:371,32,1,0
BRDA:376,33,0,0
BRDA:376,33,1,0
BRDA:384,34,0,0
BRDA:384,34,1,0
BRDA:395,35,0,0
BRDA:395,35,1,0
BRDA:404,36,0,0
BRDA:404,36,1,0
BRDA:446,37,0,0
BRDA:446,37,1,0
BRDA:447,38,0,0
BRDA:447,38,1,0
BRDA:451,39,0,0
BRDA:451,39,1,0
BRF:92
BRH:0
end_of_record
TN:
SF:src\Pages\Structure\StructureEditForm.tsx
FN:30,(anonymous_0)
FN:51,(anonymous_1)
FN:52,(anonymous_2)
FN:53,(anonymous_3)
FN:77,(anonymous_4)
FN:82,(anonymous_5)
FN:93,(anonymous_6)
FN:94,(anonymous_7)
FN:119,(anonymous_8)
FN:120,(anonymous_9)
FN:140,(anonymous_10)
FN:156,(anonymous_11)
FN:162,(anonymous_12)
FN:197,(anonymous_13)
FN:208,(anonymous_14)
FN:292,(anonymous_15)
FN:309,(anonymous_16)
FN:325,(anonymous_17)
FN:347,(anonymous_18)
FN:354,(anonymous_19)
FN:396,(anonymous_20)
FNF:21
FNH:0
FNDA:0,(anonymous_0)
FNDA:0,(anonymous_1)
FNDA:0,(anonymous_2)
FNDA:0,(anonymous_3)
FNDA:0,(anonymous_4)
FNDA:0,(anonymous_5)
FNDA:0,(anonymous_6)
FNDA:0,(anonymous_7)
FNDA:0,(anonymous_8)
FNDA:0,(anonymous_9)
FNDA:0,(anonymous_10)
FNDA:0,(anonymous_11)
FNDA:0,(anonymous_12)
FNDA:0,(anonymous_13)
FNDA:0,(anonymous_14)
FNDA:0,(anonymous_15)
FNDA:0,(anonymous_16)
FNDA:0,(anonymous_17)
FNDA:0,(anonymous_18)
FNDA:0,(anonymous_19)
FNDA:0,(anonymous_20)
DA:30,1
DA:32,0
DA:33,0
DA:36,0
DA:38,0
DA:39,0
DA:44,0
DA:47,0
DA:48,0
DA:51,0
DA:52,0
DA:53,0
DA:54,0
DA:55,0
DA:56,0
DA:58,0
DA:61,0
DA:64,0
DA:77,0
DA:78,0
DA:82,0
DA:83,0
DA:84,0
DA:85,0
DA:86,0
DA:88,0
DA:93,0
DA:94,0
DA:95,0
DA:96,0
DA:97,0
DA:100,0
DA:109,0
DA:110,0
DA:115,0
DA:119,0
DA:120,0
DA:126,0
DA:128,0
DA:135,0
DA:140,0
DA:141,0
DA:152,0
DA:156,0
DA:157,0
DA:158,0
DA:162,0
DA:163,0
DA:165,0
DA:166,0
DA:168,0
DA:175,0
DA:176,0
DA:177,0
DA:181,0
DA:186,0
DA:189,0
DA:191,0
DA:192,0
DA:197,0
DA:198,0
DA:200,0
DA:201,0
DA:203,0
DA:208,0
DA:209,0
DA:210,0
DA:211,0
DA:214,0
DA:218,0
DA:219,0
DA:229,0
DA:292,0
DA:309,0
DA:325,0
DA:347,0
DA:354,0
DA:397,0
LF:78
LH:1
BRDA:55,0,0,0
BRDA:55,0,1,0
BRDA:55,1,0,0
BRDA:55,1,1,0
BRDA:84,2,0,0
BRDA:84,2,1,0
BRDA:84,3,0,0
BRDA:84,3,1,0
BRDA:86,4,0,0
BRDA:86,4,1,0
BRDA:95,5,0,0
BRDA:95,5,1,0
BRDA:113,6,0,0
BRDA:113,6,1,0
BRDA:126,7,0,0
BRDA:126,7,1,0
BRDA:128,8,0,0
BRDA:128,8,1,0
BRDA:128,8,2,0
BRDA:128,8,3,0
BRDA:128,8,4,0
BRDA:128,8,5,0
BRDA:128,8,6,0
BRDA:128,8,7,0
BRDA:128,8,8,0
BRDA:128,8,9,0
BRDA:128,8,10,0
BRDA:128,8,11,0
BRDA:130,9,0,0
BRDA:130,9,1,0
BRDA:133,10,0,0
BRDA:133,10,1,0
BRDA:152,11,0,0
BRDA:152,11,1,0
BRDA:163,12,0,0
BRDA:163,12,1,0
BRDA:163,13,0,0
BRDA:163,13,1,0
BRDA:166,14,0,0
BRDA:166,14,1,0
BRDA:175,15,0,0
BRDA:175,15,1,0
BRDA:184,16,0,0
BRDA:184,16,1,0
BRDA:198,17,0,0
BRDA:198,17,1,0
BRDA:200,18,0,0
BRDA:200,18,1,0
BRDA:209,19,0,0
BRDA:209,19,1,0
BRDA:210,20,0,0
BRDA:210,20,1,0
BRDA:218,21,0,0
BRDA:218,21,1,0
BRDA:218,22,0,0
BRDA:218,22,1,0
BRDA:269,23,0,0
BRDA:269,23,1,0
BRDA:270,24,0,0
BRDA:270,24,1,0
BRDA:294,25,0,0
BRDA:294,25,1,0
BRDA:311,26,0,0
BRDA:311,26,1,0
BRDA:328,27,0,0
BRDA:328,27,1,0
BRDA:328,28,0,0
BRDA:328,28,1,0
BRDA:349,29,0,0
BRDA:349,29,1,0
BRDA:355,30,0,0
BRDA:355,30,1,0
BRDA:358,31,0,0
BRDA:358,31,1,0
BRDA:385,32,0,0
BRDA:385,32,1,0
BRDA:404,33,0,0
BRDA:404,33,1,0
BRDA:420,34,0,0
BRDA:420,34,1,0
BRDA:426,35,0,0
BRDA:426,35,1,0
BRDA:429,36,0,0
BRDA:429,36,1,0
BRDA:432,37,0,0
BRDA:432,37,1,0
BRDA:432,38,0,0
BRDA:432,38,1,0
BRDA:445,39,0,0
BRDA:445,39,1,0
BRDA:463,40,0,0
BRDA:463,40,1,0
BRDA:465,41,0,0
BRDA:465,41,1,0
BRF:94
BRH:0
end_of_record
TN:
SF:src\Pages\Structure\StructureEditList.tsx
FN:12,(anonymous_0)
FN:24,(anonymous_1)
FN:25,(anonymous_2)
FN:26,(anonymous_3)
FN:38,(anonymous_4)
FN:43,(anonymous_5)
FN:49,(anonymous_6)
FN:57,(anonymous_7)
FN:64,(anonymous_8)
FN:80,(anonymous_9)
FN:85,(anonymous_10)
FN:104,(anonymous_11)
FN:115,(anonymous_12)
FN:164,(anonymous_13)
FN:210,(anonymous_14)
FNF:15
FNH:0
FNDA:0,(anonymous_0)
FNDA:0,(anonymous_1)
FNDA:0,(anonymous_2)
FNDA:0,(anonymous_3)
FNDA:0,(anonymous_4)
FNDA:0,(anonymous_5)
FNDA:0,(anonymous_6)
FNDA:0,(anonymous_7)
FNDA:0,(anonymous_8)
FNDA:0,(anonymous_9)
FNDA:0,(anonymous_10)
FNDA:0,(anonymous_11)
FNDA:0,(anonymous_12)
FNDA:0,(anonymous_13)
FNDA:0,(anonymous_14)
DA:12,1
DA:13,0
DA:16,0
DA:19,0
DA:20,0
DA:21,0
DA:24,0
DA:25,0
DA:26,0
DA:27,0
DA:28,0
DA:29,0
DA:31,0
DA:34,0
DA:38,0
DA:39,0
DA:43,0
DA:44,0
DA:47,0
DA:48,0
DA:49,0
DA:50,0
DA:56,0
DA:57,0
DA:60,0
DA:64,0
DA:65,0
DA:76,0
DA:80,0
DA:81,0
DA:85,0
DA:86,0
DA:89,0
DA:104,0
DA:115,0
DA:165,0
DA:210,0
LF:37
LH:1
BRDA:28,0,0,0
BRDA:28,0,1,0
BRDA:28,1,0,0
BRDA:28,1,1,0
BRDA:47,2,0,0
BRDA:47,2,1,0
BRDA:50,3,0,0
BRDA:50,3,1,0
BRDA:56,4,0,0
BRDA:56,4,1,0
BRDA:76,5,0,0
BRDA:76,5,1,0
BRDA:152,6,0,0
BRDA:152,6,1,0
BRDA:156,7,0,0
BRDA:156,7,1,0
BRDA:180,8,0,0
BRDA:180,8,1,0
BRDA:184,9,0,0
BRDA:184,9,1,0
BRDA:186,10,0,0
BRDA:186,10,1,0
BRDA:197,11,0,0
BRDA:197,11,1,0
BRF:24
BRH:0
end_of_record
TN:
SF:src\Pages\Structure\StructureRepository.tsx
FN:128,(anonymous_0)
FN:160,(anonymous_1)
FN:224,(anonymous_2)
FN:237,(anonymous_3)
FN:244,(anonymous_4)
FN:246,(anonymous_5)
FN:247,(anonymous_6)
FN:257,(anonymous_7)
FN:258,(anonymous_8)
FN:270,(anonymous_9)
FN:271,(anonymous_10)
FN:276,(anonymous_11)
FN:281,(anonymous_12)
FN:282,(anonymous_13)
FN:286,(anonymous_14)
FN:296,(anonymous_15)
FN:340,(anonymous_16)
FN:341,(anonymous_17)
FN:358,(anonymous_18)
FNF:19
FNH:0
FNDA:0,(anonymous_0)
FNDA:0,(anonymous_1)
FNDA:0,(anonymous_2)
FNDA:0,(anonymous_3)
FNDA:0,(anonymous_4)
FNDA:0,(anonymous_5)
FNDA:0,(anonymous_6)
FNDA:0,(anonymous_7)
FNDA:0,(anonymous_8)
FNDA:0,(anonymous_9)
FNDA:0,(anonymous_10)
FNDA:0,(anonymous_11)
FNDA:0,(anonymous_12)
FNDA:0,(anonymous_13)
FNDA:0,(anonymous_14)
FNDA:0,(anonymous_15)
FNDA:0,(anonymous_16)
FNDA:0,(anonymous_17)
FNDA:0,(anonymous_18)
DA:15,1
DA:128,1
DA:129,0
DA:130,0
DA:132,0
DA:135,0
DA:146,0
DA:148,0
DA:160,0
DA:225,0
DA:237,1
DA:238,0
DA:239,0
DA:240,0
DA:241,0
DA:244,0
DA:245,0
DA:246,0
DA:247,0
DA:257,0
DA:258,0
DA:259,0
DA:260,0
DA:261,0
DA:263,0
DA:265,0
DA:270,0
DA:271,0
DA:272,0
DA:276,0
DA:277,0
DA:281,0
DA:282,0
DA:283,0
DA:286,0
DA:288,0
DA:289,0
DA:292,0
DA:296,0
DA:297,0
DA:298,0
DA:299,0
DA:303,0
DA:304,0
DA:314,0
DA:341,0
DA:342,0
DA:359,0
LF:48
LH:3
BRDA:158,0,0,0
BRDA:158,0,1,0
BRDA:162,1,0,0
BRDA:162,1,1,0
BRDA:167,2,0,0
BRDA:167,2,1,0
BRDA:183,3,0,0
BRDA:183,3,1,0
BRDA:201,4,0,0
BRDA:201,4,1,0
BRDA:212,5,0,0
BRDA:212,5,1,0
BRDA:217,6,0,0
BRDA:217,6,1,0
BRDA:222,7,0,0
BRDA:222,7,1,0
BRDA:222,7,2,0
BRDA:244,8,0,0
BRDA:260,9,0,0
BRDA:260,9,1,0
BRDA:297,10,0,0
BRDA:297,10,1,0
BRDA:303,11,0,0
BRDA:303,11,1,0
BRDA:345,12,0,0
BRDA:345,12,1,0
BRDA:356,13,0,0
BRDA:356,13,1,0
BRF:28
BRH:0
end_of_record
TN:
SF:src\Pages\Structure\index.ts
FNF:0
FNH:0
LF:0
LH:0
BRF:0
BRH:0
end_of_record
TN:
SF:src\Services\Index.ts
FNF:0
FNH:0
LF:0
LH:0
BRF:0
BRH:0
end_of_record
TN:
SF:src\Services\RoleService.ts
FN:71,(anonymous_0)
FN:76,(anonymous_1)
FN:86,(anonymous_2)
FN:94,(anonymous_3)
FN:120,(anonymous_4)
FN:146,(anonymous_5)
FN:182,(anonymous_6)
FN:206,(anonymous_7)
FN:241,(anonymous_8)
FNF:9
FNH:1
FNDA:0,(anonymous_0)
FNDA:0,(anonymous_1)
FNDA:1,(anonymous_2)
FNDA:0,(anonymous_3)
FNDA:0,(anonymous_4)
FNDA:0,(anonymous_5)
FNDA:0,(anonymous_6)
FNDA:0,(anonymous_7)
FNDA:0,(anonymous_8)
DA:71,1
DA:72,0
DA:76,0
DA:88,1
DA:95,0
DA:96,0
DA:105,0
DA:106,0
DA:107,0
DA:110,0
DA:112,0
DA:113,0
DA:121,0
DA:122,0
DA:131,0
DA:132,0
DA:133,0
DA:136,0
DA:138,0
DA:139,0
DA:147,0
DA:148,0
DA:155,0
DA:156,0
DA:157,0
DA:160,0
DA:164,0
DA:165,0
DA:166,0
DA:172,0
DA:174,0
DA:175,0
DA:183,0
DA:184,0
DA:191,0
DA:192,0
DA:193,0
DA:196,0
DA:198,0
DA:199,0
DA:207,0
DA:208,0
DA:215,0
DA:216,0
DA:217,0
DA:220,0
DA:223,0
DA:224,0
DA:225,0
DA:231,0
DA:233,0
DA:234,0
DA:242,0
DA:243,0
DA:245,0
DA:252,0
DA:253,0
DA:254,0
DA:257,0
DA:260,0
DA:261,0
DA:262,0
DA:268,0
DA:270,0
DA:271,0
DA:277,1
LF:66
LH:3
BRDA:105,0,0,0
BRDA:105,0,1,0
BRDA:107,1,0,0
BRDA:107,1,1,0
BRDA:131,2,0,0
BRDA:131,2,1,0
BRDA:133,3,0,0
BRDA:133,3,1,0
BRDA:155,4,0,0
BRDA:155,4,1,0
BRDA:157,5,0,0
BRDA:157,5,1,0
BRDA:164,6,0,0
BRDA:164,6,1,0
BRDA:164,7,0,0
BRDA:164,7,1,0
BRDA:191,8,0,0
BRDA:191,8,1,0
BRDA:193,9,0,0
BRDA:193,9,1,0
BRDA:215,10,0,0
BRDA:215,10,1,0
BRDA:217,11,0,0
BRDA:217,11,1,0
BRDA:223,12,0,0
BRDA:223,12,1,0
BRDA:223,13,0,0
BRDA:223,13,1,0
BRDA:252,14,0,0
BRDA:252,14,1,0
BRDA:254,15,0,0
BRDA:254,15,1,0
BRDA:260,16,0,0
BRDA:260,16,1,0
BRF:34
BRH:0
end_of_record
TN:
SF:src\Services\StructureService.ts
FN:31,(anonymous_0)
FN:37,(anonymous_1)
FN:41,(anonymous_2)
FN:55,(anonymous_3)
FN:57,(anonymous_4)
FN:64,(anonymous_5)
FN:70,(anonymous_6)
FN:81,(anonymous_7)
FN:91,(anonymous_8)
FN:98,(anonymous_9)
FN:104,(anonymous_10)
FN:110,(anonymous_11)
FN:112,(anonymous_12)
FN:120,(anonymous_13)
FN:129,(anonymous_14)
FNF:15
FNH:1
FNDA:1,(anonymous_0)
FNDA:0,(anonymous_1)
FNDA:0,(anonymous_2)
FNDA:0,(anonymous_3)
FNDA:0,(anonymous_4)
FNDA:0,(anonymous_5)
FNDA:0,(anonymous_6)
FNDA:0,(anonymous_7)
FNDA:0,(anonymous_8)
FNDA:0,(anonymous_9)
FNDA:0,(anonymous_10)
FNDA:0,(anonymous_11)
FNDA:0,(anonymous_12)
FNDA:0,(anonymous_13)
FNDA:0,(anonymous_14)
DA:16,1
DA:33,1
DA:38,0
DA:42,0
DA:43,0
DA:44,0
DA:45,0
DA:46,0
DA:47,0
DA:49,0
DA:51,0
DA:56,0
DA:57,0
DA:59,0
DA:65,0
DA:72,0
DA:82,0
DA:92,0
DA:99,0
DA:105,0
DA:111,0
DA:112,0
DA:113,0
DA:115,0
DA:121,0
DA:122,0
DA:123,0
DA:124,0
DA:130,0
DA:140,1
LF:30
LH:3
BRDA:43,0,0,0
BRDA:43,0,1,0
BRDA:47,1,0,0
BRDA:47,1,1,0
BRDA:56,2,0,0
BRDA:56,2,1,0
BRDA:113,3,0,0
BRDA:113,3,1,0
BRDA:113,4,0,0
BRDA:113,4,1,0
BRDA:113,4,2,0
BRDA:122,5,0,0
BRDA:122,5,1,0
BRDA:123,6,0,0
BRDA:123,6,1,0
BRF:15
BRH:0
end_of_record
TN:
SF:src\Types\ApiTypes.ts
FNF:0
FNH:0
LF:0
LH:0
BRF:0
BRH:0
end_of_record
TN:
SF:src\Types\CommonTypes.ts
FNF:0
FNH:0
LF:0
LH:0
BRF:0
BRH:0
end_of_record
TN:
SF:src\Types\Index.ts
FNF:0
FNH:0
LF:0
LH:0
BRF:0
BRH:0
end_of_record
TN:
SF:src\Types\RoleTypes.ts
FNF:0
FNH:0
LF:0
LH:0
BRF:0
BRH:0
end_of_record
TN:
SF:src\Types\StructureTypes.ts
FNF:0
FNH:0
DA:5,1
LF:1
LH:1
BRF:0
BRH:0
end_of_record
TN:
SF:src\Types\UserTypes.ts
FNF:0
FNH:0
LF:0
LH:0
BRF:0
BRH:0
end_of_record
TN:
SF:src\Utils\ClassNames.ts
FN:4,cn
FNF:1
FNH:1
FNDA:964,cn
DA:5,964
LF:1
LH:1
BRF:0
BRH:0
end_of_record
TN:
SF:src\Utils\Index.ts
FNF:0
FNH:0
LF:0
LH:0
BRF:0
BRH:0
end_of_record
TN:
SF:src\Utils\PermissionLabels.ts
FN:69,(anonymous_0)
FN:78,(anonymous_1)
FN:87,(anonymous_2)
FN:96,(anonymous_3)
FN:97,(anonymous_4)
FN:108,(anonymous_5)
FN:111,(anonymous_6)
FNF:7
FNH:0
FNDA:0,(anonymous_0)
FNDA:0,(anonymous_1)
FNDA:0,(anonymous_2)
FNDA:0,(anonymous_3)
FNDA:0,(anonymous_4)
FNDA:0,(anonymous_5)
FNDA:0,(anonymous_6)
DA:20,3
DA:69,3
DA:70,0
DA:78,3
DA:79,0
DA:87,3
DA:88,0
DA:96,3
DA:97,0
DA:108,3
DA:109,0
DA:111,0
DA:112,0
DA:113,0
DA:114,0
DA:116,0
DA:122,0
LF:17
LH:6
BRDA:70,0,0,0
BRDA:70,0,1,0
BRDA:79,1,0,0
BRDA:79,1,1,0
BRDA:88,2,0,0
BRDA:88,2,1,0
BRDA:113,3,0,0
BRDA:113,3,1,0
BRF:8
BRH:0
end_of_record
TN:
SF:src\Utils\Validation.ts
FN:19,(anonymous_0)
FN:20,(anonymous_1)
FN:29,(anonymous_2)
FN:30,(anonymous_3)
FN:35,(anonymous_4)
FN:36,(anonymous_5)
FN:41,(anonymous_6)
FN:42,(anonymous_7)
FN:47,(anonymous_8)
FN:48,(anonymous_9)
FN:53,(anonymous_10)
FN:54,(anonymous_11)
FN:59,(anonymous_12)
FN:60,(anonymous_13)
FN:68,(anonymous_14)
FN:84,(anonymous_15)
FN:89,(anonymous_16)
FN:106,(anonymous_17)
FN:111,(anonymous_18)
FN:123,(anonymous_19)
FN:131,(anonymous_20)
FN:137,(anonymous_21)
FN:138,(anonymous_22)
FN:144,(anonymous_23)
FN:154,(anonymous_24)
FNF:25
FNH:4
FNDA:1,(anonymous_0)
FNDA:0,(anonymous_1)
FNDA:2,(anonymous_2)
FNDA:0,(anonymous_3)
FNDA:2,(anonymous_4)
FNDA:0,(anonymous_5)
FNDA:0,(anonymous_6)
FNDA:0,(anonymous_7)
FNDA:0,(anonymous_8)
FNDA:0,(anonymous_9)
FNDA:1,(anonymous_10)
FNDA:0,(anonymous_11)
FNDA:0,(anonymous_12)
FNDA:0,(anonymous_13)
FNDA:0,(anonymous_14)
FNDA:0,(anonymous_15)
FNDA:0,(anonymous_16)
FNDA:0,(anonymous_17)
FNDA:0,(anonymous_18)
FNDA:0,(anonymous_19)
FNDA:0,(anonymous_20)
FNDA:0,(anonymous_21)
FNDA:0,(anonymous_22)
FNDA:0,(anonymous_23)
FNDA:0,(anonymous_24)
DA:17,1
DA:19,1
DA:21,0
DA:22,0
DA:23,0
DA:29,2
DA:30,0
DA:35,2
DA:36,0
DA:41,0
DA:42,0
DA:47,0
DA:48,0
DA:53,1
DA:54,0
DA:59,0
DA:61,0
DA:62,0
DA:68,0
DA:84,1
DA:87,0
DA:89,0
DA:94,0
DA:95,0
DA:97,0
DA:98,0
DA:99,0
DA:103,0
DA:106,0
DA:107,0
DA:108,0
DA:111,0
DA:112,0
DA:113,0
DA:114,0
DA:115,0
DA:119,0
DA:120,0
DA:123,0
DA:128,0
DA:130,0
DA:131,0
DA:137,0
DA:138,0
DA:144,0
DA:145,0
DA:148,0
DA:154,0
LF:48
LH:6
BRDA:19,0,0,0
BRDA:21,1,0,0
BRDA:21,1,1,0
BRDA:22,2,0,0
BRDA:22,2,1,0
BRDA:23,3,0,0
BRDA:23,3,1,0
BRDA:30,4,0,0
BRDA:30,4,1,0
BRDA:31,5,0,2
BRDA:31,5,1,0
BRDA:36,6,0,0
BRDA:36,6,1,0
BRDA:37,7,0,2
BRDA:37,7,1,0
BRDA:41,8,0,0
BRDA:42,9,0,0
BRDA:42,9,1,0
BRDA:47,10,0,0
BRDA:48,11,0,0
BRDA:48,11,1,0
BRDA:54,12,0,0
BRDA:54,12,1,0
BRDA:55,13,0,1
BRDA:55,13,1,0
BRDA:59,14,0,0
BRDA:61,15,0,0
BRDA:61,15,1,0
BRDA:95,16,0,0
BRDA:95,16,1,0
BRDA:98,17,0,0
BRDA:98,17,1,0
BRDA:113,18,0,0
BRDA:113,18,1,0
BRDA:128,19,0,0
BRDA:128,19,1,0
BRDA:133,20,0,0
BRDA:133,20,1,0
BRF:38
BRH:3
end_of_record
