TN:
SF:src\App.tsx
FN:12,(anonymous_0)
FN:12,(anonymous_1)
FN:13,(anonymous_2)
FN:14,(anonymous_3)
FN:14,(anonymous_4)
FN:15,(anonymous_5)
FN:15,(anonymous_6)
FN:16,(anonymous_7)
FN:16,(anonymous_8)
FN:17,(anonymous_9)
FN:18,(anonymous_10)
FN:19,(anonymous_11)
FN:20,(anonymous_12)
FN:21,(anonymous_13)
FN:21,(anonymous_14)
FN:22,(anonymous_15)
FN:22,(anonymous_16)
FN:23,(anonymous_17)
FN:23,(anonymous_18)
FN:24,(anonymous_19)
FN:24,(anonymous_20)
FN:25,(anonymous_21)
FN:26,(anonymous_22)
FN:26,(anonymous_23)
FN:27,(anonymous_24)
FN:28,(anonymous_25)
FN:29,(anonymous_26)
FN:30,(anonymous_27)
FN:30,(anonymous_28)
FN:33,(anonymous_29)
FN:33,(anonymous_30)
FN:34,(anonymous_31)
FN:34,(anonymous_32)
FN:37,(anonymous_33)
FN:43,App
FNF:35
FNH:1
FNDA:0,(anonymous_0)
FNDA:0,(anonymous_1)
FNDA:0,(anonymous_2)
FNDA:0,(anonymous_3)
FNDA:0,(anonymous_4)
FNDA:0,(anonymous_5)
FNDA:0,(anonymous_6)
FNDA:0,(anonymous_7)
FNDA:0,(anonymous_8)
FNDA:0,(anonymous_9)
FNDA:0,(anonymous_10)
FNDA:0,(anonymous_11)
FNDA:0,(anonymous_12)
FNDA:0,(anonymous_13)
FNDA:0,(anonymous_14)
FNDA:0,(anonymous_15)
FNDA:0,(anonymous_16)
FNDA:0,(anonymous_17)
FNDA:0,(anonymous_18)
FNDA:0,(anonymous_19)
FNDA:0,(anonymous_20)
FNDA:0,(anonymous_21)
FNDA:0,(anonymous_22)
FNDA:0,(anonymous_23)
FNDA:0,(anonymous_24)
FNDA:0,(anonymous_25)
FNDA:0,(anonymous_26)
FNDA:0,(anonymous_27)
FNDA:0,(anonymous_28)
FNDA:0,(anonymous_29)
FNDA:0,(anonymous_30)
FNDA:0,(anonymous_31)
FNDA:0,(anonymous_32)
FNDA:0,(anonymous_33)
FNDA:1,App
DA:12,1
DA:13,1
DA:14,1
DA:15,1
DA:16,1
DA:17,1
DA:18,1
DA:19,1
DA:20,1
DA:21,1
DA:22,1
DA:23,1
DA:24,1
DA:25,1
DA:26,1
DA:27,1
DA:28,1
DA:29,1
DA:30,1
DA:33,1
DA:34,1
DA:37,1
DA:38,0
DA:44,1
LF:24
LH:23
BRF:0
BRH:0
end_of_record
TN:
SF:src\Navigation.ts
FN:24,(anonymous_0)
FNF:1
FNH:1
FNDA:13,(anonymous_0)
DA:4,2
DA:5,2
DA:6,2
DA:7,2
DA:8,2
DA:9,2
DA:10,2
DA:11,2
DA:12,2
DA:13,2
DA:14,2
DA:15,2
DA:16,2
DA:17,2
DA:18,2
DA:24,2
DA:26,13
DA:28,13
DA:29,13
DA:31,13
DA:44,13
DA:46,13
DA:47,0
DA:56,13
DA:64,13
DA:65,0
DA:74,13
DA:86,13
DA:120,13
DA:122,13
DA:123,0
DA:132,13
DA:140,13
DA:152,13
DA:198,13
DA:205,2
LF:36
LH:33
BRDA:26,0,0,8
BRDA:26,0,1,5
BRDA:26,1,0,0
BRDA:26,1,1,5
BRDA:46,2,0,0
BRDA:46,2,1,13
BRDA:64,3,0,0
BRDA:64,3,1,13
BRDA:122,4,0,0
BRDA:122,4,1,13
BRDA:122,5,0,13
BRDA:122,5,1,13
BRF:12
BRH:8
end_of_record
TN:
SF:src\Components\index.ts
FNF:0
FNH:0
LF:0
LH:0
BRF:0
BRH:0
end_of_record
TN:
SF:src\Components\Layout\Index.ts
FNF:0
FNH:0
LF:0
LH:0
BRF:0
BRH:0
end_of_record
TN:
SF:src\Components\Layout\Layout.tsx
FN:33,(anonymous_0)
FNF:1
FNH:0
FNDA:0,(anonymous_0)
DA:33,1
DA:34,0
LF:2
LH:1
BRF:0
BRH:0
end_of_record
TN:
SF:src\Components\Layout\Sidebar\AppHeader.tsx
FN:35,(anonymous_0)
FN:54,(anonymous_1)
FNF:2
FNH:0
FNDA:0,(anonymous_0)
FNDA:0,(anonymous_1)
DA:35,1
DA:43,0
DA:45,0
DA:54,0
LF:4
LH:1
BRDA:37,0,0,0
BRDA:38,1,0,0
BRDA:40,2,0,0
BRDA:74,3,0,0
BRDA:74,3,1,0
BRF:5
BRH:0
end_of_record
TN:
SF:src\Components\Layout\Sidebar\Index.ts
FNF:0
FNH:0
LF:0
LH:0
BRF:0
BRH:0
end_of_record
TN:
SF:src\Components\Layout\Sidebar\MainContent.tsx
FN:26,(anonymous_0)
FNF:1
FNH:0
FNDA:0,(anonymous_0)
DA:26,1
DA:31,0
DA:49,1
LF:3
LH:2
BRF:0
BRH:0
end_of_record
TN:
SF:src\Components\Layout\Sidebar\Sidebar.tsx
FN:17,(anonymous_0)
FN:52,(anonymous_1)
FN:52,(anonymous_2)
FNF:3
FNH:0
FNDA:0,(anonymous_0)
FNDA:0,(anonymous_1)
FNDA:0,(anonymous_2)
DA:17,1
DA:23,0
DA:24,0
DA:26,0
DA:29,0
DA:52,0
DA:53,0
DA:64,0
DA:65,0
DA:80,0
DA:81,0
DA:97,0
LF:12
LH:1
BRDA:18,0,0,0
BRDA:19,1,0,0
BRDA:20,2,0,0
BRDA:24,3,0,0
BRDA:24,3,1,0
BRDA:38,4,0,0
BRDA:38,4,1,0
BRDA:64,5,0,0
BRDA:64,5,1,0
BRDA:80,6,0,0
BRDA:80,6,1,0
BRDA:102,7,0,0
BRDA:102,7,1,0
BRDA:112,8,0,0
BRDA:112,8,1,0
BRDA:121,9,0,0
BRDA:121,9,1,0
BRDA:122,10,0,0
BRDA:122,10,1,0
BRDA:122,10,2,0
BRDA:123,11,0,0
BRDA:123,11,1,0
BRDA:127,12,0,0
BRDA:127,12,1,0
BRDA:127,12,2,0
BRF:25
BRH:0
end_of_record
TN:
SF:src\Components\Layout\Sidebar\SidebarButton.tsx
FN:18,(anonymous_0)
FNF:1
FNH:0
FNDA:0,(anonymous_0)
DA:18,1
DA:25,0
LF:2
LH:1
BRDA:34,0,0,0
BRDA:34,0,1,0
BRDA:35,1,0,0
BRDA:35,1,1,0
BRDA:42,2,0,0
BRDA:42,2,1,0
BRF:6
BRH:0
end_of_record
TN:
SF:src\Components\Layout\Sidebar\SidebarChevron.tsx
FN:16,(anonymous_0)
FNF:1
FNH:0
FNDA:0,(anonymous_0)
DA:16,1
DA:17,0
LF:2
LH:1
BRDA:16,0,0,0
BRDA:22,1,0,0
BRDA:22,1,1,0
BRDA:23,2,0,0
BRDA:23,2,1,0
BRDA:29,3,0,0
BRDA:29,3,1,0
BRF:7
BRH:0
end_of_record
TN:
SF:src\Components\Layout\Sidebar\SidebarIcon.tsx
FN:17,(anonymous_0)
FNF:1
FNH:0
FNDA:0,(anonymous_0)
DA:17,1
DA:18,0
DA:20,0
LF:3
LH:1
BRDA:26,0,0,0
BRDA:26,0,1,0
BRF:2
BRH:0
end_of_record
TN:
SF:src\Components\Layout\Sidebar\SidebarItem.tsx
FN:29,(anonymous_0)
FN:47,(anonymous_1)
FN:54,(anonymous_2)
FN:55,(anonymous_3)
FN:59,(anonymous_4)
FN:114,(anonymous_5)
FNF:6
FNH:0
FNDA:0,(anonymous_0)
FNDA:0,(anonymous_1)
FNDA:0,(anonymous_2)
FNDA:0,(anonymous_3)
FNDA:0,(anonymous_4)
FNDA:0,(anonymous_5)
DA:29,1
DA:34,0
DA:36,0
DA:37,0
DA:46,0
DA:47,0
DA:48,0
DA:50,0
DA:54,0
DA:55,0
DA:59,0
DA:60,0
DA:61,0
DA:62,0
DA:64,0
DA:69,0
DA:90,0
DA:101,0
DA:115,0
DA:129,1
DA:132,1
LF:21
LH:3
BRDA:31,0,0,0
BRDA:32,1,0,0
BRDA:48,2,0,0
BRDA:48,2,1,0
BRDA:60,3,0,0
BRDA:60,3,1,0
BRDA:69,4,0,0
BRDA:69,4,1,0
BRDA:69,5,0,0
BRDA:69,5,1,0
BRDA:69,6,0,0
BRDA:69,6,1,0
BRDA:73,7,0,0
BRDA:73,7,1,0
BRDA:73,8,0,0
BRDA:73,8,1,0
BRDA:74,9,0,0
BRDA:74,9,1,0
BRDA:81,10,0,0
BRDA:81,10,1,0
BRDA:90,11,0,0
BRDA:90,11,1,0
BRDA:90,12,0,0
BRDA:90,12,1,0
BRDA:102,13,0,0
BRDA:102,13,1,0
BRDA:102,13,2,0
BRDA:106,14,0,0
BRDA:106,14,1,0
BRDA:106,14,2,0
BRDA:106,14,3,0
BRDA:109,15,0,0
BRDA:109,15,1,0
BRF:33
BRH:0
end_of_record
TN:
SF:src\Components\Layout\Sidebar\SidebarLabel.tsx
FN:17,(anonymous_0)
FNF:1
FNH:0
FNDA:0,(anonymous_0)
DA:17,1
DA:18,0
LF:2
LH:1
BRDA:17,0,0,0
BRDA:17,1,0,0
BRDA:23,2,0,0
BRDA:23,2,1,0
BRDA:24,3,0,0
BRDA:24,3,1,0
BRF:6
BRH:0
end_of_record
TN:
SF:src\Components\Layout\Sidebar\UserProfileHeader.tsx
FN:25,(anonymous_0)
FN:39,(anonymous_1)
FN:45,(anonymous_2)
FN:53,(anonymous_3)
FN:56,(anonymous_4)
FN:61,(anonymous_5)
FN:68,(anonymous_6)
FN:69,(anonymous_7)
FN:75,(anonymous_8)
FN:76,(anonymous_9)
FN:86,(anonymous_10)
FN:167,(anonymous_11)
FN:168,(anonymous_12)
FN:179,(anonymous_13)
FNF:14
FNH:0
FNDA:0,(anonymous_0)
FNDA:0,(anonymous_1)
FNDA:0,(anonymous_2)
FNDA:0,(anonymous_3)
FNDA:0,(anonymous_4)
FNDA:0,(anonymous_5)
FNDA:0,(anonymous_6)
FNDA:0,(anonymous_7)
FNDA:0,(anonymous_8)
FNDA:0,(anonymous_9)
FNDA:0,(anonymous_10)
FNDA:0,(anonymous_11)
FNDA:0,(anonymous_12)
FNDA:0,(anonymous_13)
DA:25,1
DA:26,0
DA:27,0
DA:28,0
DA:29,0
DA:30,0
DA:31,0
DA:32,0
DA:33,0
DA:34,0
DA:35,0
DA:37,0
DA:39,0
DA:40,0
DA:41,0
DA:42,0
DA:45,0
DA:46,0
DA:47,0
DA:48,0
DA:53,0
DA:54,0
DA:55,0
DA:56,0
DA:58,0
DA:61,0
DA:62,0
DA:63,0
DA:65,0
DA:68,0
DA:69,0
DA:70,0
DA:75,0
DA:76,0
DA:77,0
DA:78,0
DA:80,0
DA:81,0
DA:85,0
DA:86,0
DA:87,0
DA:88,0
DA:89,0
DA:94,0
DA:96,0
DA:167,0
DA:169,0
DA:170,0
DA:179,0
LF:49
LH:1
BRDA:47,0,0,0
BRDA:47,0,1,0
BRDA:54,1,0,0
BRDA:54,1,1,0
BRDA:54,2,0,0
BRDA:54,2,1,0
BRDA:62,3,0,0
BRDA:62,3,1,0
BRDA:77,4,0,0
BRDA:77,4,1,0
BRDA:77,5,0,0
BRDA:77,5,1,0
BRDA:80,6,0,0
BRDA:80,6,1,0
BRDA:80,7,0,0
BRDA:80,7,1,0
BRDA:88,8,0,0
BRDA:88,8,1,0
BRDA:94,9,0,0
BRDA:94,9,1,0
BRDA:113,10,0,0
BRDA:113,10,1,0
BRDA:148,11,0,0
BRDA:148,11,1,0
BRDA:154,12,0,0
BRDA:154,12,1,0
BRDA:165,13,0,0
BRDA:165,13,1,0
BRF:28
BRH:0
end_of_record
TN:
SF:src\Components\Notifications\NotificationCard.tsx
FN:26,(anonymous_0)
FN:34,(anonymous_1)
FN:46,(anonymous_2)
FN:53,(anonymous_3)
FN:60,(anonymous_4)
FNF:5
FNH:0
FNDA:0,(anonymous_0)
FNDA:0,(anonymous_1)
FNDA:0,(anonymous_2)
FNDA:0,(anonymous_3)
FNDA:0,(anonymous_4)
DA:26,1
DA:32,0
DA:34,0
DA:36,0
DA:37,0
DA:41,0
DA:42,0
DA:46,0
DA:47,0
DA:48,0
DA:49,0
DA:53,0
DA:54,0
DA:55,0
DA:56,0
DA:60,0
DA:61,0
DA:63,0
DA:65,0
DA:68,0
DA:71,0
DA:73,0
DA:75,0
DA:77,0
DA:80,0
DA:85,0
DA:95,0
DA:97,0
DA:107,0
DA:110,0
DA:115,0
DA:116,0
DA:117,0
DA:121,0
LF:34
LH:1
BRDA:30,0,0,0
BRDA:36,1,0,0
BRDA:36,1,1,0
BRDA:36,2,0,0
BRDA:36,2,1,0
BRDA:41,3,0,0
BRDA:41,3,1,0
BRDA:48,4,0,0
BRDA:48,4,1,0
BRDA:55,5,0,0
BRDA:55,5,1,0
BRDA:61,6,0,0
BRDA:61,6,1,0
BRDA:61,6,2,0
BRDA:61,6,3,0
BRDA:61,6,4,0
BRDA:61,6,5,0
BRDA:61,6,6,0
BRDA:61,6,7,0
BRDA:61,6,8,0
BRDA:61,6,9,0
BRDA:61,6,10,0
BRDA:107,7,0,0
BRDA:107,7,1,0
BRDA:117,8,0,0
BRDA:117,8,1,0
BRDA:119,9,0,0
BRDA:119,9,1,0
BRDA:127,10,0,0
BRDA:127,10,1,0
BRDA:128,11,0,0
BRDA:128,11,1,0
BRDA:129,12,0,0
BRDA:129,12,1,0
BRDA:132,13,0,0
BRDA:132,13,1,0
BRDA:133,14,0,0
BRDA:133,14,1,0
BRDA:138,15,0,0
BRDA:138,15,1,0
BRDA:145,16,0,0
BRDA:145,16,1,0
BRDA:148,17,0,0
BRDA:148,17,1,0
BRDA:156,18,0,0
BRDA:156,18,1,0
BRDA:164,19,0,0
BRDA:164,19,1,0
BRDA:171,20,0,0
BRDA:171,20,1,0
BRDA:173,21,0,0
BRDA:173,21,1,0
BRDA:173,21,2,0
BRDA:182,22,0,0
BRDA:182,22,1,0
BRDA:196,23,0,0
BRDA:196,23,1,0
BRDA:196,23,2,0
BRF:58
BRH:0
end_of_record
TN:
SF:src\Components\Notifications\NotificationDropdown.tsx
FN:21,(anonymous_0)
FN:34,(anonymous_1)
FN:35,(anonymous_2)
FN:50,(anonymous_3)
FN:53,(anonymous_4)
FN:54,(anonymous_5)
FN:62,(anonymous_6)
FN:65,(anonymous_7)
FN:66,(anonymous_8)
FN:74,(anonymous_9)
FN:113,(anonymous_10)
FNF:11
FNH:0
FNDA:0,(anonymous_0)
FNDA:0,(anonymous_1)
FNDA:0,(anonymous_2)
FNDA:0,(anonymous_3)
FNDA:0,(anonymous_4)
FNDA:0,(anonymous_5)
FNDA:0,(anonymous_6)
FNDA:0,(anonymous_7)
FNDA:0,(anonymous_8)
FNDA:0,(anonymous_9)
FNDA:0,(anonymous_10)
DA:21,1
DA:25,0
DA:26,0
DA:28,0
DA:34,0
DA:35,0
DA:36,0
DA:37,0
DA:38,0
DA:39,0
DA:41,0
DA:43,0
DA:47,0
DA:50,0
DA:51,0
DA:53,0
DA:54,0
DA:55,0
DA:62,0
DA:63,0
DA:65,0
DA:66,0
DA:74,0
DA:75,0
DA:76,0
DA:79,0
DA:114,0
LF:27
LH:1
BRDA:55,0,0,0
BRDA:55,0,1,0
BRDA:85,1,0,0
BRDA:85,1,1,0
BRDA:91,2,0,0
BRDA:91,2,1,0
BRDA:103,3,0,0
BRDA:103,3,1,0
BRDA:107,4,0,0
BRDA:107,4,1,0
BRF:10
BRH:0
end_of_record
TN:
SF:src\Components\Notifications\NotificationFilters.tsx
FN:20,(anonymous_0)
FN:26,(anonymous_1)
FN:42,(anonymous_2)
FN:55,(anonymous_3)
FN:75,(anonymous_4)
FNF:5
FNH:0
FNDA:0,(anonymous_0)
FNDA:0,(anonymous_1)
FNDA:0,(anonymous_2)
FNDA:0,(anonymous_3)
FNDA:0,(anonymous_4)
DA:20,1
DA:24,0
DA:26,0
DA:27,0
DA:28,0
DA:29,0
DA:33,0
DA:40,0
DA:42,0
DA:48,0
DA:56,0
DA:57,0
DA:58,0
DA:59,0
DA:61,0
DA:76,0
DA:77,0
DA:78,0
DA:79,0
DA:81,0
LF:20
LH:1
BRDA:22,0,0,0
BRDA:54,1,0,0
BRDA:54,1,1,0
BRDA:56,2,0,0
BRDA:56,2,1,0
BRDA:74,3,0,0
BRDA:74,3,1,0
BRDA:76,4,0,0
BRDA:76,4,1,0
BRF:9
BRH:0
end_of_record
TN:
SF:src\Components\Notifications\index.ts
FNF:0
FNH:0
LF:0
LH:0
BRF:0
BRH:0
end_of_record
TN:
SF:src\Components\Ui\Index.ts
FNF:0
FNH:0
LF:0
LH:0
BRF:0
BRH:0
end_of_record
TN:
SF:src\Components\Ui\ProtectedRoute.tsx
FN:16,(anonymous_0)
FN:27,(anonymous_1)
FN:28,(anonymous_2)
FNF:3
FNH:1
FNDA:1,(anonymous_0)
FNDA:0,(anonymous_1)
FNDA:0,(anonymous_2)
DA:16,1
DA:17,1
DA:20,1
DA:21,1
DA:25,0
DA:27,0
DA:28,0
DA:30,0
DA:31,0
DA:45,0
LF:10
LH:4
BRDA:20,0,0,1
BRDA:20,0,1,0
BRDA:25,1,0,0
BRDA:25,1,1,0
BRDA:30,2,0,0
BRDA:30,2,1,0
BRDA:30,3,0,0
BRDA:30,3,1,0
BRF:8
BRH:1
end_of_record
TN:
SF:src\Components\Ui\Toast.tsx
FN:9,(anonymous_0)
FN:12,(anonymous_1)
FN:29,(anonymous_2)
FN:62,(anonymous_3)
FN:73,(anonymous_4)
FN:81,(anonymous_5)
FN:82,(anonymous_6)
FNF:7
FNH:7
FNDA:6,(anonymous_0)
FNDA:6,(anonymous_1)
FNDA:6,(anonymous_2)
FNDA:2,(anonymous_3)
FNDA:4,(anonymous_4)
FNDA:6,(anonymous_5)
FNDA:6,(anonymous_6)
DA:9,2
DA:10,6
DA:12,6
DA:13,6
DA:15,6
DA:17,3
DA:19,3
DA:21,0
DA:23,0
DA:25,0
DA:29,6
DA:30,6
DA:32,3
DA:34,3
DA:36,0
DA:38,0
DA:40,0
DA:44,6
DA:62,2
DA:73,2
DA:74,4
DA:76,4
DA:78,3
DA:81,6
DA:83,6
LF:25
LH:19
BRDA:15,0,0,3
BRDA:15,0,1,3
BRDA:15,0,2,0
BRDA:15,0,3,0
BRDA:15,0,4,0
BRDA:30,1,0,3
BRDA:30,1,1,3
BRDA:30,1,2,0
BRDA:30,1,3,0
BRDA:30,1,4,0
BRDA:54,2,0,6
BRDA:54,2,1,6
BRDA:76,3,0,1
BRDA:76,3,1,3
BRF:14
BRH:8
end_of_record
TN:
SF:src\Components\Ui\Buttons\Button.tsx
FN:120,(anonymous_0)
FN:143,(anonymous_1)
FNF:2
FNH:1
FNDA:30,(anonymous_0)
FNDA:0,(anonymous_1)
DA:38,4
DA:118,4
DA:120,4
DA:133,30
DA:140,30
DA:143,30
DA:144,0
DA:148,0
DA:151,30
LF:9
LH:7
BRDA:121,0,0,19
BRDA:122,1,0,23
BRDA:123,2,0,17
BRDA:124,3,0,29
BRDA:125,4,0,30
BRDA:126,5,0,30
BRDA:127,6,0,26
BRDA:144,7,0,0
BRDA:144,7,1,0
BRDA:158,8,0,30
BRDA:158,8,1,25
BRDA:158,8,2,24
BRDA:158,8,3,24
BRDA:158,8,4,24
BRDA:158,8,5,20
BRDA:159,9,0,30
BRDA:159,9,1,4
BRDA:160,10,0,30
BRDA:160,10,1,1
BRDA:160,10,2,1
BRDA:161,11,0,30
BRDA:161,11,1,0
BRDA:161,11,2,0
BRDA:162,12,0,30
BRDA:162,12,1,0
BRDA:162,12,2,0
BRDA:165,13,0,30
BRDA:165,13,1,26
BRF:28
BRH:22
end_of_record
TN:
SF:src\Components\Ui\Buttons\ButtonWithTooltip.tsx
FN:36,(anonymous_0)
FNF:1
FNH:0
FNDA:0,(anonymous_0)
DA:36,1
DA:51,0
DA:52,0
DA:78,0
LF:4
LH:1
BRDA:37,0,0,0
BRDA:38,1,0,0
BRDA:40,2,0,0
BRDA:41,3,0,0
BRDA:42,4,0,0
BRDA:43,5,0,0
BRDA:44,6,0,0
BRDA:51,7,0,0
BRDA:51,7,1,0
BRF:9
BRH:0
end_of_record
TN:
SF:src\Components\Ui\Buttons\DropdownButton.tsx
FN:64,(anonymous_0)
FN:81,(anonymous_1)
FN:82,handleClickOutside
FN:90,(anonymous_3)
FN:95,(anonymous_4)
FN:110,(anonymous_5)
FN:120,(anonymous_6)
FN:130,(anonymous_7)
FN:144,(anonymous_8)
FN:170,(anonymous_9)
FN:174,(anonymous_10)
FNF:11
FNH:0
FNDA:0,(anonymous_0)
FNDA:0,(anonymous_1)
FNDA:0,handleClickOutside
FNDA:0,(anonymous_3)
FNDA:0,(anonymous_4)
FNDA:0,(anonymous_5)
FNDA:0,(anonymous_6)
FNDA:0,(anonymous_7)
FNDA:0,(anonymous_8)
FNDA:0,(anonymous_9)
FNDA:0,(anonymous_10)
DA:64,0
DA:75,0
DA:76,0
DA:77,0
DA:78,0
DA:81,0
DA:83,0
DA:84,0
DA:88,0
DA:89,0
DA:90,0
DA:95,0
DA:96,0
DA:97,0
DA:98,0
DA:99,0
DA:100,0
DA:102,0
DA:103,0
DA:105,0
DA:110,0
DA:111,0
DA:117,0
DA:120,0
DA:121,0
DA:127,0
DA:130,0
DA:131,0
DA:132,0
DA:133,0
DA:137,0
DA:144,0
DA:171,0
DA:174,0
LF:34
LH:0
BRDA:67,0,0,0
BRDA:68,1,0,0
BRDA:70,2,0,0
BRDA:73,3,0,0
BRDA:83,4,0,0
BRDA:83,4,1,0
BRDA:83,5,0,0
BRDA:83,5,1,0
BRDA:88,6,0,0
BRDA:88,6,1,0
BRDA:96,7,0,0
BRDA:96,7,1,0
BRDA:96,8,0,0
BRDA:96,8,1,0
BRDA:102,9,0,0
BRDA:102,9,1,0
BRDA:102,10,0,0
BRDA:102,10,1,0
BRDA:131,11,0,0
BRDA:131,11,1,0
BRDA:144,12,0,0
BRDA:144,12,1,0
BRDA:149,13,0,0
BRDA:149,13,1,0
BRDA:154,14,0,0
BRDA:154,14,1,0
BRDA:161,15,0,0
BRDA:161,15,1,0
BRDA:166,16,0,0
BRDA:166,16,1,0
BRDA:181,17,0,0
BRDA:181,17,1,0
BRDA:189,18,0,0
BRDA:189,18,1,0
BRF:34
BRH:0
end_of_record
TN:
SF:src\Components\Ui\Buttons\FilterButton.tsx
FN:48,FilterButton
FN:62,(anonymous_1)
FN:63,handleClickOutside
FN:71,(anonymous_3)
FN:76,(anonymous_4)
FN:93,(anonymous_5)
FN:98,(anonymous_6)
FN:109,(anonymous_7)
FN:137,(anonymous_8)
FN:158,(anonymous_9)
FN:165,(anonymous_10)
FNF:11
FNH:0
FNDA:0,FilterButton
FNDA:0,(anonymous_1)
FNDA:0,handleClickOutside
FNDA:0,(anonymous_3)
FNDA:0,(anonymous_4)
FNDA:0,(anonymous_5)
FNDA:0,(anonymous_6)
FNDA:0,(anonymous_7)
FNDA:0,(anonymous_8)
FNDA:0,(anonymous_9)
FNDA:0,(anonymous_10)
DA:56,0
DA:57,0
DA:58,0
DA:59,0
DA:62,0
DA:64,0
DA:65,0
DA:69,0
DA:70,0
DA:71,0
DA:76,0
DA:77,0
DA:78,0
DA:79,0
DA:80,0
DA:81,0
DA:85,0
DA:86,0
DA:88,0
DA:93,0
DA:94,0
DA:95,0
DA:98,0
DA:99,0
DA:101,0
DA:109,0
DA:138,0
DA:139,0
DA:159,0
DA:161,0
DA:165,0
LF:31
LH:0
BRDA:54,0,0,0
BRDA:64,1,0,0
BRDA:64,1,1,0
BRDA:64,2,0,0
BRDA:64,2,1,0
BRDA:69,3,0,0
BRDA:69,3,1,0
BRDA:77,4,0,0
BRDA:77,4,1,0
BRDA:77,5,0,0
BRDA:77,5,1,0
BRDA:85,6,0,0
BRDA:85,6,1,0
BRDA:85,7,0,0
BRDA:85,7,1,0
BRDA:109,8,0,0
BRDA:109,8,1,0
BRDA:115,9,0,0
BRDA:115,9,1,0
BRDA:116,10,0,0
BRDA:116,10,1,0
BRDA:130,11,0,0
BRDA:130,11,1,0
BRDA:130,11,2,0
BRDA:150,12,0,0
BRDA:150,12,1,0
BRDA:154,13,0,0
BRDA:154,13,1,0
BRDA:170,14,0,0
BRDA:170,14,1,0
BRDA:177,15,0,0
BRDA:177,15,1,0
BRF:32
BRH:0
end_of_record
TN:
SF:src\Components\Ui\Buttons\TableActionButton.tsx
FN:120,(anonymous_0)
FNF:1
FNH:0
FNDA:0,(anonymous_0)
DA:69,1
DA:120,1
DA:132,0
DA:135,0
DA:138,0
DA:141,0
DA:142,0
DA:145,0
LF:8
LH:2
BRDA:127,0,0,0
BRDA:128,1,0,0
BRDA:135,2,0,0
BRDA:135,2,1,0
BRDA:138,3,0,0
BRDA:138,3,1,0
BRDA:141,4,0,0
BRDA:141,4,1,0
BRDA:141,5,0,0
BRDA:141,5,1,0
BRDA:142,6,0,0
BRDA:142,6,1,0
BRF:12
BRH:0
end_of_record
TN:
SF:src\Components\Ui\Calendar\DatePicker.tsx
FN:35,(anonymous_0)
FN:50,(anonymous_1)
FN:59,(anonymous_2)
FN:74,(anonymous_3)
FN:75,(anonymous_4)
FN:82,(anonymous_5)
FN:86,(anonymous_6)
FN:98,(anonymous_7)
FN:102,(anonymous_8)
FN:113,(anonymous_9)
FN:117,(anonymous_10)
FN:121,(anonymous_11)
FN:125,(anonymous_12)
FN:136,(anonymous_13)
FN:139,(anonymous_14)
FN:179,(anonymous_15)
FN:185,(anonymous_16)
FN:194,(anonymous_17)
FN:226,(anonymous_18)
FN:236,(anonymous_19)
FN:271,(anonymous_20)
FN:292,(anonymous_21)
FN:296,(anonymous_22)
FN:364,(anonymous_23)
FN:368,(anonymous_24)
FN:378,(anonymous_25)
FN:382,(anonymous_26)
FN:402,(anonymous_27)
FN:411,(anonymous_28)
FN:415,(anonymous_29)
FN:435,(anonymous_30)
FNF:31
FNH:0
FNDA:0,(anonymous_0)
FNDA:0,(anonymous_1)
FNDA:0,(anonymous_2)
FNDA:0,(anonymous_3)
FNDA:0,(anonymous_4)
FNDA:0,(anonymous_5)
FNDA:0,(anonymous_6)
FNDA:0,(anonymous_7)
FNDA:0,(anonymous_8)
FNDA:0,(anonymous_9)
FNDA:0,(anonymous_10)
FNDA:0,(anonymous_11)
FNDA:0,(anonymous_12)
FNDA:0,(anonymous_13)
FNDA:0,(anonymous_14)
FNDA:0,(anonymous_15)
FNDA:0,(anonymous_16)
FNDA:0,(anonymous_17)
FNDA:0,(anonymous_18)
FNDA:0,(anonymous_19)
FNDA:0,(anonymous_20)
FNDA:0,(anonymous_21)
FNDA:0,(anonymous_22)
FNDA:0,(anonymous_23)
FNDA:0,(anonymous_24)
FNDA:0,(anonymous_25)
FNDA:0,(anonymous_26)
FNDA:0,(anonymous_27)
FNDA:0,(anonymous_28)
FNDA:0,(anonymous_29)
FNDA:0,(anonymous_30)
DA:35,1
DA:50,0
DA:51,0
DA:53,0
DA:54,0
DA:56,0
DA:59,0
DA:60,0
DA:62,0
DA:63,0
DA:65,0
DA:68,0
DA:69,0
DA:70,0
DA:71,0
DA:74,0
DA:75,0
DA:76,0
DA:77,0
DA:81,0
DA:82,0
DA:86,0
DA:87,0
DA:89,0
DA:90,0
DA:91,0
DA:92,0
DA:94,0
DA:98,0
DA:99,0
DA:102,0
DA:103,0
DA:106,0
DA:111,0
DA:113,0
DA:114,0
DA:117,0
DA:118,0
DA:121,0
DA:122,0
DA:125,0
DA:126,0
DA:130,0
DA:131,0
DA:132,0
DA:134,0
DA:136,0
DA:139,0
DA:140,0
DA:143,0
DA:144,0
DA:145,0
DA:149,0
DA:152,0
DA:153,0
DA:154,0
DA:155,0
DA:156,0
DA:161,0
DA:162,0
DA:163,0
DA:164,0
DA:165,0
DA:169,0
DA:171,0
DA:172,0
DA:173,0
DA:174,0
DA:175,0
DA:176,0
DA:179,0
DA:180,0
DA:181,0
DA:182,0
DA:185,0
DA:186,0
DA:187,0
DA:194,0
DA:195,0
DA:196,0
DA:199,0
DA:200,0
DA:201,0
DA:202,0
DA:205,0
DA:206,0
DA:207,0
DA:208,0
DA:211,0
DA:214,0
DA:215,0
DA:216,0
DA:218,0
DA:219,0
DA:222,0
DA:223,0
DA:226,0
DA:227,0
DA:228,0
DA:229,0
DA:236,0
DA:237,0
DA:238,0
DA:246,0
DA:248,0
DA:263,0
DA:271,0
DA:293,0
DA:294,0
DA:297,0
DA:298,0
DA:299,0
DA:300,0
DA:364,0
DA:369,0
DA:378,0
DA:383,0
DA:403,0
DA:412,0
DA:415,0
DA:435,0
LF:121
LH:1
BRDA:38,0,0,0
BRDA:39,1,0,0
BRDA:42,2,0,0
BRDA:47,3,0,0
BRDA:51,4,0,0
BRDA:51,4,1,0
BRDA:60,5,0,0
BRDA:60,5,1,0
BRDA:71,6,0,0
BRDA:71,6,1,0
BRDA:76,7,0,0
BRDA:76,7,1,0
BRDA:76,8,0,0
BRDA:76,8,1,0
BRDA:87,9,0,0
BRDA:87,9,1,0
BRDA:131,10,0,0
BRDA:131,10,1,0
BRDA:132,11,0,0
BRDA:132,11,1,0
BRDA:143,12,0,0
BRDA:143,12,1,0
BRDA:152,13,0,0
BRDA:152,13,1,0
BRDA:155,14,0,0
BRDA:155,14,1,0
BRDA:161,15,0,0
BRDA:161,15,1,0
BRDA:164,16,0,0
BRDA:164,16,1,0
BRDA:186,17,0,0
BRDA:186,17,1,0
BRDA:199,18,0,0
BRDA:199,18,1,0
BRDA:202,19,0,0
BRDA:202,19,1,0
BRDA:205,20,0,0
BRDA:205,20,1,0
BRDA:208,21,0,0
BRDA:208,21,1,0
BRDA:227,22,0,0
BRDA:227,22,1,0
BRDA:230,23,0,0
BRDA:230,23,1,0
BRDA:230,23,2,0
BRDA:237,24,0,0
BRDA:237,24,1,0
BRDA:237,25,0,0
BRDA:237,25,1,0
BRDA:239,26,0,0
BRDA:239,26,1,0
BRDA:239,26,2,0
BRDA:254,27,0,0
BRDA:254,27,1,0
BRDA:256,28,0,0
BRDA:256,28,1,0
BRDA:259,29,0,0
BRDA:259,29,1,0
BRDA:259,29,2,0
BRDA:271,30,0,0
BRDA:271,30,1,0
BRDA:276,31,0,0
BRDA:276,31,1,0
BRDA:280,32,0,0
BRDA:280,32,1,0
BRDA:280,32,2,0
BRDA:281,33,0,0
BRDA:281,33,1,0
BRDA:281,33,2,0
BRDA:288,34,0,0
BRDA:288,34,1,0
BRDA:288,34,2,0
BRDA:297,35,0,0
BRDA:297,35,1,0
BRDA:297,36,0,0
BRDA:297,36,1,0
BRDA:315,37,0,0
BRDA:315,37,1,0
BRDA:323,38,0,0
BRDA:323,38,1,0
BRDA:323,39,0,0
BRDA:323,39,1,0
BRDA:327,40,0,0
BRDA:327,40,1,0
BRDA:327,41,0,0
BRDA:327,41,1,0
BRDA:331,42,0,0
BRDA:331,42,1,0
BRDA:333,43,0,0
BRDA:333,43,1,0
BRDA:333,44,0,0
BRDA:333,44,1,0
BRDA:339,45,0,0
BRDA:339,45,1,0
BRDA:344,46,0,0
BRDA:344,46,1,0
BRDA:347,47,0,0
BRDA:347,47,1,0
BRDA:415,48,0,0
BRDA:415,48,1,0
BRDA:415,48,2,0
BRDA:416,49,0,0
BRDA:416,49,1,0
BRDA:419,50,0,0
BRDA:419,50,1,0
BRDA:420,51,0,0
BRDA:420,51,1,0
BRDA:420,51,2,0
BRDA:421,52,0,0
BRDA:421,52,1,0
BRDA:421,52,2,0
BRDA:422,53,0,0
BRDA:422,53,1,0
BRDA:423,54,0,0
BRDA:423,54,1,0
BRDA:423,54,2,0
BRDA:424,55,0,0
BRDA:424,55,1,0
BRDA:424,55,2,0
BRDA:424,55,3,0
BRDA:424,55,4,0
BRDA:445,56,0,0
BRDA:445,56,1,0
BRDA:453,57,0,0
BRDA:453,57,1,0
BRDA:453,57,2,0
BRF:126
BRH:0
end_of_record
TN:
SF:src\Components\Ui\Calendar\index.ts
FNF:0
FNH:0
LF:0
LH:0
BRF:0
BRH:0
end_of_record
TN:
SF:src\Components\Ui\Feedback\Alert.tsx
FN:38,(anonymous_0)
FN:49,(anonymous_1)
FNF:2
FNH:0
FNDA:0,(anonymous_0)
FNDA:0,(anonymous_1)
DA:38,1
DA:49,0
DA:50,0
DA:52,0
DA:62,0
DA:72,0
DA:83,0
DA:95,0
DA:96,0
DA:98,0
LF:10
LH:1
BRDA:41,0,0,0
BRDA:42,1,0,0
BRDA:50,2,0,0
BRDA:50,2,1,0
BRDA:50,2,2,0
BRDA:50,2,3,0
BRDA:50,2,4,0
BRDA:96,3,0,0
BRDA:96,3,1,0
BRDA:133,4,0,0
BRDA:133,4,1,0
BRDA:147,5,0,0
BRDA:147,5,1,0
BRDA:147,5,2,0
BRF:14
BRH:0
end_of_record
TN:
SF:src\Components\Ui\Feedback\BackendErrorAlert.tsx
FN:30,(anonymous_0)
FN:40,(anonymous_1)
FN:48,(anonymous_2)
FN:55,(anonymous_3)
FNF:4
FNH:0
FNDA:0,(anonymous_0)
FNDA:0,(anonymous_1)
FNDA:0,(anonymous_2)
FNDA:0,(anonymous_3)
DA:30,1
DA:35,0
DA:40,0
DA:41,0
DA:43,0
DA:44,0
DA:45,0
DA:48,0
DA:55,0
DA:56,0
DA:59,0
DA:60,0
DA:68,0
DA:69,0
DA:77,0
DA:80,0
DA:88,0
DA:91,0
DA:99,0
DA:100,0
DA:108,0
DA:109,0
DA:117,0
DA:120,0
DA:128,0
DA:135,0
DA:137,0
LF:27
LH:1
BRDA:33,0,0,0
BRDA:41,1,0,0
BRDA:41,1,1,0
BRDA:41,2,0,0
BRDA:41,2,1,0
BRDA:59,3,0,0
BRDA:59,3,1,0
BRDA:59,4,0,0
BRDA:59,4,1,0
BRDA:68,5,0,0
BRDA:68,5,1,0
BRDA:68,6,0,0
BRDA:68,6,1,0
BRDA:77,7,0,0
BRDA:77,7,1,0
BRDA:77,8,0,0
BRDA:77,8,1,0
BRDA:77,8,2,0
BRDA:88,9,0,0
BRDA:88,9,1,0
BRDA:88,10,0,0
BRDA:88,10,1,0
BRDA:88,10,2,0
BRDA:99,11,0,0
BRDA:99,11,1,0
BRDA:99,12,0,0
BRDA:99,12,1,0
BRDA:108,13,0,0
BRDA:108,13,1,0
BRDA:108,14,0,0
BRDA:108,14,1,0
BRDA:117,15,0,0
BRDA:117,15,1,0
BRDA:117,16,0,0
BRDA:117,16,1,0
BRDA:117,16,2,0
BRDA:130,17,0,0
BRDA:130,17,1,0
BRDA:144,18,0,0
BRDA:144,18,1,0
BRDA:144,19,0,0
BRDA:144,19,1,0
BRDA:145,20,0,0
BRDA:145,20,1,0
BRF:44
BRH:0
end_of_record
TN:
SF:src\Components\Ui\Feedback\EmptyState.tsx
FN:40,(anonymous_0)
FN:51,(anonymous_1)
FNF:2
FNH:2
FNDA:1,(anonymous_0)
FNDA:1,(anonymous_1)
DA:40,2
DA:51,1
DA:52,1
DA:54,0
DA:60,1
DA:66,0
DA:73,0
DA:81,1
DA:82,1
DA:83,1
DA:84,1
DA:86,1
LF:12
LH:9
BRDA:44,0,0,0
BRDA:47,1,0,1
BRDA:52,2,0,0
BRDA:52,2,1,1
BRDA:52,2,2,0
BRDA:52,2,3,0
BRDA:52,2,4,0
BRDA:55,3,0,0
BRDA:55,3,1,0
BRDA:61,4,0,0
BRDA:61,4,1,1
BRDA:67,5,0,0
BRDA:67,5,1,0
BRDA:74,6,0,0
BRDA:74,6,1,0
BRDA:82,7,0,1
BRDA:82,7,1,1
BRDA:83,8,0,1
BRDA:83,8,1,1
BRDA:84,9,0,1
BRDA:84,9,1,0
BRDA:89,10,0,0
BRDA:89,10,1,1
BRDA:93,11,0,0
BRDA:93,11,1,1
BRDA:100,12,0,0
BRDA:100,12,1,1
BRDA:106,13,0,1
BRDA:106,13,1,1
BRDA:109,14,0,0
BRDA:109,14,1,1
BRDA:116,15,0,1
BRDA:116,15,1,0
BRDA:117,16,0,0
BRDA:117,16,1,0
BRDA:119,17,0,0
BRDA:119,17,1,0
BRDA:120,18,0,0
BRDA:120,18,1,0
BRDA:123,19,0,0
BRDA:123,19,1,0
BRF:41
BRH:15
end_of_record
TN:
SF:src\Components\Ui\Feedback\Loading.tsx
FN:12,(anonymous_0)
FN:150,(anonymous_1)
FN:192,(anonymous_2)
FN:199,(anonymous_3)
FN:217,(anonymous_4)
FN:254,(anonymous_5)
FNF:6
FNH:2
FNDA:29,(anonymous_0)
FNDA:45,(anonymous_1)
FNDA:0,(anonymous_2)
FNDA:0,(anonymous_3)
FNDA:0,(anonymous_4)
FNDA:0,(anonymous_5)
DA:12,3
DA:19,29
DA:27,29
DA:36,29
DA:44,29
DA:45,5
DA:53,24
DA:54,1
DA:62,1
DA:64,1
DA:111,23
DA:113,15
DA:122,15
DA:131,15
DA:140,15
DA:151,45
DA:169,8
DA:192,3
DA:199,0
DA:200,0
DA:202,0
DA:204,0
DA:207,0
DA:211,0
DA:214,0
DA:215,0
DA:218,0
DA:233,0
DA:254,3
DA:259,0
LF:30
LH:19
BRDA:13,0,0,19
BRDA:14,1,0,23
BRDA:16,2,0,29
BRDA:17,3,0,2
BRDA:44,4,0,5
BRDA:44,4,1,24
BRDA:53,5,0,1
BRDA:53,5,1,23
BRDA:111,6,0,15
BRDA:111,6,1,8
BRDA:194,7,0,0
BRDA:197,8,0,0
BRDA:200,9,0,0
BRDA:200,9,1,0
BRDA:200,9,2,0
BRDA:200,9,3,0
BRDA:214,10,0,0
BRDA:214,10,1,0
BRDA:214,11,0,0
BRDA:214,11,1,0
BRDA:223,12,0,0
BRDA:223,12,1,0
BRDA:238,13,0,0
BRDA:238,13,1,0
BRDA:239,14,0,0
BRDA:239,14,1,0
BRDA:240,15,0,0
BRDA:240,15,1,0
BRDA:263,16,0,0
BRDA:263,16,1,0
BRF:30
BRH:10
end_of_record
TN:
SF:src\Components\Ui\Feedback\Tooltip.tsx
FN:32,(anonymous_0)
FN:35,TooltipProvider
FN:43,Tooltip
FN:46,(anonymous_3)
FN:59,TooltipTrigger
FN:63,(anonymous_5)
FN:69,(anonymous_6)
FN:72,(anonymous_7)
FN:82,(anonymous_8)
FN:83,(anonymous_9)
FN:86,(anonymous_10)
FN:87,(anonymous_11)
FN:116,TooltipContent
FNF:13
FNH:0
FNDA:0,(anonymous_0)
FNDA:0,TooltipProvider
FNDA:0,Tooltip
FNDA:0,(anonymous_3)
FNDA:0,TooltipTrigger
FNDA:0,(anonymous_5)
FNDA:0,(anonymous_6)
FNDA:0,(anonymous_7)
FNDA:0,(anonymous_8)
FNDA:0,(anonymous_9)
FNDA:0,(anonymous_10)
FNDA:0,(anonymous_11)
FNDA:0,TooltipContent
DA:27,1
DA:36,0
DA:44,0
DA:46,0
DA:47,0
DA:50,0
DA:60,0
DA:61,0
DA:63,0
DA:65,0
DA:66,0
DA:69,0
DA:72,0
DA:74,0
DA:75,0
DA:76,0
DA:79,0
DA:82,0
DA:83,0
DA:86,0
DA:87,0
DA:88,0
DA:89,0
DA:94,0
DA:96,0
DA:104,0
DA:123,0
DA:125,0
DA:127,0
DA:134,0
DA:140,0
LF:31
LH:1
BRDA:59,0,0,0
BRDA:65,1,0,0
BRDA:65,1,1,0
BRDA:74,2,0,0
BRDA:74,2,1,0
BRDA:88,3,0,0
BRDA:88,3,1,0
BRDA:94,4,0,0
BRDA:94,4,1,0
BRDA:94,5,0,0
BRDA:94,5,1,0
BRDA:117,6,0,0
BRDA:118,7,0,0
BRDA:119,8,0,0
BRDA:125,9,0,0
BRDA:125,9,1,0
BRDA:125,10,0,0
BRDA:125,10,1,0
BRDA:135,11,0,0
BRDA:135,11,1,0
BRDA:135,12,0,0
BRDA:135,12,1,0
BRDA:136,13,0,0
BRDA:136,13,1,0
BRDA:136,14,0,0
BRDA:136,14,1,0
BRDA:137,15,0,0
BRDA:137,15,1,0
BRDA:137,16,0,0
BRDA:137,16,1,0
BRF:30
BRH:0
end_of_record
TN:
SF:src\Components\Ui\Forms\Input.tsx
FN:20,(anonymous_0)
FN:42,(anonymous_1)
FN:60,(anonymous_2)
FNF:3
FNH:3
FNDA:6,(anonymous_0)
FNDA:1,(anonymous_1)
FNDA:7,(anonymous_2)
DA:20,2
DA:38,6
DA:39,6
DA:42,6
DA:43,1
DA:46,1
DA:47,0
DA:51,1
DA:54,1
DA:55,0
DA:60,6
DA:61,7
DA:62,0
DA:63,0
DA:64,0
DA:66,7
DA:70,6
DA:72,6
DA:74,6
DA:171,0
DA:225,2
LF:21
LH:15
BRDA:24,0,0,6
BRDA:25,1,0,6
BRDA:26,2,0,5
BRDA:32,3,0,6
BRDA:33,4,0,6
BRDA:39,5,0,6
BRDA:39,5,1,6
BRDA:46,6,0,0
BRDA:46,6,1,1
BRDA:46,7,0,1
BRDA:46,7,1,0
BRDA:54,8,0,0
BRDA:54,8,1,1
BRDA:54,9,0,1
BRDA:54,9,1,0
BRDA:61,10,0,0
BRDA:61,10,1,7
BRDA:61,11,0,7
BRDA:61,11,1,0
BRDA:63,12,0,0
BRDA:63,12,1,0
BRDA:64,13,0,0
BRDA:64,13,1,0
BRDA:70,14,0,6
BRDA:70,14,1,0
BRDA:72,15,0,6
BRDA:72,15,1,0
BRDA:94,16,0,1
BRDA:94,16,1,5
BRDA:102,17,0,6
BRDA:102,17,1,6
BRDA:109,18,0,6
BRDA:109,18,1,2
BRDA:121,19,0,0
BRDA:121,19,1,2
BRDA:130,20,0,0
BRDA:130,20,1,2
BRDA:139,21,0,0
BRDA:139,21,1,2
BRDA:141,22,0,0
BRDA:141,22,1,2
BRDA:147,23,0,2
BRDA:147,23,1,1
BRDA:153,24,0,6
BRDA:153,24,1,1
BRDA:161,25,0,6
BRDA:161,25,1,1
BRDA:161,25,2,1
BRDA:174,26,0,0
BRDA:174,26,1,0
BRDA:180,27,0,0
BRDA:180,27,1,0
BRDA:196,28,0,0
BRDA:196,28,1,0
BRDA:208,29,0,0
BRDA:208,29,1,0
BRDA:216,30,0,0
BRDA:216,30,1,0
BRDA:216,30,2,0
BRF:59
BRH:32
end_of_record
TN:
SF:src\Components\Ui\Forms\LinkInput.tsx
FN:21,(anonymous_0)
FN:31,(anonymous_1)
FN:57,(anonymous_2)
FN:58,(anonymous_3)
FN:68,(anonymous_4)
FN:75,(anonymous_5)
FN:79,(anonymous_6)
FN:88,(anonymous_7)
FN:131,(anonymous_8)
FN:163,(anonymous_9)
FN:185,(anonymous_10)
FNF:11
FNH:0
FNDA:0,(anonymous_0)
FNDA:0,(anonymous_1)
FNDA:0,(anonymous_2)
FNDA:0,(anonymous_3)
FNDA:0,(anonymous_4)
FNDA:0,(anonymous_5)
FNDA:0,(anonymous_6)
FNDA:0,(anonymous_7)
FNDA:0,(anonymous_8)
FNDA:0,(anonymous_9)
FNDA:0,(anonymous_10)
DA:21,0
DA:27,0
DA:28,0
DA:29,0
DA:31,0
DA:32,0
DA:34,0
DA:37,0
DA:38,0
DA:39,0
DA:43,0
DA:44,0
DA:45,0
DA:46,0
DA:50,0
DA:51,0
DA:52,0
DA:53,0
DA:54,0
DA:57,0
DA:58,0
DA:59,0
DA:60,0
DA:63,0
DA:64,0
DA:65,0
DA:68,0
DA:69,0
DA:70,0
DA:71,0
DA:75,0
DA:76,0
DA:79,0
DA:81,0
DA:82,0
DA:85,0
DA:86,0
DA:88,0
DA:89,0
DA:90,0
DA:91,0
DA:92,0
DA:93,0
DA:95,0
DA:101,0
DA:102,0
DA:104,0
DA:105,0
DA:106,0
DA:107,0
DA:110,0
DA:111,0
DA:114,0
DA:115,0
DA:118,0
DA:123,0
DA:131,0
DA:164,0
DA:185,0
LF:59
LH:0
BRDA:23,0,0,0
BRDA:24,1,0,0
BRDA:25,2,0,0
BRDA:34,3,0,0
BRDA:34,3,1,0
BRDA:37,4,0,0
BRDA:37,4,1,0
BRDA:44,5,0,0
BRDA:44,5,1,0
BRDA:45,6,0,0
BRDA:45,6,1,0
BRDA:69,7,0,0
BRDA:69,7,1,0
BRDA:81,8,0,0
BRDA:81,8,1,0
BRDA:90,9,0,0
BRDA:90,9,1,0
BRDA:92,10,0,0
BRDA:92,10,1,0
BRDA:104,11,0,0
BRDA:104,11,1,0
BRDA:110,12,0,0
BRDA:110,12,1,0
BRDA:114,13,0,0
BRDA:114,13,1,0
BRDA:135,14,0,0
BRDA:135,14,1,0
BRDA:143,15,0,0
BRDA:143,15,1,0
BRDA:143,15,2,0
BRDA:153,16,0,0
BRDA:153,16,1,0
BRDA:159,17,0,0
BRDA:159,17,1,0
BRDA:202,18,0,0
BRDA:202,18,1,0
BRF:36
BRH:0
end_of_record
TN:
SF:src\Components\Ui\Forms\MultiSelect.tsx
FN:36,(anonymous_0)
FN:59,(anonymous_1)
FN:68,(anonymous_2)
FN:75,(anonymous_3)
FN:76,(anonymous_4)
FN:84,(anonymous_5)
FN:88,(anonymous_6)
FN:91,(anonymous_7)
FN:98,(anonymous_8)
FN:100,(anonymous_9)
FN:107,(anonymous_10)
FN:111,(anonymous_11)
FN:115,(anonymous_12)
FN:122,(anonymous_13)
FN:125,(anonymous_14)
FN:126,(anonymous_15)
FN:127,(anonymous_16)
FN:127,(anonymous_17)
FN:131,(anonymous_18)
FN:132,(anonymous_19)
FN:135,(anonymous_20)
FN:139,(anonymous_21)
FN:140,(anonymous_22)
FN:145,(anonymous_23)
FN:149,(anonymous_24)
FN:150,(anonymous_25)
FN:151,(anonymous_26)
FN:152,(anonymous_27)
FN:156,(anonymous_28)
FN:163,(anonymous_29)
FN:167,(anonymous_30)
FN:204,(anonymous_31)
FN:278,(anonymous_32)
FN:281,(anonymous_33)
FN:286,(anonymous_34)
FN:331,(anonymous_35)
FN:332,(anonymous_36)
FN:345,(anonymous_37)
FN:413,(anonymous_38)
FN:445,(anonymous_39)
FN:448,(anonymous_40)
FN:453,(anonymous_41)
FN:498,(anonymous_42)
FN:499,(anonymous_43)
FN:512,(anonymous_44)
FNF:45
FNH:0
FNDA:0,(anonymous_0)
FNDA:0,(anonymous_1)
FNDA:0,(anonymous_2)
FNDA:0,(anonymous_3)
FNDA:0,(anonymous_4)
FNDA:0,(anonymous_5)
FNDA:0,(anonymous_6)
FNDA:0,(anonymous_7)
FNDA:0,(anonymous_8)
FNDA:0,(anonymous_9)
FNDA:0,(anonymous_10)
FNDA:0,(anonymous_11)
FNDA:0,(anonymous_12)
FNDA:0,(anonymous_13)
FNDA:0,(anonymous_14)
FNDA:0,(anonymous_15)
FNDA:0,(anonymous_16)
FNDA:0,(anonymous_17)
FNDA:0,(anonymous_18)
FNDA:0,(anonymous_19)
FNDA:0,(anonymous_20)
FNDA:0,(anonymous_21)
FNDA:0,(anonymous_22)
FNDA:0,(anonymous_23)
FNDA:0,(anonymous_24)
FNDA:0,(anonymous_25)
FNDA:0,(anonymous_26)
FNDA:0,(anonymous_27)
FNDA:0,(anonymous_28)
FNDA:0,(anonymous_29)
FNDA:0,(anonymous_30)
FNDA:0,(anonymous_31)
FNDA:0,(anonymous_32)
FNDA:0,(anonymous_33)
FNDA:0,(anonymous_34)
FNDA:0,(anonymous_35)
FNDA:0,(anonymous_36)
FNDA:0,(anonymous_37)
FNDA:0,(anonymous_38)
FNDA:0,(anonymous_39)
FNDA:0,(anonymous_40)
FNDA:0,(anonymous_41)
FNDA:0,(anonymous_42)
FNDA:0,(anonymous_43)
FNDA:0,(anonymous_44)
DA:36,1
DA:56,0
DA:57,0
DA:58,0
DA:59,0
DA:61,0
DA:62,0
DA:63,0
DA:64,0
DA:68,0
DA:69,0
DA:70,0
DA:71,0
DA:75,0
DA:76,0
DA:77,0
DA:78,0
DA:79,0
DA:83,0
DA:84,0
DA:88,0
DA:89,0
DA:91,0
DA:92,0
DA:98,0
DA:99,0
DA:100,0
DA:101,0
DA:103,0
DA:107,0
DA:108,0
DA:111,0
DA:113,0
DA:115,0
DA:118,0
DA:121,0
DA:122,0
DA:125,0
DA:126,0
DA:127,0
DA:129,0
DA:131,0
DA:132,0
DA:134,0
DA:135,0
DA:138,0
DA:139,0
DA:140,0
DA:141,0
DA:144,0
DA:145,0
DA:149,0
DA:150,0
DA:151,0
DA:152,0
DA:156,0
DA:157,0
DA:158,0
DA:159,0
DA:163,0
DA:164,0
DA:166,0
DA:167,0
DA:168,0
DA:174,0
DA:177,0
DA:179,0
DA:181,0
DA:204,0
DA:278,0
DA:281,0
DA:287,0
DA:288,0
DA:289,0
DA:332,0
DA:334,0
DA:345,0
DA:383,0
DA:413,0
DA:445,0
DA:448,0
DA:454,0
DA:455,0
DA:456,0
DA:499,0
DA:501,0
DA:512,0
LF:87
LH:1
BRDA:38,0,0,0
BRDA:39,1,0,0
BRDA:41,2,0,0
BRDA:44,3,0,0
BRDA:45,4,0,0
BRDA:46,5,0,0
BRDA:47,6,0,0
BRDA:48,7,0,0
BRDA:49,8,0,0
BRDA:52,9,0,0
BRDA:53,10,0,0
BRDA:54,11,0,0
BRDA:59,12,0,0
BRDA:59,12,1,0
BRDA:64,13,0,0
BRDA:64,13,1,0
BRDA:77,14,0,0
BRDA:77,14,1,0
BRDA:77,15,0,0
BRDA:77,15,1,0
BRDA:89,16,0,0
BRDA:89,16,1,0
BRDA:89,17,0,0
BRDA:89,17,1,0
BRDA:89,17,2,0
BRDA:89,17,3,0
BRDA:99,18,0,0
BRDA:99,18,1,0
BRDA:108,19,0,0
BRDA:108,19,1,0
BRDA:108,20,0,0
BRDA:108,20,1,0
BRDA:113,21,0,0
BRDA:113,21,1,0
BRDA:129,22,0,0
BRDA:129,22,1,0
BRDA:140,23,0,0
BRDA:140,23,1,0
BRDA:151,24,0,0
BRDA:151,24,1,0
BRDA:157,25,0,0
BRDA:157,25,1,0
BRDA:158,26,0,0
BRDA:158,26,1,0
BRDA:164,27,0,0
BRDA:164,27,1,0
BRDA:168,28,0,0
BRDA:168,28,1,0
BRDA:174,29,0,0
BRDA:174,29,1,0
BRDA:177,30,0,0
BRDA:177,30,1,0
BRDA:196,31,0,0
BRDA:196,31,1,0
BRDA:200,32,0,0
BRDA:200,32,1,0
BRDA:202,33,0,0
BRDA:202,33,1,0
BRDA:204,34,0,0
BRDA:204,34,1,0
BRDA:209,35,0,0
BRDA:209,35,1,0
BRDA:211,36,0,0
BRDA:211,36,1,0
BRDA:217,37,0,0
BRDA:217,37,1,0
BRDA:223,38,0,0
BRDA:223,38,1,0
BRDA:235,39,0,0
BRDA:235,39,1,0
BRDA:235,40,0,0
BRDA:235,40,1,0
BRDA:243,41,0,0
BRDA:243,41,1,0
BRDA:243,42,0,0
BRDA:243,42,1,0
BRDA:251,43,0,0
BRDA:251,43,1,0
BRDA:253,44,0,0
BRDA:253,44,1,0
BRDA:253,45,0,0
BRDA:253,45,1,0
BRDA:259,46,0,0
BRDA:259,46,1,0
BRDA:265,47,0,0
BRDA:265,47,1,0
BRDA:265,47,2,0
BRDA:270,48,0,0
BRDA:270,48,1,0
BRDA:283,49,0,0
BRDA:283,49,1,0
BRDA:306,50,0,0
BRDA:306,50,1,0
BRDA:306,50,2,0
BRDA:313,51,0,0
BRDA:313,51,1,0
BRDA:319,52,0,0
BRDA:319,52,1,0
BRDA:323,53,0,0
BRDA:323,53,1,0
BRDA:340,54,0,0
BRDA:340,54,1,0
BRDA:343,55,0,0
BRDA:343,55,1,0
BRDA:350,56,0,0
BRDA:350,56,1,0
BRDA:358,57,0,0
BRDA:358,57,1,0
BRDA:372,58,0,0
BRDA:372,58,1,0
BRDA:386,59,0,0
BRDA:386,59,1,0
BRDA:389,60,0,0
BRDA:389,60,1,0
BRDA:392,61,0,0
BRDA:392,61,1,0
BRDA:406,62,0,0
BRDA:406,62,1,0
BRDA:408,63,0,0
BRDA:408,63,1,0
BRDA:411,64,0,0
BRDA:411,64,1,0
BRDA:411,64,2,0
BRDA:413,65,0,0
BRDA:413,65,1,0
BRDA:418,66,0,0
BRDA:418,66,1,0
BRDA:426,67,0,0
BRDA:426,67,1,0
BRDA:432,68,0,0
BRDA:432,68,1,0
BRDA:432,68,2,0
BRDA:437,69,0,0
BRDA:437,69,1,0
BRDA:450,70,0,0
BRDA:450,70,1,0
BRDA:473,71,0,0
BRDA:473,71,1,0
BRDA:473,71,2,0
BRDA:480,72,0,0
BRDA:480,72,1,0
BRDA:486,73,0,0
BRDA:486,73,1,0
BRDA:490,74,0,0
BRDA:490,74,1,0
BRDA:507,75,0,0
BRDA:507,75,1,0
BRDA:510,76,0,0
BRDA:510,76,1,0
BRDA:517,77,0,0
BRDA:517,77,1,0
BRDA:525,78,0,0
BRDA:525,78,1,0
BRDA:539,79,0,0
BRDA:539,79,1,0
BRF:155
BRH:0
end_of_record
TN:
SF:src\Components\Ui\Forms\SearchInput.tsx
FN:15,(anonymous_0)
FN:22,(anonymous_1)
FNF:2
FNH:2
FNDA:12,(anonymous_0)
FNDA:1,(anonymous_1)
DA:15,2
DA:22,12
DA:23,1
DA:26,12
LF:4
LH:4
BRDA:16,0,0,0
BRDA:17,1,0,0
BRDA:20,2,0,12
BRDA:41,3,0,12
BRDA:41,3,1,0
BRF:5
BRH:2
end_of_record
TN:
SF:src\Components\Ui\Forms\SingleSelect.tsx
FN:50,(anonymous_0)
FN:72,(anonymous_1)
FN:80,(anonymous_2)
FN:81,(anonymous_3)
FN:89,(anonymous_4)
FN:93,(anonymous_5)
FN:96,(anonymous_6)
FN:103,(anonymous_7)
FN:105,(anonymous_8)
FN:112,(anonymous_9)
FN:120,(anonymous_10)
FN:132,(anonymous_11)
FN:138,(anonymous_12)
FN:142,(anonymous_13)
FN:182,(anonymous_14)
FN:257,(anonymous_15)
FN:260,(anonymous_16)
FN:265,(anonymous_17)
FN:297,(anonymous_18)
FN:310,(anonymous_19)
FN:373,(anonymous_20)
FN:408,(anonymous_21)
FN:411,(anonymous_22)
FN:416,(anonymous_23)
FN:448,(anonymous_24)
FN:461,(anonymous_25)
FNF:26
FNH:0
FNDA:0,(anonymous_0)
FNDA:0,(anonymous_1)
FNDA:0,(anonymous_2)
FNDA:0,(anonymous_3)
FNDA:0,(anonymous_4)
FNDA:0,(anonymous_5)
FNDA:0,(anonymous_6)
FNDA:0,(anonymous_7)
FNDA:0,(anonymous_8)
FNDA:0,(anonymous_9)
FNDA:0,(anonymous_10)
FNDA:0,(anonymous_11)
FNDA:0,(anonymous_12)
FNDA:0,(anonymous_13)
FNDA:0,(anonymous_14)
FNDA:0,(anonymous_15)
FNDA:0,(anonymous_16)
FNDA:0,(anonymous_17)
FNDA:0,(anonymous_18)
FNDA:0,(anonymous_19)
FNDA:0,(anonymous_20)
FNDA:0,(anonymous_21)
FNDA:0,(anonymous_22)
FNDA:0,(anonymous_23)
FNDA:0,(anonymous_24)
FNDA:0,(anonymous_25)
DA:50,1
DA:69,0
DA:70,0
DA:71,0
DA:72,0
DA:74,0
DA:75,0
DA:76,0
DA:77,0
DA:80,0
DA:81,0
DA:82,0
DA:83,0
DA:84,0
DA:88,0
DA:89,0
DA:93,0
DA:94,0
DA:96,0
DA:97,0
DA:103,0
DA:104,0
DA:105,0
DA:106,0
DA:108,0
DA:112,0
DA:113,0
DA:115,0
DA:116,0
DA:117,0
DA:120,0
DA:121,0
DA:123,0
DA:125,0
DA:127,0
DA:132,0
DA:133,0
DA:134,0
DA:138,0
DA:139,0
DA:141,0
DA:142,0
DA:143,0
DA:149,0
DA:152,0
DA:154,0
DA:156,0
DA:182,0
DA:257,0
DA:260,0
DA:266,0
DA:267,0
DA:268,0
DA:298,0
DA:310,0
DA:340,0
DA:373,0
DA:408,0
DA:411,0
DA:417,0
DA:418,0
DA:419,0
DA:449,0
DA:461,0
LF:64
LH:1
BRDA:53,0,0,0
BRDA:55,1,0,0
BRDA:56,2,0,0
BRDA:57,3,0,0
BRDA:60,4,0,0
BRDA:63,5,0,0
BRDA:64,6,0,0
BRDA:65,7,0,0
BRDA:66,8,0,0
BRDA:67,9,0,0
BRDA:72,10,0,0
BRDA:72,10,1,0
BRDA:72,11,0,0
BRDA:72,11,1,0
BRDA:77,12,0,0
BRDA:77,12,1,0
BRDA:82,13,0,0
BRDA:82,13,1,0
BRDA:82,14,0,0
BRDA:82,14,1,0
BRDA:94,15,0,0
BRDA:94,15,1,0
BRDA:94,16,0,0
BRDA:94,16,1,0
BRDA:94,16,2,0
BRDA:94,16,3,0
BRDA:104,17,0,0
BRDA:104,17,1,0
BRDA:106,18,0,0
BRDA:106,18,1,0
BRDA:113,19,0,0
BRDA:113,19,1,0
BRDA:121,20,0,0
BRDA:121,20,1,0
BRDA:121,20,2,0
BRDA:139,21,0,0
BRDA:139,21,1,0
BRDA:143,22,0,0
BRDA:143,22,1,0
BRDA:149,23,0,0
BRDA:149,23,1,0
BRDA:152,24,0,0
BRDA:152,24,1,0
BRDA:171,25,0,0
BRDA:171,25,1,0
BRDA:174,26,0,0
BRDA:174,26,1,0
BRDA:178,27,0,0
BRDA:178,27,1,0
BRDA:180,28,0,0
BRDA:180,28,1,0
BRDA:180,28,2,0
BRDA:182,29,0,0
BRDA:182,29,1,0
BRDA:187,30,0,0
BRDA:187,30,1,0
BRDA:189,31,0,0
BRDA:189,31,1,0
BRDA:195,32,0,0
BRDA:195,32,1,0
BRDA:201,33,0,0
BRDA:201,33,1,0
BRDA:213,34,0,0
BRDA:213,34,1,0
BRDA:213,35,0,0
BRDA:213,35,1,0
BRDA:221,36,0,0
BRDA:221,36,1,0
BRDA:221,37,0,0
BRDA:221,37,1,0
BRDA:229,38,0,0
BRDA:229,38,1,0
BRDA:231,39,0,0
BRDA:231,39,1,0
BRDA:231,40,0,0
BRDA:231,40,1,0
BRDA:237,41,0,0
BRDA:237,41,1,0
BRDA:244,42,0,0
BRDA:244,42,1,0
BRDA:244,42,2,0
BRDA:249,43,0,0
BRDA:249,43,1,0
BRDA:262,44,0,0
BRDA:262,44,1,0
BRDA:285,45,0,0
BRDA:285,45,1,0
BRDA:289,46,0,0
BRDA:289,46,1,0
BRDA:303,47,0,0
BRDA:303,47,1,0
BRDA:305,48,0,0
BRDA:305,48,1,0
BRDA:308,49,0,0
BRDA:308,49,1,0
BRDA:310,50,0,0
BRDA:310,50,1,0
BRDA:316,51,0,0
BRDA:316,51,1,0
BRDA:329,52,0,0
BRDA:329,52,1,0
BRDA:343,53,0,0
BRDA:343,53,1,0
BRDA:346,54,0,0
BRDA:346,54,1,0
BRDA:349,55,0,0
BRDA:349,55,1,0
BRDA:363,56,0,0
BRDA:363,56,1,0
BRDA:366,57,0,0
BRDA:366,57,1,0
BRDA:368,58,0,0
BRDA:368,58,1,0
BRDA:371,59,0,0
BRDA:371,59,1,0
BRDA:371,59,2,0
BRDA:371,59,3,0
BRDA:373,60,0,0
BRDA:373,60,1,0
BRDA:373,60,2,0
BRDA:378,61,0,0
BRDA:378,61,1,0
BRDA:380,62,0,0
BRDA:380,62,1,0
BRDA:384,63,0,0
BRDA:384,63,1,0
BRDA:387,64,0,0
BRDA:387,64,1,0
BRDA:395,65,0,0
BRDA:395,65,1,0
BRDA:395,65,2,0
BRDA:400,66,0,0
BRDA:400,66,1,0
BRDA:413,67,0,0
BRDA:413,67,1,0
BRDA:436,68,0,0
BRDA:436,68,1,0
BRDA:440,69,0,0
BRDA:440,69,1,0
BRDA:454,70,0,0
BRDA:454,70,1,0
BRDA:456,71,0,0
BRDA:456,71,1,0
BRDA:459,72,0,0
BRDA:459,72,1,0
BRDA:461,73,0,0
BRDA:461,73,1,0
BRDA:467,74,0,0
BRDA:467,74,1,0
BRDA:480,75,0,0
BRDA:480,75,1,0
BRF:151
BRH:0
end_of_record
TN:
SF:src\Components\Ui\Forms\Textarea.tsx
FN:21,(anonymous_0)
FN:45,(anonymous_1)
FN:63,(anonymous_2)
FNF:3
FNH:0
FNDA:0,(anonymous_0)
FNDA:0,(anonymous_1)
FNDA:0,(anonymous_2)
DA:21,1
DA:41,0
DA:42,0
DA:45,0
DA:46,0
DA:49,0
DA:50,0
DA:54,0
DA:57,0
DA:58,0
DA:63,0
DA:64,0
DA:65,0
DA:66,0
DA:67,0
DA:69,0
DA:73,0
DA:75,0
DA:77,0
DA:177,0
DA:235,1
LF:21
LH:2
BRDA:25,0,0,0
BRDA:26,1,0,0
BRDA:27,2,0,0
BRDA:28,3,0,0
BRDA:31,4,0,0
BRDA:35,5,0,0
BRDA:36,6,0,0
BRDA:42,7,0,0
BRDA:42,7,1,0
BRDA:49,8,0,0
BRDA:49,8,1,0
BRDA:49,9,0,0
BRDA:49,9,1,0
BRDA:57,10,0,0
BRDA:57,10,1,0
BRDA:57,11,0,0
BRDA:57,11,1,0
BRDA:64,12,0,0
BRDA:64,12,1,0
BRDA:64,13,0,0
BRDA:64,13,1,0
BRDA:66,14,0,0
BRDA:66,14,1,0
BRDA:67,15,0,0
BRDA:67,15,1,0
BRDA:73,16,0,0
BRDA:73,16,1,0
BRDA:75,17,0,0
BRDA:75,17,1,0
BRDA:101,18,0,0
BRDA:101,18,1,0
BRDA:109,19,0,0
BRDA:109,19,1,0
BRDA:115,20,0,0
BRDA:115,20,1,0
BRDA:127,21,0,0
BRDA:127,21,1,0
BRDA:136,22,0,0
BRDA:136,22,1,0
BRDA:145,23,0,0
BRDA:145,23,1,0
BRDA:147,24,0,0
BRDA:147,24,1,0
BRDA:153,25,0,0
BRDA:153,25,1,0
BRDA:159,26,0,0
BRDA:159,26,1,0
BRDA:167,27,0,0
BRDA:167,27,1,0
BRDA:167,27,2,0
BRDA:180,28,0,0
BRDA:180,28,1,0
BRDA:186,29,0,0
BRDA:186,29,1,0
BRDA:206,30,0,0
BRDA:206,30,1,0
BRDA:218,31,0,0
BRDA:218,31,1,0
BRDA:226,32,0,0
BRDA:226,32,1,0
BRDA:226,32,2,0
BRF:61
BRH:0
end_of_record
TN:
SF:src\Components\Ui\Icons\SystemIcons.tsx
FN:35,(anonymous_0)
FN:56,(anonymous_1)
FN:67,(anonymous_2)
FN:78,(anonymous_3)
FN:89,(anonymous_4)
FN:104,(anonymous_5)
FN:114,(anonymous_6)
FN:124,(anonymous_7)
FN:134,(anonymous_8)
FN:145,(anonymous_9)
FN:161,(anonymous_10)
FN:176,(anonymous_11)
FN:191,(anonymous_12)
FN:209,(anonymous_13)
FN:220,(anonymous_14)
FN:231,(anonymous_15)
FN:241,(anonymous_16)
FN:251,(anonymous_17)
FN:265,(anonymous_18)
FN:278,(anonymous_19)
FN:290,(anonymous_20)
FN:302,(anonymous_21)
FN:314,(anonymous_22)
FN:326,(anonymous_23)
FN:336,(anonymous_24)
FN:346,(anonymous_25)
FN:375,(anonymous_26)
FN:390,(anonymous_27)
FN:418,(anonymous_28)
FN:434,(anonymous_29)
FN:444,(anonymous_30)
FN:463,(anonymous_31)
FN:475,(anonymous_32)
FN:485,(anonymous_33)
FN:496,(anonymous_34)
FN:513,(anonymous_35)
FN:530,(anonymous_36)
FN:547,(anonymous_37)
FN:564,(anonymous_38)
FN:577,(anonymous_39)
FN:592,(anonymous_40)
FN:603,(anonymous_41)
FN:614,(anonymous_42)
FN:631,(anonymous_43)
FN:647,(anonymous_44)
FN:657,(anonymous_45)
FN:667,(anonymous_46)
FN:678,(anonymous_47)
FN:688,(anonymous_48)
FN:702,(anonymous_49)
FN:713,(anonymous_50)
FN:723,(anonymous_51)
FN:736,(anonymous_52)
FN:747,(anonymous_53)
FN:758,(anonymous_54)
FN:770,(anonymous_55)
FN:786,(anonymous_56)
FN:801,(anonymous_57)
FN:810,(anonymous_58)
FN:819,(anonymous_59)
FN:832,(anonymous_60)
FN:846,(anonymous_61)
FN:861,(anonymous_62)
FN:873,(anonymous_63)
FN:890,(anonymous_64)
FN:906,(anonymous_65)
FN:918,(anonymous_66)
FN:929,(anonymous_67)
FN:947,(anonymous_68)
FN:952,(anonymous_69)
FN:957,(anonymous_70)
FN:962,(anonymous_71)
FN:967,(anonymous_72)
FN:972,(anonymous_73)
FN:978,(anonymous_74)
FN:983,(anonymous_75)
FN:992,(anonymous_76)
FN:995,(anonymous_77)
FN:996,(anonymous_78)
FN:997,(anonymous_79)
FN:998,(anonymous_80)
FN:1001,(anonymous_81)
FN:1002,(anonymous_82)
FN:1003,(anonymous_83)
FN:1004,(anonymous_84)
FN:1005,(anonymous_85)
FN:1008,(anonymous_86)
FN:1009,(anonymous_87)
FN:1012,(anonymous_88)
FN:1013,(anonymous_89)
FN:1014,(anonymous_90)
FN:1015,(anonymous_91)
FN:1018,(anonymous_92)
FN:1019,(anonymous_93)
FN:1020,(anonymous_94)
FN:1021,(anonymous_95)
FN:1024,(anonymous_96)
FN:1025,(anonymous_97)
FN:1026,(anonymous_98)
FN:1027,(anonymous_99)
FN:1028,(anonymous_100)
FN:1029,(anonymous_101)
FN:1030,(anonymous_102)
FN:1031,(anonymous_103)
FN:1032,(anonymous_104)
FN:1033,(anonymous_105)
FN:1034,(anonymous_106)
FN:1035,(anonymous_107)
FN:1036,(anonymous_108)
FN:1039,(anonymous_109)
FN:1040,(anonymous_110)
FN:1041,(anonymous_111)
FN:1042,(anonymous_112)
FN:1043,(anonymous_113)
FN:1044,(anonymous_114)
FN:1047,(anonymous_115)
FN:1050,(anonymous_116)
FN:1051,(anonymous_117)
FN:1052,(anonymous_118)
FNF:119
FNH:17
FNDA:59,(anonymous_0)
FNDA:0,(anonymous_1)
FNDA:0,(anonymous_2)
FNDA:0,(anonymous_3)
FNDA:0,(anonymous_4)
FNDA:0,(anonymous_5)
FNDA:0,(anonymous_6)
FNDA:0,(anonymous_7)
FNDA:0,(anonymous_8)
FNDA:0,(anonymous_9)
FNDA:0,(anonymous_10)
FNDA:0,(anonymous_11)
FNDA:0,(anonymous_12)
FNDA:12,(anonymous_13)
FNDA:0,(anonymous_14)
FNDA:5,(anonymous_15)
FNDA:3,(anonymous_16)
FNDA:0,(anonymous_17)
FNDA:0,(anonymous_18)
FNDA:0,(anonymous_19)
FNDA:1,(anonymous_20)
FNDA:1,(anonymous_21)
FNDA:1,(anonymous_22)
FNDA:0,(anonymous_23)
FNDA:0,(anonymous_24)
FNDA:0,(anonymous_25)
FNDA:0,(anonymous_26)
FNDA:0,(anonymous_27)
FNDA:0,(anonymous_28)
FNDA:0,(anonymous_29)
FNDA:0,(anonymous_30)
FNDA:0,(anonymous_31)
FNDA:0,(anonymous_32)
FNDA:0,(anonymous_33)
FNDA:0,(anonymous_34)
FNDA:0,(anonymous_35)
FNDA:0,(anonymous_36)
FNDA:0,(anonymous_37)
FNDA:0,(anonymous_38)
FNDA:0,(anonymous_39)
FNDA:0,(anonymous_40)
FNDA:0,(anonymous_41)
FNDA:0,(anonymous_42)
FNDA:0,(anonymous_43)
FNDA:0,(anonymous_44)
FNDA:0,(anonymous_45)
FNDA:0,(anonymous_46)
FNDA:2,(anonymous_47)
FNDA:0,(anonymous_48)
FNDA:0,(anonymous_49)
FNDA:0,(anonymous_50)
FNDA:0,(anonymous_51)
FNDA:0,(anonymous_52)
FNDA:0,(anonymous_53)
FNDA:0,(anonymous_54)
FNDA:0,(anonymous_55)
FNDA:19,(anonymous_56)
FNDA:0,(anonymous_57)
FNDA:0,(anonymous_58)
FNDA:0,(anonymous_59)
FNDA:0,(anonymous_60)
FNDA:0,(anonymous_61)
FNDA:0,(anonymous_62)
FNDA:0,(anonymous_63)
FNDA:0,(anonymous_64)
FNDA:0,(anonymous_65)
FNDA:0,(anonymous_66)
FNDA:0,(anonymous_67)
FNDA:8,(anonymous_68)
FNDA:1,(anonymous_69)
FNDA:1,(anonymous_70)
FNDA:1,(anonymous_71)
FNDA:1,(anonymous_72)
FNDA:1,(anonymous_73)
FNDA:1,(anonymous_74)
FNDA:1,(anonymous_75)
FNDA:0,(anonymous_76)
FNDA:0,(anonymous_77)
FNDA:0,(anonymous_78)
FNDA:0,(anonymous_79)
FNDA:0,(anonymous_80)
FNDA:0,(anonymous_81)
FNDA:0,(anonymous_82)
FNDA:0,(anonymous_83)
FNDA:0,(anonymous_84)
FNDA:0,(anonymous_85)
FNDA:0,(anonymous_86)
FNDA:0,(anonymous_87)
FNDA:0,(anonymous_88)
FNDA:0,(anonymous_89)
FNDA:0,(anonymous_90)
FNDA:0,(anonymous_91)
FNDA:0,(anonymous_92)
FNDA:0,(anonymous_93)
FNDA:0,(anonymous_94)
FNDA:0,(anonymous_95)
FNDA:0,(anonymous_96)
FNDA:0,(anonymous_97)
FNDA:0,(anonymous_98)
FNDA:0,(anonymous_99)
FNDA:0,(anonymous_100)
FNDA:0,(anonymous_101)
FNDA:0,(anonymous_102)
FNDA:0,(anonymous_103)
FNDA:0,(anonymous_104)
FNDA:0,(anonymous_105)
FNDA:0,(anonymous_106)
FNDA:0,(anonymous_107)
FNDA:0,(anonymous_108)
FNDA:0,(anonymous_109)
FNDA:0,(anonymous_110)
FNDA:0,(anonymous_111)
FNDA:0,(anonymous_112)
FNDA:0,(anonymous_113)
FNDA:0,(anonymous_114)
FNDA:0,(anonymous_115)
FNDA:0,(anonymous_116)
FNDA:0,(anonymous_117)
FNDA:0,(anonymous_118)
DA:35,6
DA:36,59
DA:45,59
DA:52,6
DA:57,0
DA:68,0
DA:79,0
DA:90,0
DA:105,0
DA:115,0
DA:125,0
DA:135,0
DA:146,0
DA:162,0
DA:177,0
DA:192,0
DA:210,12
DA:221,0
DA:232,5
DA:242,3
DA:252,0
DA:266,0
DA:279,0
DA:291,1
DA:303,1
DA:315,1
DA:327,0
DA:337,0
DA:347,0
DA:376,0
DA:391,0
DA:419,0
DA:435,0
DA:445,0
DA:464,0
DA:476,0
DA:486,0
DA:497,0
DA:514,0
DA:531,0
DA:548,0
DA:565,0
DA:578,0
DA:593,0
DA:604,0
DA:615,0
DA:632,0
DA:648,0
DA:658,0
DA:668,0
DA:679,2
DA:689,0
DA:703,0
DA:714,0
DA:724,0
DA:737,0
DA:748,0
DA:759,0
DA:771,0
DA:787,19
DA:802,0
DA:811,0
DA:820,0
DA:833,0
DA:847,0
DA:862,0
DA:874,0
DA:891,0
DA:907,0
DA:919,0
DA:930,0
DA:948,8
DA:953,1
DA:958,1
DA:963,1
DA:968,1
DA:973,1
DA:979,1
DA:984,1
DA:992,6
DA:993,0
DA:995,0
DA:996,0
DA:997,0
DA:998,0
DA:1001,0
DA:1002,0
DA:1003,0
DA:1004,0
DA:1005,0
DA:1008,0
DA:1009,0
DA:1012,0
DA:1013,0
DA:1014,0
DA:1015,0
DA:1018,0
DA:1019,0
DA:1020,0
DA:1021,0
DA:1024,0
DA:1025,0
DA:1026,0
DA:1027,0
DA:1028,0
DA:1029,0
DA:1030,0
DA:1031,0
DA:1032,0
DA:1033,0
DA:1034,0
DA:1035,0
DA:1036,0
DA:1039,0
DA:1040,0
DA:1041,0
DA:1042,0
DA:1043,0
DA:1044,0
DA:1047,0
DA:1050,0
DA:1051,0
DA:1052,0
DA:1055,0
LF:124
LH:21
BRDA:35,0,0,22
BRDA:58,1,0,0
BRDA:58,1,1,0
BRDA:69,2,0,0
BRDA:69,2,1,0
BRDA:80,3,0,0
BRDA:80,3,1,0
BRDA:91,4,0,0
BRDA:91,4,1,0
BRDA:106,5,0,0
BRDA:106,5,1,0
BRDA:114,6,0,0
BRDA:116,7,0,0
BRDA:116,7,1,0
BRDA:118,8,0,0
BRDA:118,8,1,0
BRDA:126,9,0,0
BRDA:126,9,1,0
BRDA:128,10,0,0
BRDA:128,10,1,0
BRDA:136,11,0,0
BRDA:136,11,1,0
BRDA:138,12,0,0
BRDA:138,12,1,0
BRDA:147,13,0,0
BRDA:147,13,1,0
BRDA:150,14,0,0
BRDA:150,14,1,0
BRDA:163,15,0,0
BRDA:163,15,1,0
BRDA:166,16,0,0
BRDA:166,16,1,0
BRDA:178,17,0,0
BRDA:178,17,1,0
BRDA:181,18,0,0
BRDA:181,18,1,0
BRDA:193,19,0,0
BRDA:193,19,1,0
BRDA:196,20,0,0
BRDA:196,20,1,0
BRDA:209,21,0,12
BRDA:211,22,0,12
BRDA:211,22,1,0
BRDA:220,23,0,0
BRDA:222,24,0,0
BRDA:222,24,1,0
BRDA:233,25,0,5
BRDA:233,25,1,0
BRDA:243,26,0,3
BRDA:243,26,1,0
BRDA:253,27,0,0
BRDA:253,27,1,0
BRDA:267,28,0,0
BRDA:267,28,1,0
BRDA:280,29,0,0
BRDA:280,29,1,0
BRDA:292,30,0,1
BRDA:292,30,1,1
BRDA:304,31,0,1
BRDA:304,31,1,1
BRDA:316,32,0,1
BRDA:316,32,1,1
BRDA:326,33,0,0
BRDA:328,34,0,0
BRDA:328,34,1,0
BRDA:338,35,0,0
BRDA:338,35,1,0
BRDA:340,36,0,0
BRDA:340,36,1,0
BRDA:348,37,0,0
BRDA:348,37,1,0
BRDA:350,38,0,0
BRDA:350,38,1,0
BRDA:375,39,0,0
BRDA:377,40,0,0
BRDA:377,40,1,0
BRDA:392,41,0,0
BRDA:392,41,1,0
BRDA:394,42,0,0
BRDA:394,42,1,0
BRDA:420,43,0,0
BRDA:420,43,1,0
BRDA:422,44,0,0
BRDA:422,44,1,0
BRDA:436,45,0,0
BRDA:436,45,1,0
BRDA:438,46,0,0
BRDA:438,46,1,0
BRDA:446,47,0,0
BRDA:446,47,1,0
BRDA:448,48,0,0
BRDA:448,48,1,0
BRDA:465,49,0,0
BRDA:465,49,1,0
BRDA:477,50,0,0
BRDA:477,50,1,0
BRDA:479,51,0,0
BRDA:479,51,1,0
BRDA:487,52,0,0
BRDA:487,52,1,0
BRDA:489,53,0,0
BRDA:489,53,1,0
BRDA:498,54,0,0
BRDA:498,54,1,0
BRDA:501,55,0,0
BRDA:501,55,1,0
BRDA:515,56,0,0
BRDA:515,56,1,0
BRDA:518,57,0,0
BRDA:518,57,1,0
BRDA:532,58,0,0
BRDA:532,58,1,0
BRDA:535,59,0,0
BRDA:535,59,1,0
BRDA:549,60,0,0
BRDA:549,60,1,0
BRDA:552,61,0,0
BRDA:552,61,1,0
BRDA:566,62,0,0
BRDA:566,62,1,0
BRDA:568,63,0,0
BRDA:568,63,1,0
BRDA:577,64,0,0
BRDA:579,65,0,0
BRDA:579,65,1,0
BRDA:594,66,0,0
BRDA:594,66,1,0
BRDA:605,67,0,0
BRDA:605,67,1,0
BRDA:616,68,0,0
BRDA:616,68,1,0
BRDA:617,69,0,0
BRDA:617,69,1,0
BRDA:633,70,0,0
BRDA:633,70,1,0
BRDA:636,71,0,0
BRDA:636,71,1,0
BRDA:649,72,0,0
BRDA:649,72,1,0
BRDA:651,73,0,0
BRDA:651,73,1,0
BRDA:659,74,0,0
BRDA:659,74,1,0
BRDA:661,75,0,0
BRDA:661,75,1,0
BRDA:669,76,0,0
BRDA:669,76,1,0
BRDA:671,77,0,0
BRDA:671,77,1,0
BRDA:680,78,0,2
BRDA:680,78,1,0
BRDA:682,79,0,2
BRDA:682,79,1,2
BRDA:690,80,0,0
BRDA:690,80,1,0
BRDA:692,81,0,0
BRDA:692,81,1,0
BRDA:704,82,0,0
BRDA:704,82,1,0
BRDA:706,83,0,0
BRDA:706,83,1,0
BRDA:715,84,0,0
BRDA:715,84,1,0
BRDA:717,85,0,0
BRDA:717,85,1,0
BRDA:725,86,0,0
BRDA:725,86,1,0
BRDA:727,87,0,0
BRDA:727,87,1,0
BRDA:738,88,0,0
BRDA:738,88,1,0
BRDA:740,89,0,0
BRDA:740,89,1,0
BRDA:749,90,0,0
BRDA:749,90,1,0
BRDA:751,91,0,0
BRDA:751,91,1,0
BRDA:760,92,0,0
BRDA:760,92,1,0
BRDA:762,93,0,0
BRDA:762,93,1,0
BRDA:772,94,0,0
BRDA:772,94,1,0
BRDA:774,95,0,0
BRDA:774,95,1,0
BRDA:788,96,0,19
BRDA:788,96,1,0
BRDA:790,97,0,19
BRDA:790,97,1,19
BRDA:803,98,0,0
BRDA:803,98,1,0
BRDA:805,99,0,0
BRDA:805,99,1,0
BRDA:812,100,0,0
BRDA:812,100,1,0
BRDA:814,101,0,0
BRDA:814,101,1,0
BRDA:821,102,0,0
BRDA:821,102,1,0
BRDA:823,103,0,0
BRDA:823,103,1,0
BRDA:834,104,0,0
BRDA:834,104,1,0
BRDA:836,105,0,0
BRDA:836,105,1,0
BRDA:848,106,0,0
BRDA:848,106,1,0
BRDA:850,107,0,0
BRDA:850,107,1,0
BRDA:863,108,0,0
BRDA:863,108,1,0
BRDA:865,109,0,0
BRDA:865,109,1,0
BRDA:875,110,0,0
BRDA:875,110,1,0
BRDA:877,111,0,0
BRDA:877,111,1,0
BRDA:892,112,0,0
BRDA:892,112,1,0
BRDA:894,113,0,0
BRDA:894,113,1,0
BRDA:908,114,0,0
BRDA:908,114,1,0
BRDA:910,115,0,0
BRDA:910,115,1,0
BRDA:920,116,0,0
BRDA:920,116,1,0
BRDA:922,117,0,0
BRDA:922,117,1,0
BRDA:931,118,0,0
BRDA:931,118,1,0
BRDA:933,119,0,0
BRDA:933,119,1,0
BRDA:948,120,0,8
BRDA:948,120,1,7
BRDA:953,121,0,1
BRDA:953,121,1,1
BRDA:958,122,0,1
BRDA:958,122,1,1
BRDA:963,123,0,1
BRDA:963,123,1,1
BRDA:968,124,0,1
BRDA:968,124,1,1
BRDA:973,125,0,1
BRDA:973,125,1,1
BRDA:979,126,0,1
BRDA:979,126,1,1
BRDA:984,127,0,1
BRDA:984,127,1,1
BRDA:992,128,0,0
BRDA:1055,129,0,0
BRDA:1055,129,1,0
BRF:252
BRH:33
end_of_record
TN:
SF:src\Components\Ui\Icons\index.ts
FN:22,(anonymous_0)
FNF:1
FNH:0
FNDA:0,(anonymous_0)
DA:17,0
DA:22,0
DA:23,0
LF:3
LH:0
BRF:0
BRH:0
end_of_record
TN:
SF:src\Components\Ui\Layout\PageHeader.tsx
FN:17,(anonymous_0)
FNF:1
FNH:0
FNDA:0,(anonymous_0)
DA:17,1
DA:26,0
DA:27,0
DA:30,0
DA:32,0
LF:5
LH:1
BRDA:24,0,0,0
BRDA:30,1,0,0
BRDA:30,1,1,0
BRDA:30,1,2,0
BRDA:35,2,0,0
BRDA:35,2,1,0
BRDA:50,3,0,0
BRDA:50,3,1,0
BRDA:60,4,0,0
BRDA:60,4,1,0
BRDA:64,5,0,0
BRDA:64,5,1,0
BRDA:72,6,0,0
BRDA:72,6,1,0
BRDA:80,7,0,0
BRDA:80,7,1,0
BRDA:83,8,0,0
BRDA:83,8,1,0
BRDA:84,9,0,0
BRDA:84,9,1,0
BRF:20
BRH:0
end_of_record
TN:
SF:src\Components\Ui\Layout\ResponsiveLayout.tsx
FN:28,(anonymous_0)
FN:39,(anonymous_1)
FN:59,(anonymous_2)
FNF:3
FNH:0
FNDA:0,(anonymous_0)
FNDA:0,(anonymous_1)
FNDA:0,(anonymous_2)
DA:28,1
DA:32,0
DA:33,0
DA:36,0
DA:39,0
DA:40,0
DA:41,0
DA:44,0
DA:45,0
DA:48,0
DA:49,0
DA:50,0
DA:52,0
DA:55,0
DA:59,0
DA:60,0
DA:61,0
DA:62,0
DA:64,0
DA:67,0
LF:20
LH:1
BRDA:36,0,0,0
BRDA:36,0,1,0
BRDA:40,1,0,0
BRDA:40,1,1,0
BRDA:41,2,0,0
BRDA:41,2,1,0
BRDA:44,3,0,0
BRDA:44,3,1,0
BRDA:45,4,0,0
BRDA:45,4,1,0
BRDA:48,5,0,0
BRDA:48,5,1,0
BRDA:49,6,0,0
BRDA:49,6,1,0
BRDA:50,7,0,0
BRDA:50,7,1,0
BRDA:52,8,0,0
BRDA:52,8,1,0
BRDA:60,9,0,0
BRDA:60,9,1,0
BRDA:61,10,0,0
BRDA:61,10,1,0
BRDA:80,11,0,0
BRDA:80,11,1,0
BRF:24
BRH:0
end_of_record
TN:
SF:src\Components\Ui\Layout\ScreenContainer.tsx
FN:15,(anonymous_0)
FN:21,(anonymous_1)
FN:26,(anonymous_2)
FNF:3
FNH:0
FNDA:0,(anonymous_0)
FNDA:0,(anonymous_1)
FNDA:0,(anonymous_2)
DA:15,1
DA:21,0
DA:22,0
DA:26,0
DA:27,0
DA:31,0
DA:32,0
DA:42,0
LF:8
LH:1
BRDA:17,0,0,0
BRDA:18,1,0,0
BRDA:31,2,0,0
BRDA:31,2,1,0
BRF:4
BRH:0
end_of_record
TN:
SF:src\Components\Ui\Layout\Sheet.tsx
FN:26,Sheet
FN:27,(anonymous_1)
FN:34,(anonymous_2)
FN:46,(anonymous_3)
FN:53,SheetContent
FN:74,SheetHeader
FN:88,SheetTitle
FN:102,SheetDescription
FNF:8
FNH:0
FNDA:0,Sheet
FNDA:0,(anonymous_1)
FNDA:0,(anonymous_2)
FNDA:0,(anonymous_3)
FNDA:0,SheetContent
FNDA:0,SheetHeader
FNDA:0,SheetTitle
FNDA:0,SheetDescription
DA:27,0
DA:28,0
DA:29,0
DA:31,0
DA:34,0
DA:35,0
DA:39,0
DA:41,0
DA:46,0
DA:59,0
DA:81,0
DA:95,0
DA:109,0
LF:13
LH:0
BRDA:28,0,0,0
BRDA:28,0,1,0
BRDA:39,1,0,0
BRDA:39,1,1,0
BRDA:54,2,0,0
BRDA:64,3,0,0
BRDA:64,3,1,0
BRF:7
BRH:0
end_of_record
TN:
SF:src\Components\Ui\Layout\WizardProgress.tsx
FN:29,(anonymous_0)
FN:35,(anonymous_1)
FN:45,(anonymous_2)
FN:54,(anonymous_3)
FN:88,(anonymous_4)
FN:98,(anonymous_5)
FNF:6
FNH:0
FNDA:0,(anonymous_0)
FNDA:0,(anonymous_1)
FNDA:0,(anonymous_2)
FNDA:0,(anonymous_3)
FNDA:0,(anonymous_4)
FNDA:0,(anonymous_5)
DA:29,1
DA:35,0
DA:37,0
DA:38,0
DA:42,0
DA:43,0
DA:46,0
DA:47,0
DA:48,0
DA:50,0
DA:54,0
DA:86,0
DA:89,0
DA:90,0
DA:91,0
DA:93,0
DA:98,0
LF:17
LH:1
BRDA:33,0,0,0
BRDA:37,1,0,0
BRDA:37,1,1,0
BRDA:37,2,0,0
BRDA:37,2,1,0
BRDA:42,3,0,0
BRDA:42,3,1,0
BRDA:58,4,0,0
BRDA:58,4,1,0
BRDA:59,5,0,0
BRDA:59,5,1,0
BRDA:59,5,2,0
BRDA:60,6,0,0
BRDA:60,6,1,0
BRDA:60,6,2,0
BRDA:61,7,0,0
BRDA:61,7,1,0
BRDA:62,8,0,0
BRDA:62,8,1,0
BRDA:65,9,0,0
BRDA:65,9,1,0
BRDA:73,10,0,0
BRDA:73,10,1,0
BRDA:102,11,0,0
BRDA:102,11,1,0
BRDA:103,12,0,0
BRDA:103,12,1,0
BRDA:103,12,2,0
BRDA:104,13,0,0
BRDA:104,13,1,0
BRDA:104,13,2,0
BRDA:105,14,0,0
BRDA:105,14,1,0
BRDA:106,15,0,0
BRDA:106,15,1,0
BRDA:109,16,0,0
BRDA:109,16,1,0
BRDA:120,17,0,0
BRDA:120,17,1,0
BRDA:121,18,0,0
BRDA:121,18,1,0
BRDA:122,19,0,0
BRDA:122,19,1,0
BRDA:122,19,2,0
BRDA:130,20,0,0
BRDA:130,20,1,0
BRF:46
BRH:0
end_of_record
TN:
SF:src\Components\Ui\Modals\CreateConfirmationModal.tsx
FN:26,(anonymous_0)
FNF:1
FNH:0
FNDA:0,(anonymous_0)
DA:26,0
DA:40,0
DA:48,0
DA:50,0
LF:4
LH:0
BRDA:30,0,0,0
BRDA:33,1,0,0
BRDA:34,2,0,0
BRDA:35,3,0,0
BRDA:36,4,0,0
BRDA:37,5,0,0
BRDA:40,6,0,0
BRDA:40,6,1,0
BRDA:48,7,0,0
BRDA:48,7,1,0
BRDA:64,8,0,0
BRDA:64,8,1,0
BRF:12
BRH:0
end_of_record
TN:
SF:src\Components\Ui\Modals\CreateExtensionRequestModal.tsx
FN:22,(anonymous_0)
FN:39,(anonymous_1)
FN:50,(anonymous_2)
FN:62,(anonymous_3)
FN:89,(anonymous_4)
FN:160,(anonymous_5)
FN:184,(anonymous_6)
FNF:7
FNH:0
FNDA:0,(anonymous_0)
FNDA:0,(anonymous_1)
FNDA:0,(anonymous_2)
FNDA:0,(anonymous_3)
FNDA:0,(anonymous_4)
FNDA:0,(anonymous_5)
FNDA:0,(anonymous_6)
DA:22,1
DA:30,0
DA:35,0
DA:36,0
DA:39,0
DA:40,0
DA:41,0
DA:46,0
DA:50,0
DA:51,0
DA:52,0
DA:57,0
DA:58,0
DA:62,0
DA:63,0
DA:65,0
DA:66,0
DA:67,0
DA:68,0
DA:69,0
DA:70,0
DA:73,0
DA:74,0
DA:76,0
DA:77,0
DA:78,0
DA:80,0
DA:81,0
DA:85,0
DA:86,0
DA:89,0
DA:90,0
DA:91,0
DA:94,0
DA:95,0
DA:96,0
DA:97,0
DA:101,0
DA:105,0
DA:161,0
DA:162,0
DA:163,0
DA:185,0
DA:186,0
DA:187,0
LF:45
LH:1
BRDA:40,0,0,0
BRDA:40,0,1,0
BRDA:51,1,0,0
BRDA:51,1,1,0
BRDA:65,2,0,0
BRDA:65,2,1,0
BRDA:67,3,0,0
BRDA:67,3,1,0
BRDA:69,4,0,0
BRDA:69,4,1,0
BRDA:73,5,0,0
BRDA:73,5,1,0
BRDA:80,6,0,0
BRDA:80,6,1,0
BRDA:90,7,0,0
BRDA:90,7,1,0
BRDA:127,8,0,0
BRDA:127,8,1,0
BRDA:134,9,0,0
BRDA:134,9,1,0
BRDA:142,10,0,0
BRDA:142,10,1,0
BRDA:162,11,0,0
BRDA:162,11,1,0
BRDA:186,12,0,0
BRDA:186,12,1,0
BRF:26
BRH:0
end_of_record
TN:
SF:src\Components\Ui\Modals\DeleteConfirmationModal.tsx
FN:26,(anonymous_0)
FNF:1
FNH:0
FNDA:0,(anonymous_0)
DA:26,1
DA:40,0
DA:48,0
DA:50,0
LF:4
LH:1
BRDA:30,0,0,0
BRDA:33,1,0,0
BRDA:34,2,0,0
BRDA:35,3,0,0
BRDA:36,4,0,0
BRDA:38,5,0,0
BRDA:40,6,0,0
BRDA:40,6,1,0
BRDA:48,7,0,0
BRDA:48,7,1,0
BRDA:65,8,0,0
BRDA:65,8,1,0
BRF:12
BRH:0
end_of_record
TN:
SF:src\Components\Ui\Modals\DetailsModal.tsx
FN:22,(anonymous_0)
FNF:1
FNH:0
FNDA:0,(anonymous_0)
DA:22,1
DA:32,0
DA:40,0
LF:3
LH:1
BRDA:25,0,0,0
BRDA:27,1,0,0
BRDA:28,2,0,0
BRDA:29,3,0,0
BRDA:32,4,0,0
BRDA:32,4,1,0
BRF:6
BRH:0
end_of_record
TN:
SF:src\Components\Ui\Modals\EditConfirmationModal.tsx
FN:26,(anonymous_0)
FNF:1
FNH:0
FNDA:0,(anonymous_0)
DA:26,0
DA:40,0
DA:48,0
DA:50,0
LF:4
LH:0
BRDA:30,0,0,0
BRDA:33,1,0,0
BRDA:34,2,0,0
BRDA:35,3,0,0
BRDA:36,4,0,0
BRDA:37,5,0,0
BRDA:40,6,0,0
BRDA:40,6,1,0
BRDA:48,7,0,0
BRDA:48,7,1,0
BRDA:64,8,0,0
BRDA:64,8,1,0
BRF:12
BRH:0
end_of_record
TN:
SF:src\Components\Ui\Modals\Modal.tsx
FN:69,(anonymous_0)
FN:109,(anonymous_1)
FN:147,(anonymous_2)
FN:159,(anonymous_3)
FN:165,(anonymous_4)
FN:166,(anonymous_5)
FN:174,(anonymous_6)
FN:179,(anonymous_7)
FN:185,(anonymous_8)
FN:189,(anonymous_9)
FN:200,(anonymous_10)
FN:334,(anonymous_11)
FN:337,(anonymous_12)
FN:338,(anonymous_13)
FN:339,(anonymous_14)
FNF:15
FNH:8
FNDA:6,(anonymous_0)
FNDA:6,(anonymous_1)
FNDA:6,(anonymous_2)
FNDA:6,(anonymous_3)
FNDA:6,(anonymous_4)
FNDA:0,(anonymous_5)
FNDA:5,(anonymous_6)
FNDA:0,(anonymous_7)
FNDA:1,(anonymous_8)
FNDA:1,(anonymous_9)
FNDA:0,(anonymous_10)
FNDA:0,(anonymous_11)
FNDA:0,(anonymous_12)
FNDA:0,(anonymous_13)
FNDA:0,(anonymous_14)
DA:69,2
DA:93,6
DA:94,6
DA:97,6
DA:98,6
DA:101,6
DA:109,6
DA:110,6
DA:112,2
DA:119,0
DA:126,0
DA:134,4
DA:143,6
DA:144,6
DA:147,6
DA:148,6
DA:149,5
DA:150,5
DA:151,5
DA:153,1
DA:154,1
DA:155,0
DA:159,6
DA:160,6
DA:165,6
DA:166,6
DA:167,0
DA:168,0
DA:172,6
DA:173,5
DA:174,5
DA:179,6
DA:180,0
DA:181,0
DA:185,6
DA:186,1
DA:189,6
DA:190,1
DA:191,1
DA:195,6
DA:197,5
DA:334,2
DA:335,0
DA:337,0
DA:338,0
DA:339,0
DA:341,0
LF:47
LH:35
BRDA:73,0,0,6
BRDA:74,1,0,5
BRDA:84,2,0,6
BRDA:86,3,0,6
BRDA:87,4,0,6
BRDA:89,5,0,6
BRDA:90,6,0,6
BRDA:91,7,0,6
BRDA:97,8,0,6
BRDA:97,8,1,4
BRDA:97,8,2,4
BRDA:98,9,0,6
BRDA:98,9,1,3
BRDA:110,10,0,2
BRDA:110,10,1,0
BRDA:110,10,2,0
BRDA:110,10,3,0
BRDA:110,10,4,4
BRDA:148,11,0,5
BRDA:148,11,1,1
BRDA:154,12,0,0
BRDA:154,12,1,1
BRDA:167,13,0,0
BRDA:167,13,1,0
BRDA:167,14,0,0
BRDA:167,14,1,0
BRDA:167,14,2,0
BRDA:172,15,0,5
BRDA:172,15,1,1
BRDA:180,16,0,0
BRDA:180,16,1,0
BRDA:180,17,0,0
BRDA:180,17,1,0
BRDA:180,17,2,0
BRDA:190,18,0,1
BRDA:190,18,1,0
BRDA:195,19,0,1
BRDA:195,19,1,5
BRDA:200,20,0,5
BRDA:200,20,1,0
BRDA:230,21,0,5
BRDA:230,21,1,5
BRDA:248,22,0,5
BRDA:248,22,1,2
BRDA:248,22,2,2
BRDA:261,23,0,2
BRDA:261,23,1,2
BRDA:267,24,0,2
BRDA:267,24,1,2
BRDA:267,24,2,2
BRDA:275,25,0,2
BRDA:275,25,1,0
BRDA:284,26,0,5
BRDA:284,26,1,2
BRDA:284,26,2,2
BRDA:291,27,0,5
BRDA:291,27,1,5
BRDA:291,27,2,2
BRDA:293,28,0,0
BRDA:293,28,1,2
BRDA:299,29,0,2
BRDA:299,29,1,2
BRDA:310,30,0,2
BRDA:310,30,1,2
BRDA:317,31,0,0
BRDA:317,31,1,2
BRDA:334,32,0,0
BRF:67
BRH:47
end_of_record
TN:
SF:src\Components\Ui\Modals\PermissionsRoleModal.tsx
FN:28,(anonymous_0)
FN:53,(anonymous_1)
FN:89,(anonymous_2)
FN:99,(anonymous_3)
FNF:4
FNH:0
FNDA:0,(anonymous_0)
FNDA:0,(anonymous_1)
FNDA:0,(anonymous_2)
FNDA:0,(anonymous_3)
DA:28,1
DA:53,0
DA:54,0
DA:89,0
DA:90,0
DA:101,0
DA:102,0
DA:106,0
DA:129,0
LF:9
LH:1
BRDA:72,0,0,0
BRDA:72,0,1,0
BRDA:97,1,0,0
BRDA:97,1,1,0
BRDA:101,2,0,0
BRDA:101,2,1,0
BRDA:102,3,0,0
BRDA:102,3,1,0
BRDA:104,4,0,0
BRDA:104,4,1,0
BRDA:107,5,0,0
BRDA:107,5,1,0
BRDA:124,6,0,0
BRDA:124,6,1,0
BRF:14
BRH:0
end_of_record
TN:
SF:src\Components\Ui\Modals\ReviewExtensionRequestModal.tsx
FN:20,(anonymous_0)
FN:32,(anonymous_1)
FN:41,(anonymous_2)
FN:61,(anonymous_3)
FN:165,(anonymous_4)
FN:171,(anonymous_5)
FN:222,(anonymous_6)
FN:247,(anonymous_7)
FNF:8
FNH:0
FNDA:0,(anonymous_0)
FNDA:0,(anonymous_1)
FNDA:0,(anonymous_2)
FNDA:0,(anonymous_3)
FNDA:0,(anonymous_4)
FNDA:0,(anonymous_5)
FNDA:0,(anonymous_6)
FNDA:0,(anonymous_7)
DA:20,1
DA:27,0
DA:28,0
DA:29,0
DA:30,0
DA:32,0
DA:33,0
DA:34,0
DA:35,0
DA:36,0
DA:37,0
DA:41,0
DA:42,0
DA:43,0
DA:44,0
DA:47,0
DA:48,0
DA:49,0
DA:52,0
DA:53,0
DA:54,0
DA:57,0
DA:58,0
DA:61,0
DA:62,0
DA:63,0
DA:66,0
DA:67,0
DA:68,0
DA:72,0
DA:73,0
DA:74,0
DA:75,0
DA:78,0
DA:82,0
DA:87,0
DA:88,0
DA:165,0
DA:171,0
DA:182,0
DA:223,0
DA:224,0
DA:248,0
DA:249,0
DA:250,0
LF:45
LH:1
BRDA:33,0,0,0
BRDA:33,0,1,0
BRDA:42,1,0,0
BRDA:42,1,1,0
BRDA:42,2,0,0
BRDA:42,2,1,0
BRDA:47,3,0,0
BRDA:47,3,1,0
BRDA:47,4,0,0
BRDA:47,4,1,0
BRDA:52,5,0,0
BRDA:52,5,1,0
BRDA:62,6,0,0
BRDA:62,6,1,0
BRDA:69,7,0,0
BRDA:69,7,1,0
BRDA:72,8,0,0
BRDA:72,8,1,0
BRDA:74,9,0,0
BRDA:74,9,1,0
BRDA:87,10,0,0
BRDA:87,10,1,0
BRDA:124,11,0,0
BRDA:124,11,1,0
BRDA:154,12,0,0
BRDA:154,12,1,0
BRDA:186,13,0,0
BRDA:186,13,1,0
BRDA:192,14,0,0
BRDA:192,14,1,0
BRDA:197,15,0,0
BRDA:197,15,1,0
BRDA:199,16,0,0
BRDA:199,16,1,0
BRDA:203,17,0,0
BRDA:203,17,1,0
BRDA:203,17,2,0
BRDA:218,18,0,0
BRDA:218,18,1,0
BRDA:224,19,0,0
BRDA:224,19,1,0
BRDA:227,20,0,0
BRDA:227,20,1,0
BRDA:233,21,0,0
BRDA:233,21,1,0
BRDA:235,22,0,0
BRDA:235,22,1,0
BRDA:257,23,0,0
BRDA:257,23,1,0
BRDA:261,24,0,0
BRDA:261,24,1,0
BRDA:263,25,0,0
BRDA:263,25,1,0
BRF:53
BRH:0
end_of_record
TN:
SF:src\Components\Ui\Modals\SuccessModal.tsx
FN:12,(anonymous_0)
FN:22,(anonymous_1)
FN:24,(anonymous_2)
FN:28,(anonymous_3)
FN:32,(anonymous_4)
FN:35,(anonymous_5)
FN:42,(anonymous_6)
FN:207,(anonymous_7)
FNF:8
FNH:0
FNDA:0,(anonymous_0)
FNDA:0,(anonymous_1)
FNDA:0,(anonymous_2)
FNDA:0,(anonymous_3)
FNDA:0,(anonymous_4)
FNDA:0,(anonymous_5)
FNDA:0,(anonymous_6)
FNDA:0,(anonymous_7)
DA:12,0
DA:20,0
DA:22,0
DA:23,0
DA:24,0
DA:25,0
DA:28,0
DA:32,0
DA:33,0
DA:34,0
DA:35,0
DA:36,0
DA:40,0
DA:42,0
DA:43,0
DA:44,0
DA:50,0
DA:207,0
LF:18
LH:0
BRDA:17,0,0,0
BRDA:18,1,0,0
BRDA:23,2,0,0
BRDA:23,2,1,0
BRDA:23,3,0,0
BRDA:23,3,1,0
BRDA:23,3,2,0
BRDA:40,4,0,0
BRDA:40,4,1,0
BRDA:43,5,0,0
BRDA:43,5,1,0
BRDA:202,6,0,0
BRDA:202,6,1,0
BRDA:206,7,0,0
BRDA:206,7,1,0
BRF:15
BRH:0
end_of_record
TN:
SF:src\Components\Ui\Table\DataTable.tsx
FN:81,(anonymous_0)
FN:100,(anonymous_1)
FN:105,(anonymous_2)
FN:195,(anonymous_3)
FN:218,(anonymous_4)
FN:220,(anonymous_5)
FN:243,(anonymous_6)
FN:251,(anonymous_7)
FNF:8
FNH:7
FNDA:12,(anonymous_0)
FNDA:1,(anonymous_1)
FNDA:84,(anonymous_2)
FNDA:28,(anonymous_3)
FNDA:30,(anonymous_4)
FNDA:84,(anonymous_5)
FNDA:6,(anonymous_6)
FNDA:0,(anonymous_7)
DA:81,2
DA:98,12
DA:100,12
DA:101,1
DA:102,1
DA:105,12
DA:106,84
DA:107,3
DA:108,3
DA:113,3
DA:116,81
DA:117,81
DA:122,0
DA:125,12
DA:196,28
DA:219,30
DA:221,84
DA:244,6
DA:251,0
LF:19
LH:17
BRDA:87,0,0,11
BRDA:88,1,0,12
BRDA:93,2,0,11
BRDA:94,3,0,12
BRDA:96,4,0,12
BRDA:106,5,0,3
BRDA:106,5,1,81
BRDA:108,6,0,0
BRDA:108,6,1,3
BRDA:110,7,0,3
BRDA:110,7,1,0
BRDA:116,8,0,81
BRDA:116,8,1,0
BRDA:117,9,0,0
BRDA:117,9,1,81
BRDA:128,10,0,12
BRDA:128,10,1,12
BRDA:132,11,0,12
BRDA:132,11,1,0
BRDA:132,11,2,0
BRDA:132,11,3,0
BRDA:132,11,4,0
BRDA:132,11,5,12
BRDA:135,12,0,12
BRDA:135,12,1,12
BRDA:139,13,0,12
BRDA:139,13,1,12
BRDA:144,14,0,12
BRDA:144,14,1,1
BRDA:152,15,0,12
BRDA:152,15,1,0
BRDA:158,16,0,12
BRDA:158,16,1,12
BRDA:166,17,0,12
BRDA:166,17,1,1
BRDA:184,18,0,1
BRDA:184,18,1,11
BRDA:186,19,0,1
BRDA:186,19,1,10
BRDA:188,20,0,0
BRDA:188,20,1,1
BRDA:189,21,0,1
BRDA:189,21,1,0
BRDA:200,22,0,10
BRDA:200,22,1,18
BRDA:208,23,0,10
BRDA:208,23,1,1
BRDA:208,23,2,1
BRDA:225,24,0,30
BRDA:225,24,1,54
BRDA:226,25,0,28
BRDA:226,25,1,56
BRDA:230,26,0,84
BRDA:230,26,1,0
BRDA:231,27,0,84
BRDA:231,27,1,0
BRDA:237,28,0,30
BRDA:237,28,1,3
BRDA:237,28,2,3
BRDA:240,29,0,1
BRDA:240,29,1,2
BRDA:271,30,0,12
BRDA:271,30,1,1
BRDA:271,30,2,1
BRF:64
BRH:51
end_of_record
TN:
SF:src\Components\Ui\Table\Pagination.tsx
FN:25,(anonymous_0)
FN:34,(anonymous_1)
FN:70,(anonymous_2)
FN:76,(anonymous_3)
FN:98,(anonymous_4)
FN:114,(anonymous_5)
FNF:6
FNH:3
FNDA:1,(anonymous_0)
FNDA:1,(anonymous_1)
FNDA:0,(anonymous_2)
FNDA:0,(anonymous_3)
FNDA:3,(anonymous_4)
FNDA:0,(anonymous_5)
DA:25,2
DA:31,1
DA:34,1
DA:35,1
DA:36,1
DA:38,1
DA:40,1
DA:41,3
DA:45,0
DA:47,0
DA:48,0
DA:51,0
DA:52,0
DA:54,0
DA:55,0
DA:58,0
DA:59,0
DA:62,0
DA:65,1
DA:68,1
DA:70,1
DA:71,0
DA:72,0
DA:76,1
DA:77,0
DA:78,0
DA:82,1
DA:99,3
DA:100,0
DA:110,3
DA:111,3
DA:114,0
LF:32
LH:16
BRDA:31,0,0,0
BRDA:31,0,1,1
BRDA:38,1,0,1
BRDA:38,1,1,0
BRDA:47,2,0,0
BRDA:47,2,1,0
BRDA:58,3,0,0
BRDA:58,3,1,0
BRDA:71,4,0,0
BRDA:71,4,1,0
BRDA:77,5,0,0
BRDA:77,5,1,0
BRDA:99,6,0,0
BRDA:99,6,1,3
BRDA:119,7,0,3
BRDA:119,7,1,1
BRDA:122,8,0,1
BRDA:122,8,1,2
BRF:18
BRH:7
end_of_record
TN:
SF:src\Components\Ui\Table\Table.tsx
FN:67,(anonymous_0)
FN:83,(anonymous_1)
FN:88,(anonymous_2)
FN:108,(anonymous_3)
FN:157,(anonymous_4)
FN:169,(anonymous_5)
FN:179,(anonymous_6)
FN:208,(anonymous_7)
FN:213,(anonymous_8)
FN:228,(anonymous_9)
FN:233,(anonymous_10)
FN:261,(anonymous_11)
FN:269,(anonymous_12)
FNF:13
FNH:0
FNDA:0,(anonymous_0)
FNDA:0,(anonymous_1)
FNDA:0,(anonymous_2)
FNDA:0,(anonymous_3)
FNDA:0,(anonymous_4)
FNDA:0,(anonymous_5)
FNDA:0,(anonymous_6)
FNDA:0,(anonymous_7)
FNDA:0,(anonymous_8)
FNDA:0,(anonymous_9)
FNDA:0,(anonymous_10)
FNDA:0,(anonymous_11)
FNDA:0,(anonymous_12)
DA:67,1
DA:81,0
DA:83,0
DA:84,0
DA:85,0
DA:88,0
DA:89,0
DA:90,0
DA:91,0
DA:96,0
DA:99,0
DA:100,0
DA:105,0
DA:108,0
DA:109,0
DA:111,0
DA:113,0
DA:137,0
DA:138,0
DA:147,0
DA:157,0
DA:170,0
DA:179,0
DA:209,0
DA:214,0
DA:229,0
DA:233,0
DA:261,0
DA:269,0
LF:29
LH:1
BRDA:71,0,0,0
BRDA:72,1,0,0
BRDA:74,2,0,0
BRDA:75,3,0,0
BRDA:89,4,0,0
BRDA:89,4,1,0
BRDA:91,5,0,0
BRDA:91,5,1,0
BRDA:93,6,0,0
BRDA:93,6,1,0
BRDA:99,7,0,0
BRDA:99,7,1,0
BRDA:100,8,0,0
BRDA:100,8,1,0
BRDA:109,9,0,0
BRDA:109,9,1,0
BRDA:109,10,0,0
BRDA:109,10,1,0
BRDA:119,11,0,0
BRDA:119,11,1,0
BRDA:119,12,0,0
BRDA:119,12,1,0
BRDA:128,13,0,0
BRDA:128,13,1,0
BRDA:128,14,0,0
BRDA:128,14,1,0
BRDA:137,15,0,0
BRDA:137,15,1,0
BRDA:150,16,0,0
BRDA:150,16,1,0
BRDA:174,17,0,0
BRDA:174,17,1,0
BRDA:174,17,2,0
BRDA:175,18,0,0
BRDA:175,18,1,0
BRDA:176,19,0,0
BRDA:176,19,1,0
BRDA:179,20,0,0
BRDA:179,20,1,0
BRDA:179,20,2,0
BRDA:183,21,0,0
BRDA:183,21,1,0
BRDA:187,22,0,0
BRDA:187,22,1,0
BRDA:187,22,2,0
BRDA:195,23,0,0
BRDA:195,23,1,0
BRDA:198,24,0,0
BRDA:198,24,1,0
BRDA:202,25,0,0
BRDA:202,25,1,0
BRDA:218,26,0,0
BRDA:218,26,1,0
BRDA:219,27,0,0
BRDA:219,27,1,0
BRDA:225,28,0,0
BRDA:225,28,1,0
BRDA:225,28,2,0
BRDA:232,29,0,0
BRDA:232,29,1,0
BRDA:236,30,0,0
BRDA:236,30,1,0
BRDA:251,31,0,0
BRDA:251,31,1,0
BRDA:251,31,2,0
BRF:65
BRH:0
end_of_record
TN:
SF:src\Components\Ui\Toast\Toast.tsx
FN:11,(anonymous_0)
FN:14,(anonymous_1)
FN:16,(anonymous_2)
FN:18,(anonymous_3)
FN:22,(anonymous_4)
FN:29,(anonymous_5)
FN:32,(anonymous_6)
FN:33,(anonymous_7)
FN:33,(anonymous_8)
FN:38,(anonymous_9)
FN:44,(anonymous_10)
FN:55,(anonymous_11)
FNF:12
FNH:0
FNDA:0,(anonymous_0)
FNDA:0,(anonymous_1)
FNDA:0,(anonymous_2)
FNDA:0,(anonymous_3)
FNDA:0,(anonymous_4)
FNDA:0,(anonymous_5)
FNDA:0,(anonymous_6)
FNDA:0,(anonymous_7)
FNDA:0,(anonymous_8)
FNDA:0,(anonymous_9)
FNDA:0,(anonymous_10)
FNDA:0,(anonymous_11)
DA:11,1
DA:12,0
DA:14,0
DA:16,0
DA:17,0
DA:18,0
DA:21,0
DA:22,0
DA:23,0
DA:28,0
DA:29,0
DA:32,0
DA:33,0
DA:36,0
DA:39,0
DA:44,0
DA:55,1
DA:56,0
DA:57,0
DA:60,0
LF:20
LH:2
BRDA:21,0,0,0
BRDA:21,0,1,0
BRDA:24,1,0,0
BRDA:24,1,1,0
BRDA:55,2,0,0
BRDA:55,3,0,0
BRF:6
BRH:0
end_of_record
TN:
SF:src\Components\Ui\Upload\DropZone.tsx
FN:18,(anonymous_0)
FN:29,(anonymous_1)
FN:36,(anonymous_2)
FN:42,(anonymous_3)
FN:48,(anonymous_4)
FN:53,(anonymous_5)
FN:60,(anonymous_6)
FNF:7
FNH:6
FNDA:18,(anonymous_0)
FNDA:4,(anonymous_1)
FNDA:2,(anonymous_2)
FNDA:1,(anonymous_3)
FNDA:0,(anonymous_4)
FNDA:2,(anonymous_5)
FNDA:3,(anonymous_6)
DA:18,2
DA:25,18
DA:26,18
DA:28,18
DA:30,4
DA:31,3
DA:36,18
DA:37,2
DA:38,2
DA:39,2
DA:42,18
DA:43,1
DA:44,1
DA:45,1
DA:48,18
DA:49,0
DA:50,0
DA:53,18
DA:54,2
DA:55,2
DA:56,2
DA:57,2
DA:60,18
DA:61,3
DA:63,3
DA:66,18
LF:26
LH:24
BRDA:20,0,0,15
BRDA:22,1,0,18
BRDA:30,2,0,1
BRDA:30,2,1,3
BRDA:30,3,0,4
BRDA:30,3,1,3
BRDA:39,4,0,2
BRDA:39,4,1,0
BRDA:50,5,0,0
BRDA:50,5,1,0
BRDA:57,6,0,1
BRDA:57,6,1,1
BRDA:76,7,0,2
BRDA:76,7,1,16
BRDA:79,8,0,3
BRDA:79,8,1,15
BRDA:102,9,0,18
BRDA:102,9,1,17
BRF:18
BRH:15
end_of_record
TN:
SF:src\Components\Ui\Upload\FileList.tsx
FN:38,(anonymous_0)
FN:53,(anonymous_1)
FN:65,(anonymous_2)
FN:97,(anonymous_3)
FN:102,(anonymous_4)
FN:118,(anonymous_5)
FN:134,(anonymous_6)
FN:142,(anonymous_7)
FN:151,(anonymous_8)
FN:161,(anonymous_9)
FN:169,(anonymous_10)
FN:192,(anonymous_11)
FN:197,(anonymous_12)
FNF:13
FNH:0
FNDA:0,(anonymous_0)
FNDA:0,(anonymous_1)
FNDA:0,(anonymous_2)
FNDA:0,(anonymous_3)
FNDA:0,(anonymous_4)
FNDA:0,(anonymous_5)
FNDA:0,(anonymous_6)
FNDA:0,(anonymous_7)
FNDA:0,(anonymous_8)
FNDA:0,(anonymous_9)
FNDA:0,(anonymous_10)
FNDA:0,(anonymous_11)
FNDA:0,(anonymous_12)
DA:21,1
DA:38,1
DA:39,0
DA:40,0
DA:41,0
DA:42,0
DA:53,1
DA:60,0
DA:61,0
DA:62,0
DA:63,0
DA:65,0
DA:66,0
DA:67,0
DA:68,0
DA:69,0
DA:71,0
DA:73,0
DA:75,0
DA:76,0
DA:79,0
DA:80,0
DA:81,0
DA:82,0
DA:83,0
DA:84,0
DA:85,0
DA:86,0
DA:87,0
DA:89,0
DA:97,0
DA:98,0
DA:99,0
DA:102,0
DA:103,0
DA:104,0
DA:105,0
DA:106,0
DA:107,0
DA:108,0
DA:110,0
DA:114,0
DA:119,0
DA:120,0
DA:135,0
DA:143,0
DA:144,0
DA:152,0
DA:153,0
DA:161,0
DA:169,0
DA:179,0
DA:193,0
DA:194,0
DA:197,0
LF:55
LH:3
BRDA:39,0,0,0
BRDA:39,0,1,0
BRDA:40,1,0,0
BRDA:40,1,1,0
BRDA:40,2,0,0
BRDA:40,2,1,0
BRDA:42,3,0,0
BRDA:42,3,1,0
BRDA:55,4,0,0
BRDA:57,5,0,0
BRDA:58,6,0,0
BRDA:66,7,0,0
BRDA:66,7,1,0
BRDA:68,8,0,0
BRDA:68,8,1,0
BRDA:92,9,0,0
BRDA:92,9,1,0
BRDA:103,10,0,0
BRDA:103,10,1,0
BRDA:103,11,0,0
BRDA:103,11,1,0
BRDA:144,12,0,0
BRDA:144,12,1,0
BRDA:147,13,0,0
BRDA:147,13,1,0
BRDA:155,14,0,0
BRDA:155,14,1,0
BRDA:165,15,0,0
BRDA:165,15,1,0
BRDA:189,16,0,0
BRDA:189,16,1,0
BRDA:189,16,2,0
BRDA:197,17,0,0
BRDA:197,17,1,0
BRF:34
BRH:0
end_of_record
TN:
SF:src\Components\Ui\Upload\FileTypeIcon.tsx
FN:32,(anonymous_0)
FNF:1
FNH:1
FNDA:15,(anonymous_0)
DA:21,2
DA:32,2
DA:33,15
DA:34,15
DA:35,15
LF:5
LH:5
BRDA:32,0,0,6
BRDA:32,1,0,10
BRDA:33,2,0,1
BRDA:33,2,1,14
BRDA:34,3,0,15
BRDA:34,3,1,0
BRF:6
BRH:5
end_of_record
TN:
SF:src\Components\Ui\Upload\FileUploadProgress.tsx
FN:31,getBarColor
FN:40,getBarWidth
FN:58,(anonymous_2)
FN:113,(anonymous_3)
FN:126,(anonymous_4)
FN:148,(anonymous_5)
FN:157,(anonymous_6)
FNF:7
FNH:0
FNDA:0,getBarColor
FNDA:0,getBarWidth
FNDA:0,(anonymous_2)
FNDA:0,(anonymous_3)
FNDA:0,(anonymous_4)
FNDA:0,(anonymous_5)
FNDA:0,(anonymous_6)
DA:32,0
DA:33,0
DA:34,0
DA:35,0
DA:36,0
DA:41,0
DA:42,0
DA:43,0
DA:44,0
DA:45,0
DA:58,1
DA:59,0
DA:60,0
DA:61,0
DA:63,0
DA:113,0
DA:126,0
DA:148,1
DA:153,0
DA:155,0
DA:158,0
LF:21
LH:2
BRDA:32,0,0,0
BRDA:32,0,1,0
BRDA:32,0,2,0
BRDA:32,0,3,0
BRDA:41,1,0,0
BRDA:41,1,1,0
BRDA:41,1,2,0
BRDA:41,1,3,0
BRDA:61,2,0,0
BRDA:61,2,1,0
BRDA:79,3,0,0
BRDA:79,3,1,0
BRDA:79,3,2,0
BRDA:87,4,0,0
BRDA:87,4,1,0
BRDA:95,5,0,0
BRDA:95,5,1,0
BRDA:99,6,0,0
BRDA:99,6,1,0
BRDA:103,7,0,0
BRDA:103,7,1,0
BRDA:108,8,0,0
BRDA:108,8,1,0
BRDA:108,8,2,0
BRDA:108,8,3,0
BRDA:121,9,0,0
BRDA:121,9,1,0
BRDA:121,9,2,0
BRDA:153,10,0,0
BRDA:153,10,1,0
BRF:30
BRH:0
end_of_record
TN:
SF:src\Components\Ui\Upload\FileUploader.tsx
FN:33,(anonymous_0)
FN:38,(anonymous_1)
FN:72,(anonymous_2)
FN:73,(anonymous_3)
FN:84,(anonymous_4)
FN:107,(anonymous_5)
FN:115,(anonymous_6)
FN:122,(anonymous_7)
FNF:8
FNH:0
FNDA:0,(anonymous_0)
FNDA:0,(anonymous_1)
FNDA:0,(anonymous_2)
FNDA:0,(anonymous_3)
FNDA:0,(anonymous_4)
FNDA:0,(anonymous_5)
FNDA:0,(anonymous_6)
FNDA:0,(anonymous_7)
DA:33,1
DA:38,0
DA:43,0
DA:45,0
DA:73,0
DA:80,0
DA:85,0
DA:86,0
DA:108,0
DA:116,0
DA:122,0
DA:133,0
LF:12
LH:1
BRDA:35,0,0,0
BRDA:36,1,0,0
BRDA:37,2,0,0
BRDA:41,3,0,0
BRDA:56,4,0,0
BRDA:56,4,1,0
BRDA:93,5,0,0
BRDA:93,5,1,0
BRF:8
BRH:0
end_of_record
TN:
SF:src\Components\Ui\Upload\index.ts
FNF:0
FNH:0
LF:0
LH:0
BRF:0
BRH:0
end_of_record
TN:
SF:src\Components\Ui\Upload\useFileUpload.ts
FN:18,useFileUpload
FN:27,(anonymous_1)
FN:33,(anonymous_2)
FN:74,(anonymous_3)
FN:76,(anonymous_4)
FN:79,(anonymous_5)
FN:88,(anonymous_6)
FNF:7
FNH:7
FNDA:34,useFileUpload
FNDA:15,(anonymous_1)
FNDA:18,(anonymous_2)
FNDA:3,(anonymous_3)
FNDA:4,(anonymous_4)
FNDA:3,(anonymous_5)
FNDA:3,(anonymous_6)
DA:22,34
DA:23,34
DA:24,34
DA:26,34
DA:28,15
DA:30,14
DA:31,14
DA:33,14
DA:34,18
DA:35,18
DA:36,5
DA:38,13
DA:42,14
DA:43,14
DA:44,5
DA:53,14
DA:54,1
DA:59,1
DA:62,13
DA:64,13
DA:65,9
DA:66,9
DA:67,9
DA:73,34
DA:75,3
DA:76,4
DA:77,3
DA:78,3
DA:79,3
DA:80,3
DA:81,3
DA:82,3
DA:88,34
DA:89,3
DA:90,3
DA:91,3
DA:94,34
LF:37
LH:37
BRDA:20,0,0,0
BRDA:28,1,0,1
BRDA:28,1,1,14
BRDA:35,2,0,5
BRDA:35,2,1,13
BRDA:36,3,0,5
BRDA:36,3,1,0
BRDA:43,4,0,5
BRDA:43,4,1,9
BRDA:46,5,0,5
BRDA:46,5,1,0
BRDA:47,6,0,5
BRDA:47,6,1,0
BRDA:53,7,0,1
BRDA:53,7,1,13
BRDA:64,8,0,9
BRDA:64,8,1,4
BRF:17
BRH:13
end_of_record
TN:
SF:src\Config\app.config.ts
FNF:0
FNH:0
DA:5,2
LF:1
LH:1
BRDA:8,0,0,2
BRDA:8,0,1,0
BRF:2
BRH:1
end_of_record
TN:
SF:src\Config\axios.ts
FNF:0
FNH:0
DA:5,1
LF:1
LH:1
BRF:0
BRH:0
end_of_record
TN:
SF:src\Constants\ApiConstants.ts
FN:20,(anonymous_0)
FN:21,(anonymous_1)
FN:27,(anonymous_2)
FN:28,(anonymous_3)
FNF:4
FNH:0
FNDA:0,(anonymous_0)
FNDA:0,(anonymous_1)
FNDA:0,(anonymous_2)
FNDA:0,(anonymous_3)
DA:6,0
DA:9,0
DA:20,0
DA:21,0
DA:27,0
DA:28,0
DA:33,0
DA:40,0
LF:8
LH:0
BRDA:6,0,0,0
BRDA:6,0,1,0
BRF:2
BRH:0
end_of_record
TN:
SF:src\Constants\ComponentSizes.ts
FN:43,(anonymous_0)
FN:49,(anonymous_1)
FN:55,(anonymous_2)
FNF:3
FNH:1
FNDA:0,(anonymous_0)
FNDA:30,(anonymous_1)
FNDA:0,(anonymous_2)
DA:11,4
DA:41,4
DA:44,0
DA:45,0
DA:50,30
DA:51,30
DA:56,0
DA:57,0
LF:8
LH:4
BRF:0
BRH:0
end_of_record
TN:
SF:src\Constants\Components.ts
FNF:0
FNH:0
DA:10,2
DA:23,2
DA:38,2
DA:49,2
DA:64,2
LF:5
LH:5
BRF:0
BRH:0
end_of_record
TN:
SF:src\Constants\Index.ts
FNF:0
FNH:0
LF:0
LH:0
BRF:0
BRH:0
end_of_record
TN:
SF:src\Constants\Layout.ts
FNF:0
FNH:0
DA:5,0
LF:1
LH:0
BRF:0
BRH:0
end_of_record
TN:
SF:src\Constants\ModuleInfo.ts
FN:206,(anonymous_0)
FN:219,(anonymous_1)
FN:228,(anonymous_2)
FN:238,(anonymous_3)
FN:250,(anonymous_4)
FNF:5
FNH:0
FNDA:0,(anonymous_0)
FNDA:0,(anonymous_1)
FNDA:0,(anonymous_2)
FNDA:0,(anonymous_3)
FNDA:0,(anonymous_4)
DA:18,0
DA:206,0
DA:207,0
DA:219,0
DA:220,0
DA:228,0
DA:229,0
DA:238,0
DA:239,0
DA:240,0
DA:250,0
DA:255,0
DA:258,0
DA:259,0
DA:265,0
LF:15
LH:0
BRDA:207,0,0,0
BRDA:207,0,1,0
BRDA:239,1,0,0
BRDA:239,1,1,0
BRDA:258,2,0,0
BRDA:258,2,1,0
BRDA:258,3,0,0
BRDA:258,3,1,0
BRF:8
BRH:0
end_of_record
TN:
SF:src\Constants\StructureConstants.ts
FN:120,(anonymous_0)
FN:251,(anonymous_1)
FN:262,(anonymous_2)
FN:273,(anonymous_3)
FNF:4
FNH:0
FNDA:0,(anonymous_0)
FNDA:0,(anonymous_1)
FNDA:0,(anonymous_2)
FNDA:0,(anonymous_3)
DA:10,0
DA:26,0
DA:87,0
DA:120,0
DA:121,0
DA:129,0
DA:158,0
DA:202,0
DA:251,0
DA:252,0
DA:253,0
DA:262,0
DA:263,0
DA:273,0
DA:274,0
DA:275,0
LF:16
LH:0
BRDA:253,0,0,0
BRDA:253,0,1,0
BRDA:263,1,0,0
BRDA:263,1,1,0
BRDA:275,2,0,0
BRDA:275,2,1,0
BRF:6
BRH:0
end_of_record
TN:
SF:src\Constants\TableTruncate.ts
FNF:0
FNH:0
DA:13,0
LF:1
LH:0
BRF:0
BRH:0
end_of_record
TN:
SF:src\Constants\Typography.ts
FNF:0
FNH:0
DA:9,5
LF:1
LH:1
BRF:0
BRH:0
end_of_record
TN:
SF:src\Context\AuthContext.tsx
FN:34,(anonymous_0)
FN:35,(anonymous_1)
FN:46,(anonymous_2)
FN:52,(anonymous_3)
FN:66,(anonymous_4)
FN:77,(anonymous_5)
FN:78,(anonymous_6)
FN:81,(anonymous_7)
FN:82,(anonymous_8)
FN:92,(anonymous_9)
FN:93,(anonymous_10)
FN:100,(anonymous_11)
FN:138,(anonymous_12)
FNF:13
FNH:4
FNDA:1,(anonymous_0)
FNDA:1,(anonymous_1)
FNDA:1,(anonymous_2)
FNDA:0,(anonymous_3)
FNDA:0,(anonymous_4)
FNDA:0,(anonymous_5)
FNDA:0,(anonymous_6)
FNDA:0,(anonymous_7)
FNDA:0,(anonymous_8)
FNDA:0,(anonymous_9)
FNDA:0,(anonymous_10)
FNDA:0,(anonymous_11)
FNDA:13,(anonymous_12)
DA:28,2
DA:34,2
DA:35,1
DA:39,1
DA:40,1
DA:41,0
DA:43,1
DA:44,1
DA:46,1
DA:49,1
DA:52,1
DA:53,0
DA:54,0
DA:58,0
DA:59,0
DA:61,0
DA:62,0
DA:66,1
DA:67,0
DA:68,0
DA:69,0
DA:70,0
DA:72,0
DA:73,0
DA:77,1
DA:78,0
DA:81,1
DA:82,0
DA:92,1
DA:93,0
DA:94,0
DA:100,1
DA:101,0
DA:104,1
DA:117,1
DA:118,0
DA:130,1
DA:138,2
DA:139,13
DA:140,13
DA:141,0
DA:143,13
LF:42
LH:22
BRDA:40,0,0,1
BRDA:40,0,1,0
BRDA:61,1,0,0
BRDA:61,1,1,0
BRDA:72,2,0,0
BRDA:72,2,1,0
BRDA:78,3,0,0
BRDA:78,3,1,0
BRDA:82,4,0,0
BRDA:82,4,1,0
BRDA:93,5,0,0
BRDA:93,5,1,0
BRDA:94,6,0,0
BRDA:94,6,1,0
BRDA:94,6,2,0
BRDA:101,7,0,0
BRDA:101,7,1,0
BRDA:117,8,0,0
BRDA:117,8,1,1
BRDA:140,9,0,0
BRDA:140,9,1,13
BRF:21
BRH:3
end_of_record
TN:
SF:src\Context\Index.ts
FNF:0
FNH:0
LF:0
LH:0
BRF:0
BRH:0
end_of_record
TN:
SF:src\Context\NavigationContext.tsx
FN:29,(anonymous_0)
FN:34,(anonymous_1)
FN:37,(anonymous_2)
FN:89,(anonymous_3)
FN:92,(anonymous_4)
FN:97,(anonymous_5)
FN:105,(anonymous_6)
FN:109,(anonymous_7)
FN:114,(anonymous_8)
FN:136,(anonymous_9)
FNF:10
FNH:10
FNDA:11,(anonymous_0)
FNDA:8,(anonymous_1)
FNDA:10,(anonymous_2)
FNDA:3,(anonymous_3)
FNDA:3,(anonymous_4)
FNDA:4,(anonymous_5)
FNDA:1,(anonymous_6)
FNDA:1,(anonymous_7)
FNDA:2,(anonymous_8)
FNDA:6,(anonymous_9)
DA:23,2
DA:29,2
DA:30,11
DA:31,11
DA:34,11
DA:37,11
DA:39,10
DA:40,38
DA:41,3
DA:44,35
DA:45,28
DA:46,70
DA:47,0
DA:54,7
DA:55,0
DA:57,7
DA:58,0
DA:60,7
DA:61,0
DA:63,7
DA:64,0
DA:66,7
DA:67,0
DA:69,7
DA:70,0
DA:72,7
DA:73,0
DA:75,7
DA:76,0
DA:78,7
DA:79,0
DA:81,7
DA:82,0
DA:85,7
DA:89,11
DA:90,3
DA:92,11
DA:93,3
DA:97,11
DA:98,4
DA:99,4
DA:100,4
DA:101,0
DA:105,11
DA:106,1
DA:109,11
DA:110,1
DA:114,11
DA:116,2
DA:117,1
DA:119,1
DA:123,11
DA:136,2
DA:137,6
DA:138,6
DA:139,0
DA:141,6
LF:57
LH:44
BRDA:40,0,0,3
BRDA:40,0,1,35
BRDA:44,1,0,28
BRDA:44,1,1,7
BRDA:46,2,0,0
BRDA:46,2,1,70
BRDA:54,3,0,0
BRDA:54,3,1,7
BRDA:57,4,0,0
BRDA:57,4,1,7
BRDA:60,5,0,0
BRDA:60,5,1,7
BRDA:63,6,0,0
BRDA:63,6,1,7
BRDA:66,7,0,0
BRDA:66,7,1,7
BRDA:69,8,0,0
BRDA:69,8,1,7
BRDA:72,9,0,0
BRDA:72,9,1,7
BRDA:75,10,0,0
BRDA:75,10,1,7
BRDA:78,11,0,0
BRDA:78,11,1,7
BRDA:81,12,0,0
BRDA:81,12,1,7
BRDA:100,13,0,0
BRDA:100,13,1,4
BRDA:116,14,0,1
BRDA:116,14,1,1
BRDA:138,15,0,0
BRDA:138,15,1,6
BRF:32
BRH:19
end_of_record
TN:
SF:src\Context\SidebarContext.tsx
FN:45,(anonymous_0)
FN:59,(anonymous_1)
FN:78,(anonymous_2)
FN:79,(anonymous_3)
FN:79,(anonymous_4)
FN:83,(anonymous_5)
FN:95,(anonymous_6)
FN:96,(anonymous_7)
FN:104,(anonymous_8)
FN:111,(anonymous_9)
FN:112,(anonymous_10)
FN:135,(anonymous_11)
FNF:12
FNH:8
FNDA:12,(anonymous_0)
FNDA:4,(anonymous_1)
FNDA:0,(anonymous_2)
FNDA:0,(anonymous_3)
FNDA:0,(anonymous_4)
FNDA:3,(anonymous_5)
FNDA:7,(anonymous_6)
FNDA:0,(anonymous_7)
FNDA:7,(anonymous_8)
FNDA:1,(anonymous_9)
FNDA:1,(anonymous_10)
FNDA:12,(anonymous_11)
DA:36,2
DA:45,2
DA:51,12
DA:52,12
DA:55,12
DA:56,12
DA:58,12
DA:60,4
DA:61,4
DA:62,0
DA:64,4
DA:68,4
DA:69,4
DA:71,0
DA:78,12
DA:79,0
DA:83,12
DA:84,3
DA:85,3
DA:86,3
DA:87,2
DA:90,0
DA:95,12
DA:96,7
DA:97,0
DA:98,0
DA:99,0
DA:103,7
DA:104,7
DA:107,12
DA:110,12
DA:111,12
DA:112,12
DA:114,12
DA:128,12
DA:135,2
DA:136,12
DA:137,12
DA:138,0
DA:140,12
LF:40
LH:32
BRDA:47,0,0,12
BRDA:56,1,0,12
BRDA:56,1,1,12
BRDA:60,2,0,0
BRDA:60,2,1,4
BRDA:61,3,0,0
BRDA:61,3,1,4
BRDA:69,4,0,2
BRDA:69,4,1,2
BRDA:79,5,0,0
BRDA:79,5,1,0
BRDA:86,6,0,2
BRDA:86,6,1,1
BRDA:86,7,0,3
BRDA:86,7,1,2
BRDA:97,8,0,0
BRDA:97,8,1,0
BRDA:97,9,0,0
BRDA:97,9,1,0
BRDA:97,9,2,0
BRDA:107,10,0,10
BRDA:107,10,1,2
BRDA:137,11,0,0
BRDA:137,11,1,12
BRF:24
BRH:14
end_of_record
TN:
SF:src\Context\ToastContext.tsx
FN:21,(anonymous_0)
FN:24,(anonymous_1)
FN:33,(anonymous_2)
FN:38,(anonymous_3)
FN:44,(anonymous_4)
FN:45,(anonymous_5)
FN:45,(anonymous_6)
FN:48,(anonymous_7)
FN:64,(anonymous_8)
FNF:9
FNH:1
FNDA:1,(anonymous_0)
FNDA:0,(anonymous_1)
FNDA:0,(anonymous_2)
FNDA:0,(anonymous_3)
FNDA:0,(anonymous_4)
FNDA:0,(anonymous_5)
FNDA:0,(anonymous_6)
FNDA:0,(anonymous_7)
FNDA:0,(anonymous_8)
DA:19,1
DA:21,1
DA:22,1
DA:24,1
DA:25,0
DA:26,0
DA:33,0
DA:36,0
DA:37,0
DA:38,0
DA:39,0
DA:44,1
DA:45,0
DA:48,1
DA:49,0
DA:52,1
DA:64,1
DA:65,0
DA:66,0
DA:67,0
DA:69,0
LF:21
LH:8
BRDA:30,0,0,0
BRDA:30,0,1,0
BRDA:36,1,0,0
BRDA:36,1,1,0
BRDA:37,2,0,0
BRDA:37,2,1,0
BRDA:66,3,0,0
BRDA:66,3,1,0
BRF:8
BRH:0
end_of_record
TN:
SF:src\Hooks\Index.ts
FNF:0
FNH:0
LF:0
LH:0
BRF:0
BRH:0
end_of_record
TN:
SF:src\Hooks\UseApi.ts
FN:22,(anonymous_0)
FN:32,(anonymous_1)
FN:86,(anonymous_2)
FN:105,(anonymous_3)
FNF:4
FNH:0
FNDA:0,(anonymous_0)
FNDA:0,(anonymous_1)
FNDA:0,(anonymous_2)
FNDA:0,(anonymous_3)
DA:22,0
DA:26,0
DA:27,0
DA:28,0
DA:30,0
DA:32,0
DA:33,0
DA:34,0
DA:35,0
DA:37,0
DA:39,0
DA:40,0
DA:43,0
DA:44,0
DA:51,0
DA:54,0
DA:55,0
DA:57,0
DA:58,0
DA:65,0
DA:69,0
DA:70,0
DA:72,0
DA:73,0
DA:80,0
DA:82,0
DA:86,0
DA:87,0
DA:88,0
DA:89,0
DA:92,0
DA:105,0
DA:109,0
LF:33
LH:0
BRDA:24,0,0,0
BRDA:39,1,0,0
BRDA:39,1,1,0
BRDA:39,2,0,0
BRDA:39,2,1,0
BRDA:43,3,0,0
BRDA:43,3,1,0
BRDA:47,4,0,0
BRDA:47,4,1,0
BRDA:54,5,0,0
BRDA:54,5,1,0
BRDA:57,6,0,0
BRDA:57,6,1,0
BRDA:61,7,0,0
BRDA:61,7,1,0
BRDA:69,8,0,0
BRDA:69,8,1,0
BRDA:72,9,0,0
BRDA:72,9,1,0
BRDA:76,10,0,0
BRDA:76,10,1,0
BRDA:112,11,0,0
BRDA:112,11,1,0
BRF:23
BRH:0
end_of_record
TN:
SF:src\Hooks\UseBreakpoint.ts
FN:50,(anonymous_0)
FN:59,(anonymous_1)
FN:60,(anonymous_2)
FN:83,(anonymous_3)
FN:84,(anonymous_4)
FN:113,(anonymous_5)
FNF:6
FNH:6
FNDA:6,(anonymous_0)
FNDA:12,(anonymous_1)
FNDA:3,(anonymous_2)
FNDA:3,(anonymous_3)
FNDA:3,(anonymous_4)
FNDA:3,(anonymous_5)
DA:18,2
DA:50,2
DA:51,6
DA:52,6
DA:53,6
DA:54,0
DA:55,0
DA:56,0
DA:59,2
DA:60,12
DA:62,3
DA:63,3
DA:64,3
DA:66,3
DA:83,12
DA:84,3
DA:85,3
DA:86,3
DA:87,3
DA:89,3
DA:107,3
[...]
end_of_record
TN:
SF:src\Services\FileService.ts
FN:23,(anonymous_0)
FN:42,(anonymous_1)
FN:86,(anonymous_2)
FN:97,(anonymous_3)
FN:112,(anonymous_4)
FN:129,(anonymous_5)
FN:155,(anonymous_6)
FN:174,(anonymous_7)
FN:186,(anonymous_8)
FN:196,(anonymous_9)
FN:220,(anonymous_10)
FN:244,(anonymous_11)
FN:263,(anonymous_12)
FN:275,(anonymous_13)
FN:298,(anonymous_14)
FN:305,(anonymous_15)
FN:322,(anonymous_16)
FN:329,(anonymous_17)
FN:344,(anonymous_18)
FN:374,(anonymous_19)
FN:396,(anonymous_20)
FN:420,(anonymous_21)
FN:447,(anonymous_22)
FNF:23
FNH:0
FNDA:0,(anonymous_0)
FNDA:0,(anonymous_1)
FNDA:0,(anonymous_2)
FNDA:0,(anonymous_3)
FNDA:0,(anonymous_4)
FNDA:0,(anonymous_5)
FNDA:0,(anonymous_6)
FNDA:0,(anonymous_7)
FNDA:0,(anonymous_8)
FNDA:0,(anonymous_9)
FNDA:0,(anonymous_10)
FNDA:0,(anonymous_11)
FNDA:0,(anonymous_12)
FNDA:0,(anonymous_13)
FNDA:0,(anonymous_14)
FNDA:0,(anonymous_15)
FNDA:0,(anonymous_16)
FNDA:0,(anonymous_17)
FNDA:0,(anonymous_18)
FNDA:0,(anonymous_19)
FNDA:0,(anonymous_20)
FNDA:0,(anonymous_21)
FNDA:0,(anonymous_22)
DA:16,0
DA:18,0
DA:29,0
DA:30,0
DA:31,0
DA:32,0
DA:34,0
DA:35,0
DA:43,0
DA:44,0
DA:47,0
DA:53,0
DA:54,0
DA:57,0
DA:60,0
DA:61,0
DA:62,0
DA:63,0
DA:68,0
DA:69,0
DA:72,0
DA:73,0
DA:76,0
DA:92,0
DA:94,0
DA:97,0
DA:98,0
DA:101,0
DA:102,0
DA:104,0
DA:105,0
DA:113,0
DA:114,0
DA:117,0
DA:124,0
DA:125,0
DA:128,0
DA:129,0
DA:130,0
DA:131,0
DA:132,0
DA:140,0
DA:144,0
DA:147,0
DA:148,0
DA:149,0
DA:150,0
DA:151,0
DA:153,0
DA:155,0
DA:163,0
DA:164,0
DA:167,0
DA:168,0
DA:172,0
DA:174,0
DA:191,0
DA:193,0
DA:196,0
DA:197,0
DA:200,0
DA:201,0
DA:203,0
DA:204,0
DA:215,0
DA:216,0
DA:219,0
DA:220,0
DA:221,0
DA:222,0
DA:223,0
DA:231,0
DA:234,0
DA:237,0
DA:238,0
DA:239,0
DA:240,0
DA:242,0
DA:244,0
DA:252,0
DA:253,0
DA:256,0
DA:257,0
DA:261,0
DA:263,0
DA:285,0
DA:286,0
DA:289,0
DA:290,0
DA:291,0
DA:297,0
DA:298,0
DA:305,0
DA:314,0
DA:315,0
DA:316,0
DA:321,0
DA:322,0
DA:329,0
DA:337,0
DA:345,0
DA:346,0
DA:347,0
DA:348,0
DA:350,0
DA:351,0
DA:354,0
DA:358,0
DA:359,0
DA:362,0
DA:364,0
DA:375,0
DA:376,0
DA:380,0
DA:381,0
DA:384,0
DA:386,0
DA:397,0
DA:398,0
DA:402,0
DA:403,0
DA:406,0
DA:407,0
DA:410,0
DA:421,0
DA:422,0
DA:427,0
DA:428,0
DA:431,0
DA:433,0
DA:434,0
DA:437,0
DA:448,0
DA:449,0
DA:453,0
DA:454,0
DA:457,0
DA:459,0
DA:460,0
DA:463,0
LF:140
LH:0
BRDA:43,0,0,0
BRDA:43,0,1,0
BRDA:43,1,0,0
BRDA:43,1,1,0
BRDA:53,2,0,0
BRDA:53,2,1,0
BRDA:54,3,0,0
BRDA:54,3,1,0
BRDA:60,4,0,0
BRDA:60,4,1,0
BRDA:62,5,0,0
BRDA:62,5,1,0
BRDA:64,6,0,0
BRDA:64,6,1,0
BRDA:68,7,0,0
BRDA:68,7,1,0
BRDA:72,8,0,0
BRDA:72,8,1,0
BRDA:77,9,0,0
BRDA:77,9,1,0
BRDA:77,9,2,0
BRDA:113,10,0,0
BRDA:113,10,1,0
BRDA:113,11,0,0
BRDA:113,11,1,0
BRDA:124,12,0,0
BRDA:124,12,1,0
BRDA:128,13,0,0
BRDA:128,13,1,0
BRDA:128,14,0,0
BRDA:128,14,1,0
BRDA:131,15,0,0
BRDA:131,15,1,0
BRDA:144,16,0,0
BRDA:144,16,1,0
BRDA:144,16,2,0
BRDA:147,17,0,0
BRDA:147,17,1,0
BRDA:150,18,0,0
BRDA:150,18,1,0
BRDA:151,19,0,0
BRDA:151,19,1,0
BRDA:163,20,0,0
BRDA:163,20,1,0
BRDA:167,21,0,0
BRDA:167,21,1,0
BRDA:215,22,0,0
BRDA:215,22,1,0
BRDA:219,23,0,0
BRDA:219,23,1,0
BRDA:219,24,0,0
BRDA:219,24,1,0
BRDA:222,25,0,0
BRDA:222,25,1,0
BRDA:234,26,0,0
BRDA:234,26,1,0
BRDA:234,26,2,0
BRDA:237,27,0,0
BRDA:237,27,1,0
BRDA:239,28,0,0
BRDA:239,28,1,0
BRDA:240,29,0,0
BRDA:240,29,1,0
BRDA:252,30,0,0
BRDA:252,30,1,0
BRDA:256,31,0,0
BRDA:256,31,1,0
BRDA:289,32,0,0
BRDA:289,32,1,0
BRDA:307,33,0,0
BRDA:307,33,1,0
BRDA:314,34,0,0
BRDA:314,34,1,0
BRDA:331,35,0,0
BRDA:331,35,1,0
BRDA:347,36,0,0
BRDA:347,36,1,0
BRDA:350,37,0,0
BRDA:350,37,1,0
BRDA:358,38,0,0
BRDA:358,38,1,0
BRDA:365,39,0,0
BRDA:365,39,1,0
BRDA:365,39,2,0
BRDA:380,40,0,0
BRDA:380,40,1,0
BRDA:387,41,0,0
BRDA:387,41,1,0
BRDA:387,41,2,0
BRDA:402,42,0,0
BRDA:402,42,1,0
BRDA:403,43,0,0
BRDA:403,43,1,0
BRDA:406,44,0,0
BRDA:406,44,1,0
BRDA:411,45,0,0
BRDA:411,45,1,0
BRDA:411,45,2,0
BRDA:424,46,0,0
BRDA:424,46,1,0
BRDA:427,47,0,0
BRDA:427,47,1,0
BRDA:428,48,0,0
BRDA:428,48,1,0
BRDA:433,49,0,0
BRDA:433,49,1,0
BRDA:438,50,0,0
BRDA:438,50,1,0
BRDA:438,50,2,0
BRDA:453,51,0,0
BRDA:453,51,1,0
BRDA:454,52,0,0
BRDA:454,52,1,0
BRDA:459,53,0,0
BRDA:459,53,1,0
BRDA:464,54,0,0
BRDA:464,54,1,0
BRDA:464,54,2,0
BRF:118
BRH:0
end_of_record
TN:
SF:src\Services\ImprovementCommitmentService.ts
FN:32,(anonymous_0)
FN:45,(anonymous_1)
FN:53,(anonymous_2)
FN:61,(anonymous_3)
FN:72,(anonymous_4)
FN:87,(anonymous_5)
FN:97,(anonymous_6)
FN:111,(anonymous_7)
FN:121,(anonymous_8)
FN:126,(anonymous_9)
FN:140,(anonymous_10)
FN:145,(anonymous_11)
FN:151,(anonymous_12)
FN:159,(anonymous_13)
FN:173,(anonymous_14)
FN:174,(anonymous_15)
FN:183,(anonymous_16)
FN:186,(anonymous_17)
FN:187,(anonymous_18)
FNF:19
FNH:0
FNDA:0,(anonymous_0)
FNDA:0,(anonymous_1)
FNDA:0,(anonymous_2)
FNDA:0,(anonymous_3)
FNDA:0,(anonymous_4)
FNDA:0,(anonymous_5)
FNDA:0,(anonymous_6)
FNDA:0,(anonymous_7)
FNDA:0,(anonymous_8)
FNDA:0,(anonymous_9)
FNDA:0,(anonymous_10)
FNDA:0,(anonymous_11)
FNDA:0,(anonymous_12)
FNDA:0,(anonymous_13)
FNDA:0,(anonymous_14)
FNDA:0,(anonymous_15)
FNDA:0,(anonymous_16)
FNDA:0,(anonymous_17)
FNDA:0,(anonymous_18)
DA:18,0
DA:38,0
DA:39,0
DA:46,0
DA:47,0
DA:54,0
DA:55,0
DA:65,0
DA:66,0
DA:73,0
DA:77,0
DA:88,0
DA:91,0
DA:98,0
DA:101,0
DA:112,0
DA:115,0
DA:122,0
DA:125,0
DA:126,0
DA:134,0
DA:141,0
DA:144,0
DA:145,0
DA:152,0
DA:153,0
DA:160,0
DA:163,0
DA:174,0
DA:184,0
DA:186,0
DA:187,0
DA:188,0
DA:198,0
DA:203,0
LF:35
LH:0
BRDA:125,0,0,0
BRDA:125,0,1,0
BRDA:126,1,0,0
BRDA:126,1,1,0
BRDA:127,2,0,0
BRDA:127,2,1,0
BRDA:131,3,0,0
BRDA:131,3,1,0
BRDA:144,4,0,0
BRDA:144,4,1,0
BRDA:145,5,0,0
BRDA:145,5,1,0
BRDA:153,6,0,0
BRDA:153,6,1,0
BRDA:163,7,0,0
BRDA:163,7,1,0
BRDA:190,8,0,0
BRDA:190,8,1,0
BRDA:191,9,0,0
BRDA:191,9,1,0
BRF:20
BRH:0
end_of_record
TN:
SF:src\Services\Index.ts
FNF:0
FNH:0
LF:0
LH:0
BRF:0
BRH:0
end_of_record
TN:
SF:src\Services\NotificationService.ts
FN:23,(anonymous_0)
FN:39,(anonymous_1)
FN:55,(anonymous_2)
FN:68,(anonymous_3)
FN:85,(anonymous_4)
FN:97,(anonymous_5)
FN:104,(anonymous_6)
FNF:7
FNH:0
FNDA:0,(anonymous_0)
FNDA:0,(anonymous_1)
FNDA:0,(anonymous_2)
FNDA:0,(anonymous_3)
FNDA:0,(anonymous_4)
FNDA:0,(anonymous_5)
FNDA:0,(anonymous_6)
DA:16,1
DA:18,1
DA:24,0
DA:25,0
DA:28,0
DA:30,0
DA:31,0
DA:40,0
DA:41,0
DA:44,0
DA:46,0
DA:47,0
DA:56,0
DA:57,0
DA:59,0
DA:60,0
DA:69,0
DA:70,0
DA:74,0
DA:76,0
DA:77,0
DA:86,0
DA:87,0
DA:89,0
DA:90,0
DA:98,0
DA:105,0
DA:106,0
LF:28
LH:2
BRDA:104,0,0,0
BRF:1
BRH:0
end_of_record
TN:
SF:src\Services\RoleService.ts
FN:69,(anonymous_0)
FN:87,(anonymous_1)
FN:100,(anonymous_2)
FN:113,(anonymous_3)
FN:123,(anonymous_4)
FN:133,(anonymous_5)
FN:154,(anonymous_6)
FN:167,(anonymous_7)
FN:191,(anonymous_8)
FNF:9
FNH:0
FNDA:0,(anonymous_0)
FNDA:0,(anonymous_1)
FNDA:0,(anonymous_2)
FNDA:0,(anonymous_3)
FNDA:0,(anonymous_4)
FNDA:0,(anonymous_5)
FNDA:0,(anonymous_6)
FNDA:0,(anonymous_7)
FNDA:0,(anonymous_8)
DA:69,0
DA:70,0
DA:88,0
DA:89,0
DA:90,0
DA:92,0
DA:93,0
DA:101,0
DA:102,0
DA:103,0
DA:105,0
DA:106,0
DA:114,0
DA:115,0
DA:116,0
DA:120,0
DA:121,0
DA:123,0
DA:127,0
DA:131,0
DA:133,0
DA:137,0
DA:144,0
DA:146,0
DA:147,0
DA:155,0
DA:156,0
DA:157,0
DA:159,0
DA:160,0
DA:168,0
DA:169,0
DA:170,0
DA:173,0
DA:174,0
DA:175,0
DA:181,0
DA:183,0
DA:184,0
DA:192,0
DA:193,0
DA:194,0
DA:197,0
DA:198,0
DA:199,0
DA:205,0
DA:207,0
DA:208,0
DA:214,0
LF:49
LH:0
BRDA:93,0,0,0
BRDA:93,0,1,0
BRDA:93,0,2,0
BRDA:106,1,0,0
BRDA:106,1,1,0
BRDA:106,1,2,0
BRDA:120,2,0,0
BRDA:120,2,1,0
BRDA:120,3,0,0
BRDA:120,3,1,0
BRDA:121,4,0,0
BRDA:121,4,1,0
BRDA:131,5,0,0
BRDA:131,5,1,0
BRDA:131,6,0,0
BRDA:131,6,1,0
BRDA:131,6,2,0
BRDA:147,7,0,0
BRDA:147,7,1,0
BRDA:147,7,2,0
BRDA:160,8,0,0
BRDA:160,8,1,0
BRDA:160,8,2,0
BRDA:173,9,0,0
BRDA:173,9,1,0
BRDA:173,10,0,0
BRDA:173,10,1,0
BRDA:184,11,0,0
BRDA:184,11,1,0
BRDA:184,11,2,0
BRDA:197,12,0,0
BRDA:197,12,1,0
BRDA:208,13,0,0
BRDA:208,13,1,0
BRDA:208,13,2,0
BRF:35
BRH:0
end_of_record
TN:
SF:src\Services\StructureService.ts
FN:28,createSystemComment
FN:62,ensureEvidenceState
FN:95,(anonymous_2)
FN:103,(anonymous_3)
FN:121,(anonymous_4)
FN:128,(anonymous_5)
FN:140,(anonymous_6)
FN:141,(anonymous_7)
FN:149,(anonymous_8)
FN:176,(anonymous_9)
FN:230,(anonymous_10)
FN:294,(anonymous_11)
FN:311,(anonymous_12)
FNF:13
FNH:0
FNDA:0,createSystemComment
FNDA:0,ensureEvidenceState
FNDA:0,(anonymous_2)
FNDA:0,(anonymous_3)
FNDA:0,(anonymous_4)
FNDA:0,(anonymous_5)
FNDA:0,(anonymous_6)
FNDA:0,(anonymous_7)
FNDA:0,(anonymous_8)
FNDA:0,(anonymous_9)
FNDA:0,(anonymous_10)
FNDA:0,(anonymous_11)
FNDA:0,(anonymous_12)
DA:29,0
DA:31,0
DA:33,0
DA:34,0
DA:35,0
DA:38,0
DA:39,0
DA:40,0
DA:43,0
DA:46,0
DA:51,0
DA:53,0
DA:54,0
DA:63,0
DA:65,0
DA:66,0
DA:67,0
DA:69,0
DA:71,0
DA:75,0
DA:79,0
DA:81,0
DA:82,0
DA:96,0
DA:97,0
DA:98,0
DA:99,0
DA:101,0
DA:103,0
DA:104,0
DA:107,0
DA:112,0
DA:113,0
DA:122,0
DA:127,0
DA:129,0
DA:130,0
DA:131,0
DA:133,0
DA:134,0
DA:139,0
DA:140,0
DA:141,0
DA:143,0
DA:150,0
DA:151,0
DA:152,0
DA:153,0
DA:155,0
DA:158,0
DA:159,0
DA:161,0
DA:163,0
DA:168,0
DA:169,0
DA:177,0
DA:178,0
DA:179,0
DA:181,0
DA:187,0
DA:189,0
DA:190,0
DA:191,0
DA:194,0
DA:195,0
DA:196,0
DA:199,0
DA:201,0
DA:202,0
DA:204,0
DA:206,0
DA:207,0
DA:209,0
DA:210,0
DA:211,0
DA:212,0
DA:218,0
DA:221,0
DA:222,0
DA:223,0
DA:231,0
DA:232,0
DA:235,0
DA:237,0
DA:238,0
DA:239,0
DA:240,0
DA:242,0
DA:244,0
DA:250,0
DA:251,0
DA:252,0
DA:253,0
DA:254,0
DA:255,0
DA:256,0
DA:257,0
DA:260,0
DA:263,0
DA:270,0
DA:271,0
DA:272,0
DA:275,0
DA:276,0
DA:277,0
DA:284,0
DA:286,0
DA:287,0
DA:295,0
DA:296,0
DA:297,0
DA:298,0
DA:303,0
DA:304,0
DA:312,0
DA:313,0
DA:314,0
DA:316,0
DA:318,0
DA:319,0
DA:321,0
DA:322,0
DA:324,0
DA:325,0
DA:326,0
DA:332,0
DA:334,0
DA:335,0
DA:336,0
DA:342,0
LF:130
LH:0
BRDA:38,0,0,0
BRDA:38,0,1,0
BRDA:38,1,0,0
BRDA:38,1,1,0
BRDA:54,2,0,0
BRDA:54,2,1,0
BRDA:67,3,0,0
BRDA:67,3,1,0
BRDA:67,4,0,0
BRDA:67,4,1,0
BRDA:69,5,0,0
BRDA:69,5,1,0
BRDA:79,6,0,0
BRDA:79,6,1,0
BRDA:82,7,0,0
BRDA:82,7,1,0
BRDA:101,8,0,0
BRDA:101,8,1,0
BRDA:101,9,0,0
BRDA:101,9,1,0
BRDA:113,10,0,0
BRDA:113,10,1,0
BRDA:113,10,2,0
BRDA:131,11,0,0
BRDA:131,11,1,0
BRDA:158,12,0,0
BRDA:158,12,1,0
BRDA:164,13,0,0
BRDA:164,13,1,0
BRDA:169,14,0,0
BRDA:169,14,1,0
BRDA:169,14,2,0
BRDA:189,15,0,0
BRDA:189,15,1,0
BRDA:194,16,0,0
BRDA:194,16,1,0
BRDA:206,17,0,0
BRDA:206,17,1,0
BRDA:209,18,0,0
BRDA:209,18,1,0
BRDA:209,19,0,0
BRDA:209,19,1,0
BRDA:213,20,0,0
BRDA:213,20,1,0
BRDA:223,21,0,0
BRDA:223,21,1,0
BRDA:223,21,2,0
BRDA:223,21,3,0
BRDA:237,22,0,0
BRDA:237,22,1,0
BRDA:240,23,0,0
BRDA:240,23,1,0
BRDA:250,24,0,0
BRDA:250,24,1,0
BRDA:252,25,0,0
BRDA:252,25,1,0
BRDA:254,26,0,0
BRDA:254,26,1,0
BRDA:256,27,0,0
BRDA:256,27,1,0
BRDA:272,28,0,0
BRDA:272,28,1,0
BRDA:275,29,0,0
BRDA:275,29,1,0
BRDA:275,30,0,0
BRDA:275,30,1,0
BRDA:275,30,2,0
BRDA:278,31,0,0
BRDA:278,31,1,0
BRDA:287,32,0,0
BRDA:287,32,1,0
BRDA:287,32,2,0
BRDA:304,33,0,0
BRDA:304,33,1,0
BRDA:304,33,2,0
BRDA:324,34,0,0
BRDA:324,34,1,0
BRDA:336,35,0,0
BRDA:336,35,1,0
BRDA:336,35,2,0
BRDA:336,35,3,0
BRF:81
BRH:0
end_of_record
TN:
SF:src\Services\UserService.ts
FN:77,(anonymous_0)
FN:91,(anonymous_1)
FN:104,(anonymous_2)
FN:117,(anonymous_3)
FNF:4
FNH:0
FNDA:0,(anonymous_0)
FNDA:0,(anonymous_1)
FNDA:0,(anonymous_2)
FNDA:0,(anonymous_3)
DA:78,0
DA:79,0
DA:81,0
DA:83,0
DA:84,0
DA:92,0
DA:93,0
DA:94,0
DA:96,0
DA:97,0
DA:105,0
DA:106,0
DA:107,0
DA:109,0
DA:110,0
DA:118,0
DA:119,0
DA:122,0
DA:124,0
DA:125,0
DA:130,0
LF:21
LH:0
BRDA:81,0,0,0
BRDA:81,0,1,0
BRDA:81,1,0,0
BRDA:81,1,1,0
BRF:4
BRH:0
end_of_record
TN:
SF:src\Types\ApiTypes.ts
FNF:0
FNH:0
LF:0
LH:0
BRF:0
BRH:0
end_of_record
TN:
SF:src\Types\AuditLogTypes.ts
FNF:0
FNH:0
LF:0
LH:0
BRF:0
BRH:0
end_of_record
TN:
SF:src\Types\CommonTypes.ts
FNF:0
FNH:0
LF:0
LH:0
BRF:0
BRH:0
end_of_record
TN:
SF:src\Types\EvidenceAssignment.ts
FNF:0
FNH:0
LF:0
LH:0
BRF:0
BRH:0
end_of_record
TN:
SF:src\Types\EvidenceAssignmentTypes.ts
FN:134,isNearDeadline
FN:148,getDaysUntilDeadline
FN:162,formatDeadline
FN:190,formatDate
FN:201,isOverdue
FN:209,getStatusBadgeInfo
FN:239,filterAndSortAssignments
FN:247,(anonymous_7)
FN:253,(anonymous_8)
FN:261,(anonymous_9)
FNF:10
FNH:0
FNDA:0,isNearDeadline
FNDA:0,getDaysUntilDeadline
FNDA:0,formatDeadline
FNDA:0,formatDate
FNDA:0,isOverdue
FNDA:0,getStatusBadgeInfo
FNDA:0,filterAndSortAssignments
FNDA:0,(anonymous_7)
FNDA:0,(anonymous_8)
FNDA:0,(anonymous_9)
DA:101,0
DA:108,0
DA:135,0
DA:137,0
DA:138,0
DA:139,0
DA:140,0
DA:142,0
DA:149,0
DA:151,0
DA:152,0
DA:153,0
DA:154,0
DA:156,0
DA:163,0
DA:165,0
DA:166,0
DA:167,0
DA:168,0
DA:170,0
DA:171,0
DA:172,0
DA:173,0
DA:174,0
DA:175,0
DA:176,0
DA:177,0
DA:179,0
DA:191,0
DA:202,0
DA:203,0
DA:210,0
DA:233,0
DA:243,0
DA:246,0
DA:247,0
DA:251,0
DA:252,0
DA:253,0
DA:254,0
DA:260,0
DA:261,0
DA:265,0
DA:267,0
DA:268,0
DA:269,0
DA:271,0
DA:272,0
DA:273,0
DA:275,0
DA:276,0
DA:277,0
DA:279,0
DA:282,0
DA:283,0
DA:287,0
LF:56
LH:0
BRDA:135,0,0,0
BRDA:135,0,1,0
BRDA:142,1,0,0
BRDA:142,1,1,0
BRDA:149,2,0,0
BRDA:149,2,1,0
BRDA:163,3,0,0
BRDA:163,3,1,0
BRDA:170,4,0,0
BRDA:170,4,1,0
BRDA:171,5,0,0
BRDA:171,5,1,0
BRDA:172,6,0,0
BRDA:172,6,1,0
BRDA:174,7,0,0
BRDA:174,7,1,0
BRDA:176,8,0,0
BRDA:176,8,1,0
BRDA:202,9,0,0
BRDA:202,9,1,0
BRDA:203,10,0,0
BRDA:203,10,1,0
BRDA:246,11,0,0
BRDA:246,11,1,0
BRDA:246,12,0,0
BRDA:246,12,1,0
BRDA:251,13,0,0
BRDA:251,13,1,0
BRDA:251,14,0,0
BRDA:251,14,1,0
BRDA:254,15,0,0
BRDA:254,15,1,0
BRDA:260,16,0,0
BRDA:260,16,1,0
BRDA:265,17,0,0
BRDA:265,17,1,0
BRDA:265,17,2,0
BRDA:265,17,3,0
BRDA:271,18,0,0
BRDA:271,18,1,0
BRDA:272,19,0,0
BRDA:272,19,1,0
BRDA:275,20,0,0
BRDA:275,20,1,0
BRDA:276,21,0,0
BRDA:276,21,1,0
BRDA:282,22,0,0
BRDA:282,22,1,0
BRDA:283,23,0,0
BRDA:283,23,1,0
BRDA:283,24,0,0
BRDA:283,24,1,0
BRF:52
BRH:0
end_of_record
TN:
SF:src\Types\EvidenceSearchTypes.ts
FNF:0
FNH:0
DA:148,0
DA:158,0
DA:168,0
DA:177,0
LF:4
LH:0
BRF:0
BRH:0
end_of_record
TN:
SF:src\Types\ExtensionRequestTypes.ts
FNF:0
FNH:0
LF:0
LH:0
BRF:0
BRH:0
end_of_record
TN:
SF:src\Types\FileTypes.ts
FN:191,getFileCategory
FN:209,formatFileSize
FN:229,validateFile
FNF:3
FNH:3
FNDA:38,getFileCategory
FNDA:27,formatFileSize
FNDA:28,validateFile
DA:109,5
DA:125,5
DA:152,5
DA:159,5
DA:165,5
DA:171,5
DA:177,5
DA:192,38
DA:194,38
DA:196,38
DA:197,26
DA:198,23
DA:199,20
DA:200,14
DA:201,7
DA:203,3
DA:210,27
DA:212,26
DA:213,26
DA:214,26
DA:216,26
DA:231,28
DA:232,2
DA:239,26
DA:240,26
DA:241,6
DA:247,20
LF:27
LH:27
BRDA:194,0,0,0
BRDA:194,0,1,38
BRDA:196,1,0,12
BRDA:196,1,1,26
BRDA:197,2,0,3
BRDA:197,2,1,23
BRDA:198,3,0,3
BRDA:198,3,1,20
BRDA:199,4,0,6
BRDA:199,4,1,14
BRDA:200,5,0,7
BRDA:200,5,1,7
BRDA:201,6,0,4
BRDA:201,6,1,3
BRDA:210,7,0,1
BRDA:210,7,1,26
BRDA:231,8,0,2
BRDA:231,8,1,26
BRDA:240,9,0,6
BRDA:240,9,1,20
BRDA:240,10,0,26
BRDA:240,10,1,26
BRF:22
BRH:21
end_of_record
TN:
SF:src\Types\ImprovementCommitmentTypes.ts
FNF:0
FNH:0
LF:0
LH:0
BRF:0
BRH:0
end_of_record
TN:
SF:src\Types\Index.ts
FNF:0
FNH:0
LF:0
LH:0
BRF:0
BRH:0
end_of_record
TN:
SF:src\Types\NotificationTypes.ts
FNF:0
FNH:0
DA:67,1
DA:84,1
DA:100,1
LF:3
LH:3
BRF:0
BRH:0
end_of_record
TN:
SF:src\Types\RoleTypes.ts
FNF:0
FNH:0
LF:0
LH:0
BRF:0
BRH:0
end_of_record
TN:
SF:src\Types\StructureTypes.ts
FNF:0
FNH:0
DA:5,0
LF:1
LH:0
BRF:0
BRH:0
end_of_record
TN:
SF:src\Types\UserTypes.ts
FNF:0
FNH:0
LF:0
LH:0
BRF:0
BRH:0
end_of_record
TN:
SF:src\Utils\ClassNames.ts
FN:4,cn
FNF:1
FNH:1
FNDA:402,cn
DA:5,402
LF:1
LH:1
BRF:0
BRH:0
end_of_record
TN:
SF:src\Utils\Index.ts
FNF:0
FNH:0
LF:0
LH:0
BRF:0
BRH:0
end_of_record
TN:
SF:src\Utils\StructureMapper.ts
FN:49,mapBackendToFrontend
FN:78,mapFrontendToBackend
FNF:2
FNH:0
FNDA:0,mapBackendToFrontend
FNDA:0,mapFrontendToBackend
DA:11,0
DA:23,0
DA:35,0
DA:50,0
DA:51,0
DA:54,0
DA:56,0
DA:83,0
DA:84,0
DA:87,0
DA:88,0
DA:89,0
DA:90,0
DA:92,0
DA:96,0
DA:97,0
DA:98,0
DA:99,0
DA:100,0
DA:102,0
DA:106,0
DA:107,0
DA:108,0
DA:111,0
DA:112,0
DA:115,0
LF:26
LH:0
BRDA:54,0,0,0
BRDA:54,0,1,0
BRDA:58,1,0,0
BRDA:58,1,1,0
BRDA:59,2,0,0
BRDA:59,2,1,0
BRDA:60,3,0,0
BRDA:60,3,1,0
BRDA:62,4,0,0
BRDA:62,4,1,0
BRDA:62,5,0,0
BRDA:62,5,1,0
BRDA:63,6,0,0
BRDA:63,6,1,0
BRDA:64,7,0,0
BRDA:64,7,1,0
BRDA:65,8,0,0
BRDA:65,8,1,0
BRDA:87,9,0,0
BRDA:87,9,1,0
BRDA:88,10,0,0
BRDA:88,10,1,0
BRDA:89,11,0,0
BRDA:89,11,1,0
BRDA:89,12,0,0
BRDA:89,12,1,0
BRDA:96,13,0,0
BRDA:96,13,1,0
BRDA:97,14,0,0
BRDA:97,14,1,0
BRDA:99,15,0,0
BRDA:99,15,1,0
BRDA:99,16,0,0
BRDA:99,16,1,0
BRDA:106,17,0,0
BRDA:106,17,1,0
BRDA:107,18,0,0
BRDA:107,18,1,0
BRDA:108,19,0,0
BRDA:108,19,1,0
BRDA:111,20,0,0
BRDA:111,20,1,0
BRDA:111,21,0,0
BRDA:111,21,1,0
BRF:44
BRH:0
end_of_record
TN:
SF:src\Utils\Validation.ts
FN:37,(anonymous_0)
FN:38,(anonymous_1)
FN:47,(anonymous_2)
FN:48,(anonymous_3)
FN:53,(anonymous_4)
FN:54,(anonymous_5)
FN:59,(anonymous_6)
FN:60,(anonymous_7)
FN:65,(anonymous_8)
FN:66,(anonymous_9)
FN:71,(anonymous_10)
FN:72,(anonymous_11)
FN:77,(anonymous_12)
FN:78,(anonymous_13)
FN:88,(anonymous_14)
FN:89,(anonymous_15)
FN:94,(anonymous_16)
FN:95,(anonymous_17)
FN:105,(anonymous_18)
FN:106,(anonymous_19)
FN:111,(anonymous_20)
FN:112,(anonymous_21)
FN:120,(anonymous_22)
FN:136,(anonymous_23)
FN:141,(anonymous_24)
FN:158,(anonymous_25)
FN:163,(anonymous_26)
FN:175,(anonymous_27)
FN:186,(anonymous_28)
FN:192,(anonymous_29)
FN:193,(anonymous_30)
FN:199,(anonymous_31)
FN:209,(anonymous_32)
FNF:33
FNH:2
FNDA:0,(anonymous_0)
FNDA:0,(anonymous_1)
FNDA:0,(anonymous_2)
FNDA:0,(anonymous_3)
FNDA:0,(anonymous_4)
FNDA:0,(anonymous_5)
FNDA:0,(anonymous_6)
FNDA:0,(anonymous_7)
FNDA:0,(anonymous_8)
FNDA:0,(anonymous_9)
FNDA:2,(anonymous_10)
FNDA:48,(anonymous_11)
FNDA:0,(anonymous_12)
FNDA:0,(anonymous_13)
FNDA:0,(anonymous_14)
FNDA:0,(anonymous_15)
FNDA:0,(anonymous_16)
FNDA:0,(anonymous_17)
FNDA:0,(anonymous_18)
FNDA:0,(anonymous_19)
FNDA:0,(anonymous_20)
FNDA:0,(anonymous_21)
FNDA:0,(anonymous_22)
FNDA:0,(anonymous_23)
FNDA:0,(anonymous_24)
FNDA:0,(anonymous_25)
FNDA:0,(anonymous_26)
FNDA:0,(anonymous_27)
FNDA:0,(anonymous_28)
FNDA:0,(anonymous_29)
FNDA:0,(anonymous_30)
FNDA:0,(anonymous_31)
FNDA:0,(anonymous_32)
DA:35,1
DA:37,0
DA:39,0
DA:40,0
DA:41,0
DA:47,0
DA:48,0
DA:53,0
DA:54,0
DA:59,0
DA:60,0
DA:65,0
DA:66,0
DA:71,2
DA:72,48
DA:77,0
DA:79,0
DA:81,0
DA:82,0
DA:88,0
DA:89,0
DA:94,0
DA:96,0
DA:98,0
DA:99,0
DA:105,0
DA:106,0
DA:111,0
DA:113,0
DA:114,0
DA:120,0
DA:136,1
DA:139,0
DA:141,0
DA:146,0
DA:147,0
DA:149,0
DA:150,0
DA:151,0
DA:155,0
DA:158,0
DA:159,0
DA:160,0
DA:163,0
DA:164,0
DA:165,0
DA:166,0
DA:167,0
DA:171,0
DA:172,0
DA:175,0
DA:180,0
DA:181,0
DA:184,0
DA:186,0
DA:192,0
DA:193,0
DA:199,0
DA:200,0
DA:203,0
DA:209,0
LF:61
LH:4
BRDA:37,0,0,0
BRDA:39,1,0,0
BRDA:39,1,1,0
BRDA:40,2,0,0
BRDA:40,2,1,0
BRDA:41,3,0,0
BRDA:41,3,1,0
BRDA:48,4,0,0
BRDA:48,4,1,0
BRDA:49,5,0,0
BRDA:49,5,1,0
BRDA:54,6,0,0
BRDA:54,6,1,0
BRDA:55,7,0,0
BRDA:55,7,1,0
BRDA:59,8,0,0
BRDA:60,9,0,0
BRDA:60,9,1,0
BRDA:65,10,0,0
BRDA:66,11,0,0
BRDA:66,11,1,0
BRDA:71,12,0,1
BRDA:72,13,0,48
BRDA:72,13,1,45
BRDA:77,14,0,0
BRDA:79,15,0,0
BRDA:79,15,1,0
BRDA:88,16,0,0
BRDA:89,17,0,0
BRDA:89,17,1,0
BRDA:94,18,0,0
BRDA:96,19,0,0
BRDA:96,19,1,0
BRDA:106,20,0,0
BRDA:106,20,1,0
BRDA:107,21,0,0
BRDA:107,21,1,0
BRDA:111,22,0,0
BRDA:113,23,0,0
BRDA:113,23,1,0
BRDA:147,24,0,0
BRDA:147,24,1,0
BRDA:150,25,0,0
BRDA:150,25,1,0
BRDA:165,26,0,0
BRDA:165,26,1,0
BRDA:180,27,0,0
BRDA:180,27,1,0
BRDA:188,28,0,0
BRDA:188,28,1,0
BRF:50
BRH:3
end_of_record
TN:
SF:src\Utils\devLogger.ts
FN:16,(anonymous_0)
FN:29,(anonymous_1)
FN:42,(anonymous_2)
FN:55,(anonymous_3)
FNF:4
FNH:0
FNDA:0,(anonymous_0)
FNDA:0,(anonymous_1)
FNDA:0,(anonymous_2)
FNDA:0,(anonymous_3)
DA:8,0
DA:15,0
DA:17,0
DA:19,0
DA:20,0
DA:22,0
DA:24,0
DA:25,0
DA:30,0
DA:32,0
DA:33,0
DA:35,0
DA:37,0
DA:38,0
DA:43,0
DA:45,0
DA:46,0
DA:48,0
DA:50,0
DA:51,0
DA:56,0
LF:21
LH:0
BRDA:16,0,0,0
BRDA:17,1,0,0
BRDA:17,1,1,0
BRDA:20,2,0,0
BRDA:20,2,1,0
BRDA:20,3,0,0
BRDA:20,3,1,0
BRDA:20,3,2,0
BRDA:24,4,0,0
BRDA:24,4,1,0
BRDA:29,5,0,0
BRDA:30,6,0,0
BRDA:30,6,1,0
BRDA:33,7,0,0
BRDA:33,7,1,0
BRDA:33,8,0,0
BRDA:33,8,1,0
BRDA:33,8,2,0
BRDA:37,9,0,0
BRDA:37,9,1,0
BRDA:42,10,0,0
BRDA:43,11,0,0
BRDA:43,11,1,0
BRDA:46,12,0,0
BRDA:46,12,1,0
BRDA:46,13,0,0
BRDA:46,13,1,0
BRDA:46,13,2,0
BRDA:48,14,0,0
BRDA:48,14,1,0
BRDA:50,15,0,0
BRDA:50,15,1,0
BRF:32
BRH:0
end_of_record
